SF_Ratios.py   @Jody Hey 2024
=============================
Command line: -d fixed2Ns -f unfolded -i 3 -u -p 1kG_aaA-aaG -a /home/haruto/Lab-Work/Document/SFS/FlankingBases/syn_codon/single/1kG/1kG_vep_pickorder_flanking_syn_codon_aaA-aaG_down_15 -r /home/haruto/Lab-Work/Document/SF_Ratios/FlankingBases/syn_codon/1kG
Arguments:
	sfsfilename: /home/haruto/Lab-Work/Document/SFS/FlankingBases/syn_codon/single/1kG/1kG_vep_pickorder_flanking_syn_codon_aaA-aaG_down_15
	fix_theta_ratio: None
	densityof2Ns: fixed2Ns
	foldstatus: unfolded
	basinhoppingopt: False
	optimizetries: 3
	setmax2Ns: 0
	maxi: None
	poplabel: 1kG_aaA-aaG
	estimatemax2Ns: False
	outdir: /home/haruto/Lab-Work/Document/SF_Ratios/FlankingBases/syn_codon/1kG
	dualannealopt: True
	estimate_pointmass: False
	filecheck: False
	estimate_pointmass0: False
	commandstring: -d fixed2Ns -f unfolded -i 3 -u -p 1kG_aaA-aaG -a /home/haruto/Lab-Work/Document/SFS/FlankingBases/syn_codon/single/1kG/1kG_vep_pickorder_flanking_syn_codon_aaA-aaG_down_15 -r /home/haruto/Lab-Work/Document/SF_Ratios/FlankingBases/syn_codon/1kG
	fixmode0: False
	thetaNspacerange: 100
	profile: False
	estimate_both_thetas: False
	includemisspec: False
	dofolded: False
	nc: 15
	datafileheader: intergenic_variant
	numparams: 2
	local_optimize_method: Nelder-Mead

trial	likelihood	thetaratio	2Ns	optimizer_message
0	101.25540	8.82765e-01 -1.17583e+00	Optimization terminated successfully.
1	101.25540	8.82753e-01 -1.17579e+00	Optimization terminated successfully.
2	101.25540	8.82782e-01 -1.17585e+00	Optimization terminated successfully.
DA1	101.25540	8.82755e-01 -1.17581e+00	['Maximum number of iteration reached']
DA2	101.25540	8.82755e-01 -1.17581e+00	['Maximum number of iteration reached']

Optimization: Dualannealing1
Maximized Likelihood, AIC, Parameter Estimates, 95% Confidence Intervals:
AIC	-198.511
likelihood	101.255
thetaratio	0.8828	(0.7949 - 0.9791)
2Ns	-1.1758	(-1.4181 - -0.93557)

Compare data and optimization estimates
	Euclidean Distance: 0.2947 RMSE: 0.07876
	*Expected counts generated with Wright-Fisher theta estimates (SF_Ratios does not provide theta estimates)
--------------------------------------------------------------------------------------------------------------
i	DataN	DataS	DataRatio	Fit*_N	Fit*_S	Fit_Ratio
0	0.0	0.0	inf	0.0	0.0	inf
1	77.2	60.0	0.7772	55.9	44.9	0.8031
2	26.6	19.1	0.718	27.9	20.4	0.7311
3	16.1	11.8	0.7329	18.6	12.4	0.6661
4	11.5	8.4	0.7304	14.0	8.5	0.6073
5	9.2	5.9	0.6413	11.2	6.2	0.5542
6	8.0	4.1	0.5125	9.3	4.7	0.5063
7	7.2	2.8	0.3889	8.0	3.7	0.4629
8	6.4	2.0	0.3125	7.0	3.0	0.4237
9	5.6	1.5	0.2679	6.2	2.4	0.3883
10	4.6	1.3	0.2826	5.6	2.0	0.3562
11	3.6	1.1	0.3056	5.1	1.7	0.3272
12	2.6	0.9	0.3462	4.7	1.4	0.301
13	1.8	0.7	0.3889	4.3	1.2	0.2772
14	1.2	0.4	0.3333	4.0	1.0	0.2557

Time taken: 0 hours, 8 minutes, 58.63 seconds
