SF_Ratios.py   @Jody Hey 2024
=============================
Command line: -d fixed2Ns -f unfolded -i 3 -u -r /home/haruto/Lab-Work/Document/SF_Ratios/FlankingBases/syn_codon/1kG -a /home/haruto/Lab-Work/Document/SFS/FlankingBases/syn_codon/single/1kG/1kG_vep_pickorder_flanking_syn_codon_ggT-ggA_down_15 -p 1kG_ggT-ggA
Arguments:
	sfsfilename: /home/haruto/Lab-Work/Document/SFS/FlankingBases/syn_codon/single/1kG/1kG_vep_pickorder_flanking_syn_codon_ggT-ggA_down_15
	fix_theta_ratio: None
	densityof2Ns: fixed2Ns
	foldstatus: unfolded
	basinhoppingopt: False
	optimizetries: 3
	setmax2Ns: 0
	maxi: None
	poplabel: 1kG_ggT-ggA
	estimatemax2Ns: False
	outdir: /home/haruto/Lab-Work/Document/SF_Ratios/FlankingBases/syn_codon/1kG
	dualannealopt: True
	estimate_pointmass: False
	filecheck: False
	estimate_pointmass0: False
	commandstring: -d fixed2Ns -f unfolded -i 3 -u -r /home/haruto/Lab-Work/Document/SF_Ratios/FlankingBases/syn_codon/1kG -a /home/haruto/Lab-Work/Document/SFS/FlankingBases/syn_codon/single/1kG/1kG_vep_pickorder_flanking_syn_codon_ggT-ggA_down_15 -p 1kG_ggT-ggA
	fixmode0: False
	thetaNspacerange: 100
	profile: False
	estimate_both_thetas: False
	includemisspec: False
	dofolded: False
	nc: 15
	datafileheader: intergenic_variant
	numparams: 2
	local_optimize_method: Nelder-Mead

trial	likelihood	thetaratio	2Ns	optimizer_message
0	129.21948	1.27273e+01 -1.00000e+03	Optimization terminated successfully.
1	129.21948	1.27273e+01 -1.00000e+03	Optimization terminated successfully.
2	122.25428	3.18182e-02 -1.00000e+03	Optimization terminated successfully.
DA1	129.21948	1.27273e+01 -1.00000e+03	['Maximum number of iteration reached']
DA2	129.21948	1.27273e+01 -1.00000e+03	['Maximum number of iteration reached']

Optimization: Dualannealing2
Maximized Likelihood, AIC, Parameter Estimates, 95% Confidence Intervals:
AIC	-254.439
likelihood	129.219
thetaratio	12.7273	(3.6306 - nan)
2Ns	-1000	(nan - -884.29)

Compare data and optimization estimates
	Euclidean Distance: 2.7675 RMSE: 0.73964
	*Expected counts generated with Wright-Fisher theta estimates (SF_Ratios does not provide theta estimates)
--------------------------------------------------------------------------------------------------------------
i	DataN	DataS	DataRatio	Fit*_N	Fit*_S	Fit_Ratio
0	0.0	0.0	inf	0.0	0.0	inf
1	7.8	5.2	0.6667	5.1	0.5	0.09484
2	3.1	2.1	0.6774	2.5	0.0	0.0006602
3	2.0	1.3	0.65	1.7	0.0	4.272e-06
4	1.3	0.8	0.6154	1.3	0.0	2.554e-08
5	0.7	0.5	0.7143	1.0	0.0	1.401e-10
6	0.4	0.3	0.75	0.8	0.0	6.996e-13
7	0.1	0.2	2	0.7	0.0	3.147e-15
8	0.1	0.1	1	0.6	0.0	1.259e-17
9	0.1	0.0	0	0.6	0.0	4.414e-20
10	0.1	0.0	0	0.5	0.0	1.328e-22
11	0.2	0.0	0	0.5	0.0	3.331e-25
12	0.3	0.0	0	0.4	0.0	6.691e-28
13	0.2	0.0	0	0.4	0.0	1.009e-30
14	0.1	0.0	0	0.4	0.0	1.016e-33

Time taken: 0 hours, 27 minutes, 25.47 seconds
