SF_Ratios.py   @Jody Hey 2024
=============================
Command line: -d fixed2Ns -f unfolded -i 3 -u -p 1kG_Cta-Tta -a /home/haruto/Lab-Work/Document/SFS/FlankingBases/syn_codon/single/1kG/1kG_vep_pickorder_flanking_syn_codon_Cta-Tta_down_15 -r /home/haruto/Lab-Work/Document/SF_Ratios/FlankingBases/syn_codon/1kG
Arguments:
	sfsfilename: /home/haruto/Lab-Work/Document/SFS/FlankingBases/syn_codon/single/1kG/1kG_vep_pickorder_flanking_syn_codon_Cta-Tta_down_15
	fix_theta_ratio: None
	densityof2Ns: fixed2Ns
	foldstatus: unfolded
	basinhoppingopt: False
	optimizetries: 3
	setmax2Ns: 0
	maxi: None
	poplabel: 1kG_Cta-Tta
	estimatemax2Ns: False
	outdir: /home/haruto/Lab-Work/Document/SF_Ratios/FlankingBases/syn_codon/1kG
	dualannealopt: True
	estimate_pointmass: False
	filecheck: False
	estimate_pointmass0: False
	commandstring: -d fixed2Ns -f unfolded -i 3 -u -p 1kG_Cta-Tta -a /home/haruto/Lab-Work/Document/SFS/FlankingBases/syn_codon/single/1kG/1kG_vep_pickorder_flanking_syn_codon_Cta-Tta_down_15 -r /home/haruto/Lab-Work/Document/SF_Ratios/FlankingBases/syn_codon/1kG
	fixmode0: False
	thetaNspacerange: 100
	profile: False
	estimate_both_thetas: False
	includemisspec: False
	dofolded: False
	nc: 15
	datafileheader: intergenic_variant
	numparams: 2
	local_optimize_method: Nelder-Mead

trial	likelihood	thetaratio	2Ns	optimizer_message
0	81.22579	9.44556e-01 -1.14453e+00	Optimization terminated successfully.
1	81.22579	9.44571e-01 -1.14450e+00	Optimization terminated successfully.
2	81.22579	9.44594e-01 -1.14457e+00	Optimization terminated successfully.
DA1	81.22579	9.44573e-01 -1.14454e+00	['Maximum number of iteration reached']
DA2	81.22579	9.44573e-01 -1.14454e+00	['Maximum number of iteration reached']

Optimization: Dualannealing1
Maximized Likelihood, AIC, Parameter Estimates, 95% Confidence Intervals:
AIC	-158.452
likelihood	81.226
thetaratio	0.9446	(0.8017 - 1.1050)
2Ns	-1.1445	(-1.5158 - -0.77707)

Compare data and optimization estimates
	Euclidean Distance: 0.2865 RMSE: 0.07657
	*Expected counts generated with Wright-Fisher theta estimates (SF_Ratios does not provide theta estimates)
--------------------------------------------------------------------------------------------------------------
i	DataN	DataS	DataRatio	Fit*_N	Fit*_S	Fit_Ratio
0	0.0	0.0	inf	0.0	0.0	inf
1	27.4	23.1	0.8431	20.1	17.3	0.8618
2	9.7	7.3	0.7526	10.0	7.9	0.7869
3	6.4	4.5	0.7031	6.7	4.8	0.719
4	4.8	3.1	0.6458	5.0	3.3	0.6575
5	3.6	2.2	0.6111	4.0	2.4	0.6017
6	2.7	1.7	0.6296	3.3	1.8	0.5512
7	2.0	1.3	0.65	2.9	1.4	0.5054
8	1.7	1.0	0.5882	2.5	1.2	0.4639
9	1.5	0.8	0.5333	2.2	1.0	0.4262
10	1.4	0.6	0.4286	2.0	0.8	0.392
11	1.4	0.5	0.3571	1.8	0.7	0.361
12	1.3	0.3	0.2308	1.7	0.6	0.3329
13	0.9	0.2	0.2222	1.5	0.5	0.3074
14	0.5	0.1	0.2	1.4	0.4	0.2841

Time taken: 0 hours, 10 minutes, 45.83 seconds
