SF_Ratios.py   @Jody Hey 2024
=============================
Command line: -d fixed2Ns -f unfolded -i 3 -u -r /home/haruto/Lab-Work/Document/SF_Ratios/FlankingBases/syn_codon/1kG -a /home/haruto/Lab-Work/Document/SFS/FlankingBases/syn_codon/single/1kG/1kG_vep_pickorder_flanking_syn_codon_gtA-gtG_down_15 -p 1kG_gtA-gtG
Arguments:
	sfsfilename: /home/haruto/Lab-Work/Document/SFS/FlankingBases/syn_codon/single/1kG/1kG_vep_pickorder_flanking_syn_codon_gtA-gtG_down_15
	fix_theta_ratio: None
	densityof2Ns: fixed2Ns
	foldstatus: unfolded
	basinhoppingopt: False
	optimizetries: 3
	setmax2Ns: 0
	maxi: None
	poplabel: 1kG_gtA-gtG
	estimatemax2Ns: False
	outdir: /home/haruto/Lab-Work/Document/SF_Ratios/FlankingBases/syn_codon/1kG
	dualannealopt: True
	estimate_pointmass: False
	filecheck: False
	estimate_pointmass0: False
	commandstring: -d fixed2Ns -f unfolded -i 3 -u -r /home/haruto/Lab-Work/Document/SF_Ratios/FlankingBases/syn_codon/1kG -a /home/haruto/Lab-Work/Document/SFS/FlankingBases/syn_codon/single/1kG/1kG_vep_pickorder_flanking_syn_codon_gtA-gtG_down_15 -p 1kG_gtA-gtG
	fixmode0: False
	thetaNspacerange: 100
	profile: False
	estimate_both_thetas: False
	includemisspec: False
	dofolded: False
	nc: 15
	datafileheader: intergenic_variant
	numparams: 2
	local_optimize_method: Nelder-Mead

trial	likelihood	thetaratio	2Ns	optimizer_message
0	69.47239	1.18743e+00 -1.13176e+00	Optimization terminated successfully.
1	69.47239	1.18743e+00 -1.13174e+00	Optimization terminated successfully.
2	69.47239	1.18744e+00 -1.13171e+00	Optimization terminated successfully.
DA1	69.47239	1.18744e+00 -1.13174e+00	['Maximum number of iteration reached']
DA2	69.47239	1.18744e+00 -1.13174e+00	['Maximum number of iteration reached']

Optimization: Dualannealing2
Maximized Likelihood, AIC, Parameter Estimates, 95% Confidence Intervals:
AIC	-134.945
likelihood	69.472
thetaratio	1.1874	(0.9339 - 1.4934)
2Ns	-1.1317	(-1.6756 - -0.65036)

Compare data and optimization estimates
	Euclidean Distance: 1.1332 RMSE: 0.30285
	*Expected counts generated with Wright-Fisher theta estimates (SF_Ratios does not provide theta estimates)
--------------------------------------------------------------------------------------------------------------
i	DataN	DataS	DataRatio	Fit*_N	Fit*_S	Fit_Ratio
0	0.0	0.0	inf	0.0	0.0	inf
1	35.5	27.9	0.7859	23.3	25.3	1.085
2	11.0	10.1	0.9182	11.7	11.6	0.9916
3	6.4	6.7	1.047	7.8	7.1	0.9071
4	4.6	4.9	1.065	5.8	4.8	0.8304
5	3.5	3.8	1.086	4.7	3.6	0.7609
6	2.7	2.9	1.074	3.9	2.7	0.6978
7	2.0	2.1	1.05	3.3	2.1	0.6405
8	1.5	1.4	0.9333	2.9	1.7	0.5886
9	1.3	0.9	0.6923	2.6	1.4	0.5414
10	1.4	0.5	0.3571	2.3	1.2	0.4985
11	1.7	0.2	0.1176	2.1	1.0	0.4596
12	1.8	0.1	0.05556	1.9	0.8	0.4242
13	1.6	0.0	0	1.8	0.7	0.392
14	0.9	0.0	0	1.7	0.6	0.3628

Time taken: 0 hours, 19 minutes, 56.33 seconds
