SF_Ratios.py   @Jody Hey 2024
=============================
Command line: -d fixed2Ns -f unfolded -i 3 -u -p 1kG_gcA-gcT -a /home/haruto/Lab-Work/Document/SFS/FlankingBases/syn_codon/single/1kG/1kG_vep_pickorder_flanking_syn_codon_gcA-gcT_down_15 -r /home/haruto/Lab-Work/Document/SF_Ratios/FlankingBases/syn_codon/1kG
Arguments:
	sfsfilename: /home/haruto/Lab-Work/Document/SFS/FlankingBases/syn_codon/single/1kG/1kG_vep_pickorder_flanking_syn_codon_gcA-gcT_down_15
	fix_theta_ratio: None
	densityof2Ns: fixed2Ns
	foldstatus: unfolded
	basinhoppingopt: False
	optimizetries: 3
	setmax2Ns: 0
	maxi: None
	poplabel: 1kG_gcA-gcT
	estimatemax2Ns: False
	outdir: /home/haruto/Lab-Work/Document/SF_Ratios/FlankingBases/syn_codon/1kG
	dualannealopt: True
	estimate_pointmass: False
	filecheck: False
	estimate_pointmass0: False
	commandstring: -d fixed2Ns -f unfolded -i 3 -u -p 1kG_gcA-gcT -a /home/haruto/Lab-Work/Document/SFS/FlankingBases/syn_codon/single/1kG/1kG_vep_pickorder_flanking_syn_codon_gcA-gcT_down_15 -r /home/haruto/Lab-Work/Document/SF_Ratios/FlankingBases/syn_codon/1kG
	fixmode0: False
	thetaNspacerange: 100
	profile: False
	estimate_both_thetas: False
	includemisspec: False
	dofolded: False
	nc: 15
	datafileheader: intergenic_variant
	numparams: 2
	local_optimize_method: Nelder-Mead

trial	likelihood	thetaratio	2Ns	optimizer_message
0	45.72189	9.52695e-01 -7.30554e-01	Optimization terminated successfully.
1	45.72189	9.52678e-01 -7.30518e-01	Optimization terminated successfully.
2	45.72189	9.52691e-01 -7.30520e-01	Optimization terminated successfully.
DA1	45.72189	9.52696e-01 -7.30543e-01	['Maximum number of iteration reached']
DA2	45.72189	9.52696e-01 -7.30543e-01	['Maximum number of iteration reached']

Optimization: Dualannealing1
Maximized Likelihood, AIC, Parameter Estimates, 95% Confidence Intervals:
AIC	-87.444
likelihood	45.722
thetaratio	0.9527	(0.7191 - 1.2254)
2Ns	-0.73054	(-1.4529 - 0.075734)

Compare data and optimization estimates
	Euclidean Distance: inf RMSE: inf
	*Expected counts generated with Wright-Fisher theta estimates (SF_Ratios does not provide theta estimates)
--------------------------------------------------------------------------------------------------------------
i	DataN	DataS	DataRatio	Fit*_N	Fit*_S	Fit_Ratio
0	0.0	0.0	inf	0.0	0.0	inf
1	10.8	9.7	0.8981	7.2	6.5	0.9022
2	2.8	2.8	1	3.6	3.1	0.8547
3	1.8	1.6	0.8889	2.4	1.9	0.81
4	1.6	1.1	0.6875	1.8	1.4	0.7679
5	1.5	0.8	0.5333	1.4	1.0	0.7284
6	1.3	0.6	0.4615	1.2	0.8	0.6912
7	1.1	0.5	0.4545	1.0	0.7	0.6562
8	0.9	0.4	0.4444	0.9	0.6	0.6233
9	0.7	0.3	0.4286	0.8	0.5	0.5923
10	0.5	0.3	0.6	0.7	0.4	0.5631
11	0.3	0.3	1	0.7	0.4	0.5356
12	0.1	0.3	3	0.6	0.3	0.5097
13	0.0	0.4	inf	0.6	0.3	0.4854
14	0.0	0.4	inf	0.5	0.2	0.4624

Time taken: 0 hours, 14 minutes, 32.37 seconds
