SF_Ratios.py   @Jody Hey 2024
=============================
Command line: -d fixed2Ns -f unfolded -i 3 -u -r /home/haruto/Lab-Work/Document/SF_Ratios/FlankingBases/syn_codon/1kG -a /home/haruto/Lab-Work/Document/SFS/FlankingBases/syn_codon/single/1kG/1kG_vep_pickorder_flanking_syn_codon_ttT-ttC_down_15 -p 1kG_ttT-ttC
Arguments:
	sfsfilename: /home/haruto/Lab-Work/Document/SFS/FlankingBases/syn_codon/single/1kG/1kG_vep_pickorder_flanking_syn_codon_ttT-ttC_down_15
	fix_theta_ratio: None
	densityof2Ns: fixed2Ns
	foldstatus: unfolded
	basinhoppingopt: False
	optimizetries: 3
	setmax2Ns: 0
	maxi: None
	poplabel: 1kG_ttT-ttC
	estimatemax2Ns: False
	outdir: /home/haruto/Lab-Work/Document/SF_Ratios/FlankingBases/syn_codon/1kG
	dualannealopt: True
	estimate_pointmass: False
	filecheck: False
	estimate_pointmass0: False
	commandstring: -d fixed2Ns -f unfolded -i 3 -u -r /home/haruto/Lab-Work/Document/SF_Ratios/FlankingBases/syn_codon/1kG -a /home/haruto/Lab-Work/Document/SFS/FlankingBases/syn_codon/single/1kG/1kG_vep_pickorder_flanking_syn_codon_ttT-ttC_down_15 -p 1kG_ttT-ttC
	fixmode0: False
	thetaNspacerange: 100
	profile: False
	estimate_both_thetas: False
	includemisspec: False
	dofolded: False
	nc: 15
	datafileheader: intergenic_variant
	numparams: 2
	local_optimize_method: Nelder-Mead

trial	likelihood	thetaratio	2Ns	optimizer_message
0	92.83842	7.12759e-01 -3.93898e-01	Optimization terminated successfully.
1	92.83842	7.12755e-01 -3.93873e-01	Optimization terminated successfully.
2	92.83842	7.12728e-01 -3.93826e-01	Optimization terminated successfully.
DA1	92.83842	7.12741e-01 -3.93864e-01	['Maximum number of iteration reached']
DA2	92.83842	7.12741e-01 -3.93863e-01	['Maximum number of iteration reached']

Optimization: Dualannealing2
Maximized Likelihood, AIC, Parameter Estimates, 95% Confidence Intervals:
AIC	-181.677
likelihood	92.838
thetaratio	0.7127	(0.6327 - 0.8042)
2Ns	-0.39386	(-0.6908 - -0.07973)

Compare data and optimization estimates
	Euclidean Distance: 0.4223 RMSE: 0.11286
	*Expected counts generated with Wright-Fisher theta estimates (SF_Ratios does not provide theta estimates)
--------------------------------------------------------------------------------------------------------------
i	DataN	DataS	DataRatio	Fit*_N	Fit*_S	Fit_Ratio
0	0.0	0.0	inf	0.0	0.0	inf
1	57.6	37.6	0.6528	42.3	29.3	0.6935
2	20.8	12.7	0.6106	21.2	14.3	0.675
3	12.9	8.9	0.6899	14.1	9.3	0.657
4	9.5	7.1	0.7474	10.6	6.8	0.6395
5	7.4	5.5	0.7432	8.5	5.3	0.6226
6	5.8	4.2	0.7241	7.1	4.3	0.6063
7	4.7	3.3	0.7021	6.0	3.6	0.5905
8	3.9	2.7	0.6923	5.3	3.0	0.5751
9	3.2	2.1	0.6562	4.7	2.6	0.5603
10	2.6	1.5	0.5769	4.2	2.3	0.5459
11	2.4	1.0	0.4167	3.8	2.0	0.5319
12	2.4	0.8	0.3333	3.5	1.8	0.5184
13	2.4	0.7	0.2917	3.3	1.6	0.5054
14	2.0	0.9	0.45	3.0	1.5	0.4927

Time taken: 0 hours, 17 minutes, 51.64 seconds
