SF_Ratios.py   @Jody Hey 2024
=============================
Command line: -d fixed2Ns -f unfolded -i 3 -u -r /home/haruto/Lab-Work/Document/SF_Ratios/FlankingBases/syn_codon/1kG -a /home/haruto/Lab-Work/Document/SFS/FlankingBases/syn_codon/single/1kG/1kG_vep_pickorder_flanking_syn_codon_ggT-ggC_down_15 -p 1kG_ggT-ggC
Arguments:
	sfsfilename: /home/haruto/Lab-Work/Document/SFS/FlankingBases/syn_codon/single/1kG/1kG_vep_pickorder_flanking_syn_codon_ggT-ggC_down_15
	fix_theta_ratio: None
	densityof2Ns: fixed2Ns
	foldstatus: unfolded
	basinhoppingopt: False
	optimizetries: 3
	setmax2Ns: 0
	maxi: None
	poplabel: 1kG_ggT-ggC
	estimatemax2Ns: False
	outdir: /home/haruto/Lab-Work/Document/SF_Ratios/FlankingBases/syn_codon/1kG
	dualannealopt: True
	estimate_pointmass: False
	filecheck: False
	estimate_pointmass0: False
	commandstring: -d fixed2Ns -f unfolded -i 3 -u -r /home/haruto/Lab-Work/Document/SF_Ratios/FlankingBases/syn_codon/1kG -a /home/haruto/Lab-Work/Document/SFS/FlankingBases/syn_codon/single/1kG/1kG_vep_pickorder_flanking_syn_codon_ggT-ggC_down_15 -p 1kG_ggT-ggC
	fixmode0: False
	thetaNspacerange: 100
	profile: False
	estimate_both_thetas: False
	includemisspec: False
	dofolded: False
	nc: 15
	datafileheader: intergenic_variant
	numparams: 2
	local_optimize_method: Nelder-Mead

trial	likelihood	thetaratio	2Ns	optimizer_message
0	77.84491	8.05499e-01 1.27945e-02	Optimization terminated successfully.
1	77.84491	8.05491e-01 1.28067e-02	Optimization terminated successfully.
2	77.84491	8.05513e-01 1.27796e-02	Optimization terminated successfully.
DA1	77.84491	8.05500e-01 1.28231e-02	['Maximum number of iteration reached']
DA2	77.84491	8.05502e-01 1.28166e-02	['Maximum number of iteration reached']

Optimization: Dualannealing2
Maximized Likelihood, AIC, Parameter Estimates, 95% Confidence Intervals:
AIC	-151.690
likelihood	77.845
thetaratio	0.8055	(0.6932 - 0.9293)
2Ns	0.012817	(-0.38204 - 0.44475)

Compare data and optimization estimates
	Euclidean Distance: 0.4874 RMSE: 0.13025
	*Expected counts generated with Wright-Fisher theta estimates (SF_Ratios does not provide theta estimates)
--------------------------------------------------------------------------------------------------------------
i	DataN	DataS	DataRatio	Fit*_N	Fit*_S	Fit_Ratio
0	0.0	0.0	inf	0.0	0.0	inf
1	30.0	24.0	0.8	21.8	17.6	0.8061
2	11.4	8.3	0.7281	10.9	8.8	0.8068
3	7.0	5.7	0.8143	7.3	5.9	0.8074
4	4.8	4.4	0.9167	5.5	4.4	0.8081
5	3.4	3.4	1	4.4	3.5	0.8087
6	2.7	2.5	0.9259	3.6	2.9	0.8094
7	2.2	1.8	0.8182	3.1	2.5	0.81
8	1.9	1.3	0.6842	2.7	2.2	0.8107
9	1.7	1.0	0.5882	2.4	2.0	0.8113
10	1.5	0.9	0.6	2.2	1.8	0.812
11	1.3	0.9	0.6923	2.0	1.6	0.8126
12	1.1	1.0	0.9091	1.8	1.5	0.8133
13	1.0	1.0	1	1.7	1.4	0.8139
14	1.0	0.8	0.8	1.6	1.3	0.8146

Time taken: 0 hours, 19 minutes, 12.34 seconds
