SF_Ratios.py   @Jody Hey 2024
=============================
Command line: -d fixed2Ns -f unfolded -i 3 -u -p 1kG_acG-acA -a /home/haruto/Lab-Work/Document/SFS/FlankingBases/syn_codon/single/1kG/1kG_vep_pickorder_flanking_syn_codon_acG-acA_down_15 -r /home/haruto/Lab-Work/Document/SF_Ratios/FlankingBases/syn_codon/1kG
Arguments:
	sfsfilename: /home/haruto/Lab-Work/Document/SFS/FlankingBases/syn_codon/single/1kG/1kG_vep_pickorder_flanking_syn_codon_acG-acA_down_15
	fix_theta_ratio: None
	densityof2Ns: fixed2Ns
	foldstatus: unfolded
	basinhoppingopt: False
	optimizetries: 3
	setmax2Ns: 0
	maxi: None
	poplabel: 1kG_acG-acA
	estimatemax2Ns: False
	outdir: /home/haruto/Lab-Work/Document/SF_Ratios/FlankingBases/syn_codon/1kG
	dualannealopt: True
	estimate_pointmass: False
	filecheck: False
	estimate_pointmass0: False
	commandstring: -d fixed2Ns -f unfolded -i 3 -u -p 1kG_acG-acA -a /home/haruto/Lab-Work/Document/SFS/FlankingBases/syn_codon/single/1kG/1kG_vep_pickorder_flanking_syn_codon_acG-acA_down_15 -r /home/haruto/Lab-Work/Document/SF_Ratios/FlankingBases/syn_codon/1kG
	fixmode0: False
	thetaNspacerange: 100
	profile: False
	estimate_both_thetas: False
	includemisspec: False
	dofolded: False
	nc: 15
	datafileheader: intergenic_variant
	numparams: 2
	local_optimize_method: Nelder-Mead

trial	likelihood	thetaratio	2Ns	optimizer_message
0	129.21068	7.54134e-01 -7.97388e-01	Optimization terminated successfully.
1	129.21070	7.54171e-01 -7.97924e-01	Optimization terminated successfully.
2	129.21070	7.54197e-01 -7.97869e-01	Optimization terminated successfully.
DA1	129.21060	7.54764e-01 -7.98964e-01	['Maximum number of iteration reached']
DA2	129.19246	7.60569e-01 -8.06478e-01	['Maximum number of iteration reached']

Optimization: Optimize
Maximized Likelihood, AIC, Parameter Estimates, 95% Confidence Intervals:
AIC	-254.421
likelihood	129.211
thetaratio	0.7542	(0.7084 - 0.7984)
2Ns	-0.79792	(-0.92069 - -0.67498)

Compare data and optimization estimates
	Euclidean Distance: 0.1000 RMSE: 0.02672
	*Expected counts generated with Wright-Fisher theta estimates (SF_Ratios does not provide theta estimates)
--------------------------------------------------------------------------------------------------------------
i	DataN	DataS	DataRatio	Fit*_N	Fit*_S	Fit_Ratio
0	0.0	0.0	inf	0.0	0.0	inf
1	297.8	223.5	0.7505	206.9	146.9	0.71
2	101.9	64.8	0.6359	103.4	69.2	0.6688
3	64.6	37.2	0.5759	69.0	43.5	0.6302
4	47.4	26.5	0.5591	51.7	30.7	0.5942
5	36.0	20.1	0.5583	41.4	23.2	0.5604
6	28.0	15.3	0.5464	34.5	18.2	0.5289
7	22.7	11.4	0.5022	29.6	14.8	0.4994
8	18.8	8.7	0.4628	25.9	12.2	0.4718
9	15.6	6.9	0.4423	23.0	10.3	0.446
10	12.7	5.6	0.4409	20.7	8.7	0.4219
11	10.0	4.4	0.44	18.8	7.5	0.3993
12	7.7	3.1	0.4026	17.2	6.5	0.3781
13	5.7	2.0	0.3509	15.9	5.7	0.3583
14	3.8	1.3	0.3421	14.8	5.0	0.3397

Time taken: 0 hours, 10 minutes, 54.91 seconds
