SF_Ratios.py   @Jody Hey 2024
=============================
Command line: -d fixed2Ns -f unfolded -i 3 -u -p 1kG_ctA-ctC -a /home/haruto/Lab-Work/Document/SFS/FlankingBases/syn_codon/single/1kG/1kG_vep_pickorder_flanking_syn_codon_ctA-ctC_down_15 -r /home/haruto/Lab-Work/Document/SF_Ratios/FlankingBases/syn_codon/1kG
Arguments:
	sfsfilename: /home/haruto/Lab-Work/Document/SFS/FlankingBases/syn_codon/single/1kG/1kG_vep_pickorder_flanking_syn_codon_ctA-ctC_down_15
	fix_theta_ratio: None
	densityof2Ns: fixed2Ns
	foldstatus: unfolded
	basinhoppingopt: False
	optimizetries: 3
	setmax2Ns: 0
	maxi: None
	poplabel: 1kG_ctA-ctC
	estimatemax2Ns: False
	outdir: /home/haruto/Lab-Work/Document/SF_Ratios/FlankingBases/syn_codon/1kG
	dualannealopt: True
	estimate_pointmass: False
	filecheck: False
	estimate_pointmass0: False
	commandstring: -d fixed2Ns -f unfolded -i 3 -u -p 1kG_ctA-ctC -a /home/haruto/Lab-Work/Document/SFS/FlankingBases/syn_codon/single/1kG/1kG_vep_pickorder_flanking_syn_codon_ctA-ctC_down_15 -r /home/haruto/Lab-Work/Document/SF_Ratios/FlankingBases/syn_codon/1kG
	fixmode0: False
	thetaNspacerange: 100
	profile: False
	estimate_both_thetas: False
	includemisspec: False
	dofolded: False
	nc: 15
	datafileheader: intergenic_variant
	numparams: 2
	local_optimize_method: Nelder-Mead

trial	likelihood	thetaratio	2Ns	optimizer_message
0	50.04187	8.36568e-01 -8.37569e-01	Optimization terminated successfully.
1	50.04187	8.36557e-01 -8.37554e-01	Optimization terminated successfully.
2	50.04187	8.36547e-01 -8.37477e-01	Optimization terminated successfully.
DA1	50.04187	8.36553e-01 -8.37514e-01	['Maximum number of iteration reached']
DA2	50.04187	8.36554e-01 -8.37517e-01	['Maximum number of iteration reached']

Optimization: Dualannealing1
Maximized Likelihood, AIC, Parameter Estimates, 95% Confidence Intervals:
AIC	-96.084
likelihood	50.042
thetaratio	0.8366	(0.6328 - 1.0831)
2Ns	-0.83751	(-1.5961 - -0.06799)

Compare data and optimization estimates
	Euclidean Distance: inf RMSE: inf
	*Expected counts generated with Wright-Fisher theta estimates (SF_Ratios does not provide theta estimates)
--------------------------------------------------------------------------------------------------------------
i	DataN	DataS	DataRatio	Fit*_N	Fit*_S	Fit_Ratio
0	0.0	0.0	inf	0.0	0.0	inf
1	9.7	7.2	0.7423	7.6	5.9	0.7849
2	4.2	2.8	0.6667	3.8	2.8	0.7368
3	3.0	2.0	0.6667	2.5	1.7	0.6919
4	2.3	1.6	0.6957	1.9	1.2	0.6501
5	1.8	1.2	0.6667	1.5	0.9	0.6112
6	1.3	1.0	0.7692	1.3	0.7	0.5749
7	0.9	0.7	0.7778	1.1	0.6	0.5411
8	0.6	0.5	0.8333	0.9	0.5	0.5096
9	0.4	0.2	0.5	0.8	0.4	0.4802
10	0.2	0.1	0.5	0.8	0.3	0.4528
11	0.1	0.0	0	0.7	0.3	0.4273
12	0.1	0.0	0	0.6	0.3	0.4034
13	0.0	0.0	inf	0.6	0.2	0.3812
14	0.0	0.0	inf	0.5	0.2	0.3604

Time taken: 0 hours, 7 minutes, 54.04 seconds
