SF_Ratios.py   @Jody Hey 2024
=============================
Command line: -d fixed2Ns -f unfolded -i 3 -u -p 1kG_gaT-gaC -a /home/haruto/Lab-Work/Document/SFS/FlankingBases/syn_codon/single/1kG/1kG_vep_pickorder_flanking_syn_codon_gaT-gaC_down_15 -r /home/haruto/Lab-Work/Document/SF_Ratios/FlankingBases/syn_codon/1kG
Arguments:
	sfsfilename: /home/haruto/Lab-Work/Document/SFS/FlankingBases/syn_codon/single/1kG/1kG_vep_pickorder_flanking_syn_codon_gaT-gaC_down_15
	fix_theta_ratio: None
	densityof2Ns: fixed2Ns
	foldstatus: unfolded
	basinhoppingopt: False
	optimizetries: 3
	setmax2Ns: 0
	maxi: None
	poplabel: 1kG_gaT-gaC
	estimatemax2Ns: False
	outdir: /home/haruto/Lab-Work/Document/SF_Ratios/FlankingBases/syn_codon/1kG
	dualannealopt: True
	estimate_pointmass: False
	filecheck: False
	estimate_pointmass0: False
	commandstring: -d fixed2Ns -f unfolded -i 3 -u -p 1kG_gaT-gaC -a /home/haruto/Lab-Work/Document/SFS/FlankingBases/syn_codon/single/1kG/1kG_vep_pickorder_flanking_syn_codon_gaT-gaC_down_15 -r /home/haruto/Lab-Work/Document/SF_Ratios/FlankingBases/syn_codon/1kG
	fixmode0: False
	thetaNspacerange: 100
	profile: False
	estimate_both_thetas: False
	includemisspec: False
	dofolded: False
	nc: 15
	datafileheader: intergenic_variant
	numparams: 2
	local_optimize_method: Nelder-Mead

trial	likelihood	thetaratio	2Ns	optimizer_message
0	99.91882	7.06669e-01 3.50925e-01	Optimization terminated successfully.
1	99.91882	7.06666e-01 3.50916e-01	Optimization terminated successfully.
2	99.91882	7.06664e-01 3.50942e-01	Optimization terminated successfully.
DA1	99.91882	7.06664e-01 3.50957e-01	['Maximum number of iteration reached']
DA2	99.91882	7.06664e-01 3.50957e-01	['Maximum number of iteration reached']

Optimization: Dualannealing2
Maximized Likelihood, AIC, Parameter Estimates, 95% Confidence Intervals:
AIC	-195.838
likelihood	99.919
thetaratio	0.7067	(0.6402 - 0.7731)
2Ns	0.35096	(0.079515 - 0.64127)

Compare data and optimization estimates
	Euclidean Distance: 0.2649 RMSE: 0.07080
	*Expected counts generated with Wright-Fisher theta estimates (SF_Ratios does not provide theta estimates)
--------------------------------------------------------------------------------------------------------------
i	DataN	DataS	DataRatio	Fit*_N	Fit*_S	Fit_Ratio
0	0.0	0.0	inf	0.0	0.0	inf
1	94.4	74.8	0.7924	64.3	46.3	0.7207
2	33.8	23.9	0.7071	32.1	23.6	0.7352
3	21.5	14.2	0.6605	21.4	16.1	0.75
4	15.3	10.2	0.6667	16.1	12.3	0.7652
5	10.9	8.0	0.7339	12.9	10.0	0.7809
6	7.8	6.3	0.8077	10.7	8.5	0.7969
7	5.8	4.9	0.8448	9.2	7.5	0.8134
8	4.6	3.9	0.8478	8.0	6.7	0.8303
9	3.8	3.1	0.8158	7.1	6.1	0.8477
10	3.1	2.5	0.8065	6.4	5.6	0.8656
11	2.6	2.2	0.8462	5.8	5.2	0.8839
12	2.1	1.9	0.9048	5.4	4.8	0.9028
13	1.8	1.7	0.9444	4.9	4.6	0.9221
14	1.5	1.7	1.133	4.6	4.3	0.942

Time taken: 0 hours, 12 minutes, 52.46 seconds
