SF_Ratios.py   @Jody Hey 2024
=============================
Command line: -d fixed2Ns -f unfolded -i 3 -u -p 1kG_cgG-cgA -a /home/haruto/Lab-Work/Document/SFS/FlankingBases/syn_codon/single/1kG/1kG_vep_pickorder_flanking_syn_codon_cgG-cgA_down_15 -r /home/haruto/Lab-Work/Document/SF_Ratios/FlankingBases/syn_codon/1kG
Arguments:
	sfsfilename: /home/haruto/Lab-Work/Document/SFS/FlankingBases/syn_codon/single/1kG/1kG_vep_pickorder_flanking_syn_codon_cgG-cgA_down_15
	fix_theta_ratio: None
	densityof2Ns: fixed2Ns
	foldstatus: unfolded
	basinhoppingopt: False
	optimizetries: 3
	setmax2Ns: 0
	maxi: None
	poplabel: 1kG_cgG-cgA
	estimatemax2Ns: False
	outdir: /home/haruto/Lab-Work/Document/SF_Ratios/FlankingBases/syn_codon/1kG
	dualannealopt: True
	estimate_pointmass: False
	filecheck: False
	estimate_pointmass0: False
	commandstring: -d fixed2Ns -f unfolded -i 3 -u -p 1kG_cgG-cgA -a /home/haruto/Lab-Work/Document/SFS/FlankingBases/syn_codon/single/1kG/1kG_vep_pickorder_flanking_syn_codon_cgG-cgA_down_15 -r /home/haruto/Lab-Work/Document/SF_Ratios/FlankingBases/syn_codon/1kG
	fixmode0: False
	thetaNspacerange: 100
	profile: False
	estimate_both_thetas: False
	includemisspec: False
	dofolded: False
	nc: 15
	datafileheader: intergenic_variant
	numparams: 2
	local_optimize_method: Nelder-Mead

trial	likelihood	thetaratio	2Ns	optimizer_message
0	84.08839	6.05319e-01 -1.95821e-02	Optimization terminated successfully.
1	84.08839	6.05307e-01 -1.95392e-02	Optimization terminated successfully.
2	84.08839	6.05292e-01 -1.95171e-02	Optimization terminated successfully.
DA1	84.08839	6.05306e-01 -1.95654e-02	['Maximum number of iteration reached']
DA2	84.08839	6.05306e-01 -1.95570e-02	['Maximum number of iteration reached']

Optimization: Dualannealing1
Maximized Likelihood, AIC, Parameter Estimates, 95% Confidence Intervals:
AIC	-164.177
likelihood	84.088
thetaratio	0.6053	(0.5135 - 0.6984)
2Ns	-0.019565	(-0.45074 - 0.45973)

Compare data and optimization estimates
	Euclidean Distance: 0.8944 RMSE: 0.23903
	*Expected counts generated with Wright-Fisher theta estimates (SF_Ratios does not provide theta estimates)
--------------------------------------------------------------------------------------------------------------
i	DataN	DataS	DataRatio	Fit*_N	Fit*_S	Fit_Ratio
0	0.0	0.0	inf	0.0	0.0	inf
1	44.4	31.5	0.7095	31.7	19.2	0.6046
2	15.7	8.9	0.5669	15.9	9.6	0.6038
3	9.3	5.4	0.5806	10.6	6.4	0.6031
4	6.4	3.8	0.5937	7.9	4.8	0.6023
5	5.1	2.7	0.5294	6.3	3.8	0.6016
6	4.4	2.0	0.4545	5.3	3.2	0.6009
7	4.0	1.7	0.425	4.5	2.7	0.6001
8	3.6	1.5	0.4167	4.0	2.4	0.5994
9	3.1	1.4	0.4516	3.5	2.1	0.5987
10	2.5	1.3	0.52	3.2	1.9	0.5979
11	1.9	1.2	0.6316	2.9	1.7	0.5972
12	1.4	1.1	0.7857	2.6	1.6	0.5965
13	0.9	1.0	1.111	2.4	1.5	0.5957
14	0.5	0.6	1.2	2.3	1.3	0.595

Time taken: 0 hours, 9 minutes, 26.01 seconds
