SF_Ratios.py   @Jody Hey 2024
=============================
Command line: -d fixed2Ns -f unfolded -i 3 -u -r /home/haruto/Lab-Work/Document/SF_Ratios/FlankingBases/syn_codon/1kG -a /home/haruto/Lab-Work/Document/SFS/FlankingBases/syn_codon/single/1kG/1kG_vep_pickorder_flanking_syn_codon_gtT-gtG_down_15 -p 1kG_gtT-gtG
Arguments:
	sfsfilename: /home/haruto/Lab-Work/Document/SFS/FlankingBases/syn_codon/single/1kG/1kG_vep_pickorder_flanking_syn_codon_gtT-gtG_down_15
	fix_theta_ratio: None
	densityof2Ns: fixed2Ns
	foldstatus: unfolded
	basinhoppingopt: False
	optimizetries: 3
	setmax2Ns: 0
	maxi: None
	poplabel: 1kG_gtT-gtG
	estimatemax2Ns: False
	outdir: /home/haruto/Lab-Work/Document/SF_Ratios/FlankingBases/syn_codon/1kG
	dualannealopt: True
	estimate_pointmass: False
	filecheck: False
	estimate_pointmass0: False
	commandstring: -d fixed2Ns -f unfolded -i 3 -u -r /home/haruto/Lab-Work/Document/SF_Ratios/FlankingBases/syn_codon/1kG -a /home/haruto/Lab-Work/Document/SFS/FlankingBases/syn_codon/single/1kG/1kG_vep_pickorder_flanking_syn_codon_gtT-gtG_down_15 -p 1kG_gtT-gtG
	fixmode0: False
	thetaNspacerange: 100
	profile: False
	estimate_both_thetas: False
	includemisspec: False
	dofolded: False
	nc: 15
	datafileheader: intergenic_variant
	numparams: 2
	local_optimize_method: Nelder-Mead

trial	likelihood	thetaratio	2Ns	optimizer_message
0	25.64437	3.09925e+00 -1.46759e+00	Optimization terminated successfully.
1	25.64437	3.09929e+00 -1.46761e+00	Optimization terminated successfully.
2	25.64437	3.09923e+00 -1.46757e+00	Optimization terminated successfully.
DA1	25.64437	3.09926e+00 -1.46759e+00	['Maximum number of iteration reached']
DA2	25.64437	3.09926e+00 -1.46758e+00	['Maximum number of iteration reached']

Optimization: Dualannealing1
Maximized Likelihood, AIC, Parameter Estimates, 95% Confidence Intervals:
AIC	-47.289
likelihood	25.644
thetaratio	3.0993	(1.7565 - 5.0960)
2Ns	-1.4676	(-2.25 - -0.74195)

Compare data and optimization estimates
	Euclidean Distance: inf RMSE: inf
	*Expected counts generated with Wright-Fisher theta estimates (SF_Ratios does not provide theta estimates)
--------------------------------------------------------------------------------------------------------------
i	DataN	DataS	DataRatio	Fit*_N	Fit*_S	Fit_Ratio
0	0.0	0.0	inf	0.0	0.0	inf
1	8.6	8.0	0.9302	5.0	13.7	2.742
2	2.0	3.5	1.75	2.5	6.0	2.427
3	0.7	2.5	3.571	1.7	3.6	2.151
4	0.4	2.0	5	1.2	2.4	1.908
5	0.4	1.7	4.25	1.0	1.7	1.694
6	0.4	1.5	3.75	0.8	1.3	1.506
7	0.5	1.3	2.6	0.7	1.0	1.341
8	0.6	1.0	1.667	0.6	0.7	1.195
9	0.7	0.7	1	0.6	0.6	1.067
10	0.7	0.4	0.5714	0.5	0.5	0.9547
11	0.6	0.2	0.3333	0.5	0.4	0.8556
12	0.4	0.1	0.25	0.4	0.3	0.7682
13	0.2	0.0	0	0.4	0.3	0.6912
14	0.0	0.0	inf	0.4	0.2	0.6233

Time taken: 0 hours, 18 minutes, 52.70 seconds
