SF_Ratios.py   @Jody Hey 2024
=============================
Command line: -d fixed2Ns -f unfolded -i 3 -u -p 1kG_Agg-Cgg -a /home/haruto/Lab-Work/Document/SFS/FlankingBases/syn_codon/single/1kG/1kG_vep_pickorder_flanking_syn_codon_Agg-Cgg_down_15 -r /home/haruto/Lab-Work/Document/SF_Ratios/FlankingBases/syn_codon/1kG
Arguments:
	sfsfilename: /home/haruto/Lab-Work/Document/SFS/FlankingBases/syn_codon/single/1kG/1kG_vep_pickorder_flanking_syn_codon_Agg-Cgg_down_15
	fix_theta_ratio: None
	densityof2Ns: fixed2Ns
	foldstatus: unfolded
	basinhoppingopt: False
	optimizetries: 3
	setmax2Ns: 0
	maxi: None
	poplabel: 1kG_Agg-Cgg
	estimatemax2Ns: False
	outdir: /home/haruto/Lab-Work/Document/SF_Ratios/FlankingBases/syn_codon/1kG
	dualannealopt: True
	estimate_pointmass: False
	filecheck: False
	estimate_pointmass0: False
	commandstring: -d fixed2Ns -f unfolded -i 3 -u -p 1kG_Agg-Cgg -a /home/haruto/Lab-Work/Document/SFS/FlankingBases/syn_codon/single/1kG/1kG_vep_pickorder_flanking_syn_codon_Agg-Cgg_down_15 -r /home/haruto/Lab-Work/Document/SF_Ratios/FlankingBases/syn_codon/1kG
	fixmode0: False
	thetaNspacerange: 100
	profile: False
	estimate_both_thetas: False
	includemisspec: False
	dofolded: False
	nc: 15
	datafileheader: intergenic_variant
	numparams: 2
	local_optimize_method: Nelder-Mead

trial	likelihood	thetaratio	2Ns	optimizer_message
0	57.12593	7.37356e-01 -1.66235e+00	Optimization terminated successfully.
1	57.12593	7.37345e-01 -1.66236e+00	Optimization terminated successfully.
2	57.12593	7.37363e-01 -1.66235e+00	Optimization terminated successfully.
DA1	57.12593	7.37351e-01 -1.66235e+00	['Maximum number of iteration reached']
DA2	57.12593	7.37350e-01 -1.66235e+00	['Maximum number of iteration reached']

Optimization: Dualannealing2
Maximized Likelihood, AIC, Parameter Estimates, 95% Confidence Intervals:
AIC	-110.252
likelihood	57.126
thetaratio	0.7373	(0.5175 - 1.0204)
2Ns	-1.6623	(-2.7792 - -0.78771)

Compare data and optimization estimates
	Euclidean Distance: 0.9487 RMSE: 0.25356
	*Expected counts generated with Wright-Fisher theta estimates (SF_Ratios does not provide theta estimates)
--------------------------------------------------------------------------------------------------------------
i	DataN	DataS	DataRatio	Fit*_N	Fit*_S	Fit_Ratio
0	0.0	0.0	inf	0.0	0.0	inf
1	9.4	5.8	0.617	6.2	3.9	0.6399
2	3.4	1.6	0.4706	3.1	1.7	0.5558
3	2.2	1.0	0.4545	2.1	1.0	0.4831
4	1.5	0.7	0.4667	1.5	0.6	0.4204
5	1.1	0.4	0.3636	1.2	0.5	0.3663
6	0.7	0.3	0.4286	1.0	0.3	0.3196
7	0.4	0.2	0.5	0.9	0.2	0.2792
8	0.2	0.2	1	0.8	0.2	0.2444
9	0.2	0.1	0.5	0.7	0.1	0.2143
10	0.2	0.1	0.5	0.6	0.1	0.1883
11	0.2	0.0	0	0.6	0.1	0.1659
12	0.2	0.0	0	0.5	0.1	0.1464
13	0.2	0.0	0	0.5	0.1	0.1296
14	0.1	0.0	0	0.4	0.1	0.1151

Time taken: 0 hours, 9 minutes, 6.00 seconds
