SF_Ratios.py   @Jody Hey 2024
=============================
Command line: -d fixed2Ns -f unfolded -i 3 -u -a /home/haruto/Lab-Work/Document/SFS/FlankingBases/syn_codon/single/1kG/1kG_vep_pickorder_flanking_syn_codon_gcG-gcT_down_15 -r /home/haruto/Lab-Work/Document/SF_Ratios/FlankingBases/syn_codon/1kG -p 1kG_gcG-gcT
Arguments:
	sfsfilename: /home/haruto/Lab-Work/Document/SFS/FlankingBases/syn_codon/single/1kG/1kG_vep_pickorder_flanking_syn_codon_gcG-gcT_down_15
	fix_theta_ratio: None
	densityof2Ns: fixed2Ns
	foldstatus: unfolded
	basinhoppingopt: False
	optimizetries: 3
	setmax2Ns: 0
	maxi: None
	poplabel: 1kG_gcG-gcT
	estimatemax2Ns: False
	outdir: /home/haruto/Lab-Work/Document/SF_Ratios/FlankingBases/syn_codon/1kG
	dualannealopt: True
	estimate_pointmass: False
	filecheck: False
	estimate_pointmass0: False
	commandstring: -d fixed2Ns -f unfolded -i 3 -u -a /home/haruto/Lab-Work/Document/SFS/FlankingBases/syn_codon/single/1kG/1kG_vep_pickorder_flanking_syn_codon_gcG-gcT_down_15 -r /home/haruto/Lab-Work/Document/SF_Ratios/FlankingBases/syn_codon/1kG -p 1kG_gcG-gcT
	fixmode0: False
	thetaNspacerange: 100
	profile: False
	estimate_both_thetas: False
	includemisspec: False
	dofolded: False
	nc: 15
	datafileheader: intergenic_variant
	numparams: 2
	local_optimize_method: Nelder-Mead

trial	likelihood	thetaratio	2Ns	optimizer_message
0	63.19121	8.34604e-01 -5.62135e-01	Optimization terminated successfully.
1	63.19121	8.34611e-01 -5.62207e-01	Optimization terminated successfully.
2	63.19121	8.34621e-01 -5.62225e-01	Optimization terminated successfully.
DA1	63.19121	8.34617e-01 -5.62235e-01	['Maximum number of iteration reached']
DA2	63.19121	8.34618e-01 -5.62234e-01	['Maximum number of iteration reached']

Optimization: Dualannealing2
Maximized Likelihood, AIC, Parameter Estimates, 95% Confidence Intervals:
AIC	-122.382
likelihood	63.191
thetaratio	0.8346	(0.6604 - 1.0546)
2Ns	-0.56223	(-1.1225 - 0.02531)

Compare data and optimization estimates
	Euclidean Distance: 0.8514 RMSE: 0.22755
	*Expected counts generated with Wright-Fisher theta estimates (SF_Ratios does not provide theta estimates)
--------------------------------------------------------------------------------------------------------------
i	DataN	DataS	DataRatio	Fit*_N	Fit*_S	Fit_Ratio
0	0.0	0.0	inf	0.0	0.0	inf
1	15.1	10.0	0.6623	10.9	8.7	0.8015
2	4.3	3.1	0.7209	5.4	4.2	0.7699
3	2.5	2.0	0.8	3.6	2.7	0.7397
4	1.8	1.7	0.9444	2.7	1.9	0.7109
5	1.6	1.5	0.9375	2.2	1.5	0.6834
6	1.5	1.4	0.9333	1.8	1.2	0.6571
7	1.5	1.3	0.8667	1.6	1.0	0.6321
8	1.5	1.2	0.8	1.4	0.8	0.6081
9	1.4	1.0	0.7143	1.2	0.7	0.5853
10	1.3	0.8	0.6154	1.1	0.6	0.5634
11	1.1	0.5	0.4545	1.0	0.5	0.5426
12	0.9	0.3	0.3333	0.9	0.5	0.5227
13	0.6	0.1	0.1667	0.8	0.4	0.5037
14	0.3	0.0	0	0.8	0.4	0.4855

Time taken: 0 hours, 17 minutes, 57.81 seconds
