SF_Ratios.py   @Jody Hey 2024
=============================
Command line: -d fixed2Ns -f unfolded -i 3 -u -p 1kG_ctA-ctG -a /home/haruto/Lab-Work/Document/SFS/FlankingBases/syn_codon/single/1kG/1kG_vep_pickorder_flanking_syn_codon_ctA-ctG_down_15 -r /home/haruto/Lab-Work/Document/SF_Ratios/FlankingBases/syn_codon/1kG
Arguments:
	sfsfilename: /home/haruto/Lab-Work/Document/SFS/FlankingBases/syn_codon/single/1kG/1kG_vep_pickorder_flanking_syn_codon_ctA-ctG_down_15
	fix_theta_ratio: None
	densityof2Ns: fixed2Ns
	foldstatus: unfolded
	basinhoppingopt: False
	optimizetries: 3
	setmax2Ns: 0
	maxi: None
	poplabel: 1kG_ctA-ctG
	estimatemax2Ns: False
	outdir: /home/haruto/Lab-Work/Document/SF_Ratios/FlankingBases/syn_codon/1kG
	dualannealopt: True
	estimate_pointmass: False
	filecheck: False
	estimate_pointmass0: False
	commandstring: -d fixed2Ns -f unfolded -i 3 -u -p 1kG_ctA-ctG -a /home/haruto/Lab-Work/Document/SFS/FlankingBases/syn_codon/single/1kG/1kG_vep_pickorder_flanking_syn_codon_ctA-ctG_down_15 -r /home/haruto/Lab-Work/Document/SF_Ratios/FlankingBases/syn_codon/1kG
	fixmode0: False
	thetaNspacerange: 100
	profile: False
	estimate_both_thetas: False
	includemisspec: False
	dofolded: False
	nc: 15
	datafileheader: intergenic_variant
	numparams: 2
	local_optimize_method: Nelder-Mead

trial	likelihood	thetaratio	2Ns	optimizer_message
0	84.99343	8.02179e-01 2.32534e-01	Optimization terminated successfully.
1	84.99343	8.02181e-01 2.32544e-01	Optimization terminated successfully.
2	84.99343	8.02176e-01 2.32514e-01	Optimization terminated successfully.
DA1	84.99343	8.02189e-01 2.32499e-01	['Maximum number of iteration reached']
DA2	84.99343	8.02189e-01 2.32498e-01	['Maximum number of iteration reached']

Optimization: Dualannealing1
Maximized Likelihood, AIC, Parameter Estimates, 95% Confidence Intervals:
AIC	-165.987
likelihood	84.993
thetaratio	0.8022	(0.7104 - 0.8966)
2Ns	0.2325	(-0.14811 - 0.65807)

Compare data and optimization estimates
	Euclidean Distance: 1.0209 RMSE: 0.27285
	*Expected counts generated with Wright-Fisher theta estimates (SF_Ratios does not provide theta estimates)
--------------------------------------------------------------------------------------------------------------
i	DataN	DataS	DataRatio	Fit*_N	Fit*_S	Fit_Ratio
0	0.0	0.0	inf	0.0	0.0	inf
1	58.1	50.2	0.864	37.4	30.4	0.8131
2	18.4	15.7	0.8533	18.7	15.4	0.8243
3	11.0	9.5	0.8636	12.5	10.4	0.8356
4	8.1	6.7	0.8272	9.3	7.9	0.8472
5	6.6	4.9	0.7424	7.5	6.4	0.8589
6	5.4	3.8	0.7037	6.2	5.4	0.8709
7	4.4	2.9	0.6591	5.3	4.7	0.8831
8	3.2	2.2	0.6875	4.7	4.2	0.8955
9	2.2	1.6	0.7273	4.2	3.8	0.9081
10	1.5	1.2	0.8	3.7	3.4	0.9209
11	1.0	0.9	0.9	3.4	3.2	0.934
12	0.7	0.9	1.286	3.1	3.0	0.9474
13	0.6	0.8	1.333	2.9	2.8	0.9609
14	0.4	0.7	1.75	2.7	2.6	0.9747

Time taken: 0 hours, 10 minutes, 32.16 seconds
