SF_Ratios.py   @Jody Hey 2024
=============================
Command line: -d fixed2Ns -f unfolded -i 3 -u -p 1kG_ccC-ccT -a /home/haruto/Lab-Work/Document/SFS/FlankingBases/syn_codon/single/1kG/1kG_vep_pickorder_flanking_syn_codon_ccC-ccT_down_15 -r /home/haruto/Lab-Work/Document/SF_Ratios/FlankingBases/syn_codon/1kG
Arguments:
	sfsfilename: /home/haruto/Lab-Work/Document/SFS/FlankingBases/syn_codon/single/1kG/1kG_vep_pickorder_flanking_syn_codon_ccC-ccT_down_15
	fix_theta_ratio: None
	densityof2Ns: fixed2Ns
	foldstatus: unfolded
	basinhoppingopt: False
	optimizetries: 3
	setmax2Ns: 0
	maxi: None
	poplabel: 1kG_ccC-ccT
	estimatemax2Ns: False
	outdir: /home/haruto/Lab-Work/Document/SF_Ratios/FlankingBases/syn_codon/1kG
	dualannealopt: True
	estimate_pointmass: False
	filecheck: False
	estimate_pointmass0: False
	commandstring: -d fixed2Ns -f unfolded -i 3 -u -p 1kG_ccC-ccT -a /home/haruto/Lab-Work/Document/SFS/FlankingBases/syn_codon/single/1kG/1kG_vep_pickorder_flanking_syn_codon_ccC-ccT_down_15 -r /home/haruto/Lab-Work/Document/SF_Ratios/FlankingBases/syn_codon/1kG
	fixmode0: False
	thetaNspacerange: 100
	profile: False
	estimate_both_thetas: False
	includemisspec: False
	dofolded: False
	nc: 15
	datafileheader: intergenic_variant
	numparams: 2
	local_optimize_method: Nelder-Mead

trial	likelihood	thetaratio	2Ns	optimizer_message
0	118.28063	7.72761e-01 -4.86702e-01	Optimization terminated successfully.
1	118.28063	7.72755e-01 -4.86663e-01	Optimization terminated successfully.
2	118.28063	7.72790e-01 -4.86665e-01	Optimization terminated successfully.
DA1	118.28062	7.72895e-01 -4.87216e-01	['Maximum number of iteration reached']
DA2	118.23147	7.83396e-01 -5.08216e-01	['Maximum number of iteration reached']

Optimization: Optimize
Maximized Likelihood, AIC, Parameter Estimates, 95% Confidence Intervals:
AIC	-232.561
likelihood	118.281
thetaratio	0.7728	(0.7282 - 0.8184)
2Ns	-0.48666	(-0.64563 - -0.32123)

Compare data and optimization estimates
	Euclidean Distance: 0.4910 RMSE: 0.13123
	*Expected counts generated with Wright-Fisher theta estimates (SF_Ratios does not provide theta estimates)
--------------------------------------------------------------------------------------------------------------
i	DataN	DataS	DataRatio	Fit*_N	Fit*_S	Fit_Ratio
0	0.0	0.0	inf	0.0	0.0	inf
1	243.6	183.0	0.7512	160.1	119.5	0.7466
2	81.5	58.9	0.7227	80.0	57.7	0.7214
3	48.5	34.9	0.7196	53.4	37.2	0.6972
4	34.1	23.7	0.695	40.0	27.0	0.674
5	26.1	17.0	0.6513	32.0	20.9	0.6517
6	21.1	12.6	0.5972	26.7	16.8	0.6303
7	17.5	9.6	0.5486	22.9	13.9	0.6097
8	14.5	7.5	0.5172	20.0	11.8	0.5899
9	11.5	5.8	0.5043	17.8	10.2	0.5709
10	8.5	4.3	0.5059	16.0	8.8	0.5526
11	5.9	3.1	0.5254	14.6	7.8	0.535
12	3.9	2.1	0.5385	13.3	6.9	0.5181
13	2.4	1.6	0.6667	12.3	6.2	0.5018
14	1.4	1.3	0.9286	11.4	5.6	0.4862

Time taken: 0 hours, 10 minutes, 15.46 seconds
