SF_Ratios.py   @Jody Hey 2024
=============================
Command line: -d fixed2Ns -f unfolded -i 3 -u -p 1kG_cgC-cgT -a /home/haruto/Lab-Work/Document/SFS/FlankingBases/syn_codon/single/1kG/1kG_vep_pickorder_flanking_syn_codon_cgC-cgT_down_15 -r /home/haruto/Lab-Work/Document/SF_Ratios/FlankingBases/syn_codon/1kG
Arguments:
	sfsfilename: /home/haruto/Lab-Work/Document/SFS/FlankingBases/syn_codon/single/1kG/1kG_vep_pickorder_flanking_syn_codon_cgC-cgT_down_15
	fix_theta_ratio: None
	densityof2Ns: fixed2Ns
	foldstatus: unfolded
	basinhoppingopt: False
	optimizetries: 3
	setmax2Ns: 0
	maxi: None
	poplabel: 1kG_cgC-cgT
	estimatemax2Ns: False
	outdir: /home/haruto/Lab-Work/Document/SF_Ratios/FlankingBases/syn_codon/1kG
	dualannealopt: True
	estimate_pointmass: False
	filecheck: False
	estimate_pointmass0: False
	commandstring: -d fixed2Ns -f unfolded -i 3 -u -p 1kG_cgC-cgT -a /home/haruto/Lab-Work/Document/SFS/FlankingBases/syn_codon/single/1kG/1kG_vep_pickorder_flanking_syn_codon_cgC-cgT_down_15 -r /home/haruto/Lab-Work/Document/SF_Ratios/FlankingBases/syn_codon/1kG
	fixmode0: False
	thetaNspacerange: 100
	profile: False
	estimate_both_thetas: False
	includemisspec: False
	dofolded: False
	nc: 15
	datafileheader: intergenic_variant
	numparams: 2
	local_optimize_method: Nelder-Mead

trial	likelihood	thetaratio	2Ns	optimizer_message
0	101.37739	6.52573e-01 -1.99390e-01	Optimization terminated successfully.
1	101.37739	6.52556e-01 -1.99355e-01	Optimization terminated successfully.
2	101.37739	6.52560e-01 -1.99382e-01	Optimization terminated successfully.
DA1	101.37739	6.52565e-01 -1.99379e-01	['Maximum number of iteration reached']
DA2	101.37739	6.52565e-01 -1.99379e-01	['Maximum number of iteration reached']

Optimization: Dualannealing2
Maximized Likelihood, AIC, Parameter Estimates, 95% Confidence Intervals:
AIC	-198.755
likelihood	101.377
thetaratio	0.6526	(0.5887 - 0.7187)
2Ns	-0.19938	(-0.45715 - 0.071016)

Compare data and optimization estimates
	Euclidean Distance: 0.3047 RMSE: 0.08144
	*Expected counts generated with Wright-Fisher theta estimates (SF_Ratios does not provide theta estimates)
--------------------------------------------------------------------------------------------------------------
i	DataN	DataS	DataRatio	Fit*_N	Fit*_S	Fit_Ratio
0	0.0	0.0	inf	0.0	0.0	inf
1	93.4	63.8	0.6831	60.2	38.8	0.644
2	32.1	18.7	0.5826	30.1	19.1	0.6356
3	17.9	10.2	0.5698	20.1	12.6	0.6274
4	11.6	6.8	0.5862	15.0	9.3	0.6192
5	8.5	5.2	0.6118	12.0	7.4	0.6112
6	6.8	4.1	0.6029	10.0	6.1	0.6034
7	5.8	3.4	0.5862	8.6	5.1	0.5956
8	4.8	2.9	0.6042	7.5	4.4	0.588
9	3.9	2.5	0.641	6.7	3.9	0.5805
10	3.0	2.1	0.7	6.0	3.4	0.5731
11	2.5	1.7	0.68	5.5	3.1	0.5658
12	2.1	1.3	0.619	5.0	2.8	0.5586
13	1.8	0.9	0.5	4.6	2.6	0.5516
14	1.5	0.5	0.3333	4.3	2.3	0.5446

Time taken: 0 hours, 10 minutes, 4.00 seconds
