SF_Ratios.py   @Jody Hey 2024
=============================
Command line: -d fixed2Ns -f unfolded -i 3 -u -p 1kG_gcA-gcG -a /home/haruto/Lab-Work/Document/SFS/FlankingBases/syn_codon/single/1kG/1kG_vep_pickorder_flanking_syn_codon_gcA-gcG_down_15 -r /home/haruto/Lab-Work/Document/SF_Ratios/FlankingBases/syn_codon/1kG
Arguments:
	sfsfilename: /home/haruto/Lab-Work/Document/SFS/FlankingBases/syn_codon/single/1kG/1kG_vep_pickorder_flanking_syn_codon_gcA-gcG_down_15
	fix_theta_ratio: None
	densityof2Ns: fixed2Ns
	foldstatus: unfolded
	basinhoppingopt: False
	optimizetries: 3
	setmax2Ns: 0
	maxi: None
	poplabel: 1kG_gcA-gcG
	estimatemax2Ns: False
	outdir: /home/haruto/Lab-Work/Document/SF_Ratios/FlankingBases/syn_codon/1kG
	dualannealopt: True
	estimate_pointmass: False
	filecheck: False
	estimate_pointmass0: False
	commandstring: -d fixed2Ns -f unfolded -i 3 -u -p 1kG_gcA-gcG -a /home/haruto/Lab-Work/Document/SFS/FlankingBases/syn_codon/single/1kG/1kG_vep_pickorder_flanking_syn_codon_gcA-gcG_down_15 -r /home/haruto/Lab-Work/Document/SF_Ratios/FlankingBases/syn_codon/1kG
	fixmode0: False
	thetaNspacerange: 100
	profile: False
	estimate_both_thetas: False
	includemisspec: False
	dofolded: False
	nc: 15
	datafileheader: intergenic_variant
	numparams: 2
	local_optimize_method: Nelder-Mead

trial	likelihood	thetaratio	2Ns	optimizer_message
0	92.67952	7.13735e-01 -1.90880e-01	Optimization terminated successfully.
1	92.67952	7.13730e-01 -1.90881e-01	Optimization terminated successfully.
2	92.67952	7.13736e-01 -1.90872e-01	Optimization terminated successfully.
DA1	92.67952	7.13725e-01 -1.90850e-01	['Maximum number of iteration reached']
DA2	92.67952	7.13726e-01 -1.90848e-01	['Maximum number of iteration reached']

Optimization: Dualannealing1
Maximized Likelihood, AIC, Parameter Estimates, 95% Confidence Intervals:
AIC	-181.359
likelihood	92.680
thetaratio	0.7137	(0.6430 - 0.7881)
2Ns	-0.19085	(-0.51068 - 0.17765)

Compare data and optimization estimates
	Euclidean Distance: 1.1173 RMSE: 0.29862
	*Expected counts generated with Wright-Fisher theta estimates (SF_Ratios does not provide theta estimates)
--------------------------------------------------------------------------------------------------------------
i	DataN	DataS	DataRatio	Fit*_N	Fit*_S	Fit_Ratio
0	0.0	0.0	inf	0.0	0.0	inf
1	85.7	60.5	0.706	56.3	39.7	0.7048
2	27.5	20.5	0.7455	28.2	19.6	0.696
3	16.1	12.0	0.7453	18.8	12.9	0.6874
4	11.8	8.0	0.678	14.1	9.6	0.6789
5	9.2	5.7	0.6196	11.3	7.6	0.6705
6	7.4	4.3	0.5811	9.4	6.2	0.6622
7	5.9	3.3	0.5593	8.0	5.3	0.6541
8	4.8	2.5	0.5208	7.0	4.6	0.6461
9	3.9	1.9	0.4872	6.3	4.0	0.6382
10	3.3	1.5	0.4545	5.6	3.6	0.6304
11	2.6	1.5	0.5769	5.1	3.2	0.6227
12	2.0	1.8	0.9	4.7	2.9	0.6152
13	1.5	2.1	1.4	4.3	2.6	0.6078
14	1.5	1.9	1.267	4.0	2.4	0.6005

Time taken: 0 hours, 15 minutes, 18.68 seconds
