SF_Ratios.py   @Jody Hey 2024
=============================
Command line: -d fixed2Ns -f unfolded -i 3 -u -r /home/haruto/Lab-Work/Document/SF_Ratios/FlankingBases/syn_codon/1kG -a /home/haruto/Lab-Work/Document/SFS/FlankingBases/syn_codon/single/1kG/1kG_vep_pickorder_flanking_syn_codon_ttG-ttA_down_15 -p 1kG_ttG-ttA
Arguments:
	sfsfilename: /home/haruto/Lab-Work/Document/SFS/FlankingBases/syn_codon/single/1kG/1kG_vep_pickorder_flanking_syn_codon_ttG-ttA_down_15
	fix_theta_ratio: None
	densityof2Ns: fixed2Ns
	foldstatus: unfolded
	basinhoppingopt: False
	optimizetries: 3
	setmax2Ns: 0
	maxi: None
	poplabel: 1kG_ttG-ttA
	estimatemax2Ns: False
	outdir: /home/haruto/Lab-Work/Document/SF_Ratios/FlankingBases/syn_codon/1kG
	dualannealopt: True
	estimate_pointmass: False
	filecheck: False
	estimate_pointmass0: False
	commandstring: -d fixed2Ns -f unfolded -i 3 -u -r /home/haruto/Lab-Work/Document/SF_Ratios/FlankingBases/syn_codon/1kG -a /home/haruto/Lab-Work/Document/SFS/FlankingBases/syn_codon/single/1kG/1kG_vep_pickorder_flanking_syn_codon_ttG-ttA_down_15 -p 1kG_ttG-ttA
	fixmode0: False
	thetaNspacerange: 100
	profile: False
	estimate_both_thetas: False
	includemisspec: False
	dofolded: False
	nc: 15
	datafileheader: intergenic_variant
	numparams: 2
	local_optimize_method: Nelder-Mead

trial	likelihood	thetaratio	2Ns	optimizer_message
0	90.89506	6.65104e-01 -4.71421e-01	Optimization terminated successfully.
1	90.89506	6.65088e-01 -4.71362e-01	Optimization terminated successfully.
2	90.89506	6.65099e-01 -4.71374e-01	Optimization terminated successfully.
DA1	90.89506	6.65089e-01 -4.71384e-01	['Maximum number of iteration reached']
DA2	90.89506	6.65089e-01 -4.71384e-01	['Maximum number of iteration reached']

Optimization: Dualannealing2
Maximized Likelihood, AIC, Parameter Estimates, 95% Confidence Intervals:
AIC	-177.790
likelihood	90.895
thetaratio	0.6651	(0.5817 - 0.7557)
2Ns	-0.47138	(-0.79735 - -0.13218)

Compare data and optimization estimates
	Euclidean Distance: 0.3140 RMSE: 0.08392
	*Expected counts generated with Wright-Fisher theta estimates (SF_Ratios does not provide theta estimates)
--------------------------------------------------------------------------------------------------------------
i	DataN	DataS	DataRatio	Fit*_N	Fit*_S	Fit_Ratio
0	0.0	0.0	inf	0.0	0.0	inf
1	50.1	33.0	0.6587	33.5	21.5	0.6433
2	17.1	9.6	0.5614	16.7	10.4	0.6224
3	10.4	6.0	0.5769	11.2	6.7	0.6022
4	7.8	4.6	0.5897	8.4	4.9	0.5829
5	6.2	3.6	0.5806	6.7	3.8	0.5642
6	4.8	2.8	0.5833	5.6	3.0	0.5463
7	3.6	2.0	0.5556	4.8	2.5	0.529
8	2.6	1.4	0.5385	4.2	2.1	0.5124
9	1.9	1.0	0.5263	3.7	1.8	0.4964
10	1.4	0.8	0.5714	3.3	1.6	0.4811
11	1.0	0.6	0.6	3.0	1.4	0.4663
12	0.8	0.4	0.5	2.8	1.3	0.452
13	0.6	0.2	0.3333	2.6	1.1	0.4383
14	0.5	0.1	0.2	2.4	1.0	0.4251

Time taken: 0 hours, 16 minutes, 9.82 seconds
