SF_Ratios.py   @Jody Hey 2024
=============================
Command line: -d fixed2Ns -f unfolded -i 3 -u -p 1kG_cgA-cgT -a /home/haruto/Lab-Work/Document/SFS/FlankingBases/syn_codon/single/1kG/1kG_vep_pickorder_flanking_syn_codon_cgA-cgT_down_15 -r /home/haruto/Lab-Work/Document/SF_Ratios/FlankingBases/syn_codon/1kG
Arguments:
	sfsfilename: /home/haruto/Lab-Work/Document/SFS/FlankingBases/syn_codon/single/1kG/1kG_vep_pickorder_flanking_syn_codon_cgA-cgT_down_15
	fix_theta_ratio: None
	densityof2Ns: fixed2Ns
	foldstatus: unfolded
	basinhoppingopt: False
	optimizetries: 3
	setmax2Ns: 0
	maxi: None
	poplabel: 1kG_cgA-cgT
	estimatemax2Ns: False
	outdir: /home/haruto/Lab-Work/Document/SF_Ratios/FlankingBases/syn_codon/1kG
	dualannealopt: True
	estimate_pointmass: False
	filecheck: False
	estimate_pointmass0: False
	commandstring: -d fixed2Ns -f unfolded -i 3 -u -p 1kG_cgA-cgT -a /home/haruto/Lab-Work/Document/SFS/FlankingBases/syn_codon/single/1kG/1kG_vep_pickorder_flanking_syn_codon_cgA-cgT_down_15 -r /home/haruto/Lab-Work/Document/SF_Ratios/FlankingBases/syn_codon/1kG
	fixmode0: False
	thetaNspacerange: 100
	profile: False
	estimate_both_thetas: False
	includemisspec: False
	dofolded: False
	nc: 15
	datafileheader: intergenic_variant
	numparams: 2
	local_optimize_method: Nelder-Mead

trial	likelihood	thetaratio	2Ns	optimizer_message
0	42.68784	1.49032e+00 -2.74456e+00	Optimization terminated successfully.
1	42.68784	1.49030e+00 -2.74454e+00	Optimization terminated successfully.
2	42.68784	1.49033e+00 -2.74454e+00	Optimization terminated successfully.
DA1	42.68784	1.49031e+00 -2.74453e+00	['Maximum number of iteration reached']
DA2	42.68784	1.49031e+00 -2.74453e+00	['Maximum number of iteration reached']

Optimization: Dualannealing1
Maximized Likelihood, AIC, Parameter Estimates, 95% Confidence Intervals:
AIC	-81.376
likelihood	42.688
thetaratio	1.4903	(0.9407 - 2.3813)
2Ns	-2.7445	(-4.1998 - -1.6895)

Compare data and optimization estimates
	Euclidean Distance: inf RMSE: inf
	*Expected counts generated with Wright-Fisher theta estimates (SF_Ratios does not provide theta estimates)
--------------------------------------------------------------------------------------------------------------
i	DataN	DataS	DataRatio	Fit*_N	Fit*_S	Fit_Ratio
0	0.0	0.0	inf	0.0	0.0	inf
1	3.9	3.0	0.7692	3.4	4.0	1.162
2	1.0	1.1	1.1	1.7	1.6	0.905
3	0.8	0.7	0.875	1.1	0.8	0.7049
4	0.9	0.6	0.6667	0.9	0.5	0.549
5	0.8	0.6	0.75	0.7	0.3	0.4278
6	0.7	0.5	0.7143	0.6	0.2	0.3336
7	0.6	0.4	0.6667	0.5	0.1	0.2605
8	0.6	0.3	0.5	0.4	0.1	0.2038
9	0.6	0.1	0.1667	0.4	0.1	0.1599
10	0.6	0.1	0.1667	0.3	0.0	0.1258
11	0.4	0.0	0	0.3	0.0	0.09949
12	0.2	0.0	0	0.3	0.0	0.07907
13	0.1	0.0	0	0.3	0.0	0.06323
14	0.0	0.0	inf	0.2	0.0	0.05094

Time taken: 0 hours, 8 minutes, 58.74 seconds
