SF_Ratios.py   @Jody Hey 2024
=============================
Command line: -d fixed2Ns -f unfolded -i 3 -u -p 1kG_ccC-ccG -a /home/haruto/Lab-Work/Document/SFS/FlankingBases/syn_codon/single/1kG/1kG_vep_pickorder_flanking_syn_codon_ccC-ccG_down_15 -r /home/haruto/Lab-Work/Document/SF_Ratios/FlankingBases/syn_codon/1kG
Arguments:
	sfsfilename: /home/haruto/Lab-Work/Document/SFS/FlankingBases/syn_codon/single/1kG/1kG_vep_pickorder_flanking_syn_codon_ccC-ccG_down_15
	fix_theta_ratio: None
	densityof2Ns: fixed2Ns
	foldstatus: unfolded
	basinhoppingopt: False
	optimizetries: 3
	setmax2Ns: 0
	maxi: None
	poplabel: 1kG_ccC-ccG
	estimatemax2Ns: False
	outdir: /home/haruto/Lab-Work/Document/SF_Ratios/FlankingBases/syn_codon/1kG
	dualannealopt: True
	estimate_pointmass: False
	filecheck: False
	estimate_pointmass0: False
	commandstring: -d fixed2Ns -f unfolded -i 3 -u -p 1kG_ccC-ccG -a /home/haruto/Lab-Work/Document/SFS/FlankingBases/syn_codon/single/1kG/1kG_vep_pickorder_flanking_syn_codon_ccC-ccG_down_15 -r /home/haruto/Lab-Work/Document/SF_Ratios/FlankingBases/syn_codon/1kG
	fixmode0: False
	thetaNspacerange: 100
	profile: False
	estimate_both_thetas: False
	includemisspec: False
	dofolded: False
	nc: 15
	datafileheader: intergenic_variant
	numparams: 2
	local_optimize_method: Nelder-Mead

trial	likelihood	thetaratio	2Ns	optimizer_message
0	89.21074	7.07921e-01 -2.60117e-01	Optimization terminated successfully.
1	89.21074	7.07900e-01 -2.60100e-01	Optimization terminated successfully.
2	89.21074	7.07902e-01 -2.60114e-01	Optimization terminated successfully.
DA1	89.21074	7.07915e-01 -2.60112e-01	['Maximum number of iteration reached']
DA2	89.21074	7.07915e-01 -2.60112e-01	['Maximum number of iteration reached']

Optimization: Dualannealing2
Maximized Likelihood, AIC, Parameter Estimates, 95% Confidence Intervals:
AIC	-174.421
likelihood	89.211
thetaratio	0.7079	(0.6240 - 0.7974)
2Ns	-0.26011	(-0.59769 - 0.097031)

Compare data and optimization estimates
	Euclidean Distance: 0.5940 RMSE: 0.15876
	*Expected counts generated with Wright-Fisher theta estimates (SF_Ratios does not provide theta estimates)
--------------------------------------------------------------------------------------------------------------
i	DataN	DataS	DataRatio	Fit*_N	Fit*_S	Fit_Ratio
0	0.0	0.0	inf	0.0	0.0	inf
1	53.6	38.0	0.709	36.0	25.1	0.6957
2	17.8	12.0	0.6742	18.0	12.3	0.6837
3	10.2	7.1	0.6961	12.0	8.1	0.6719
4	7.1	5.0	0.7042	9.0	5.9	0.6605
5	5.8	4.0	0.6897	7.2	4.7	0.6492
6	5.3	3.2	0.6038	6.0	3.8	0.6382
7	4.8	2.5	0.5208	5.1	3.2	0.6274
8	4.0	1.9	0.475	4.5	2.8	0.6168
9	3.1	1.3	0.4194	4.0	2.4	0.6064
10	2.2	1.0	0.4545	3.6	2.1	0.5963
11	1.5	0.8	0.5333	3.3	1.9	0.5864
12	0.9	0.6	0.6667	3.0	1.7	0.5766
13	0.5	0.4	0.8	2.8	1.6	0.5671
14	0.3	0.3	1	2.6	1.4	0.5578

Time taken: 0 hours, 9 minutes, 21.16 seconds
