SF_Ratios.py   @Jody Hey 2024
=============================
Command line: -d fixed2Ns -f unfolded -i 3 -u -p 1kG_agG-agA -a /home/haruto/Lab-Work/Document/SFS/FlankingBases/syn_codon/single/1kG/1kG_vep_pickorder_flanking_syn_codon_agG-agA_down_15 -r /home/haruto/Lab-Work/Document/SF_Ratios/FlankingBases/syn_codon/1kG
Arguments:
	sfsfilename: /home/haruto/Lab-Work/Document/SFS/FlankingBases/syn_codon/single/1kG/1kG_vep_pickorder_flanking_syn_codon_agG-agA_down_15
	fix_theta_ratio: None
	densityof2Ns: fixed2Ns
	foldstatus: unfolded
	basinhoppingopt: False
	optimizetries: 3
	setmax2Ns: 0
	maxi: None
	poplabel: 1kG_agG-agA
	estimatemax2Ns: False
	outdir: /home/haruto/Lab-Work/Document/SF_Ratios/FlankingBases/syn_codon/1kG
	dualannealopt: True
	estimate_pointmass: False
	filecheck: False
	estimate_pointmass0: False
	commandstring: -d fixed2Ns -f unfolded -i 3 -u -p 1kG_agG-agA -a /home/haruto/Lab-Work/Document/SFS/FlankingBases/syn_codon/single/1kG/1kG_vep_pickorder_flanking_syn_codon_agG-agA_down_15 -r /home/haruto/Lab-Work/Document/SF_Ratios/FlankingBases/syn_codon/1kG
	fixmode0: False
	thetaNspacerange: 100
	profile: False
	estimate_both_thetas: False
	includemisspec: False
	dofolded: False
	nc: 15
	datafileheader: intergenic_variant
	numparams: 2
	local_optimize_method: Nelder-Mead

trial	likelihood	thetaratio	2Ns	optimizer_message
0	91.96306	1.05957e+00 -1.06492e+00	Optimization terminated successfully.
1	91.96306	1.05957e+00 -1.06490e+00	Optimization terminated successfully.
2	91.96306	1.05952e+00 -1.06478e+00	Optimization terminated successfully.
DA1	91.96306	1.05956e+00 -1.06488e+00	['Maximum number of iteration reached']
DA2	91.96306	1.05956e+00 -1.06488e+00	['Maximum number of iteration reached']

Optimization: Dualannealing1
Maximized Likelihood, AIC, Parameter Estimates, 95% Confidence Intervals:
AIC	-179.926
likelihood	91.963
thetaratio	1.0596	(0.9457 - 1.1920)
2Ns	-1.0649	(-1.3328 - -0.80128)

Compare data and optimization estimates
	Euclidean Distance: 0.4539 RMSE: 0.12130
	*Expected counts generated with Wright-Fisher theta estimates (SF_Ratios does not provide theta estimates)
--------------------------------------------------------------------------------------------------------------
i	DataN	DataS	DataRatio	Fit*_N	Fit*_S	Fit_Ratio
0	0.0	0.0	inf	0.0	0.0	inf
1	62.8	56.0	0.8917	42.1	41.0	0.9739
2	20.7	19.0	0.9179	21.1	18.9	0.8958
3	12.7	11.5	0.9055	14.0	11.6	0.8245
4	9.5	7.9	0.8316	10.5	8.0	0.7594
5	7.7	5.8	0.7532	8.4	5.9	0.7
6	6.2	4.3	0.6935	7.0	4.5	0.6458
7	4.9	3.2	0.6531	6.0	3.6	0.5963
8	3.8	2.3	0.6053	5.3	2.9	0.551
9	2.9	1.7	0.5862	4.7	2.4	0.5097
10	2.2	1.1	0.5	4.2	2.0	0.472
11	1.6	0.7	0.4375	3.8	1.7	0.4375
12	1.1	0.4	0.3636	3.5	1.4	0.4059
13	0.6	0.1	0.1667	3.2	1.2	0.3771
14	0.3	0.0	0	3.0	1.1	0.3507

Time taken: 0 hours, 9 minutes, 8.87 seconds
