SF_Ratios.py   @Jody Hey 2024
=============================
Command line: -d fixed2Ns -f unfolded -i 3 -u -p 1kG_atC-atT -a /home/haruto/Lab-Work/Document/SFS/FlankingBases/syn_codon/single/1kG/1kG_vep_pickorder_flanking_syn_codon_atC-atT_down_15 -r /home/haruto/Lab-Work/Document/SF_Ratios/FlankingBases/syn_codon/1kG
Arguments:
	sfsfilename: /home/haruto/Lab-Work/Document/SFS/FlankingBases/syn_codon/single/1kG/1kG_vep_pickorder_flanking_syn_codon_atC-atT_down_15
	fix_theta_ratio: None
	densityof2Ns: fixed2Ns
	foldstatus: unfolded
	basinhoppingopt: False
	optimizetries: 3
	setmax2Ns: 0
	maxi: None
	poplabel: 1kG_atC-atT
	estimatemax2Ns: False
	outdir: /home/haruto/Lab-Work/Document/SF_Ratios/FlankingBases/syn_codon/1kG
	dualannealopt: True
	estimate_pointmass: False
	filecheck: False
	estimate_pointmass0: False
	commandstring: -d fixed2Ns -f unfolded -i 3 -u -p 1kG_atC-atT -a /home/haruto/Lab-Work/Document/SFS/FlankingBases/syn_codon/single/1kG/1kG_vep_pickorder_flanking_syn_codon_atC-atT_down_15 -r /home/haruto/Lab-Work/Document/SF_Ratios/FlankingBases/syn_codon/1kG
	fixmode0: False
	thetaNspacerange: 100
	profile: False
	estimate_both_thetas: False
	includemisspec: False
	dofolded: False
	nc: 15
	datafileheader: intergenic_variant
	numparams: 2
	local_optimize_method: Nelder-Mead

trial	likelihood	thetaratio	2Ns	optimizer_message
0	120.93846	7.76302e-01 -7.61281e-01	Optimization terminated successfully.
1	120.93846	7.76328e-01 -7.61338e-01	Optimization terminated successfully.
2	120.93846	7.76300e-01 -7.61286e-01	Optimization terminated successfully.
DA1	120.93846	7.76313e-01 -7.61302e-01	['Maximum number of iteration reached']
DA2	120.93846	7.76313e-01 -7.61301e-01	['Maximum number of iteration reached']

Optimization: Dualannealing1
Maximized Likelihood, AIC, Parameter Estimates, 95% Confidence Intervals:
AIC	-237.877
likelihood	120.938
thetaratio	0.7763	(0.7271 - 0.8268)
2Ns	-0.7613	(-0.90941 - -0.61101)

Compare data and optimization estimates
	Euclidean Distance: 0.0664 RMSE: 0.01775
	*Expected counts generated with Wright-Fisher theta estimates (SF_Ratios does not provide theta estimates)
--------------------------------------------------------------------------------------------------------------
i	DataN	DataS	DataRatio	Fit*_N	Fit*_S	Fit_Ratio
0	0.0	0.0	inf	0.0	0.0	inf
1	194.5	144.5	0.7429	130.8	95.9	0.7332
2	64.6	44.4	0.6873	65.4	45.3	0.6928
3	39.1	25.4	0.6496	43.6	28.5	0.6549
4	28.4	17.1	0.6021	32.7	20.2	0.6193
5	21.8	12.3	0.5642	26.2	15.3	0.5859
6	17.0	9.1	0.5353	21.8	12.1	0.5546
7	13.5	7.0	0.5185	18.7	9.8	0.5252
8	10.9	5.6	0.5138	16.3	8.1	0.4977
9	9.0	4.5	0.5	14.5	6.9	0.4718
10	7.6	3.6	0.4737	13.1	5.9	0.4475
11	6.4	2.8	0.4375	11.9	5.0	0.4247
12	5.2	2.0	0.3846	10.9	4.4	0.4033
13	4.1	1.5	0.3659	10.1	3.9	0.3831
14	3.1	1.2	0.3871	9.3	3.4	0.3642

Time taken: 0 hours, 9 minutes, 13.08 seconds
