SF_Ratios.py   @Jody Hey 2024
=============================
Command line: -d fixed2Ns -f unfolded -i 3 -u -p 1kG_Cgg-Agg -a /home/haruto/Lab-Work/Document/SFS/FlankingBases/syn_codon/single/1kG/1kG_vep_pickorder_flanking_syn_codon_Cgg-Agg_down_15 -r /home/haruto/Lab-Work/Document/SF_Ratios/FlankingBases/syn_codon/1kG
Arguments:
	sfsfilename: /home/haruto/Lab-Work/Document/SFS/FlankingBases/syn_codon/single/1kG/1kG_vep_pickorder_flanking_syn_codon_Cgg-Agg_down_15
	fix_theta_ratio: None
	densityof2Ns: fixed2Ns
	foldstatus: unfolded
	basinhoppingopt: False
	optimizetries: 3
	setmax2Ns: 0
	maxi: None
	poplabel: 1kG_Cgg-Agg
	estimatemax2Ns: False
	outdir: /home/haruto/Lab-Work/Document/SF_Ratios/FlankingBases/syn_codon/1kG
	dualannealopt: True
	estimate_pointmass: False
	filecheck: False
	estimate_pointmass0: False
	commandstring: -d fixed2Ns -f unfolded -i 3 -u -p 1kG_Cgg-Agg -a /home/haruto/Lab-Work/Document/SFS/FlankingBases/syn_codon/single/1kG/1kG_vep_pickorder_flanking_syn_codon_Cgg-Agg_down_15 -r /home/haruto/Lab-Work/Document/SF_Ratios/FlankingBases/syn_codon/1kG
	fixmode0: False
	thetaNspacerange: 100
	profile: False
	estimate_both_thetas: False
	includemisspec: False
	dofolded: False
	nc: 15
	datafileheader: intergenic_variant
	numparams: 2
	local_optimize_method: Nelder-Mead

trial	likelihood	thetaratio	2Ns	optimizer_message
0	70.71498	8.40866e-01 -5.47608e-01	Optimization terminated successfully.
1	70.71498	8.40859e-01 -5.47642e-01	Optimization terminated successfully.
2	70.71498	8.40860e-01 -5.47604e-01	Optimization terminated successfully.
DA1	70.71498	8.40873e-01 -5.47645e-01	['Maximum number of iteration reached']
DA2	70.71498	8.40873e-01 -5.47644e-01	['Maximum number of iteration reached']

Optimization: Dualannealing2
Maximized Likelihood, AIC, Parameter Estimates, 95% Confidence Intervals:
AIC	-137.430
likelihood	70.715
thetaratio	0.8409	(0.6950 - 0.9995)
2Ns	-0.54764	(-1.0653 - -0.014953)

Compare data and optimization estimates
	Euclidean Distance: 1.1559 RMSE: 0.30894
	*Expected counts generated with Wright-Fisher theta estimates (SF_Ratios does not provide theta estimates)
--------------------------------------------------------------------------------------------------------------
i	DataN	DataS	DataRatio	Fit*_N	Fit*_S	Fit_Ratio
0	0.0	0.0	inf	0.0	0.0	inf
1	26.6	23.2	0.8722	19.5	15.7	0.8084
2	9.5	7.2	0.7579	9.7	7.6	0.7775
3	6.8	3.8	0.5588	6.5	4.9	0.7478
4	5.4	2.7	0.5	4.9	3.5	0.7195
5	4.1	2.3	0.561	3.9	2.7	0.6925
6	3.0	2.1	0.7	3.2	2.2	0.6666
7	2.1	1.8	0.8571	2.8	1.8	0.6419
8	1.4	1.5	1.071	2.4	1.5	0.6183
9	1.0	1.2	1.2	2.2	1.3	0.5957
10	0.9	0.9	1	1.9	1.1	0.5741
11	0.8	0.6	0.75	1.8	1.0	0.5534
12	0.8	0.3	0.375	1.6	0.9	0.5336
13	0.6	0.1	0.1667	1.5	0.8	0.5147
14	0.3	0.0	0	1.4	0.7	0.4967

Time taken: 0 hours, 10 minutes, 4.01 seconds
