SF_Ratios.py   @Jody Hey 2024
=============================
Command line: -d fixed2Ns -f unfolded -i 3 -u -r /home/haruto/Lab-Work/Document/SF_Ratios/FlankingBases/syn_codon/1kG -a /home/haruto/Lab-Work/Document/SFS/FlankingBases/syn_codon/single/1kG/1kG_vep_pickorder_flanking_syn_codon_ttC-ttT_down_15 -p 1kG_ttC-ttT
Arguments:
	sfsfilename: /home/haruto/Lab-Work/Document/SFS/FlankingBases/syn_codon/single/1kG/1kG_vep_pickorder_flanking_syn_codon_ttC-ttT_down_15
	fix_theta_ratio: None
	densityof2Ns: fixed2Ns
	foldstatus: unfolded
	basinhoppingopt: False
	optimizetries: 3
	setmax2Ns: 0
	maxi: None
	poplabel: 1kG_ttC-ttT
	estimatemax2Ns: False
	outdir: /home/haruto/Lab-Work/Document/SF_Ratios/FlankingBases/syn_codon/1kG
	dualannealopt: True
	estimate_pointmass: False
	filecheck: False
	estimate_pointmass0: False
	commandstring: -d fixed2Ns -f unfolded -i 3 -u -r /home/haruto/Lab-Work/Document/SF_Ratios/FlankingBases/syn_codon/1kG -a /home/haruto/Lab-Work/Document/SFS/FlankingBases/syn_codon/single/1kG/1kG_vep_pickorder_flanking_syn_codon_ttC-ttT_down_15 -p 1kG_ttC-ttT
	fixmode0: False
	thetaNspacerange: 100
	profile: False
	estimate_both_thetas: False
	includemisspec: False
	dofolded: False
	nc: 15
	datafileheader: intergenic_variant
	numparams: 2
	local_optimize_method: Nelder-Mead

trial	likelihood	thetaratio	2Ns	optimizer_message
0	114.95302	7.26958e-01 -4.85570e-01	Optimization terminated successfully.
1	114.95302	7.26957e-01 -4.85539e-01	Optimization terminated successfully.
2	114.95302	7.26961e-01 -4.85569e-01	Optimization terminated successfully.
DA1	114.95302	7.26958e-01 -4.85496e-01	['Maximum number of iteration reached']
DA2	114.95302	7.26968e-01 -4.85548e-01	['Maximum number of iteration reached']

Optimization: Optimize
Maximized Likelihood, AIC, Parameter Estimates, 95% Confidence Intervals:
AIC	-225.906
likelihood	114.953
thetaratio	0.7270	(0.6761 - 0.7808)
2Ns	-0.48557	(-0.661 - -0.30596)

Compare data and optimization estimates
	Euclidean Distance: 0.2431 RMSE: 0.06497
	*Expected counts generated with Wright-Fisher theta estimates (SF_Ratios does not provide theta estimates)
--------------------------------------------------------------------------------------------------------------
i	DataN	DataS	DataRatio	Fit*_N	Fit*_S	Fit_Ratio
0	0.0	0.0	inf	0.0	0.0	inf
1	175.6	124.6	0.7096	117.6	82.6	0.7024
2	60.1	36.7	0.6106	58.8	39.9	0.6788
3	36.5	23.4	0.6411	39.2	25.7	0.6561
4	26.1	17.8	0.682	29.4	18.6	0.6343
5	19.8	13.7	0.6919	23.5	14.4	0.6134
6	15.5	10.2	0.6581	19.6	11.6	0.5932
7	12.3	7.6	0.6179	16.8	9.6	0.5739
8	10.0	5.7	0.57	14.7	8.2	0.5553
9	8.1	4.3	0.5309	13.1	7.0	0.5374
10	6.5	3.1	0.4769	11.8	6.1	0.5202
11	4.8	2.1	0.4375	10.7	5.4	0.5037
12	3.3	1.3	0.3939	9.8	4.8	0.4879
13	2.2	0.9	0.4091	9.0	4.3	0.4726
14	1.5	0.9	0.6	8.4	3.8	0.4579

Time taken: 0 hours, 19 minutes, 13.25 seconds
