SF_Ratios.py   @Jody Hey 2024
=============================
Command line: -d fixed2Ns -f unfolded -i 3 -u -p 1kG_cgT-cgA -a /home/haruto/Lab-Work/Document/SFS/FlankingBases/syn_codon/single/1kG/1kG_vep_pickorder_flanking_syn_codon_cgT-cgA_down_15 -r /home/haruto/Lab-Work/Document/SF_Ratios/FlankingBases/syn_codon/1kG
Arguments:
	sfsfilename: /home/haruto/Lab-Work/Document/SFS/FlankingBases/syn_codon/single/1kG/1kG_vep_pickorder_flanking_syn_codon_cgT-cgA_down_15
	fix_theta_ratio: None
	densityof2Ns: fixed2Ns
	foldstatus: unfolded
	basinhoppingopt: False
	optimizetries: 3
	setmax2Ns: 0
	maxi: None
	poplabel: 1kG_cgT-cgA
	estimatemax2Ns: False
	outdir: /home/haruto/Lab-Work/Document/SF_Ratios/FlankingBases/syn_codon/1kG
	dualannealopt: True
	estimate_pointmass: False
	filecheck: False
	estimate_pointmass0: False
	commandstring: -d fixed2Ns -f unfolded -i 3 -u -p 1kG_cgT-cgA -a /home/haruto/Lab-Work/Document/SFS/FlankingBases/syn_codon/single/1kG/1kG_vep_pickorder_flanking_syn_codon_cgT-cgA_down_15 -r /home/haruto/Lab-Work/Document/SF_Ratios/FlankingBases/syn_codon/1kG
	fixmode0: False
	thetaNspacerange: 100
	profile: False
	estimate_both_thetas: False
	includemisspec: False
	dofolded: False
	nc: 15
	datafileheader: intergenic_variant
	numparams: 2
	local_optimize_method: Nelder-Mead

trial	likelihood	thetaratio	2Ns	optimizer_message
0	81.56233	1.29787e+01 -1.00000e+03	Optimization terminated successfully.
1	81.56233	1.29787e+01 -1.00000e+03	Optimization terminated successfully.
2	81.56233	1.29787e+01 -1.00000e+03	Optimization terminated successfully.
DA1	81.56233	1.29787e+01 -1.00000e+03	['Maximum number of iteration reached']
DA2	81.56233	1.29787e+01 -1.00000e+03	['Maximum number of iteration reached']

Optimization: Dualannealing2
Maximized Likelihood, AIC, Parameter Estimates, 95% Confidence Intervals:
AIC	-159.125
likelihood	81.562
thetaratio	12.9787	(6.1541 - nan)
2Ns	-1000	(nan - -787.26)

Compare data and optimization estimates
	Euclidean Distance: inf RMSE: inf
	*Expected counts generated with Wright-Fisher theta estimates (SF_Ratios does not provide theta estimates)
--------------------------------------------------------------------------------------------------------------
i	DataN	DataS	DataRatio	Fit*_N	Fit*_S	Fit_Ratio
0	0.0	0.0	inf	0.0	0.0	inf
1	3.9	1.4	0.359	2.9	0.3	0.09671
2	1.5	0.7	0.4667	1.4	0.0	0.0006733
3	1.2	1.0	0.8333	1.0	0.0	4.357e-06
4	0.9	1.1	1.222	0.7	0.0	2.605e-08
5	0.5	0.9	1.8	0.6	0.0	1.429e-10
6	0.3	0.6	2	0.5	0.0	7.135e-13
7	0.2	0.3	1.5	0.4	0.0	3.209e-15
8	0.1	0.1	1	0.4	0.0	1.284e-17
9	0.2	0.0	0	0.3	0.0	4.501e-20
10	0.2	0.0	0	0.3	0.0	1.354e-22
11	0.2	0.0	0	0.3	0.0	3.396e-25
12	0.1	0.0	0	0.2	0.0	6.823e-28
13	0.1	0.0	0	0.2	0.0	1.029e-30
14	0.0	0.0	inf	0.2	0.0	1.036e-33

Time taken: 0 hours, 17 minutes, 59.96 seconds
