SF_Ratios.py   @Jody Hey 2024
=============================
Command line: -d fixed2Ns -f unfolded -i 3 -u -r /home/haruto/Lab-Work/Document/SF_Ratios/FlankingBases/syn_codon/1kG -a /home/haruto/Lab-Work/Document/SFS/FlankingBases/syn_codon/single/1kG/1kG_vep_pickorder_flanking_syn_codon_gtG-gtC_down_15 -p 1kG_gtG-gtC
Arguments:
	sfsfilename: /home/haruto/Lab-Work/Document/SFS/FlankingBases/syn_codon/single/1kG/1kG_vep_pickorder_flanking_syn_codon_gtG-gtC_down_15
	fix_theta_ratio: None
	densityof2Ns: fixed2Ns
	foldstatus: unfolded
	basinhoppingopt: False
	optimizetries: 3
	setmax2Ns: 0
	maxi: None
	poplabel: 1kG_gtG-gtC
	estimatemax2Ns: False
	outdir: /home/haruto/Lab-Work/Document/SF_Ratios/FlankingBases/syn_codon/1kG
	dualannealopt: True
	estimate_pointmass: False
	filecheck: False
	estimate_pointmass0: False
	commandstring: -d fixed2Ns -f unfolded -i 3 -u -r /home/haruto/Lab-Work/Document/SF_Ratios/FlankingBases/syn_codon/1kG -a /home/haruto/Lab-Work/Document/SFS/FlankingBases/syn_codon/single/1kG/1kG_vep_pickorder_flanking_syn_codon_gtG-gtC_down_15 -p 1kG_gtG-gtC
	fixmode0: False
	thetaNspacerange: 100
	profile: False
	estimate_both_thetas: False
	includemisspec: False
	dofolded: False
	nc: 15
	datafileheader: intergenic_variant
	numparams: 2
	local_optimize_method: Nelder-Mead

trial	likelihood	thetaratio	2Ns	optimizer_message
0	69.73897	7.77543e-01 4.38237e-02	Optimization terminated successfully.
1	69.73897	7.77545e-01 4.37938e-02	Optimization terminated successfully.
2	69.73897	7.77565e-01 4.37951e-02	Optimization terminated successfully.
DA1	69.73897	7.77554e-01 4.37875e-02	['Maximum number of iteration reached']
DA2	69.73897	7.77554e-01 4.37881e-02	['Maximum number of iteration reached']

Optimization: Dualannealing2
Maximized Likelihood, AIC, Parameter Estimates, 95% Confidence Intervals:
AIC	-135.478
likelihood	69.739
thetaratio	0.7776	(0.6374 - 0.9256)
2Ns	0.043788	(-0.45422 - 0.60036)

Compare data and optimization estimates
	Euclidean Distance: 0.9797 RMSE: 0.26183
	*Expected counts generated with Wright-Fisher theta estimates (SF_Ratios does not provide theta estimates)
--------------------------------------------------------------------------------------------------------------
i	DataN	DataS	DataRatio	Fit*_N	Fit*_S	Fit_Ratio
0	0.0	0.0	inf	0.0	0.0	inf
1	24.6	22.3	0.9065	16.8	13.1	0.7797
2	7.8	6.3	0.8077	8.4	6.6	0.7818
3	4.9	3.4	0.6939	5.6	4.4	0.7839
4	3.9	2.3	0.5897	4.2	3.3	0.786
5	3.2	1.7	0.5312	3.4	2.7	0.7881
6	2.7	1.4	0.5185	2.8	2.2	0.7903
7	2.1	1.2	0.5714	2.4	1.9	0.7924
8	1.5	1.1	0.7333	2.1	1.7	0.7946
9	1.0	1.0	1	1.9	1.5	0.7968
10	0.7	0.9	1.286	1.7	1.3	0.7989
11	0.5	0.7	1.4	1.5	1.2	0.8011
12	0.5	0.5	1	1.4	1.1	0.8033
13	0.6	0.4	0.6667	1.3	1.0	0.8055
14	0.7	0.5	0.7143	1.2	1.0	0.8077

Time taken: 0 hours, 19 minutes, 38.91 seconds
