SF_Ratios.py   @Jody Hey 2024
=============================
Command line: -d fixed2Ns -f unfolded -i 3 -u -p 1kG_acT-acA -a /home/haruto/Lab-Work/Document/SFS/FlankingBases/syn_codon/single/1kG/1kG_vep_pickorder_flanking_syn_codon_acT-acA_down_15 -r /home/haruto/Lab-Work/Document/SF_Ratios/FlankingBases/syn_codon/1kG
Arguments:
	sfsfilename: /home/haruto/Lab-Work/Document/SFS/FlankingBases/syn_codon/single/1kG/1kG_vep_pickorder_flanking_syn_codon_acT-acA_down_15
	fix_theta_ratio: None
	densityof2Ns: fixed2Ns
	foldstatus: unfolded
	basinhoppingopt: False
	optimizetries: 3
	setmax2Ns: 0
	maxi: None
	poplabel: 1kG_acT-acA
	estimatemax2Ns: False
	outdir: /home/haruto/Lab-Work/Document/SF_Ratios/FlankingBases/syn_codon/1kG
	dualannealopt: True
	estimate_pointmass: False
	filecheck: False
	estimate_pointmass0: False
	commandstring: -d fixed2Ns -f unfolded -i 3 -u -p 1kG_acT-acA -a /home/haruto/Lab-Work/Document/SFS/FlankingBases/syn_codon/single/1kG/1kG_vep_pickorder_flanking_syn_codon_acT-acA_down_15 -r /home/haruto/Lab-Work/Document/SF_Ratios/FlankingBases/syn_codon/1kG
	fixmode0: False
	thetaNspacerange: 100
	profile: False
	estimate_both_thetas: False
	includemisspec: False
	dofolded: False
	nc: 15
	datafileheader: intergenic_variant
	numparams: 2
	local_optimize_method: Nelder-Mead

trial	likelihood	thetaratio	2Ns	optimizer_message
0	40.21658	5.20822e-01 1.00000e+03	Optimization terminated successfully.
1	40.21658	5.20825e-01 1.00000e+03	Optimization terminated successfully.
2	40.21658	5.20827e-01 1.00000e+03	Optimization terminated successfully.
DA1	40.21658	5.20824e-01 9.48529e+02	['Maximum number of iteration reached']
DA2	40.21658	5.20824e-01 6.67309e+02	['Maximum number of iteration reached']

Optimization: Optimize
Maximized Likelihood, AIC, Parameter Estimates, 95% Confidence Intervals:
AIC	-76.433
likelihood	40.217
thetaratio	0.5208	(0.3558 - 0.7100)
2Ns	1000	(0.99914 - nan)

Compare data and optimization estimates
	Euclidean Distance: inf RMSE: inf
	*Expected counts generated with Wright-Fisher theta estimates (SF_Ratios does not provide theta estimates)
--------------------------------------------------------------------------------------------------------------
i	DataN	DataS	DataRatio	Fit*_N	Fit*_S	Fit_Ratio
0	0.0	0.0	inf	0.0	0.0	inf
1	11.1	9.4	0.8468	7.7	4.3	0.558
2	4.0	2.8	0.7	3.8	2.3	0.601
3	2.9	1.2	0.4138	2.6	1.7	0.651
4	2.2	0.7	0.3182	1.9	1.4	0.7102
5	1.6	0.6	0.375	1.5	1.2	0.7812
6	1.2	0.6	0.5	1.3	1.1	0.868
7	0.8	0.6	0.75	1.1	1.1	0.9765
8	0.5	0.5	1	1.0	1.1	1.116
9	0.3	0.5	1.667	0.9	1.1	1.302
10	0.2	0.4	2	0.8	1.2	1.562
11	0.1	0.3	3	0.7	1.4	1.953
12	0.0	0.2	inf	0.6	1.7	2.604
13	0.0	0.1	inf	0.6	2.3	3.906
14	0.0	0.0	inf	0.5	4.2	7.758

Time taken: 0 hours, 11 minutes, 59.72 seconds
