SF_Ratios.py   @Jody Hey 2024
=============================
Command line: -d fixed2Ns -f unfolded -i 3 -u -a /home/haruto/Lab-Work/Document/SFS/FlankingBases/syn_codon/single/1kG/1kG_vep_pickorder_flanking_syn_codon_gcG-gcC_down_15 -r /home/haruto/Lab-Work/Document/SF_Ratios/FlankingBases/syn_codon/1kG -p 1kG_gcG-gcC
Arguments:
	sfsfilename: /home/haruto/Lab-Work/Document/SFS/FlankingBases/syn_codon/single/1kG/1kG_vep_pickorder_flanking_syn_codon_gcG-gcC_down_15
	fix_theta_ratio: None
	densityof2Ns: fixed2Ns
	foldstatus: unfolded
	basinhoppingopt: False
	optimizetries: 3
	setmax2Ns: 0
	maxi: None
	poplabel: 1kG_gcG-gcC
	estimatemax2Ns: False
	outdir: /home/haruto/Lab-Work/Document/SF_Ratios/FlankingBases/syn_codon/1kG
	dualannealopt: True
	estimate_pointmass: False
	filecheck: False
	estimate_pointmass0: False
	commandstring: -d fixed2Ns -f unfolded -i 3 -u -a /home/haruto/Lab-Work/Document/SFS/FlankingBases/syn_codon/single/1kG/1kG_vep_pickorder_flanking_syn_codon_gcG-gcC_down_15 -r /home/haruto/Lab-Work/Document/SF_Ratios/FlankingBases/syn_codon/1kG -p 1kG_gcG-gcC
	fixmode0: False
	thetaNspacerange: 100
	profile: False
	estimate_both_thetas: False
	includemisspec: False
	dofolded: False
	nc: 15
	datafileheader: intergenic_variant
	numparams: 2
	local_optimize_method: Nelder-Mead

trial	likelihood	thetaratio	2Ns	optimizer_message
0	69.08929	4.75477e-01 -1.18430e+00	Optimization terminated successfully.
1	69.08929	4.75484e-01 -1.18430e+00	Optimization terminated successfully.
2	69.08929	4.75469e-01 -1.18424e+00	Optimization terminated successfully.
DA1	69.08929	4.75480e-01 -1.18427e+00	['Maximum number of iteration reached']
DA2	69.08929	4.75479e-01 -1.18427e+00	['Maximum number of iteration reached']

Optimization: Dualannealing1
Maximized Likelihood, AIC, Parameter Estimates, 95% Confidence Intervals:
AIC	-134.179
likelihood	69.089
thetaratio	0.4755	(0.3113 - 0.6611)
2Ns	-1.1843	(-1.9337 - -0.49037)

Compare data and optimization estimates
	Euclidean Distance: 0.5842 RMSE: 0.15613
	*Expected counts generated with Wright-Fisher theta estimates (SF_Ratios does not provide theta estimates)
--------------------------------------------------------------------------------------------------------------
i	DataN	DataS	DataRatio	Fit*_N	Fit*_S	Fit_Ratio
0	0.0	0.0	inf	0.0	0.0	inf
1	13.6	8.7	0.6397	10.9	4.7	0.4322
2	6.1	2.2	0.3607	5.5	2.2	0.3932
3	3.9	1.0	0.2564	3.6	1.3	0.3579
4	2.6	0.5	0.1923	2.7	0.9	0.3261
5	1.9	0.2	0.1053	2.2	0.7	0.2974
6	1.5	0.2	0.1333	1.8	0.5	0.2714
7	1.3	0.2	0.1538	1.6	0.4	0.248
8	1.2	0.3	0.25	1.4	0.3	0.2268
9	1.0	0.3	0.3	1.2	0.3	0.2077
10	0.9	0.3	0.3333	1.1	0.2	0.1904
11	0.7	0.3	0.4286	1.0	0.2	0.1748
12	0.5	0.2	0.4	0.9	0.1	0.1607
13	0.3	0.1	0.3333	0.8	0.1	0.1479
14	0.1	0.0	0	0.8	0.1	0.1363

Time taken: 0 hours, 17 minutes, 17.54 seconds
