SF_Ratios.py   @Jody Hey 2024
=============================
Command line: -d fixed2Ns -f unfolded -i 3 -u -p 1kG_ccT-ccA -a /home/haruto/Lab-Work/Document/SFS/FlankingBases/syn_codon/single/1kG/1kG_vep_pickorder_flanking_syn_codon_ccT-ccA_down_15 -r /home/haruto/Lab-Work/Document/SF_Ratios/FlankingBases/syn_codon/1kG
Arguments:
	sfsfilename: /home/haruto/Lab-Work/Document/SFS/FlankingBases/syn_codon/single/1kG/1kG_vep_pickorder_flanking_syn_codon_ccT-ccA_down_15
	fix_theta_ratio: None
	densityof2Ns: fixed2Ns
	foldstatus: unfolded
	basinhoppingopt: False
	optimizetries: 3
	setmax2Ns: 0
	maxi: None
	poplabel: 1kG_ccT-ccA
	estimatemax2Ns: False
	outdir: /home/haruto/Lab-Work/Document/SF_Ratios/FlankingBases/syn_codon/1kG
	dualannealopt: True
	estimate_pointmass: False
	filecheck: False
	estimate_pointmass0: False
	commandstring: -d fixed2Ns -f unfolded -i 3 -u -p 1kG_ccT-ccA -a /home/haruto/Lab-Work/Document/SFS/FlankingBases/syn_codon/single/1kG/1kG_vep_pickorder_flanking_syn_codon_ccT-ccA_down_15 -r /home/haruto/Lab-Work/Document/SF_Ratios/FlankingBases/syn_codon/1kG
	fixmode0: False
	thetaNspacerange: 100
	profile: False
	estimate_both_thetas: False
	includemisspec: False
	dofolded: False
	nc: 15
	datafileheader: intergenic_variant
	numparams: 2
	local_optimize_method: Nelder-Mead

trial	likelihood	thetaratio	2Ns	optimizer_message
0	50.76478	5.63395e-01 2.14643e+00	Optimization terminated successfully.
1	50.76478	5.63396e-01 2.14645e+00	Optimization terminated successfully.
2	50.76478	5.63395e-01 2.14644e+00	Optimization terminated successfully.
DA1	50.76478	5.63395e-01 2.14646e+00	['Maximum number of iteration reached']
DA2	50.76478	5.63394e-01 2.14646e+00	['Maximum number of iteration reached']

Optimization: Dualannealing2
Maximized Likelihood, AIC, Parameter Estimates, 95% Confidence Intervals:
AIC	-97.530
likelihood	50.765
thetaratio	0.5634	(0.4217 - 0.7273)
2Ns	2.1465	(0.76261 - 6.1934)

Compare data and optimization estimates
	Euclidean Distance: 2.2573 RMSE: 0.60329
	*Expected counts generated with Wright-Fisher theta estimates (SF_Ratios does not provide theta estimates)
--------------------------------------------------------------------------------------------------------------
i	DataN	DataS	DataRatio	Fit*_N	Fit*_S	Fit_Ratio
0	0.0	0.0	inf	0.0	0.0	inf
1	12.6	9.5	0.754	8.3	5.0	0.6004
2	4.7	2.6	0.5532	4.1	2.7	0.6419
3	2.7	1.2	0.4444	2.8	1.9	0.6885
4	1.7	0.7	0.4118	2.1	1.5	0.7412
5	1.2	0.6	0.5	1.7	1.3	0.8008
6	0.9	0.7	0.7778	1.4	1.2	0.8685
7	0.7	0.8	1.143	1.2	1.1	0.9457
8	0.6	0.9	1.5	1.0	1.1	1.034
9	0.4	0.8	2	0.9	1.0	1.135
10	0.3	0.7	2.333	0.8	1.0	1.251
11	0.2	0.5	2.5	0.8	1.0	1.386
12	0.2	0.3	1.5	0.7	1.1	1.54
13	0.3	0.3	1	0.6	1.1	1.72
14	0.4	0.4	1	0.6	1.1	1.928

Time taken: 0 hours, 9 minutes, 13.47 seconds
