SF_Ratios.py   @Jody Hey 2024
=============================
Command line: -d fixed2Ns -f unfolded -i 3 -u -r /home/haruto/Lab-Work/Document/SF_Ratios/FlankingBases/syn_codon/1kG -a /home/haruto/Lab-Work/Document/SFS/FlankingBases/syn_codon/single/1kG/1kG_vep_pickorder_flanking_syn_codon_ggC-ggG_down_15 -p 1kG_ggC-ggG
Arguments:
	sfsfilename: /home/haruto/Lab-Work/Document/SFS/FlankingBases/syn_codon/single/1kG/1kG_vep_pickorder_flanking_syn_codon_ggC-ggG_down_15
	fix_theta_ratio: None
	densityof2Ns: fixed2Ns
	foldstatus: unfolded
	basinhoppingopt: False
	optimizetries: 3
	setmax2Ns: 0
	maxi: None
	poplabel: 1kG_ggC-ggG
	estimatemax2Ns: False
	outdir: /home/haruto/Lab-Work/Document/SF_Ratios/FlankingBases/syn_codon/1kG
	dualannealopt: True
	estimate_pointmass: False
	filecheck: False
	estimate_pointmass0: False
	commandstring: -d fixed2Ns -f unfolded -i 3 -u -r /home/haruto/Lab-Work/Document/SF_Ratios/FlankingBases/syn_codon/1kG -a /home/haruto/Lab-Work/Document/SFS/FlankingBases/syn_codon/single/1kG/1kG_vep_pickorder_flanking_syn_codon_ggC-ggG_down_15 -p 1kG_ggC-ggG
	fixmode0: False
	thetaNspacerange: 100
	profile: False
	estimate_both_thetas: False
	includemisspec: False
	dofolded: False
	nc: 15
	datafileheader: intergenic_variant
	numparams: 2
	local_optimize_method: Nelder-Mead

trial	likelihood	thetaratio	2Ns	optimizer_message
0	69.83954	8.94626e-01 -1.00861e+00	Optimization terminated successfully.
1	69.83954	8.94628e-01 -1.00861e+00	Optimization terminated successfully.
2	69.83954	8.94628e-01 -1.00860e+00	Optimization terminated successfully.
DA1	57.81614	2.64301e-01 9.99953e+02	['Maximum number of iteration reached']
DA2	69.83954	8.94630e-01 -1.00862e+00	['Maximum number of iteration reached']

Optimization: Dualannealing2
Maximized Likelihood, AIC, Parameter Estimates, 95% Confidence Intervals:
AIC	-135.679
likelihood	69.840
thetaratio	0.8946	(0.7394 - 1.0629)
2Ns	-1.0086	(-1.448 - -0.55416)

Compare data and optimization estimates
	Euclidean Distance: 3.7491 RMSE: 1.00200
	*Expected counts generated with Wright-Fisher theta estimates (SF_Ratios does not provide theta estimates)
--------------------------------------------------------------------------------------------------------------
i	DataN	DataS	DataRatio	Fit*_N	Fit*_S	Fit_Ratio
0	0.0	0.0	inf	0.0	0.0	inf
1	22.9	20.1	0.8777	16.9	13.9	0.8266
2	7.7	6.3	0.8182	8.4	6.4	0.7642
3	5.4	3.4	0.6296	5.6	4.0	0.707
4	4.4	2.4	0.5455	4.2	2.8	0.6544
5	3.6	1.9	0.5278	3.4	2.0	0.6063
6	2.8	1.5	0.5357	2.8	1.6	0.562
7	2.1	1.0	0.4762	2.4	1.3	0.5215
8	1.7	0.7	0.4118	2.1	1.0	0.4842
9	1.4	0.5	0.3571	1.9	0.8	0.45
10	1.1	0.4	0.3636	1.7	0.7	0.4186
11	0.8	0.3	0.375	1.5	0.6	0.3898
12	0.5	0.2	0.4	1.4	0.5	0.3632
13	0.3	0.3	1	1.3	0.4	0.3389
14	0.1	0.4	4	1.2	0.4	0.3165

Time taken: 0 hours, 26 minutes, 11.93 seconds
