SF_Ratios.py   @Jody Hey 2024
=============================
Command line: -d fixed2Ns -f unfolded -i 3 -u -p 1kG_ctC-ctT -a /home/haruto/Lab-Work/Document/SFS/FlankingBases/syn_codon/single/1kG/1kG_vep_pickorder_flanking_syn_codon_ctC-ctT_down_15 -r /home/haruto/Lab-Work/Document/SF_Ratios/FlankingBases/syn_codon/1kG
Arguments:
	sfsfilename: /home/haruto/Lab-Work/Document/SFS/FlankingBases/syn_codon/single/1kG/1kG_vep_pickorder_flanking_syn_codon_ctC-ctT_down_15
	fix_theta_ratio: None
	densityof2Ns: fixed2Ns
	foldstatus: unfolded
	basinhoppingopt: False
	optimizetries: 3
	setmax2Ns: 0
	maxi: None
	poplabel: 1kG_ctC-ctT
	estimatemax2Ns: False
	outdir: /home/haruto/Lab-Work/Document/SF_Ratios/FlankingBases/syn_codon/1kG
	dualannealopt: True
	estimate_pointmass: False
	filecheck: False
	estimate_pointmass0: False
	commandstring: -d fixed2Ns -f unfolded -i 3 -u -p 1kG_ctC-ctT -a /home/haruto/Lab-Work/Document/SFS/FlankingBases/syn_codon/single/1kG/1kG_vep_pickorder_flanking_syn_codon_ctC-ctT_down_15 -r /home/haruto/Lab-Work/Document/SF_Ratios/FlankingBases/syn_codon/1kG
	fixmode0: False
	thetaNspacerange: 100
	profile: False
	estimate_both_thetas: False
	includemisspec: False
	dofolded: False
	nc: 15
	datafileheader: intergenic_variant
	numparams: 2
	local_optimize_method: Nelder-Mead

trial	likelihood	thetaratio	2Ns	optimizer_message
0	114.44371	6.99850e-01 6.88314e-03	Optimization terminated successfully.
1	114.44371	6.99856e-01 6.84659e-03	Optimization terminated successfully.
2	114.44371	6.99859e-01 6.84245e-03	Optimization terminated successfully.
DA1	114.44371	6.99847e-01 6.87331e-03	['Maximum number of iteration reached']
DA2	114.44371	6.99846e-01 6.87628e-03	['Maximum number of iteration reached']

Optimization: Dualannealing1
Maximized Likelihood, AIC, Parameter Estimates, 95% Confidence Intervals:
AIC	-224.887
likelihood	114.444
thetaratio	0.6998	(0.6498 - 0.7491)
2Ns	0.0068733	(-0.17677 - 0.19536)

Compare data and optimization estimates
	Euclidean Distance: 0.1500 RMSE: 0.04008
	*Expected counts generated with Wright-Fisher theta estimates (SF_Ratios does not provide theta estimates)
--------------------------------------------------------------------------------------------------------------
i	DataN	DataS	DataRatio	Fit*_N	Fit*_S	Fit_Ratio
0	0.0	0.0	inf	0.0	0.0	inf
1	175.5	131.6	0.7499	116.9	81.8	0.7001
2	60.7	40.3	0.6639	58.4	40.9	0.7004
3	37.9	25.1	0.6623	39.0	27.3	0.7007
4	27.3	18.4	0.674	29.2	20.5	0.701
5	20.6	13.9	0.6748	23.4	16.4	0.7013
6	15.6	10.6	0.6795	19.5	13.7	0.7016
7	11.7	7.9	0.6752	16.7	11.7	0.702
8	8.6	5.8	0.6744	14.6	10.3	0.7023
9	6.4	4.2	0.6562	13.0	9.1	0.7026
10	4.8	3.3	0.6875	11.7	8.2	0.7029
11	3.8	2.8	0.7368	10.6	7.5	0.7032
12	3.1	2.4	0.7742	9.7	6.9	0.7035
13	2.5	1.9	0.76	9.0	6.3	0.7038
14	1.6	1.2	0.75	8.3	5.9	0.7041

Time taken: 0 hours, 10 minutes, 12.22 seconds
