SF_Ratios.py   @Jody Hey 2024
=============================
Command line: -d fixed2Ns -f unfolded -i 3 -u -r /home/haruto/Lab-Work/Document/SF_Ratios/FlankingBases/syn_codon/1kG -a /home/haruto/Lab-Work/Document/SFS/FlankingBases/syn_codon/single/1kG/1kG_vep_pickorder_flanking_syn_codon_tcA-tcT_down_15 -p 1kG_tcA-tcT
Arguments:
	sfsfilename: /home/haruto/Lab-Work/Document/SFS/FlankingBases/syn_codon/single/1kG/1kG_vep_pickorder_flanking_syn_codon_tcA-tcT_down_15
	fix_theta_ratio: None
	densityof2Ns: fixed2Ns
	foldstatus: unfolded
	basinhoppingopt: False
	optimizetries: 3
	setmax2Ns: 0
	maxi: None
	poplabel: 1kG_tcA-tcT
	estimatemax2Ns: False
	outdir: /home/haruto/Lab-Work/Document/SF_Ratios/FlankingBases/syn_codon/1kG
	dualannealopt: True
	estimate_pointmass: False
	filecheck: False
	estimate_pointmass0: False
	commandstring: -d fixed2Ns -f unfolded -i 3 -u -r /home/haruto/Lab-Work/Document/SF_Ratios/FlankingBases/syn_codon/1kG -a /home/haruto/Lab-Work/Document/SFS/FlankingBases/syn_codon/single/1kG/1kG_vep_pickorder_flanking_syn_codon_tcA-tcT_down_15 -p 1kG_tcA-tcT
	fixmode0: False
	thetaNspacerange: 100
	profile: False
	estimate_both_thetas: False
	includemisspec: False
	dofolded: False
	nc: 15
	datafileheader: intergenic_variant
	numparams: 2
	local_optimize_method: Nelder-Mead

trial	likelihood	thetaratio	2Ns	optimizer_message
0	59.95325	8.36470e-01 -1.50715e+00	Optimization terminated successfully.
1	59.95325	8.36491e-01 -1.50720e+00	Optimization terminated successfully.
2	59.95325	8.36463e-01 -1.50710e+00	Optimization terminated successfully.
DA1	59.95325	8.36473e-01 -1.50714e+00	['Maximum number of iteration reached']
DA2	59.95325	8.36473e-01 -1.50714e+00	['Maximum number of iteration reached']

Optimization: Dualannealing1
Maximized Likelihood, AIC, Parameter Estimates, 95% Confidence Intervals:
AIC	-115.906
likelihood	59.953
thetaratio	0.8365	(0.6188 - 1.1462)
2Ns	-1.5071	(-2.4574 - -0.714)

Compare data and optimization estimates
	Euclidean Distance: 1.2607 RMSE: 0.33694
	*Expected counts generated with Wright-Fisher theta estimates (SF_Ratios does not provide theta estimates)
--------------------------------------------------------------------------------------------------------------
i	DataN	DataS	DataRatio	Fit*_N	Fit*_S	Fit_Ratio
0	0.0	0.0	inf	0.0	0.0	inf
1	14.1	8.9	0.6312	9.5	7.0	0.7371
2	4.7	2.4	0.5106	4.7	3.1	0.65
3	2.6	1.6	0.6154	3.2	1.8	0.5738
4	1.6	1.3	0.8125	2.4	1.2	0.507
5	1.1	1.2	1.091	1.9	0.8	0.4485
6	0.9	1.0	1.111	1.6	0.6	0.3972
7	0.9	0.8	0.8889	1.4	0.5	0.3523
8	0.9	0.6	0.6667	1.2	0.4	0.3129
9	1.0	0.3	0.3	1.1	0.3	0.2784
10	1.0	0.1	0.1	0.9	0.2	0.2482
11	0.8	0.1	0.125	0.9	0.2	0.2216
12	0.6	0.0	0	0.8	0.2	0.1983
13	0.4	0.0	0	0.7	0.1	0.1778
14	0.2	0.0	0	0.7	0.1	0.1599

Time taken: 0 hours, 19 minutes, 7.37 seconds
