SF_Ratios.py   @Jody Hey 2024
=============================
Command line: -d fixed2Ns -f unfolded -i 3 -u -p 1kG_gcA-gcC -a /home/haruto/Lab-Work/Document/SFS/FlankingBases/syn_codon/single/1kG/1kG_vep_pickorder_flanking_syn_codon_gcA-gcC_down_15 -r /home/haruto/Lab-Work/Document/SF_Ratios/FlankingBases/syn_codon/1kG
Arguments:
	sfsfilename: /home/haruto/Lab-Work/Document/SFS/FlankingBases/syn_codon/single/1kG/1kG_vep_pickorder_flanking_syn_codon_gcA-gcC_down_15
	fix_theta_ratio: None
	densityof2Ns: fixed2Ns
	foldstatus: unfolded
	basinhoppingopt: False
	optimizetries: 3
	setmax2Ns: 0
	maxi: None
	poplabel: 1kG_gcA-gcC
	estimatemax2Ns: False
	outdir: /home/haruto/Lab-Work/Document/SF_Ratios/FlankingBases/syn_codon/1kG
	dualannealopt: True
	estimate_pointmass: False
	filecheck: False
	estimate_pointmass0: False
	commandstring: -d fixed2Ns -f unfolded -i 3 -u -p 1kG_gcA-gcC -a /home/haruto/Lab-Work/Document/SFS/FlankingBases/syn_codon/single/1kG/1kG_vep_pickorder_flanking_syn_codon_gcA-gcC_down_15 -r /home/haruto/Lab-Work/Document/SF_Ratios/FlankingBases/syn_codon/1kG
	fixmode0: False
	thetaNspacerange: 100
	profile: False
	estimate_both_thetas: False
	includemisspec: False
	dofolded: False
	nc: 15
	datafileheader: intergenic_variant
	numparams: 2
	local_optimize_method: Nelder-Mead

trial	likelihood	thetaratio	2Ns	optimizer_message
0	69.27697	9.28648e-01 -5.46986e-01	Optimization terminated successfully.
1	69.27697	9.28613e-01 -5.46931e-01	Optimization terminated successfully.
2	69.27697	9.28634e-01 -5.46969e-01	Optimization terminated successfully.
DA1	69.27697	9.28639e-01 -5.46957e-01	['Maximum number of iteration reached']
DA2	69.27697	9.28639e-01 -5.46955e-01	['Maximum number of iteration reached']

Optimization: Dualannealing2
Maximized Likelihood, AIC, Parameter Estimates, 95% Confidence Intervals:
AIC	-134.554
likelihood	69.277
thetaratio	0.9286	(0.7689 - 1.1039)
2Ns	-0.54696	(-1.0051 - -0.06257)

Compare data and optimization estimates
	Euclidean Distance: 1.3236 RMSE: 0.35376
	*Expected counts generated with Wright-Fisher theta estimates (SF_Ratios does not provide theta estimates)
--------------------------------------------------------------------------------------------------------------
i	DataN	DataS	DataRatio	Fit*_N	Fit*_S	Fit_Ratio
0	0.0	0.0	inf	0.0	0.0	inf
1	21.7	19.3	0.8894	16.3	14.6	0.8929
2	7.2	7.4	1.028	8.2	7.0	0.8587
3	4.6	4.5	0.9783	5.4	4.5	0.826
4	3.8	2.8	0.7368	4.1	3.2	0.7948
5	3.3	1.9	0.5758	3.3	2.5	0.765
6	2.8	1.3	0.4643	2.7	2.0	0.7365
7	2.4	1.1	0.4583	2.3	1.7	0.7092
8	1.9	0.9	0.4737	2.0	1.4	0.6831
9	1.5	0.8	0.5333	1.8	1.2	0.6582
10	1.2	0.7	0.5833	1.6	1.0	0.6343
11	1.0	0.6	0.6	1.5	0.9	0.6115
12	0.8	0.6	0.75	1.4	0.8	0.5897
13	0.6	0.6	1	1.3	0.7	0.5688
14	0.3	0.5	1.667	1.2	0.6	0.5489

Time taken: 0 hours, 14 minutes, 17.26 seconds
