SF_Ratios.py   @Jody Hey 2024
=============================
Command line: -d fixed2Ns -f unfolded -i 3 -u -p 1kG_Aga-Cga -a /home/haruto/Lab-Work/Document/SFS/FlankingBases/syn_codon/single/1kG/1kG_vep_pickorder_flanking_syn_codon_Aga-Cga_down_15 -r /home/haruto/Lab-Work/Document/SF_Ratios/FlankingBases/syn_codon/1kG
Arguments:
	sfsfilename: /home/haruto/Lab-Work/Document/SFS/FlankingBases/syn_codon/single/1kG/1kG_vep_pickorder_flanking_syn_codon_Aga-Cga_down_15
	fix_theta_ratio: None
	densityof2Ns: fixed2Ns
	foldstatus: unfolded
	basinhoppingopt: False
	optimizetries: 3
	setmax2Ns: 0
	maxi: None
	poplabel: 1kG_Aga-Cga
	estimatemax2Ns: False
	outdir: /home/haruto/Lab-Work/Document/SF_Ratios/FlankingBases/syn_codon/1kG
	dualannealopt: True
	estimate_pointmass: False
	filecheck: False
	estimate_pointmass0: False
	commandstring: -d fixed2Ns -f unfolded -i 3 -u -p 1kG_Aga-Cga -a /home/haruto/Lab-Work/Document/SFS/FlankingBases/syn_codon/single/1kG/1kG_vep_pickorder_flanking_syn_codon_Aga-Cga_down_15 -r /home/haruto/Lab-Work/Document/SF_Ratios/FlankingBases/syn_codon/1kG
	fixmode0: False
	thetaNspacerange: 100
	profile: False
	estimate_both_thetas: False
	includemisspec: False
	dofolded: False
	nc: 15
	datafileheader: intergenic_variant
	numparams: 2
	local_optimize_method: Nelder-Mead

trial	likelihood	thetaratio	2Ns	optimizer_message
0	65.83216	1.54540e+00 -7.14266e+00	Optimization terminated successfully.
1	65.83216	1.54541e+00 -7.14266e+00	Optimization terminated successfully.
2	65.83216	1.54540e+00 -7.14260e+00	Optimization terminated successfully.
DA1	70.95022	8.45455e+00 -1.00000e+03	['Maximum number of iteration reached']
DA2	70.95022	8.45455e+00 -1.00000e+03	['Maximum number of iteration reached']

Optimization: Dualannealing2
Maximized Likelihood, AIC, Parameter Estimates, 95% Confidence Intervals:
AIC	-137.900
likelihood	70.950
thetaratio	8.4545	(3.8816 - nan)
2Ns	-1000	(nan - -397.71)

Compare data and optimization estimates
	Euclidean Distance: inf RMSE: inf
	*Expected counts generated with Wright-Fisher theta estimates (SF_Ratios does not provide theta estimates)
--------------------------------------------------------------------------------------------------------------
i	DataN	DataS	DataRatio	Fit*_N	Fit*_S	Fit_Ratio
0	0.0	0.0	inf	0.0	0.0	inf
1	9.1	6.1	0.6703	6.8	0.4	0.063
2	2.9	1.4	0.4828	3.4	0.0	0.0004386
3	2.0	0.7	0.35	2.3	0.0	2.838e-06
4	1.7	0.4	0.2353	1.7	0.0	1.697e-08
5	1.6	0.3	0.1875	1.4	0.0	9.309e-11
6	1.4	0.2	0.1429	1.1	0.0	4.648e-13
7	1.2	0.1	0.08333	1.0	0.0	2.09e-15
8	0.9	0.1	0.1111	0.8	0.0	8.365e-18
9	0.6	0.0	0	0.8	0.0	2.932e-20
10	0.3	0.0	0	0.7	0.0	8.819e-23
11	0.2	0.0	0	0.6	0.0	2.212e-25
12	0.1	0.0	0	0.6	0.0	4.445e-28
13	0.0	0.0	inf	0.5	0.0	6.704e-31
14	0.0	0.0	inf	0.5	0.0	6.748e-34

Time taken: 0 hours, 14 minutes, 24.43 seconds
