SF_Ratios.py   @Jody Hey 2024
=============================
Command line: -d fixed2Ns -f unfolded -i 3 -u -p 1kG_aaG-aaA -a /home/haruto/Lab-Work/Document/SFS/FlankingBases/syn_codon/single/1kG/1kG_vep_pickorder_flanking_syn_codon_aaG-aaA_down_15 -r /home/haruto/Lab-Work/Document/SF_Ratios/FlankingBases/syn_codon/1kG
Arguments:
	sfsfilename: /home/haruto/Lab-Work/Document/SFS/FlankingBases/syn_codon/single/1kG/1kG_vep_pickorder_flanking_syn_codon_aaG-aaA_down_15
	fix_theta_ratio: None
	densityof2Ns: fixed2Ns
	foldstatus: unfolded
	basinhoppingopt: False
	optimizetries: 3
	setmax2Ns: 0
	maxi: None
	poplabel: 1kG_aaG-aaA
	estimatemax2Ns: False
	outdir: /home/haruto/Lab-Work/Document/SF_Ratios/FlankingBases/syn_codon/1kG
	dualannealopt: True
	estimate_pointmass: False
	filecheck: False
	estimate_pointmass0: False
	commandstring: -d fixed2Ns -f unfolded -i 3 -u -p 1kG_aaG-aaA -a /home/haruto/Lab-Work/Document/SFS/FlankingBases/syn_codon/single/1kG/1kG_vep_pickorder_flanking_syn_codon_aaG-aaA_down_15 -r /home/haruto/Lab-Work/Document/SF_Ratios/FlankingBases/syn_codon/1kG
	fixmode0: False
	thetaNspacerange: 100
	profile: False
	estimate_both_thetas: False
	includemisspec: False
	dofolded: False
	nc: 15
	datafileheader: intergenic_variant
	numparams: 2
	local_optimize_method: Nelder-Mead

trial	likelihood	thetaratio	2Ns	optimizer_message
0	104.29466	8.74083e-01 -1.40365e-01	Optimization terminated successfully.
1	104.29466	8.74079e-01 -1.40342e-01	Optimization terminated successfully.
2	104.29466	8.74100e-01 -1.40390e-01	Optimization terminated successfully.
DA1	104.29466	8.74067e-01 -1.40220e-01	['Maximum number of iteration reached']
DA2	104.29466	8.74077e-01 -1.40439e-01	['Maximum number of iteration reached']

Optimization: Optimize
Maximized Likelihood, AIC, Parameter Estimates, 95% Confidence Intervals:
AIC	-204.589
likelihood	104.295
thetaratio	0.8741	(0.8100 - 0.9441)
2Ns	-0.14036	(-0.34712 - 0.079564)

Compare data and optimization estimates
	Euclidean Distance: 0.4427 RMSE: 0.11832
	*Expected counts generated with Wright-Fisher theta estimates (SF_Ratios does not provide theta estimates)
--------------------------------------------------------------------------------------------------------------
i	DataN	DataS	DataRatio	Fit*_N	Fit*_S	Fit_Ratio
0	0.0	0.0	inf	0.0	0.0	inf
1	140.4	116.4	0.8291	85.2	73.8	0.8661
2	44.9	38.7	0.8619	42.6	36.6	0.8583
3	25.5	22.8	0.8941	28.4	24.2	0.8505
4	17.1	14.8	0.8655	21.3	18.0	0.8429
5	12.3	10.0	0.813	17.0	14.2	0.8353
6	8.9	7.2	0.809	14.2	11.8	0.8278
7	6.4	5.6	0.875	12.2	10.0	0.8203
8	4.7	4.7	1	10.7	8.7	0.813
9	3.7	3.9	1.054	9.5	7.6	0.8057
10	3.4	3.2	0.9412	8.5	6.8	0.7986
11	3.4	2.5	0.7353	7.7	6.1	0.7915
12	2.9	1.8	0.6207	7.1	5.6	0.7844
13	2.1	1.3	0.619	6.6	5.1	0.7775
14	1.4	0.9	0.6429	6.1	4.7	0.7706

Time taken: 0 hours, 10 minutes, 20.24 seconds
