SF_Ratios.py   @Jody Hey 2024
=============================
Command line: -d fixed2Ns -f unfolded -i 3 -u -p 1kG_ctT-ctA -a /home/haruto/Lab-Work/Document/SFS/FlankingBases/syn_codon/single/1kG/1kG_vep_pickorder_flanking_syn_codon_ctT-ctA_down_15 -r /home/haruto/Lab-Work/Document/SF_Ratios/FlankingBases/syn_codon/1kG
Arguments:
	sfsfilename: /home/haruto/Lab-Work/Document/SFS/FlankingBases/syn_codon/single/1kG/1kG_vep_pickorder_flanking_syn_codon_ctT-ctA_down_15
	fix_theta_ratio: None
	densityof2Ns: fixed2Ns
	foldstatus: unfolded
	basinhoppingopt: False
	optimizetries: 3
	setmax2Ns: 0
	maxi: None
	poplabel: 1kG_ctT-ctA
	estimatemax2Ns: False
	outdir: /home/haruto/Lab-Work/Document/SF_Ratios/FlankingBases/syn_codon/1kG
	dualannealopt: True
	estimate_pointmass: False
	filecheck: False
	estimate_pointmass0: False
	commandstring: -d fixed2Ns -f unfolded -i 3 -u -p 1kG_ctT-ctA -a /home/haruto/Lab-Work/Document/SFS/FlankingBases/syn_codon/single/1kG/1kG_vep_pickorder_flanking_syn_codon_ctT-ctA_down_15 -r /home/haruto/Lab-Work/Document/SF_Ratios/FlankingBases/syn_codon/1kG
	fixmode0: False
	thetaNspacerange: 100
	profile: False
	estimate_both_thetas: False
	includemisspec: False
	dofolded: False
	nc: 15
	datafileheader: intergenic_variant
	numparams: 2
	local_optimize_method: Nelder-Mead

trial	likelihood	thetaratio	2Ns	optimizer_message
0	101.15347	7.72487e+00 -1.00000e+03	Optimization terminated successfully.
1	101.15347	7.72487e+00 -1.00000e+03	Optimization terminated successfully.
2	101.15347	7.72487e+00 -1.00000e+03	Optimization terminated successfully.
DA1	101.15347	7.72487e+00 -1.00000e+03	['Maximum number of iteration reached']
DA2	101.15347	7.72487e+00 -1.00000e+03	['Maximum number of iteration reached']

Optimization: Dualannealing2
Maximized Likelihood, AIC, Parameter Estimates, 95% Confidence Intervals:
AIC	-198.307
likelihood	101.153
thetaratio	7.7249	(3.6059 - nan)
2Ns	-1000	(nan - -752.87)

Compare data and optimization estimates
	Euclidean Distance: 0.9912 RMSE: 0.26491
	*Expected counts generated with Wright-Fisher theta estimates (SF_Ratios does not provide theta estimates)
--------------------------------------------------------------------------------------------------------------
i	DataN	DataS	DataRatio	Fit*_N	Fit*_S	Fit_Ratio
0	0.0	0.0	inf	0.0	0.0	inf
1	7.6	4.1	0.5395	5.8	0.3	0.05756
2	2.7	1.0	0.3704	2.9	0.0	0.0004007
3	1.7	0.6	0.3529	1.9	0.0	2.593e-06
4	1.3	0.5	0.3846	1.5	0.0	1.55e-08
5	1.1	0.4	0.3636	1.2	0.0	8.506e-11
6	0.9	0.3	0.3333	1.0	0.0	4.246e-13
7	0.9	0.2	0.2222	0.8	0.0	1.91e-15
8	0.7	0.1	0.1429	0.7	0.0	7.643e-18
9	0.6	0.1	0.1667	0.6	0.0	2.679e-20
10	0.4	0.0	0	0.6	0.0	8.058e-23
11	0.3	0.0	0	0.5	0.0	2.021e-25
12	0.2	0.0	0	0.5	0.0	4.061e-28
13	0.2	0.0	0	0.4	0.0	6.125e-31
14	0.3	0.0	0	0.4	0.0	6.166e-34

Time taken: 0 hours, 30 minutes, 44.06 seconds
