SF_Ratios.py   @Jody Hey 2024
=============================
Command line: -d fixed2Ns -f unfolded -i 3 -u -r /home/haruto/Lab-Work/Document/SF_Ratios/FlankingBases/syn_codon/1kG -a /home/haruto/Lab-Work/Document/SFS/FlankingBases/syn_codon/single/1kG/1kG_vep_pickorder_flanking_syn_codon_gtT-gtC_down_15 -p 1kG_gtT-gtC
Arguments:
	sfsfilename: /home/haruto/Lab-Work/Document/SFS/FlankingBases/syn_codon/single/1kG/1kG_vep_pickorder_flanking_syn_codon_gtT-gtC_down_15
	fix_theta_ratio: None
	densityof2Ns: fixed2Ns
	foldstatus: unfolded
	basinhoppingopt: False
	optimizetries: 3
	setmax2Ns: 0
	maxi: None
	poplabel: 1kG_gtT-gtC
	estimatemax2Ns: False
	outdir: /home/haruto/Lab-Work/Document/SF_Ratios/FlankingBases/syn_codon/1kG
	dualannealopt: True
	estimate_pointmass: False
	filecheck: False
	estimate_pointmass0: False
	commandstring: -d fixed2Ns -f unfolded -i 3 -u -r /home/haruto/Lab-Work/Document/SF_Ratios/FlankingBases/syn_codon/1kG -a /home/haruto/Lab-Work/Document/SFS/FlankingBases/syn_codon/single/1kG/1kG_vep_pickorder_flanking_syn_codon_gtT-gtC_down_15 -p 1kG_gtT-gtC
	fixmode0: False
	thetaNspacerange: 100
	profile: False
	estimate_both_thetas: False
	includemisspec: False
	dofolded: False
	nc: 15
	datafileheader: intergenic_variant
	numparams: 2
	local_optimize_method: Nelder-Mead

trial	likelihood	thetaratio	2Ns	optimizer_message
0	59.26042	8.21603e-01 9.99966e-01	Optimization terminated successfully.
1	59.26042	8.21601e-01 1.00003e+00	Optimization terminated successfully.
2	59.26042	8.21596e-01 1.00002e+00	Optimization terminated successfully.
DA1	59.26042	8.21603e-01 9.99999e-01	['Maximum number of iteration reached']
DA2	59.26042	8.21603e-01 1.00000e+00	['Maximum number of iteration reached']

Optimization: Dualannealing1
Maximized Likelihood, AIC, Parameter Estimates, 95% Confidence Intervals:
AIC	-114.521
likelihood	59.260
thetaratio	0.8216	(0.6770 - 0.9945)
2Ns	1	(0.23059 - 2.3012)

Compare data and optimization estimates
	Euclidean Distance: 1.9150 RMSE: 0.51182
	*Expected counts generated with Wright-Fisher theta estimates (SF_Ratios does not provide theta estimates)
--------------------------------------------------------------------------------------------------------------
i	DataN	DataS	DataRatio	Fit*_N	Fit*_S	Fit_Ratio
0	0.0	0.0	inf	0.0	0.0	inf
1	19.9	14.9	0.7487	13.1	11.2	0.8593
2	6.9	5.6	0.8116	6.5	5.9	0.8997
3	3.9	3.7	0.9487	4.4	4.1	0.9429
4	2.6	2.7	1.038	3.3	3.2	0.9891
5	2.0	2.2	1.1	2.6	2.7	1.039
6	1.6	2.1	1.312	2.2	2.4	1.092
7	1.4	2.1	1.5	1.9	2.1	1.149
8	1.2	2.0	1.667	1.6	2.0	1.21
9	0.9	1.8	2	1.5	1.9	1.276
10	0.7	1.3	1.857	1.3	1.8	1.347
11	0.5	0.9	1.8	1.2	1.7	1.423
12	0.4	0.5	1.25	1.1	1.6	1.505
13	0.3	0.2	0.6667	1.0	1.6	1.593
14	0.2	0.1	0.5	0.9	1.6	1.688

Time taken: 0 hours, 20 minutes, 45.63 seconds
