SF_Ratios.py   @Jody Hey 2024
=============================
Command line: -d fixed2Ns -f unfolded -i 3 -u -p 1kG_gcC-gcA -a /home/haruto/Lab-Work/Document/SFS/FlankingBases/syn_codon/single/1kG/1kG_vep_pickorder_flanking_syn_codon_gcC-gcA_down_15 -r /home/haruto/Lab-Work/Document/SF_Ratios/FlankingBases/syn_codon/1kG
Arguments:
	sfsfilename: /home/haruto/Lab-Work/Document/SFS/FlankingBases/syn_codon/single/1kG/1kG_vep_pickorder_flanking_syn_codon_gcC-gcA_down_15
	fix_theta_ratio: None
	densityof2Ns: fixed2Ns
	foldstatus: unfolded
	basinhoppingopt: False
	optimizetries: 3
	setmax2Ns: 0
	maxi: None
	poplabel: 1kG_gcC-gcA
	estimatemax2Ns: False
	outdir: /home/haruto/Lab-Work/Document/SF_Ratios/FlankingBases/syn_codon/1kG
	dualannealopt: True
	estimate_pointmass: False
	filecheck: False
	estimate_pointmass0: False
	commandstring: -d fixed2Ns -f unfolded -i 3 -u -p 1kG_gcC-gcA -a /home/haruto/Lab-Work/Document/SFS/FlankingBases/syn_codon/single/1kG/1kG_vep_pickorder_flanking_syn_codon_gcC-gcA_down_15 -r /home/haruto/Lab-Work/Document/SF_Ratios/FlankingBases/syn_codon/1kG
	fixmode0: False
	thetaNspacerange: 100
	profile: False
	estimate_both_thetas: False
	includemisspec: False
	dofolded: False
	nc: 15
	datafileheader: intergenic_variant
	numparams: 2
	local_optimize_method: Nelder-Mead

trial	likelihood	thetaratio	2Ns	optimizer_message
0	71.87098	6.32075e-01 3.38674e-01	Optimization terminated successfully.
1	71.87098	6.32069e-01 3.38740e-01	Optimization terminated successfully.
2	71.87098	6.32075e-01 3.38669e-01	Optimization terminated successfully.
DA1	71.87098	6.32072e-01 3.38704e-01	['Maximum number of iteration reached']
DA2	71.87098	6.32073e-01 3.38702e-01	['Maximum number of iteration reached']

Optimization: Dualannealing1
Maximized Likelihood, AIC, Parameter Estimates, 95% Confidence Intervals:
AIC	-139.742
likelihood	71.871
thetaratio	0.6321	(0.5298 - 0.7484)
2Ns	0.3387	(-0.23494 - 1.0407)

Compare data and optimization estimates
	Euclidean Distance: 1.1089 RMSE: 0.29637
	*Expected counts generated with Wright-Fisher theta estimates (SF_Ratios does not provide theta estimates)
--------------------------------------------------------------------------------------------------------------
i	DataN	DataS	DataRatio	Fit*_N	Fit*_S	Fit_Ratio
0	0.0	0.0	inf	0.0	0.0	inf
1	27.2	17.2	0.6324	18.5	11.9	0.6443
2	11.0	6.1	0.5545	9.3	6.1	0.6568
3	6.6	4.1	0.6212	6.2	4.1	0.6696
4	4.2	3.0	0.7143	4.6	3.2	0.6827
5	2.9	2.3	0.7931	3.7	2.6	0.6962
6	2.2	1.8	0.8182	3.1	2.2	0.7101
7	1.7	1.5	0.8824	2.6	1.9	0.7243
8	1.3	1.2	0.9231	2.3	1.7	0.7389
9	0.9	0.9	1	2.1	1.6	0.7538
10	0.7	0.7	1	1.9	1.4	0.7692
11	0.5	0.4	0.8	1.7	1.3	0.7849
12	0.4	0.3	0.75	1.5	1.2	0.8011
13	0.4	0.1	0.25	1.4	1.2	0.8177
14	0.3	0.0	0	1.3	1.1	0.8347

Time taken: 0 hours, 15 minutes, 50.11 seconds
