SF_Ratios.py   @Jody Hey 2024
=============================
Command line: -d fixed2Ns -f unfolded -i 3 -u -p 1kG_ctT-ctC -a /home/haruto/Lab-Work/Document/SFS/FlankingBases/syn_codon/single/1kG/1kG_vep_pickorder_flanking_syn_codon_ctT-ctC_down_15 -r /home/haruto/Lab-Work/Document/SF_Ratios/FlankingBases/syn_codon/1kG
Arguments:
	sfsfilename: /home/haruto/Lab-Work/Document/SFS/FlankingBases/syn_codon/single/1kG/1kG_vep_pickorder_flanking_syn_codon_ctT-ctC_down_15
	fix_theta_ratio: None
	densityof2Ns: fixed2Ns
	foldstatus: unfolded
	basinhoppingopt: False
	optimizetries: 3
	setmax2Ns: 0
	maxi: None
	poplabel: 1kG_ctT-ctC
	estimatemax2Ns: False
	outdir: /home/haruto/Lab-Work/Document/SF_Ratios/FlankingBases/syn_codon/1kG
	dualannealopt: True
	estimate_pointmass: False
	filecheck: False
	estimate_pointmass0: False
	commandstring: -d fixed2Ns -f unfolded -i 3 -u -p 1kG_ctT-ctC -a /home/haruto/Lab-Work/Document/SFS/FlankingBases/syn_codon/single/1kG/1kG_vep_pickorder_flanking_syn_codon_ctT-ctC_down_15 -r /home/haruto/Lab-Work/Document/SF_Ratios/FlankingBases/syn_codon/1kG
	fixmode0: False
	thetaNspacerange: 100
	profile: False
	estimate_both_thetas: False
	includemisspec: False
	dofolded: False
	nc: 15
	datafileheader: intergenic_variant
	numparams: 2
	local_optimize_method: Nelder-Mead

trial	likelihood	thetaratio	2Ns	optimizer_message
0	85.36855	8.01861e-01 -1.38561e+00	Optimization terminated successfully.
1	85.36855	8.01884e-01 -1.38566e+00	Optimization terminated successfully.
2	85.36855	8.01855e-01 -1.38561e+00	Optimization terminated successfully.
DA1	85.36855	8.01874e-01 -1.38564e+00	['Maximum number of iteration reached']
DA2	85.36855	8.01875e-01 -1.38564e+00	['Maximum number of iteration reached']

Optimization: Dualannealing1
Maximized Likelihood, AIC, Parameter Estimates, 95% Confidence Intervals:
AIC	-166.737
likelihood	85.369
thetaratio	0.8019	(0.6799 - 0.9453)
2Ns	-1.3856	(-1.7961 - -0.99541)

Compare data and optimization estimates
	Euclidean Distance: 0.3755 RMSE: 0.10035
	*Expected counts generated with Wright-Fisher theta estimates (SF_Ratios does not provide theta estimates)
--------------------------------------------------------------------------------------------------------------
i	DataN	DataS	DataRatio	Fit*_N	Fit*_S	Fit_Ratio
0	0.0	0.0	inf	0.0	0.0	inf
1	31.0	20.7	0.6677	24.2	17.3	0.715
2	11.9	7.0	0.5882	12.1	7.7	0.6381
3	8.2	5.0	0.6098	8.1	4.6	0.5699
4	6.4	3.9	0.6094	6.1	3.1	0.5095
5	5.0	2.8	0.56	4.8	2.2	0.456
6	4.0	1.9	0.475	4.0	1.6	0.4085
7	3.1	1.4	0.4516	3.5	1.3	0.3665
8	2.4	1.0	0.4167	3.0	1.0	0.3292
9	1.9	0.7	0.3684	2.7	0.8	0.2962
10	1.4	0.5	0.3571	2.4	0.6	0.2669
11	1.0	0.2	0.2	2.2	0.5	0.2408
12	0.8	0.1	0.125	2.0	0.4	0.2177
13	0.8	0.0	0	1.9	0.4	0.1972
14	0.8	0.0	0	1.7	0.3	0.179

Time taken: 0 hours, 11 minutes, 0.94 seconds
