SF_Ratios.py   @Jody Hey 2024
=============================
Command line: -d fixed2Ns -f unfolded -i 3 -u -p 1kG_cgC-cgG -a /home/haruto/Lab-Work/Document/SFS/FlankingBases/syn_codon/single/1kG/1kG_vep_pickorder_flanking_syn_codon_cgC-cgG_down_15 -r /home/haruto/Lab-Work/Document/SF_Ratios/FlankingBases/syn_codon/1kG
Arguments:
	sfsfilename: /home/haruto/Lab-Work/Document/SFS/FlankingBases/syn_codon/single/1kG/1kG_vep_pickorder_flanking_syn_codon_cgC-cgG_down_15
	fix_theta_ratio: None
	densityof2Ns: fixed2Ns
	foldstatus: unfolded
	basinhoppingopt: False
	optimizetries: 3
	setmax2Ns: 0
	maxi: None
	poplabel: 1kG_cgC-cgG
	estimatemax2Ns: False
	outdir: /home/haruto/Lab-Work/Document/SF_Ratios/FlankingBases/syn_codon/1kG
	dualannealopt: True
	estimate_pointmass: False
	filecheck: False
	estimate_pointmass0: False
	commandstring: -d fixed2Ns -f unfolded -i 3 -u -p 1kG_cgC-cgG -a /home/haruto/Lab-Work/Document/SFS/FlankingBases/syn_codon/single/1kG/1kG_vep_pickorder_flanking_syn_codon_cgC-cgG_down_15 -r /home/haruto/Lab-Work/Document/SF_Ratios/FlankingBases/syn_codon/1kG
	fixmode0: False
	thetaNspacerange: 100
	profile: False
	estimate_both_thetas: False
	includemisspec: False
	dofolded: False
	nc: 15
	datafileheader: intergenic_variant
	numparams: 2
	local_optimize_method: Nelder-Mead

trial	likelihood	thetaratio	2Ns	optimizer_message
0	106.42692	8.11966e+00 -1.00000e+03	Optimization terminated successfully.
1	106.42692	8.11966e+00 -1.00000e+03	Optimization terminated successfully.
2	106.42692	8.11966e+00 -1.00000e+03	Optimization terminated successfully.
DA1	106.42692	8.11966e+00 -1.00000e+03	['Maximum number of iteration reached']
DA2	106.42692	8.11966e+00 -1.00000e+03	['Maximum number of iteration reached']

Optimization: Dualannealing2
Maximized Likelihood, AIC, Parameter Estimates, 95% Confidence Intervals:
AIC	-208.854
likelihood	106.427
thetaratio	8.1197	(2.9958 - nan)
2Ns	-1000	(nan - -804.65)

Compare data and optimization estimates
	Euclidean Distance: inf RMSE: inf
	*Expected counts generated with Wright-Fisher theta estimates (SF_Ratios does not provide theta estimates)
--------------------------------------------------------------------------------------------------------------
i	DataN	DataS	DataRatio	Fit*_N	Fit*_S	Fit_Ratio
0	0.0	0.0	inf	0.0	0.0	inf
1	9.3	6.2	0.6667	7.2	0.4	0.0605
2	3.7	1.2	0.3243	3.6	0.0	0.0004212
3	2.7	0.6	0.2222	2.4	0.0	2.726e-06
4	2.2	0.5	0.2273	1.8	0.0	1.63e-08
5	1.6	0.4	0.25	1.4	0.0	8.94e-11
6	1.1	0.3	0.2727	1.2	0.0	4.463e-13
7	0.7	0.2	0.2857	1.0	0.0	2.008e-15
8	0.6	0.1	0.1667	0.9	0.0	8.034e-18
9	0.5	0.0	0	0.8	0.0	2.816e-20
10	0.4	0.0	0	0.7	0.0	8.469e-23
11	0.3	0.0	0	0.7	0.0	2.125e-25
12	0.2	0.0	0	0.6	0.0	4.269e-28
13	0.1	0.0	0	0.6	0.0	6.439e-31
14	0.0	0.0	inf	0.5	0.0	6.481e-34

Time taken: 0 hours, 15 minutes, 16.30 seconds
