SF_Ratios.py   @Jody Hey 2024
=============================
Command line: -d fixed2Ns -f unfolded -i 3 -u -p 1kG_ccC-ccA -a /home/haruto/Lab-Work/Document/SFS/FlankingBases/syn_codon/single/1kG/1kG_vep_pickorder_flanking_syn_codon_ccC-ccA_down_15 -r /home/haruto/Lab-Work/Document/SF_Ratios/FlankingBases/syn_codon/1kG
Arguments:
	sfsfilename: /home/haruto/Lab-Work/Document/SFS/FlankingBases/syn_codon/single/1kG/1kG_vep_pickorder_flanking_syn_codon_ccC-ccA_down_15
	fix_theta_ratio: None
	densityof2Ns: fixed2Ns
	foldstatus: unfolded
	basinhoppingopt: False
	optimizetries: 3
	setmax2Ns: 0
	maxi: None
	poplabel: 1kG_ccC-ccA
	estimatemax2Ns: False
	outdir: /home/haruto/Lab-Work/Document/SF_Ratios/FlankingBases/syn_codon/1kG
	dualannealopt: True
	estimate_pointmass: False
	filecheck: False
	estimate_pointmass0: False
	commandstring: -d fixed2Ns -f unfolded -i 3 -u -p 1kG_ccC-ccA -a /home/haruto/Lab-Work/Document/SFS/FlankingBases/syn_codon/single/1kG/1kG_vep_pickorder_flanking_syn_codon_ccC-ccA_down_15 -r /home/haruto/Lab-Work/Document/SF_Ratios/FlankingBases/syn_codon/1kG
	fixmode0: False
	thetaNspacerange: 100
	profile: False
	estimate_both_thetas: False
	includemisspec: False
	dofolded: False
	nc: 15
	datafileheader: intergenic_variant
	numparams: 2
	local_optimize_method: Nelder-Mead

trial	likelihood	thetaratio	2Ns	optimizer_message
0	43.47325	7.15029e-01 1.00000e+03	Optimization terminated successfully.
1	43.47325	7.15029e-01 1.00000e+03	Optimization terminated successfully.
2	43.47325	7.15029e-01 9.99709e+02	Optimization terminated successfully.
DA1	43.47325	7.15029e-01 5.21349e+02	['Maximum number of iteration reached']
DA2	43.47325	7.15029e-01 6.67309e+02	['Maximum number of iteration reached']

Optimization: Optimize
Maximized Likelihood, AIC, Parameter Estimates, 95% Confidence Intervals:
AIC	-82.946
likelihood	43.473
thetaratio	0.7150	(0.5822 - 0.8572)
2Ns	1000	(0.84515 - nan)

Compare data and optimization estimates
	Euclidean Distance: inf RMSE: inf
	*Expected counts generated with Wright-Fisher theta estimates (SF_Ratios does not provide theta estimates)
--------------------------------------------------------------------------------------------------------------
i	DataN	DataS	DataRatio	Fit*_N	Fit*_S	Fit_Ratio
0	0.0	0.0	inf	0.0	0.0	inf
1	27.5	24.1	0.8764	15.9	12.2	0.7661
2	9.1	8.0	0.8791	7.9	6.5	0.825
3	5.3	4.4	0.8302	5.3	4.7	0.8938
4	3.6	2.8	0.7778	4.0	3.9	0.975
5	2.5	1.9	0.76	3.2	3.4	1.073
6	1.6	1.3	0.8125	2.6	3.2	1.192
7	1.0	1.0	1	2.3	3.0	1.341
8	0.6	0.9	1.5	2.0	3.0	1.532
9	0.3	0.9	3	1.8	3.2	1.788
10	0.1	0.8	8	1.6	3.4	2.145
11	0.0	0.6	inf	1.4	3.9	2.681
12	0.0	0.4	inf	1.3	4.7	3.575
13	0.0	0.2	inf	1.2	6.5	5.362
14	0.0	0.1	inf	1.1	12.1	10.65

Time taken: 0 hours, 10 minutes, 41.73 seconds
