SF_Ratios.py   @Jody Hey 2024
=============================
Command line: -d fixed2Ns -f unfolded -i 3 -u -r /home/haruto/Lab-Work/Document/SF_Ratios/FlankingBases/syn_codon/1kG -a /home/haruto/Lab-Work/Document/SFS/FlankingBases/syn_codon/single/1kG/1kG_vep_pickorder_flanking_syn_codon_gtC-gtG_down_15 -p 1kG_gtC-gtG
Arguments:
	sfsfilename: /home/haruto/Lab-Work/Document/SFS/FlankingBases/syn_codon/single/1kG/1kG_vep_pickorder_flanking_syn_codon_gtC-gtG_down_15
	fix_theta_ratio: None
	densityof2Ns: fixed2Ns
	foldstatus: unfolded
	basinhoppingopt: False
	optimizetries: 3
	setmax2Ns: 0
	maxi: None
	poplabel: 1kG_gtC-gtG
	estimatemax2Ns: False
	outdir: /home/haruto/Lab-Work/Document/SF_Ratios/FlankingBases/syn_codon/1kG
	dualannealopt: True
	estimate_pointmass: False
	filecheck: False
	estimate_pointmass0: False
	commandstring: -d fixed2Ns -f unfolded -i 3 -u -r /home/haruto/Lab-Work/Document/SF_Ratios/FlankingBases/syn_codon/1kG -a /home/haruto/Lab-Work/Document/SFS/FlankingBases/syn_codon/single/1kG/1kG_vep_pickorder_flanking_syn_codon_gtC-gtG_down_15 -p 1kG_gtC-gtG
	fixmode0: False
	thetaNspacerange: 100
	profile: False
	estimate_both_thetas: False
	includemisspec: False
	dofolded: False
	nc: 15
	datafileheader: intergenic_variant
	numparams: 2
	local_optimize_method: Nelder-Mead

trial	likelihood	thetaratio	2Ns	optimizer_message
0	61.42191	4.52163e-01 1.00000e+03	Optimization terminated successfully.
1	61.42191	4.52141e-01 1.00000e+03	Optimization terminated successfully.
2	61.42191	4.52142e-01 1.00000e+03	Optimization terminated successfully.
DA1	61.42191	4.52135e-01 9.98873e+02	['Maximum number of iteration reached']
DA2	61.42191	4.52135e-01 9.90302e+02	['Maximum number of iteration reached']

Optimization: Optimize
Maximized Likelihood, AIC, Parameter Estimates, 95% Confidence Intervals:
AIC	-118.844
likelihood	61.422
thetaratio	0.4521	(0.3591 - 0.5533)
2Ns	1000	(3.1097 - nan)

Compare data and optimization estimates
	Euclidean Distance: inf RMSE: inf
	*Expected counts generated with Wright-Fisher theta estimates (SF_Ratios does not provide theta estimates)
--------------------------------------------------------------------------------------------------------------
i	DataN	DataS	DataRatio	Fit*_N	Fit*_S	Fit_Ratio
0	0.0	0.0	inf	0.0	0.0	inf
1	24.8	16.9	0.6815	16.5	8.0	0.4844
2	8.8	5.1	0.5795	8.2	4.3	0.5217
3	5.4	3.0	0.5556	5.5	3.1	0.5652
4	3.9	2.1	0.5385	4.1	2.5	0.6166
5	3.0	1.6	0.5333	3.3	2.2	0.6782
6	2.5	1.4	0.56	2.7	2.1	0.7536
7	1.9	1.2	0.6316	2.4	2.0	0.8478
8	1.4	0.9	0.6429	2.1	2.0	0.9689
9	0.9	0.7	0.7778	1.8	2.1	1.13
10	0.5	0.5	1	1.6	2.2	1.356
11	0.3	0.5	1.667	1.5	2.5	1.696
12	0.1	0.5	5	1.4	3.1	2.261
13	0.1	0.4	4	1.3	4.3	3.391
14	0.0	0.4	inf	1.2	7.9	6.735

Time taken: 0 hours, 26 minutes, 8.15 seconds
