SF_Ratios.py   @Jody Hey 2024
=============================
Command line: -d fixed2Ns -f unfolded -i 3 -u -r /home/haruto/Lab-Work/Document/SF_Ratios/FlankingBases/syn_codon/1kG -a /home/haruto/Lab-Work/Document/SFS/FlankingBases/syn_codon/single/1kG/1kG_vep_pickorder_flanking_syn_codon_ggC-ggA_down_15 -p 1kG_ggC-ggA
Arguments:
	sfsfilename: /home/haruto/Lab-Work/Document/SFS/FlankingBases/syn_codon/single/1kG/1kG_vep_pickorder_flanking_syn_codon_ggC-ggA_down_15
	fix_theta_ratio: None
	densityof2Ns: fixed2Ns
	foldstatus: unfolded
	basinhoppingopt: False
	optimizetries: 3
	setmax2Ns: 0
	maxi: None
	poplabel: 1kG_ggC-ggA
	estimatemax2Ns: False
	outdir: /home/haruto/Lab-Work/Document/SF_Ratios/FlankingBases/syn_codon/1kG
	dualannealopt: True
	estimate_pointmass: False
	filecheck: False
	estimate_pointmass0: False
	commandstring: -d fixed2Ns -f unfolded -i 3 -u -r /home/haruto/Lab-Work/Document/SF_Ratios/FlankingBases/syn_codon/1kG -a /home/haruto/Lab-Work/Document/SFS/FlankingBases/syn_codon/single/1kG/1kG_vep_pickorder_flanking_syn_codon_ggC-ggA_down_15 -p 1kG_ggC-ggA
	fixmode0: False
	thetaNspacerange: 100
	profile: False
	estimate_both_thetas: False
	includemisspec: False
	dofolded: False
	nc: 15
	datafileheader: intergenic_variant
	numparams: 2
	local_optimize_method: Nelder-Mead

trial	likelihood	thetaratio	2Ns	optimizer_message
0	68.35523	1.01249e+00 -2.17757e-01	Optimization terminated successfully.
1	68.35523	1.01249e+00 -2.17752e-01	Optimization terminated successfully.
2	68.35523	1.01250e+00 -2.17718e-01	Optimization terminated successfully.
DA1	68.35523	1.01249e+00 -2.17718e-01	['Maximum number of iteration reached']
DA2	68.35523	1.01248e+00 -2.17711e-01	['Maximum number of iteration reached']

Optimization: Dualannealing1
Maximized Likelihood, AIC, Parameter Estimates, 95% Confidence Intervals:
AIC	-132.710
likelihood	68.355
thetaratio	1.0125	(0.8513 - 1.2145)
2Ns	-0.21772	(-0.66123 - 0.26485)

Compare data and optimization estimates
	Euclidean Distance: 1.2145 RMSE: 0.32459
	*Expected counts generated with Wright-Fisher theta estimates (SF_Ratios does not provide theta estimates)
--------------------------------------------------------------------------------------------------------------
i	DataN	DataS	DataRatio	Fit*_N	Fit*_S	Fit_Ratio
0	0.0	0.0	inf	0.0	0.0	inf
1	30.7	25.6	0.8339	18.7	18.7	0.998
2	8.7	8.1	0.931	9.3	9.2	0.9837
3	4.6	5.0	1.087	6.2	6.0	0.9697
4	3.1	3.6	1.161	4.7	4.5	0.9559
5	2.4	3.0	1.25	3.7	3.5	0.9424
6	2.1	2.7	1.286	3.1	2.9	0.9291
7	2.0	2.5	1.25	2.7	2.4	0.916
8	1.9	2.1	1.105	2.3	2.1	0.9031
9	1.7	1.7	1	2.1	1.9	0.8905
10	1.5	1.3	0.8667	1.9	1.6	0.8781
11	1.1	0.8	0.7273	1.7	1.5	0.8659
12	0.6	0.4	0.6667	1.6	1.3	0.8539
13	0.3	0.1	0.3333	1.4	1.2	0.8421
14	0.1	0.0	0	1.3	1.1	0.8306

Time taken: 0 hours, 19 minutes, 9.46 seconds
