SF_Ratios.py   @Jody Hey 2024
=============================
Command line: -d fixed2Ns -f unfolded -i 3 -u -p 1kG_acA-acT -a /home/haruto/Lab-Work/Document/SFS/FlankingBases/syn_codon/single/1kG/1kG_vep_pickorder_flanking_syn_codon_acA-acT_down_15 -r /home/haruto/Lab-Work/Document/SF_Ratios/FlankingBases/syn_codon/1kG
Arguments:
	sfsfilename: /home/haruto/Lab-Work/Document/SFS/FlankingBases/syn_codon/single/1kG/1kG_vep_pickorder_flanking_syn_codon_acA-acT_down_15
	fix_theta_ratio: None
	densityof2Ns: fixed2Ns
	foldstatus: unfolded
	basinhoppingopt: False
	optimizetries: 3
	setmax2Ns: 0
	maxi: None
	poplabel: 1kG_acA-acT
	estimatemax2Ns: False
	outdir: /home/haruto/Lab-Work/Document/SF_Ratios/FlankingBases/syn_codon/1kG
	dualannealopt: True
	estimate_pointmass: False
	filecheck: False
	estimate_pointmass0: False
	commandstring: -d fixed2Ns -f unfolded -i 3 -u -p 1kG_acA-acT -a /home/haruto/Lab-Work/Document/SFS/FlankingBases/syn_codon/single/1kG/1kG_vep_pickorder_flanking_syn_codon_acA-acT_down_15 -r /home/haruto/Lab-Work/Document/SF_Ratios/FlankingBases/syn_codon/1kG
	fixmode0: False
	thetaNspacerange: 100
	profile: False
	estimate_both_thetas: False
	includemisspec: False
	dofolded: False
	nc: 15
	datafileheader: intergenic_variant
	numparams: 2
	local_optimize_method: Nelder-Mead

trial	likelihood	thetaratio	2Ns	optimizer_message
0	55.46858	6.63437e-01 1.10892e-01	Optimization terminated successfully.
1	55.46858	6.63433e-01 1.10910e-01	Optimization terminated successfully.
2	55.46858	6.63437e-01 1.10867e-01	Optimization terminated successfully.
DA1	55.46858	6.63429e-01 1.10913e-01	['Maximum number of iteration reached']
DA2	55.46858	6.63430e-01 1.10913e-01	['Maximum number of iteration reached']

Optimization: Dualannealing2
Maximized Likelihood, AIC, Parameter Estimates, 95% Confidence Intervals:
AIC	-106.937
likelihood	55.469
thetaratio	0.6634	(0.5151 - 0.8271)
2Ns	0.11091	(-0.60079 - 1.015)

Compare data and optimization estimates
	Euclidean Distance: inf RMSE: inf
	*Expected counts generated with Wright-Fisher theta estimates (SF_Ratios does not provide theta estimates)
--------------------------------------------------------------------------------------------------------------
i	DataN	DataS	DataRatio	Fit*_N	Fit*_S	Fit_Ratio
0	0.0	0.0	inf	0.0	0.0	inf
1	16.6	13.2	0.7952	10.8	7.2	0.6679
2	6.0	4.2	0.7	5.4	3.6	0.6724
3	3.7	2.0	0.5405	3.6	2.4	0.6769
4	2.6	1.3	0.5	2.7	1.8	0.6815
5	1.9	1.0	0.5263	2.2	1.5	0.6862
6	1.4	0.7	0.5	1.8	1.2	0.6908
7	1.0	0.6	0.6	1.5	1.1	0.6955
8	0.7	0.4	0.5714	1.3	0.9	0.7003
9	0.5	0.3	0.6	1.2	0.8	0.7051
10	0.3	0.3	1	1.1	0.8	0.7099
11	0.2	0.2	1	1.0	0.7	0.7147
12	0.1	0.1	1	0.9	0.6	0.7197
13	0.0	0.0	inf	0.8	0.6	0.7246
14	0.0	0.0	inf	0.8	0.6	0.7296

Time taken: 0 hours, 8 minutes, 19.06 seconds
