SF_Ratios.py   @Jody Hey 2024
=============================
Command line: -d fixed2Ns -f unfolded -i 3 -u -p 1kG_ccA-ccC -a /home/haruto/Lab-Work/Document/SFS/FlankingBases/syn_codon/single/1kG/1kG_vep_pickorder_flanking_syn_codon_ccA-ccC_down_15 -r /home/haruto/Lab-Work/Document/SF_Ratios/FlankingBases/syn_codon/1kG
Arguments:
	sfsfilename: /home/haruto/Lab-Work/Document/SFS/FlankingBases/syn_codon/single/1kG/1kG_vep_pickorder_flanking_syn_codon_ccA-ccC_down_15
	fix_theta_ratio: None
	densityof2Ns: fixed2Ns
	foldstatus: unfolded
	basinhoppingopt: False
	optimizetries: 3
	setmax2Ns: 0
	maxi: None
	poplabel: 1kG_ccA-ccC
	estimatemax2Ns: False
	outdir: /home/haruto/Lab-Work/Document/SF_Ratios/FlankingBases/syn_codon/1kG
	dualannealopt: True
	estimate_pointmass: False
	filecheck: False
	estimate_pointmass0: False
	commandstring: -d fixed2Ns -f unfolded -i 3 -u -p 1kG_ccA-ccC -a /home/haruto/Lab-Work/Document/SFS/FlankingBases/syn_codon/single/1kG/1kG_vep_pickorder_flanking_syn_codon_ccA-ccC_down_15 -r /home/haruto/Lab-Work/Document/SF_Ratios/FlankingBases/syn_codon/1kG
	fixmode0: False
	thetaNspacerange: 100
	profile: False
	estimate_both_thetas: False
	includemisspec: False
	dofolded: False
	nc: 15
	datafileheader: intergenic_variant
	numparams: 2
	local_optimize_method: Nelder-Mead

trial	likelihood	thetaratio	2Ns	optimizer_message
0	62.81442	1.03373e+00 -2.81217e-02	Optimization terminated successfully.
1	62.81442	1.03377e+00 -2.81871e-02	Optimization terminated successfully.
2	62.81442	1.03374e+00 -2.81198e-02	Optimization terminated successfully.
DA1	62.81442	1.03375e+00 -2.81602e-02	['Maximum number of iteration reached']
DA2	62.81442	1.03375e+00 -2.81634e-02	['Maximum number of iteration reached']

Optimization: Dualannealing2
Maximized Likelihood, AIC, Parameter Estimates, 95% Confidence Intervals:
AIC	-121.629
likelihood	62.814
thetaratio	1.0338	(0.8556 - 1.2399)
2Ns	-0.028163	(-0.5304 - 0.53554)

Compare data and optimization estimates
	Euclidean Distance: 0.9986 RMSE: 0.26689
	*Expected counts generated with Wright-Fisher theta estimates (SF_Ratios does not provide theta estimates)
--------------------------------------------------------------------------------------------------------------
i	DataN	DataS	DataRatio	Fit*_N	Fit*_S	Fit_Ratio
0	0.0	0.0	inf	0.0	0.0	inf
1	20.8	19.1	0.9183	12.3	12.7	1.032
2	6.0	6.4	1.067	6.2	6.3	1.03
3	3.6	4.0	1.111	4.1	4.2	1.028
4	2.7	3.0	1.111	3.1	3.2	1.026
5	2.0	2.2	1.1	2.5	2.5	1.025
6	1.4	1.5	1.071	2.1	2.1	1.023
7	0.9	1.0	1.111	1.8	1.8	1.021
8	0.6	0.7	1.167	1.5	1.6	1.019
9	0.5	0.4	0.8	1.4	1.4	1.017
10	0.4	0.3	0.75	1.2	1.2	1.016
11	0.3	0.3	1	1.1	1.1	1.014
12	0.2	0.3	1.5	1.0	1.0	1.012
13	0.2	0.2	1	0.9	1.0	1.01
14	0.4	0.1	0.25	0.9	0.9	1.008

Time taken: 0 hours, 9 minutes, 44.83 seconds
