SF_Ratios.py   @Jody Hey 2024
=============================
Command line: -d fixed2Ns -f unfolded -i 3 -u -r /home/haruto/Lab-Work/Document/SF_Ratios/FlankingBases/syn_codon/1kG -a /home/haruto/Lab-Work/Document/SFS/FlankingBases/syn_codon/single/1kG/1kG_vep_pickorder_flanking_syn_codon_tgT-tgC_down_15 -p 1kG_tgT-tgC
Arguments:
	sfsfilename: /home/haruto/Lab-Work/Document/SFS/FlankingBases/syn_codon/single/1kG/1kG_vep_pickorder_flanking_syn_codon_tgT-tgC_down_15
	fix_theta_ratio: None
	densityof2Ns: fixed2Ns
	foldstatus: unfolded
	basinhoppingopt: False
	optimizetries: 3
	setmax2Ns: 0
	maxi: None
	poplabel: 1kG_tgT-tgC
	estimatemax2Ns: False
	outdir: /home/haruto/Lab-Work/Document/SF_Ratios/FlankingBases/syn_codon/1kG
	dualannealopt: True
	estimate_pointmass: False
	filecheck: False
	estimate_pointmass0: False
	commandstring: -d fixed2Ns -f unfolded -i 3 -u -r /home/haruto/Lab-Work/Document/SF_Ratios/FlankingBases/syn_codon/1kG -a /home/haruto/Lab-Work/Document/SFS/FlankingBases/syn_codon/single/1kG/1kG_vep_pickorder_flanking_syn_codon_tgT-tgC_down_15 -p 1kG_tgT-tgC
	fixmode0: False
	thetaNspacerange: 100
	profile: False
	estimate_both_thetas: False
	includemisspec: False
	dofolded: False
	nc: 15
	datafileheader: intergenic_variant
	numparams: 2
	local_optimize_method: Nelder-Mead

trial	likelihood	thetaratio	2Ns	optimizer_message
0	76.35477	9.61183e-01 -4.18154e-01	Optimization terminated successfully.
1	76.35477	9.61191e-01 -4.18199e-01	Optimization terminated successfully.
2	76.35477	9.61174e-01 -4.18185e-01	Optimization terminated successfully.
DA1	76.35477	9.61177e-01 -4.18168e-01	['Maximum number of iteration reached']
DA2	76.35477	9.61177e-01 -4.18169e-01	['Maximum number of iteration reached']

Optimization: Dualannealing2
Maximized Likelihood, AIC, Parameter Estimates, 95% Confidence Intervals:
AIC	-148.710
likelihood	76.355
thetaratio	0.9612	(0.8239 - 1.1175)
2Ns	-0.41817	(-0.79112 - -0.029357)

Compare data and optimization estimates
	Euclidean Distance: 0.5054 RMSE: 0.13508
	*Expected counts generated with Wright-Fisher theta estimates (SF_Ratios does not provide theta estimates)
--------------------------------------------------------------------------------------------------------------
i	DataN	DataS	DataRatio	Fit*_N	Fit*_S	Fit_Ratio
0	0.0	0.0	inf	0.0	0.0	inf
1	29.6	25.3	0.8547	20.1	18.7	0.9336
2	10.7	9.9	0.9252	10.0	9.1	0.9069
3	6.6	6.4	0.9697	6.7	5.9	0.8811
4	4.5	4.2	0.9333	5.0	4.3	0.8562
5	3.2	2.7	0.8438	4.0	3.3	0.8321
6	2.2	1.9	0.8636	3.3	2.7	0.8088
7	1.7	1.5	0.8824	2.9	2.3	0.7863
8	1.5	1.2	0.8	2.5	1.9	0.7645
9	1.4	1.0	0.7143	2.2	1.7	0.7435
10	1.3	0.8	0.6154	2.0	1.5	0.7232
11	1.0	0.7	0.7	1.8	1.3	0.7035
12	0.7	0.5	0.7143	1.7	1.1	0.6845
13	0.4	0.3	0.75	1.5	1.0	0.6662
14	0.5	0.1	0.2	1.4	0.9	0.6484

Time taken: 0 hours, 18 minutes, 38.61 seconds
