SF_Ratios.py   @Jody Hey 2024
=============================
Command line: -d fixed2Ns -f unfolded -i 3 -u -p 1kG_atT-atC -a /home/haruto/Lab-Work/Document/SFS/FlankingBases/syn_codon/single/1kG/1kG_vep_pickorder_flanking_syn_codon_atT-atC_down_15 -r /home/haruto/Lab-Work/Document/SF_Ratios/FlankingBases/syn_codon/1kG
Arguments:
	sfsfilename: /home/haruto/Lab-Work/Document/SFS/FlankingBases/syn_codon/single/1kG/1kG_vep_pickorder_flanking_syn_codon_atT-atC_down_15
	fix_theta_ratio: None
	densityof2Ns: fixed2Ns
	foldstatus: unfolded
	basinhoppingopt: False
	optimizetries: 3
	setmax2Ns: 0
	maxi: None
	poplabel: 1kG_atT-atC
	estimatemax2Ns: False
	outdir: /home/haruto/Lab-Work/Document/SF_Ratios/FlankingBases/syn_codon/1kG
	dualannealopt: True
	estimate_pointmass: False
	filecheck: False
	estimate_pointmass0: False
	commandstring: -d fixed2Ns -f unfolded -i 3 -u -p 1kG_atT-atC -a /home/haruto/Lab-Work/Document/SFS/FlankingBases/syn_codon/single/1kG/1kG_vep_pickorder_flanking_syn_codon_atT-atC_down_15 -r /home/haruto/Lab-Work/Document/SF_Ratios/FlankingBases/syn_codon/1kG
	fixmode0: False
	thetaNspacerange: 100
	profile: False
	estimate_both_thetas: False
	includemisspec: False
	dofolded: False
	nc: 15
	datafileheader: intergenic_variant
	numparams: 2
	local_optimize_method: Nelder-Mead

trial	likelihood	thetaratio	2Ns	optimizer_message
0	81.77230	9.52112e-01 -7.35245e-01	Optimization terminated successfully.
1	81.77230	9.52115e-01 -7.35190e-01	Optimization terminated successfully.
2	81.77230	9.52149e-01 -7.35288e-01	Optimization terminated successfully.
DA1	81.77230	9.52134e-01 -7.35246e-01	['Maximum number of iteration reached']
DA2	81.77230	9.52134e-01 -7.35245e-01	['Maximum number of iteration reached']

Optimization: Dualannealing1
Maximized Likelihood, AIC, Parameter Estimates, 95% Confidence Intervals:
AIC	-159.545
likelihood	81.772
thetaratio	0.9521	(0.8246 - 1.0925)
2Ns	-0.73525	(-1.0813 - -0.38353)

Compare data and optimization estimates
	Euclidean Distance: 0.5500 RMSE: 0.14699
	*Expected counts generated with Wright-Fisher theta estimates (SF_Ratios does not provide theta estimates)
--------------------------------------------------------------------------------------------------------------
i	DataN	DataS	DataRatio	Fit*_N	Fit*_S	Fit_Ratio
0	0.0	0.0	inf	0.0	0.0	inf
1	34.2	30.8	0.9006	25.5	23.0	0.9013
2	12.0	9.7	0.8083	12.7	10.9	0.8535
3	7.5	5.3	0.7067	8.5	6.9	0.8085
4	5.3	3.7	0.6981	6.4	4.9	0.7663
5	4.0	3.1	0.775	5.1	3.7	0.7265
6	3.2	2.7	0.8438	4.2	2.9	0.6892
7	2.6	2.3	0.8846	3.6	2.4	0.654
8	2.3	2.0	0.8696	3.2	2.0	0.621
9	2.1	1.6	0.7619	2.8	1.7	0.5899
10	2.0	1.3	0.65	2.5	1.4	0.5606
11	1.9	1.0	0.5263	2.3	1.2	0.5331
12	1.9	0.7	0.3684	2.1	1.1	0.5072
13	2.0	0.5	0.25	2.0	0.9	0.4828
14	1.8	0.5	0.2778	1.8	0.8	0.4598

Time taken: 0 hours, 9 minutes, 20.79 seconds
