SF_Ratios.py   @Jody Hey 2024
=============================
Command line: -d fixed2Ns -f unfolded -i 3 -u -p 1kG_atC-atA -a /home/haruto/Lab-Work/Document/SFS/FlankingBases/syn_codon/single/1kG/1kG_vep_pickorder_flanking_syn_codon_atC-atA_down_15 -r /home/haruto/Lab-Work/Document/SF_Ratios/FlankingBases/syn_codon/1kG
Arguments:
	sfsfilename: /home/haruto/Lab-Work/Document/SFS/FlankingBases/syn_codon/single/1kG/1kG_vep_pickorder_flanking_syn_codon_atC-atA_down_15
	fix_theta_ratio: None
	densityof2Ns: fixed2Ns
	foldstatus: unfolded
	basinhoppingopt: False
	optimizetries: 3
	setmax2Ns: 0
	maxi: None
	poplabel: 1kG_atC-atA
	estimatemax2Ns: False
	outdir: /home/haruto/Lab-Work/Document/SF_Ratios/FlankingBases/syn_codon/1kG
	dualannealopt: True
	estimate_pointmass: False
	filecheck: False
	estimate_pointmass0: False
	commandstring: -d fixed2Ns -f unfolded -i 3 -u -p 1kG_atC-atA -a /home/haruto/Lab-Work/Document/SFS/FlankingBases/syn_codon/single/1kG/1kG_vep_pickorder_flanking_syn_codon_atC-atA_down_15 -r /home/haruto/Lab-Work/Document/SF_Ratios/FlankingBases/syn_codon/1kG
	fixmode0: False
	thetaNspacerange: 100
	profile: False
	estimate_both_thetas: False
	includemisspec: False
	dofolded: False
	nc: 15
	datafileheader: intergenic_variant
	numparams: 2
	local_optimize_method: Nelder-Mead

trial	likelihood	thetaratio	2Ns	optimizer_message
0	88.33382	7.78894e-01 -9.45897e-01	Optimization terminated successfully.
1	88.33382	7.78875e-01 -9.45853e-01	Optimization terminated successfully.
2	88.33382	7.78881e-01 -9.45834e-01	Optimization terminated successfully.
DA1	88.33382	7.78884e-01 -9.45856e-01	['Maximum number of iteration reached']
DA2	88.33382	7.78885e-01 -9.45857e-01	['Maximum number of iteration reached']

Optimization: Dualannealing2
Maximized Likelihood, AIC, Parameter Estimates, 95% Confidence Intervals:
AIC	-172.668
likelihood	88.334
thetaratio	0.7789	(0.6726 - 0.8936)
2Ns	-0.94586	(-1.2863 - -0.60728)

Compare data and optimization estimates
	Euclidean Distance: 0.3518 RMSE: 0.09402
	*Expected counts generated with Wright-Fisher theta estimates (SF_Ratios does not provide theta estimates)
--------------------------------------------------------------------------------------------------------------
i	DataN	DataS	DataRatio	Fit*_N	Fit*_S	Fit_Ratio
0	0.0	0.0	inf	0.0	0.0	inf
1	39.3	29.6	0.7532	28.9	20.9	0.7238
2	14.5	8.9	0.6138	14.4	9.7	0.6729
3	8.8	5.3	0.6023	9.6	6.0	0.626
4	6.5	3.9	0.6	7.2	4.2	0.5827
5	5.4	3.0	0.5556	5.8	3.1	0.5428
6	4.7	2.2	0.4681	4.8	2.4	0.5059
7	3.9	1.6	0.4103	4.1	1.9	0.4719
8	3.0	1.2	0.4	3.6	1.6	0.4405
9	2.2	1.0	0.4545	3.2	1.3	0.4115
10	1.6	0.9	0.5625	2.9	1.1	0.3847
11	1.3	0.7	0.5385	2.6	0.9	0.36
12	1.1	0.5	0.4545	2.4	0.8	0.3371
13	0.9	0.2	0.2222	2.2	0.7	0.316
14	0.7	0.1	0.1429	2.1	0.6	0.2965

Time taken: 0 hours, 9 minutes, 41.26 seconds
