SF_Ratios.py   @Jody Hey 2024
=============================
Command line: -d fixed2Ns -f unfolded -i 3 -u -p 1kG_agA-agG -a /home/haruto/Lab-Work/Document/SFS/FlankingBases/syn_codon/single/1kG/1kG_vep_pickorder_flanking_syn_codon_agA-agG_down_15 -r /home/haruto/Lab-Work/Document/SF_Ratios/FlankingBases/syn_codon/1kG
Arguments:
	sfsfilename: /home/haruto/Lab-Work/Document/SFS/FlankingBases/syn_codon/single/1kG/1kG_vep_pickorder_flanking_syn_codon_agA-agG_down_15
	fix_theta_ratio: None
	densityof2Ns: fixed2Ns
	foldstatus: unfolded
	basinhoppingopt: False
	optimizetries: 3
	setmax2Ns: 0
	maxi: None
	poplabel: 1kG_agA-agG
	estimatemax2Ns: False
	outdir: /home/haruto/Lab-Work/Document/SF_Ratios/FlankingBases/syn_codon/1kG
	dualannealopt: True
	estimate_pointmass: False
	filecheck: False
	estimate_pointmass0: False
	commandstring: -d fixed2Ns -f unfolded -i 3 -u -p 1kG_agA-agG -a /home/haruto/Lab-Work/Document/SFS/FlankingBases/syn_codon/single/1kG/1kG_vep_pickorder_flanking_syn_codon_agA-agG_down_15 -r /home/haruto/Lab-Work/Document/SF_Ratios/FlankingBases/syn_codon/1kG
	fixmode0: False
	thetaNspacerange: 100
	profile: False
	estimate_both_thetas: False
	includemisspec: False
	dofolded: False
	nc: 15
	datafileheader: intergenic_variant
	numparams: 2
	local_optimize_method: Nelder-Mead

trial	likelihood	thetaratio	2Ns	optimizer_message
0	74.27595	6.84958e-01 2.25489e-02	Optimization terminated successfully.
1	74.27595	6.84974e-01 2.24555e-02	Optimization terminated successfully.
2	74.27595	6.84978e-01 2.24403e-02	Optimization terminated successfully.
DA1	74.27595	6.84972e-01 2.24924e-02	['Maximum number of iteration reached']
DA2	74.27595	6.84975e-01 2.24707e-02	['Maximum number of iteration reached']

Optimization: Dualannealing2
Maximized Likelihood, AIC, Parameter Estimates, 95% Confidence Intervals:
AIC	-144.552
likelihood	74.276
thetaratio	0.6850	(0.5662 - 0.8061)
2Ns	0.022471	(-0.4757 - 0.59809)

Compare data and optimization estimates
	Euclidean Distance: 1.5383 RMSE: 0.41114
	*Expected counts generated with Wright-Fisher theta estimates (SF_Ratios does not provide theta estimates)
--------------------------------------------------------------------------------------------------------------
i	DataN	DataS	DataRatio	Fit*_N	Fit*_S	Fit_Ratio
0	0.0	0.0	inf	0.0	0.0	inf
1	33.1	26.3	0.7946	22.6	15.5	0.6859
2	10.0	7.8	0.78	11.3	7.8	0.6869
3	6.5	4.1	0.6308	7.5	5.2	0.6878
4	5.3	2.7	0.5094	5.6	3.9	0.6888
5	4.3	2.0	0.4651	4.5	3.1	0.6898
6	3.4	1.6	0.4706	3.8	2.6	0.6907
7	2.7	1.3	0.4815	3.2	2.2	0.6917
8	2.2	1.2	0.5455	2.8	2.0	0.6927
9	1.9	1.1	0.5789	2.5	1.7	0.6936
10	1.6	1.1	0.6875	2.3	1.6	0.6946
11	1.2	0.9	0.75	2.1	1.4	0.6956
12	0.8	0.7	0.875	1.9	1.3	0.6966
13	0.3	0.4	1.333	1.7	1.2	0.6975
14	0.1	0.2	2	1.6	1.1	0.6985

Time taken: 0 hours, 9 minutes, 41.37 seconds
