SF_Ratios.py   @Jody Hey 2024
=============================
Command line: -d fixed2Ns -f unfolded -i 3 -u -r /home/haruto/Lab-Work/Document/SF_Ratios/FlankingBases/syn_codon/1kG -a /home/haruto/Lab-Work/Document/SFS/FlankingBases/syn_codon/single/1kG/1kG_vep_pickorder_flanking_syn_codon_gtC-gtA_down_15 -p 1kG_gtC-gtA
Arguments:
	sfsfilename: /home/haruto/Lab-Work/Document/SFS/FlankingBases/syn_codon/single/1kG/1kG_vep_pickorder_flanking_syn_codon_gtC-gtA_down_15
	fix_theta_ratio: None
	densityof2Ns: fixed2Ns
	foldstatus: unfolded
	basinhoppingopt: False
	optimizetries: 3
	setmax2Ns: 0
	maxi: None
	poplabel: 1kG_gtC-gtA
	estimatemax2Ns: False
	outdir: /home/haruto/Lab-Work/Document/SF_Ratios/FlankingBases/syn_codon/1kG
	dualannealopt: True
	estimate_pointmass: False
	filecheck: False
	estimate_pointmass0: False
	commandstring: -d fixed2Ns -f unfolded -i 3 -u -r /home/haruto/Lab-Work/Document/SF_Ratios/FlankingBases/syn_codon/1kG -a /home/haruto/Lab-Work/Document/SFS/FlankingBases/syn_codon/single/1kG/1kG_vep_pickorder_flanking_syn_codon_gtC-gtA_down_15 -p 1kG_gtC-gtA
	fixmode0: False
	thetaNspacerange: 100
	profile: False
	estimate_both_thetas: False
	includemisspec: False
	dofolded: False
	nc: 15
	datafileheader: intergenic_variant
	numparams: 2
	local_optimize_method: Nelder-Mead

trial	likelihood	thetaratio	2Ns	optimizer_message
0	69.10337	1.22445e+00 -3.01314e+00	Optimization terminated successfully.
1	69.10337	1.22445e+00 -3.01316e+00	Optimization terminated successfully.
2	69.10337	1.22444e+00 -3.01310e+00	Optimization terminated successfully.
DA1	69.10337	1.22445e+00 -3.01311e+00	['Maximum number of iteration reached']
DA2	69.10337	1.22445e+00 -3.01312e+00	['Maximum number of iteration reached']

Optimization: Dualannealing2
Maximized Likelihood, AIC, Parameter Estimates, 95% Confidence Intervals:
AIC	-134.207
likelihood	69.103
thetaratio	1.2244	(0.8998 - 1.7490)
2Ns	-3.0131	(-4.1674 - -2.1752)

Compare data and optimization estimates
	Euclidean Distance: 0.6798 RMSE: 0.18167
	*Expected counts generated with Wright-Fisher theta estimates (SF_Ratios does not provide theta estimates)
--------------------------------------------------------------------------------------------------------------
i	DataN	DataS	DataRatio	Fit*_N	Fit*_S	Fit_Ratio
0	0.0	0.0	inf	0.0	0.0	inf
1	14.5	10.6	0.731	9.4	8.8	0.9299
2	4.3	2.8	0.6512	4.7	3.3	0.7054
3	2.0	1.5	0.75	3.1	1.7	0.5347
4	1.3	1.0	0.7692	2.4	1.0	0.4051
5	1.1	0.7	0.6364	1.9	0.6	0.3068
6	1.0	0.5	0.5	1.6	0.4	0.2324
7	1.0	0.4	0.4	1.3	0.2	0.1763
8	1.1	0.2	0.1818	1.2	0.2	0.1339
9	1.1	0.1	0.09091	1.0	0.1	0.1019
10	1.1	0.1	0.09091	0.9	0.1	0.07787
11	0.9	0.0	0	0.9	0.1	0.05976
12	0.7	0.0	0	0.8	0.0	0.04613
13	0.4	0.0	0	0.7	0.0	0.03587
14	0.1	0.0	0	0.7	0.0	0.02813

Time taken: 0 hours, 18 minutes, 57.27 seconds
