SF_Ratios.py   @Jody Hey 2024
=============================
Command line: -d fixed2Ns -f unfolded -i 3 -u -p 1kG_ctG-ctA -a /home/haruto/Lab-Work/Document/SFS/FlankingBases/syn_codon/single/1kG/1kG_vep_pickorder_flanking_syn_codon_ctG-ctA_down_15 -r /home/haruto/Lab-Work/Document/SF_Ratios/FlankingBases/syn_codon/1kG
Arguments:
	sfsfilename: /home/haruto/Lab-Work/Document/SFS/FlankingBases/syn_codon/single/1kG/1kG_vep_pickorder_flanking_syn_codon_ctG-ctA_down_15
	fix_theta_ratio: None
	densityof2Ns: fixed2Ns
	foldstatus: unfolded
	basinhoppingopt: False
	optimizetries: 3
	setmax2Ns: 0
	maxi: None
	poplabel: 1kG_ctG-ctA
	estimatemax2Ns: False
	outdir: /home/haruto/Lab-Work/Document/SF_Ratios/FlankingBases/syn_codon/1kG
	dualannealopt: True
	estimate_pointmass: False
	filecheck: False
	estimate_pointmass0: False
	commandstring: -d fixed2Ns -f unfolded -i 3 -u -p 1kG_ctG-ctA -a /home/haruto/Lab-Work/Document/SFS/FlankingBases/syn_codon/single/1kG/1kG_vep_pickorder_flanking_syn_codon_ctG-ctA_down_15 -r /home/haruto/Lab-Work/Document/SF_Ratios/FlankingBases/syn_codon/1kG
	fixmode0: False
	thetaNspacerange: 100
	profile: False
	estimate_both_thetas: False
	includemisspec: False
	dofolded: False
	nc: 15
	datafileheader: intergenic_variant
	numparams: 2
	local_optimize_method: Nelder-Mead

trial	likelihood	thetaratio	2Ns	optimizer_message
0	111.62650	9.53245e-01 -1.17506e+00	Optimization terminated successfully.
1	111.62650	9.53281e-01 -1.17509e+00	Optimization terminated successfully.
2	111.62650	9.53281e-01 -1.17512e+00	Optimization terminated successfully.
DA1	111.62650	9.53268e-01 -1.17510e+00	['Maximum number of iteration reached']
DA2	111.62650	9.53268e-01 -1.17510e+00	['Maximum number of iteration reached']

Optimization: Dualannealing1
Maximized Likelihood, AIC, Parameter Estimates, 95% Confidence Intervals:
AIC	-219.253
likelihood	111.626
thetaratio	0.9533	(0.8758 - 1.0492)
2Ns	-1.1751	(-1.352 - -0.99647)

Compare data and optimization estimates
	Euclidean Distance: 0.2654 RMSE: 0.07093
	*Expected counts generated with Wright-Fisher theta estimates (SF_Ratios does not provide theta estimates)
--------------------------------------------------------------------------------------------------------------
i	DataN	DataS	DataRatio	Fit*_N	Fit*_S	Fit_Ratio
0	0.0	0.0	inf	0.0	0.0	inf
1	153.4	122.4	0.7979	101.2	87.8	0.8673
2	49.3	38.0	0.7708	50.6	40.0	0.7896
3	29.1	23.7	0.8144	33.7	24.3	0.7194
4	20.8	16.7	0.8029	25.3	16.6	0.656
5	16.2	11.6	0.716	20.2	12.1	0.5987
6	13.1	8.0	0.6107	16.9	9.2	0.5469
7	10.8	5.7	0.5278	14.5	7.2	0.5001
8	8.9	4.3	0.4831	12.7	5.8	0.4578
9	7.4	3.2	0.4324	11.2	4.7	0.4196
10	6.2	2.2	0.3548	10.1	3.9	0.3849
11	5.1	1.5	0.2941	9.2	3.3	0.3536
12	4.0	1.1	0.275	8.4	2.7	0.3253
13	2.8	0.7	0.25	7.8	2.3	0.2996
14	2.0	0.4	0.2	7.2	2.0	0.2763

Time taken: 0 hours, 11 minutes, 35.79 seconds
