SF_Ratios.py   @Jody Hey 2024
=============================
Command line: -d fixed2Ns -f unfolded -i 3 -u -p 1kG_caG-caA -a /home/haruto/Lab-Work/Document/SFS/FlankingBases/syn_codon/single/1kG/1kG_vep_pickorder_flanking_syn_codon_caG-caA_down_15 -r /home/haruto/Lab-Work/Document/SF_Ratios/FlankingBases/syn_codon/1kG
Arguments:
	sfsfilename: /home/haruto/Lab-Work/Document/SFS/FlankingBases/syn_codon/single/1kG/1kG_vep_pickorder_flanking_syn_codon_caG-caA_down_15
	fix_theta_ratio: None
	densityof2Ns: fixed2Ns
	foldstatus: unfolded
	basinhoppingopt: False
	optimizetries: 3
	setmax2Ns: 0
	maxi: None
	poplabel: 1kG_caG-caA
	estimatemax2Ns: False
	outdir: /home/haruto/Lab-Work/Document/SF_Ratios/FlankingBases/syn_codon/1kG
	dualannealopt: True
	estimate_pointmass: False
	filecheck: False
	estimate_pointmass0: False
	commandstring: -d fixed2Ns -f unfolded -i 3 -u -p 1kG_caG-caA -a /home/haruto/Lab-Work/Document/SFS/FlankingBases/syn_codon/single/1kG/1kG_vep_pickorder_flanking_syn_codon_caG-caA_down_15 -r /home/haruto/Lab-Work/Document/SF_Ratios/FlankingBases/syn_codon/1kG
	fixmode0: False
	thetaNspacerange: 100
	profile: False
	estimate_both_thetas: False
	includemisspec: False
	dofolded: False
	nc: 15
	datafileheader: intergenic_variant
	numparams: 2
	local_optimize_method: Nelder-Mead

trial	likelihood	thetaratio	2Ns	optimizer_message
0	101.38733	8.46475e-01 1.63631e-01	Optimization terminated successfully.
1	101.38733	8.46477e-01 1.63652e-01	Optimization terminated successfully.
2	101.38733	8.46479e-01 1.63635e-01	Optimization terminated successfully.
DA1	101.38733	8.46484e-01 1.63597e-01	['Maximum number of iteration reached']
DA2	101.38733	8.46485e-01 1.63595e-01	['Maximum number of iteration reached']

Optimization: Dualannealing2
Maximized Likelihood, AIC, Parameter Estimates, 95% Confidence Intervals:
AIC	-198.775
likelihood	101.387
thetaratio	0.8465	(0.7817 - 0.9167)
2Ns	0.16359	(-0.078483 - 0.42169)

Compare data and optimization estimates
	Euclidean Distance: 0.4975 RMSE: 0.13296
	*Expected counts generated with Wright-Fisher theta estimates (SF_Ratios does not provide theta estimates)
--------------------------------------------------------------------------------------------------------------
i	DataN	DataS	DataRatio	Fit*_N	Fit*_S	Fit_Ratio
0	0.0	0.0	inf	0.0	0.0	inf
1	124.3	101.4	0.8158	76.6	65.5	0.8548
2	36.1	32.2	0.892	38.3	33.1	0.8632
3	20.3	19.2	0.9458	25.5	22.3	0.8717
4	14.8	13.8	0.9324	19.2	16.9	0.8803
5	12.1	10.6	0.876	15.3	13.6	0.889
6	10.0	8.3	0.83	12.8	11.5	0.8978
7	8.2	6.8	0.8293	10.9	9.9	0.9067
8	6.6	5.8	0.8788	9.6	8.8	0.9158
9	5.2	5.1	0.9808	8.5	7.9	0.925
10	4.1	4.3	1.049	7.7	7.2	0.9343
11	3.0	3.2	1.067	7.0	6.6	0.9437
12	2.0	2.1	1.05	6.4	6.1	0.9532
13	1.3	1.2	0.9231	5.9	5.7	0.9628
14	1.1	0.6	0.5455	5.5	5.3	0.9726

Time taken: 0 hours, 9 minutes, 19.75 seconds
