SF_Ratios.py   @Jody Hey 2024
=============================
Command line: -d fixed2Ns -f unfolded -i 3 -u -p 1kG_cgT-cgC -a /home/haruto/Lab-Work/Document/SFS/FlankingBases/syn_codon/single/1kG/1kG_vep_pickorder_flanking_syn_codon_cgT-cgC_down_15 -r /home/haruto/Lab-Work/Document/SF_Ratios/FlankingBases/syn_codon/1kG
Arguments:
	sfsfilename: /home/haruto/Lab-Work/Document/SFS/FlankingBases/syn_codon/single/1kG/1kG_vep_pickorder_flanking_syn_codon_cgT-cgC_down_15
	fix_theta_ratio: None
	densityof2Ns: fixed2Ns
	foldstatus: unfolded
	basinhoppingopt: False
	optimizetries: 3
	setmax2Ns: 0
	maxi: None
	poplabel: 1kG_cgT-cgC
	estimatemax2Ns: False
	outdir: /home/haruto/Lab-Work/Document/SF_Ratios/FlankingBases/syn_codon/1kG
	dualannealopt: True
	estimate_pointmass: False
	filecheck: False
	estimate_pointmass0: False
	commandstring: -d fixed2Ns -f unfolded -i 3 -u -p 1kG_cgT-cgC -a /home/haruto/Lab-Work/Document/SFS/FlankingBases/syn_codon/single/1kG/1kG_vep_pickorder_flanking_syn_codon_cgT-cgC_down_15 -r /home/haruto/Lab-Work/Document/SF_Ratios/FlankingBases/syn_codon/1kG
	fixmode0: False
	thetaNspacerange: 100
	profile: False
	estimate_both_thetas: False
	includemisspec: False
	dofolded: False
	nc: 15
	datafileheader: intergenic_variant
	numparams: 2
	local_optimize_method: Nelder-Mead

trial	likelihood	thetaratio	2Ns	optimizer_message
0	61.62057	5.53184e-01 1.58111e-01	Optimization terminated successfully.
1	61.62057	5.53181e-01 1.58117e-01	Optimization terminated successfully.
2	61.62057	5.53188e-01 1.58097e-01	Optimization terminated successfully.
DA1	61.62057	5.53183e-01 1.58133e-01	['Maximum number of iteration reached']
DA2	61.62057	5.53182e-01 1.58139e-01	['Maximum number of iteration reached']

Optimization: Dualannealing1
Maximized Likelihood, AIC, Parameter Estimates, 95% Confidence Intervals:
AIC	-119.241
likelihood	61.621
thetaratio	0.5532	(0.4156 - 0.7084)
2Ns	0.15813	(-0.5571 - 1.0582)

Compare data and optimization estimates
	Euclidean Distance: 1.0583 RMSE: 0.28283
	*Expected counts generated with Wright-Fisher theta estimates (SF_Ratios does not provide theta estimates)
--------------------------------------------------------------------------------------------------------------
i	DataN	DataS	DataRatio	Fit*_N	Fit*_S	Fit_Ratio
0	0.0	0.0	inf	0.0	0.0	inf
1	11.2	8.1	0.7232	9.4	5.3	0.5584
2	4.3	2.2	0.5116	4.7	2.7	0.5637
3	3.1	1.4	0.4516	3.1	1.8	0.5691
4	2.7	1.3	0.4815	2.4	1.4	0.5745
5	2.3	1.2	0.5217	1.9	1.1	0.58
6	1.9	1.0	0.5263	1.6	0.9	0.5856
7	1.5	0.7	0.4667	1.3	0.8	0.5913
8	1.1	0.5	0.4545	1.2	0.7	0.597
9	0.8	0.3	0.375	1.0	0.6	0.6028
10	0.5	0.2	0.4	0.9	0.6	0.6086
11	0.3	0.2	0.6667	0.9	0.5	0.6145
12	0.2	0.3	1.5	0.8	0.5	0.6205
13	0.3	0.3	1	0.7	0.5	0.6266
14	0.4	0.3	0.75	0.7	0.4	0.6327

Time taken: 0 hours, 9 minutes, 39.70 seconds
