SF_Ratios.py   @Jody Hey 2024
=============================
Command line: -d fixed2Ns -f unfolded -i 3 -u -r /home/haruto/Lab-Work/Document/SF_Ratios/FlankingBases/syn_codon/1kG -a /home/haruto/Lab-Work/Document/SFS/FlankingBases/syn_codon/single/1kG/1kG_vep_pickorder_flanking_syn_codon_gtG-gtT_down_15 -p 1kG_gtG-gtT
Arguments:
	sfsfilename: /home/haruto/Lab-Work/Document/SFS/FlankingBases/syn_codon/single/1kG/1kG_vep_pickorder_flanking_syn_codon_gtG-gtT_down_15
	fix_theta_ratio: None
	densityof2Ns: fixed2Ns
	foldstatus: unfolded
	basinhoppingopt: False
	optimizetries: 3
	setmax2Ns: 0
	maxi: None
	poplabel: 1kG_gtG-gtT
	estimatemax2Ns: False
	outdir: /home/haruto/Lab-Work/Document/SF_Ratios/FlankingBases/syn_codon/1kG
	dualannealopt: True
	estimate_pointmass: False
	filecheck: False
	estimate_pointmass0: False
	commandstring: -d fixed2Ns -f unfolded -i 3 -u -r /home/haruto/Lab-Work/Document/SF_Ratios/FlankingBases/syn_codon/1kG -a /home/haruto/Lab-Work/Document/SFS/FlankingBases/syn_codon/single/1kG/1kG_vep_pickorder_flanking_syn_codon_gtG-gtT_down_15 -p 1kG_gtG-gtT
	fixmode0: False
	thetaNspacerange: 100
	profile: False
	estimate_both_thetas: False
	includemisspec: False
	dofolded: False
	nc: 15
	datafileheader: intergenic_variant
	numparams: 2
	local_optimize_method: Nelder-Mead

trial	likelihood	thetaratio	2Ns	optimizer_message
0	67.33941	3.87950e-01 8.85818e-01	Optimization terminated successfully.
1	67.33941	3.87951e-01 8.85793e-01	Optimization terminated successfully.
2	67.33941	3.87952e-01 8.85810e-01	Optimization terminated successfully.
DA1	67.33941	3.87950e-01 8.85845e-01	['Maximum number of iteration reached']
DA2	67.33941	3.87949e-01 8.85852e-01	['Maximum number of iteration reached']

Optimization: Dualannealing1
Maximized Likelihood, AIC, Parameter Estimates, 95% Confidence Intervals:
AIC	-130.679
likelihood	67.339
thetaratio	0.3879	(0.2828 - 0.5203)
2Ns	0.88585	(0.040631 - 2.2092)

Compare data and optimization estimates
	Euclidean Distance: 1.2246 RMSE: 0.32729
	*Expected counts generated with Wright-Fisher theta estimates (SF_Ratios does not provide theta estimates)
--------------------------------------------------------------------------------------------------------------
i	DataN	DataS	DataRatio	Fit*_N	Fit*_S	Fit_Ratio
0	0.0	0.0	inf	0.0	0.0	inf
1	25.9	24.2	0.9344	20.1	8.1	0.4044
2	10.9	6.8	0.6239	10.0	4.2	0.4218
3	8.0	3.0	0.375	6.7	2.9	0.4404
4	6.1	1.7	0.2787	5.0	2.3	0.4601
5	4.4	1.1	0.25	4.0	1.9	0.4811
6	3.1	0.8	0.2581	3.3	1.7	0.5035
7	2.1	0.7	0.3333	2.9	1.5	0.5273
8	1.4	0.7	0.5	2.5	1.4	0.5527
9	1.0	0.7	0.7	2.2	1.3	0.5798
10	0.7	0.7	1	2.0	1.2	0.6087
11	0.5	0.6	1.2	1.8	1.2	0.6395
12	0.4	0.5	1.25	1.7	1.1	0.6724
13	0.4	0.3	0.75	1.5	1.1	0.7076
14	0.3	0.1	0.3333	1.4	1.1	0.7451

Time taken: 0 hours, 20 minutes, 43.83 seconds
