SF_Ratios.py   @Jody Hey 2024
=============================
Command line: -d fixed2Ns -f unfolded -i 3 -u -r /home/haruto/Lab-Work/Document/SF_Ratios/FlankingBases/syn_codon/1kG -a /home/haruto/Lab-Work/Document/SFS/FlankingBases/syn_codon/single/1kG/1kG_vep_pickorder_flanking_syn_codon_gcT-gcC_down_15 -p 1kG_gcT-gcC
Arguments:
	sfsfilename: /home/haruto/Lab-Work/Document/SFS/FlankingBases/syn_codon/single/1kG/1kG_vep_pickorder_flanking_syn_codon_gcT-gcC_down_15
	fix_theta_ratio: None
	densityof2Ns: fixed2Ns
	foldstatus: unfolded
	basinhoppingopt: False
	optimizetries: 3
	setmax2Ns: 0
	maxi: None
	poplabel: 1kG_gcT-gcC
	estimatemax2Ns: False
	outdir: /home/haruto/Lab-Work/Document/SF_Ratios/FlankingBases/syn_codon/1kG
	dualannealopt: True
	estimate_pointmass: False
	filecheck: False
	estimate_pointmass0: False
	commandstring: -d fixed2Ns -f unfolded -i 3 -u -r /home/haruto/Lab-Work/Document/SF_Ratios/FlankingBases/syn_codon/1kG -a /home/haruto/Lab-Work/Document/SFS/FlankingBases/syn_codon/single/1kG/1kG_vep_pickorder_flanking_syn_codon_gcT-gcC_down_15 -p 1kG_gcT-gcC
	fixmode0: False
	thetaNspacerange: 100
	profile: False
	estimate_both_thetas: False
	includemisspec: False
	dofolded: False
	nc: 15
	datafileheader: intergenic_variant
	numparams: 2
	local_optimize_method: Nelder-Mead

trial	likelihood	thetaratio	2Ns	optimizer_message
0	92.83402	7.21760e-01 -3.57673e-01	Optimization terminated successfully.
1	92.83402	7.21762e-01 -3.57725e-01	Optimization terminated successfully.
2	92.83402	7.21730e-01 -3.57647e-01	Optimization terminated successfully.
DA1	92.83402	7.21752e-01 -3.57687e-01	['Maximum number of iteration reached']
DA2	92.83402	7.21752e-01 -3.57690e-01	['Maximum number of iteration reached']

Optimization: Dualannealing2
Maximized Likelihood, AIC, Parameter Estimates, 95% Confidence Intervals:
AIC	-181.668
likelihood	92.834
thetaratio	0.7218	(0.6404 - 0.8082)
2Ns	-0.35769	(-0.65916 - -0.044064)

Compare data and optimization estimates
	Euclidean Distance: 0.4191 RMSE: 0.11200
	*Expected counts generated with Wright-Fisher theta estimates (SF_Ratios does not provide theta estimates)
--------------------------------------------------------------------------------------------------------------
i	DataN	DataS	DataRatio	Fit*_N	Fit*_S	Fit_Ratio
0	0.0	0.0	inf	0.0	0.0	inf
1	54.6	39.8	0.7289	41.1	28.9	0.7042
2	19.4	12.1	0.6237	20.5	14.1	0.6872
3	11.8	8.0	0.678	13.7	9.2	0.6707
4	8.9	6.3	0.7079	10.3	6.7	0.6546
5	7.7	5.1	0.6623	8.2	5.3	0.639
6	7.0	3.9	0.5571	6.8	4.3	0.6239
7	6.2	3.1	0.5	5.9	3.6	0.6091
8	5.1	2.6	0.5098	5.1	3.1	0.5948
9	4.1	2.3	0.561	4.6	2.7	0.5809
10	3.1	2.1	0.6774	4.1	2.3	0.5674
11	2.3	1.7	0.7391	3.7	2.1	0.5543
12	1.6	1.2	0.75	3.4	1.9	0.5416
13	1.1	0.6	0.5455	3.2	1.7	0.5292
14	0.7	0.2	0.2857	2.9	1.5	0.5172

Time taken: 0 hours, 21 minutes, 3.92 seconds
