SF_Ratios.py   @Jody Hey 2024
=============================
Command line: -d fixed2Ns -f unfolded -i 3 -u -p 1kG_acA-acC -a /home/haruto/Lab-Work/Document/SFS/FlankingBases/syn_codon/single/1kG/1kG_vep_pickorder_flanking_syn_codon_acA-acC_down_15 -r /home/haruto/Lab-Work/Document/SF_Ratios/FlankingBases/syn_codon/1kG
Arguments:
	sfsfilename: /home/haruto/Lab-Work/Document/SFS/FlankingBases/syn_codon/single/1kG/1kG_vep_pickorder_flanking_syn_codon_acA-acC_down_15
	fix_theta_ratio: None
	densityof2Ns: fixed2Ns
	foldstatus: unfolded
	basinhoppingopt: False
	optimizetries: 3
	setmax2Ns: 0
	maxi: None
	poplabel: 1kG_acA-acC
	estimatemax2Ns: False
	outdir: /home/haruto/Lab-Work/Document/SF_Ratios/FlankingBases/syn_codon/1kG
	dualannealopt: True
	estimate_pointmass: False
	filecheck: False
	estimate_pointmass0: False
	commandstring: -d fixed2Ns -f unfolded -i 3 -u -p 1kG_acA-acC -a /home/haruto/Lab-Work/Document/SFS/FlankingBases/syn_codon/single/1kG/1kG_vep_pickorder_flanking_syn_codon_acA-acC_down_15 -r /home/haruto/Lab-Work/Document/SF_Ratios/FlankingBases/syn_codon/1kG
	fixmode0: False
	thetaNspacerange: 100
	profile: False
	estimate_both_thetas: False
	includemisspec: False
	dofolded: False
	nc: 15
	datafileheader: intergenic_variant
	numparams: 2
	local_optimize_method: Nelder-Mead

trial	likelihood	thetaratio	2Ns	optimizer_message
0	75.34089	7.16151e-01 -3.34298e-01	Optimization terminated successfully.
1	75.34089	7.16168e-01 -3.34296e-01	Optimization terminated successfully.
2	75.34089	7.16161e-01 -3.34285e-01	Optimization terminated successfully.
DA1	75.34089	7.16157e-01 -3.34292e-01	['Maximum number of iteration reached']
DA2	75.34089	7.16157e-01 -3.34291e-01	['Maximum number of iteration reached']

Optimization: Dualannealing2
Maximized Likelihood, AIC, Parameter Estimates, 95% Confidence Intervals:
AIC	-146.682
likelihood	75.341
thetaratio	0.7162	(0.5962 - 0.8500)
2Ns	-0.33429	(-0.77332 - 0.13088)

Compare data and optimization estimates
	Euclidean Distance: 0.4209 RMSE: 0.11249
	*Expected counts generated with Wright-Fisher theta estimates (SF_Ratios does not provide theta estimates)
--------------------------------------------------------------------------------------------------------------
i	DataN	DataS	DataRatio	Fit*_N	Fit*_S	Fit_Ratio
0	0.0	0.0	inf	0.0	0.0	inf
1	24.6	16.9	0.687	16.9	11.8	0.7
2	7.6	5.6	0.7368	8.4	5.8	0.6842
3	3.9	3.1	0.7949	5.6	3.8	0.6689
4	2.8	1.9	0.6786	4.2	2.8	0.654
5	2.5	1.4	0.56	3.4	2.2	0.6395
6	2.4	1.2	0.5	2.8	1.8	0.6254
7	2.3	1.0	0.4348	2.4	1.5	0.6116
8	2.1	0.9	0.4286	2.1	1.3	0.5983
9	1.9	0.9	0.4737	1.9	1.1	0.5852
10	1.6	0.9	0.5625	1.7	1.0	0.5726
11	1.3	0.8	0.6154	1.5	0.9	0.5602
12	1.0	0.7	0.7	1.4	0.8	0.5482
13	0.6	0.4	0.6667	1.3	0.7	0.5365
14	0.3	0.2	0.6667	1.2	0.6	0.5251

Time taken: 0 hours, 9 minutes, 13.73 seconds
