SF_Ratios.py   @Jody Hey 2024
=============================
Command line: -d fixed2Ns -f unfolded -i 3 -u -p 1kG_cgG-cgT -a /home/haruto/Lab-Work/Document/SFS/FlankingBases/syn_codon/single/1kG/1kG_vep_pickorder_flanking_syn_codon_cgG-cgT_down_15 -r /home/haruto/Lab-Work/Document/SF_Ratios/FlankingBases/syn_codon/1kG
Arguments:
	sfsfilename: /home/haruto/Lab-Work/Document/SFS/FlankingBases/syn_codon/single/1kG/1kG_vep_pickorder_flanking_syn_codon_cgG-cgT_down_15
	fix_theta_ratio: None
	densityof2Ns: fixed2Ns
	foldstatus: unfolded
	basinhoppingopt: False
	optimizetries: 3
	setmax2Ns: 0
	maxi: None
	poplabel: 1kG_cgG-cgT
	estimatemax2Ns: False
	outdir: /home/haruto/Lab-Work/Document/SF_Ratios/FlankingBases/syn_codon/1kG
	dualannealopt: True
	estimate_pointmass: False
	filecheck: False
	estimate_pointmass0: False
	commandstring: -d fixed2Ns -f unfolded -i 3 -u -p 1kG_cgG-cgT -a /home/haruto/Lab-Work/Document/SFS/FlankingBases/syn_codon/single/1kG/1kG_vep_pickorder_flanking_syn_codon_cgG-cgT_down_15 -r /home/haruto/Lab-Work/Document/SF_Ratios/FlankingBases/syn_codon/1kG
	fixmode0: False
	thetaNspacerange: 100
	profile: False
	estimate_both_thetas: False
	includemisspec: False
	dofolded: False
	nc: 15
	datafileheader: intergenic_variant
	numparams: 2
	local_optimize_method: Nelder-Mead

trial	likelihood	thetaratio	2Ns	optimizer_message
0	191.77186	7.81915e+00 -1.00000e+03	Optimization terminated successfully.
1	191.77186	7.81915e+00 -1.00000e+03	Optimization terminated successfully.
2	191.77186	7.81915e+00 -1.00000e+03	Optimization terminated successfully.
DA1	191.77186	7.81915e+00 -1.00000e+03	['Maximum number of iteration reached']
DA2	191.77186	7.81915e+00 -1.00000e+03	['Maximum number of iteration reached']

Optimization: Dualannealing2
Maximized Likelihood, AIC, Parameter Estimates, 95% Confidence Intervals:
AIC	-379.544
likelihood	191.772
thetaratio	7.8191	(nan - nan)
2Ns	-1000	(nan - -922.51)

Compare data and optimization estimates
	Euclidean Distance: 1.0642 RMSE: 0.28441
	*Expected counts generated with Wright-Fisher theta estimates (SF_Ratios does not provide theta estimates)
--------------------------------------------------------------------------------------------------------------
i	DataN	DataS	DataRatio	Fit*_N	Fit*_S	Fit_Ratio
0	0.0	0.0	inf	0.0	0.0	inf
1	14.0	9.3	0.6643	11.6	0.7	0.05826
2	5.1	2.4	0.4706	5.8	0.0	0.0004056
3	2.8	1.4	0.5	3.9	0.0	2.625e-06
4	1.9	0.8	0.4211	2.9	0.0	1.569e-08
5	1.6	0.5	0.3125	2.3	0.0	8.61e-11
6	1.6	0.2	0.125	1.9	0.0	4.298e-13
7	1.7	0.1	0.05882	1.7	0.0	1.933e-15
8	1.9	0.0	0	1.4	0.0	7.737e-18
9	2.0	0.0	0	1.3	0.0	2.712e-20
10	1.8	0.0	0	1.2	0.0	8.156e-23
11	1.3	0.0	0	1.1	0.0	2.046e-25
12	0.9	0.0	0	1.0	0.0	4.111e-28
13	0.6	0.0	0	0.9	0.0	6.2e-31
14	0.4	0.0	0	0.8	0.0	6.241e-34

Time taken: 0 hours, 19 minutes, 31.64 seconds
