SF_Ratios.py   @Jody Hey 2024
=============================
Command line: -d fixed2Ns -f unfolded -i 3 -u -p 1kG_ctC-ctA -a /home/haruto/Lab-Work/Document/SFS/FlankingBases/syn_codon/single/1kG/1kG_vep_pickorder_flanking_syn_codon_ctC-ctA_down_15 -r /home/haruto/Lab-Work/Document/SF_Ratios/FlankingBases/syn_codon/1kG
Arguments:
	sfsfilename: /home/haruto/Lab-Work/Document/SFS/FlankingBases/syn_codon/single/1kG/1kG_vep_pickorder_flanking_syn_codon_ctC-ctA_down_15
	fix_theta_ratio: None
	densityof2Ns: fixed2Ns
	foldstatus: unfolded
	basinhoppingopt: False
	optimizetries: 3
	setmax2Ns: 0
	maxi: None
	poplabel: 1kG_ctC-ctA
	estimatemax2Ns: False
	outdir: /home/haruto/Lab-Work/Document/SF_Ratios/FlankingBases/syn_codon/1kG
	dualannealopt: True
	estimate_pointmass: False
	filecheck: False
	estimate_pointmass0: False
	commandstring: -d fixed2Ns -f unfolded -i 3 -u -p 1kG_ctC-ctA -a /home/haruto/Lab-Work/Document/SFS/FlankingBases/syn_codon/single/1kG/1kG_vep_pickorder_flanking_syn_codon_ctC-ctA_down_15 -r /home/haruto/Lab-Work/Document/SF_Ratios/FlankingBases/syn_codon/1kG
	fixmode0: False
	thetaNspacerange: 100
	profile: False
	estimate_both_thetas: False
	includemisspec: False
	dofolded: False
	nc: 15
	datafileheader: intergenic_variant
	numparams: 2
	local_optimize_method: Nelder-Mead

trial	likelihood	thetaratio	2Ns	optimizer_message
0	41.92557	7.18601e-01 1.00000e+03	Optimization terminated successfully.
1	41.92557	7.18599e-01 1.00000e+03	Optimization terminated successfully.
2	41.92557	7.18597e-01 1.00000e+03	Optimization terminated successfully.
DA1	41.92557	7.18597e-01 9.65077e+02	['Maximum number of iteration reached']
DA2	41.92557	7.18597e-01 6.57800e+02	['Maximum number of iteration reached']

Optimization: Optimize
Maximized Likelihood, AIC, Parameter Estimates, 95% Confidence Intervals:
AIC	-79.851
likelihood	41.926
thetaratio	0.7186	(0.5797 - 0.8895)
2Ns	1000	(2.3442 - nan)

Compare data and optimization estimates
	Euclidean Distance: inf RMSE: inf
	*Expected counts generated with Wright-Fisher theta estimates (SF_Ratios does not provide theta estimates)
--------------------------------------------------------------------------------------------------------------
i	DataN	DataS	DataRatio	Fit*_N	Fit*_S	Fit_Ratio
0	0.0	0.0	inf	0.0	0.0	inf
1	18.4	12.7	0.6902	11.3	8.7	0.7699
2	6.4	4.4	0.6875	5.7	4.7	0.8292
3	4.0	3.2	0.8	3.8	3.4	0.8982
4	2.9	2.6	0.8966	2.8	2.8	0.9799
5	2.0	1.9	0.95	2.3	2.4	1.078
6	1.3	1.4	1.077	1.9	2.3	1.198
7	0.8	1.1	1.375	1.6	2.2	1.347
8	0.5	1.0	2	1.4	2.2	1.54
9	0.3	1.0	3.333	1.3	2.3	1.796
10	0.2	0.9	4.5	1.1	2.4	2.156
11	0.1	0.7	7	1.0	2.8	2.695
12	0.0	0.4	inf	0.9	3.4	3.593
13	0.0	0.2	inf	0.9	4.7	5.389
14	0.0	0.1	inf	0.8	8.7	10.7

Time taken: 0 hours, 14 minutes, 30.99 seconds
