SF_Ratios.py   @Jody Hey 2024
=============================
Command line: -d fixed2Ns -f unfolded -i 3 -u -p 1kG_gcG-gcA -a /home/haruto/Lab-Work/Document/SFS/FlankingBases/syn_codon/single/1kG/1kG_vep_pickorder_flanking_syn_codon_gcG-gcA_down_15 -r /home/haruto/Lab-Work/Document/SF_Ratios/FlankingBases/syn_codon/1kG
Arguments:
	sfsfilename: /home/haruto/Lab-Work/Document/SFS/FlankingBases/syn_codon/single/1kG/1kG_vep_pickorder_flanking_syn_codon_gcG-gcA_down_15
	fix_theta_ratio: None
	densityof2Ns: fixed2Ns
	foldstatus: unfolded
	basinhoppingopt: False
	optimizetries: 3
	setmax2Ns: 0
	maxi: None
	poplabel: 1kG_gcG-gcA
	estimatemax2Ns: False
	outdir: /home/haruto/Lab-Work/Document/SF_Ratios/FlankingBases/syn_codon/1kG
	dualannealopt: True
	estimate_pointmass: False
	filecheck: False
	estimate_pointmass0: False
	commandstring: -d fixed2Ns -f unfolded -i 3 -u -p 1kG_gcG-gcA -a /home/haruto/Lab-Work/Document/SFS/FlankingBases/syn_codon/single/1kG/1kG_vep_pickorder_flanking_syn_codon_gcG-gcA_down_15 -r /home/haruto/Lab-Work/Document/SF_Ratios/FlankingBases/syn_codon/1kG
	fixmode0: False
	thetaNspacerange: 100
	profile: False
	estimate_both_thetas: False
	includemisspec: False
	dofolded: False
	nc: 15
	datafileheader: intergenic_variant
	numparams: 2
	local_optimize_method: Nelder-Mead

trial	likelihood	thetaratio	2Ns	optimizer_message
0	117.69868	6.13211e-01 4.45572e-01	Optimization terminated successfully.
1	117.69868	6.13204e-01 4.45622e-01	Optimization terminated successfully.
2	117.69868	6.13183e-01 4.45696e-01	Optimization terminated successfully.
DA1	117.69866	6.12990e-01 4.46129e-01	['Maximum number of iteration reached']
DA2	117.47960	6.44772e-01 2.96509e-01	['Maximum number of iteration reached']

Optimization: Optimize
Maximized Likelihood, AIC, Parameter Estimates, 95% Confidence Intervals:
AIC	-231.397
likelihood	117.699
thetaratio	0.6132	(0.5739 - 0.6562)
2Ns	0.4457	(0.24759 - 0.65939)

Compare data and optimization estimates
	Euclidean Distance: 0.5322 RMSE: 0.14223
	*Expected counts generated with Wright-Fisher theta estimates (SF_Ratios does not provide theta estimates)
--------------------------------------------------------------------------------------------------------------
i	DataN	DataS	DataRatio	Fit*_N	Fit*_S	Fit_Ratio
0	0.0	0.0	inf	0.0	0.0	inf
1	286.1	216.2	0.7557	195.1	122.6	0.6282
2	99.6	65.8	0.6606	97.5	62.8	0.6438
3	62.4	39.9	0.6394	65.0	42.9	0.6599
4	45.5	29.1	0.6396	48.8	33.0	0.6765
5	35.0	22.7	0.6486	39.0	27.1	0.6937
6	27.6	18.4	0.6667	32.5	23.1	0.7115
7	21.6	15.0	0.6944	27.9	20.3	0.7299
8	16.8	12.1	0.7202	24.4	18.3	0.7489
9	12.9	9.5	0.7364	21.7	16.7	0.7686
10	9.7	7.2	0.7423	19.5	15.4	0.7889
11	7.2	5.4	0.75	17.7	14.4	0.8099
12	5.0	4.2	0.84	16.3	13.5	0.8317
13	3.1	3.3	1.065	15.0	12.8	0.8542
14	1.8	2.4	1.333	13.9	12.2	0.8775

Time taken: 0 hours, 20 minutes, 48.18 seconds
