SF_Ratios.py   @Jody Hey 2024
=============================
Command line: -d fixed2Ns -f unfolded -i 3 -u -p 1kG_cgC-cgA -a /home/haruto/Lab-Work/Document/SFS/FlankingBases/syn_codon/single/1kG/1kG_vep_pickorder_flanking_syn_codon_cgC-cgA_down_15 -r /home/haruto/Lab-Work/Document/SF_Ratios/FlankingBases/syn_codon/1kG
Arguments:
	sfsfilename: /home/haruto/Lab-Work/Document/SFS/FlankingBases/syn_codon/single/1kG/1kG_vep_pickorder_flanking_syn_codon_cgC-cgA_down_15
	fix_theta_ratio: None
	densityof2Ns: fixed2Ns
	foldstatus: unfolded
	basinhoppingopt: False
	optimizetries: 3
	setmax2Ns: 0
	maxi: None
	poplabel: 1kG_cgC-cgA
	estimatemax2Ns: False
	outdir: /home/haruto/Lab-Work/Document/SF_Ratios/FlankingBases/syn_codon/1kG
	dualannealopt: True
	estimate_pointmass: False
	filecheck: False
	estimate_pointmass0: False
	commandstring: -d fixed2Ns -f unfolded -i 3 -u -p 1kG_cgC-cgA -a /home/haruto/Lab-Work/Document/SFS/FlankingBases/syn_codon/single/1kG/1kG_vep_pickorder_flanking_syn_codon_cgC-cgA_down_15 -r /home/haruto/Lab-Work/Document/SF_Ratios/FlankingBases/syn_codon/1kG
	fixmode0: False
	thetaNspacerange: 100
	profile: False
	estimate_both_thetas: False
	includemisspec: False
	dofolded: False
	nc: 15
	datafileheader: intergenic_variant
	numparams: 2
	local_optimize_method: Nelder-Mead

trial	likelihood	thetaratio	2Ns	optimizer_message
0	47.84040	5.70234e-01 3.10973e+00	Optimization terminated successfully.
1	47.84040	5.70237e-01 3.10964e+00	Optimization terminated successfully.
2	47.84040	5.70235e-01 3.10972e+00	Optimization terminated successfully.
DA1	47.84040	5.70233e-01 3.10974e+00	['Maximum number of iteration reached']
DA2	47.84040	5.70235e-01 3.10973e+00	['Maximum number of iteration reached']

Optimization: Optimize
Maximized Likelihood, AIC, Parameter Estimates, 95% Confidence Intervals:
AIC	-91.681
likelihood	47.840
thetaratio	0.5702	(0.4235 - 0.7419)
2Ns	3.1097	(1.0565 - 17.872)

Compare data and optimization estimates
	Euclidean Distance: 1.5944 RMSE: 0.42611
	*Expected counts generated with Wright-Fisher theta estimates (SF_Ratios does not provide theta estimates)
--------------------------------------------------------------------------------------------------------------
i	DataN	DataS	DataRatio	Fit*_N	Fit*_S	Fit_Ratio
0	0.0	0.0	inf	0.0	0.0	inf
1	8.6	6.5	0.7558	6.6	4.1	0.6102
2	3.7	1.7	0.4595	3.3	2.2	0.6557
3	2.7	1.2	0.4444	2.2	1.6	0.708
4	1.8	1.1	0.6111	1.7	1.3	0.7686
5	1.2	1.1	0.9167	1.3	1.1	0.839
6	0.7	1.0	1.429	1.1	1.0	0.9215
7	0.5	0.8	1.6	0.9	1.0	1.019
8	0.4	0.6	1.5	0.8	0.9	1.134
9	0.4	0.5	1.25	0.7	0.9	1.273
10	0.5	0.4	0.8	0.7	1.0	1.438
11	0.5	0.4	0.8	0.6	1.0	1.639
12	0.3	0.4	1.333	0.6	1.0	1.883
13	0.2	0.4	2	0.5	1.1	2.181
14	0.1	0.3	3	0.5	1.2	2.546

Time taken: 0 hours, 9 minutes, 11.42 seconds
