SF_Ratios.py   @Jody Hey 2024
=============================
Command line: -d fixed2Ns -f unfolded -i 3 -u -p 1kG_agC-agT -a /home/haruto/Lab-Work/Document/SFS/FlankingBases/syn_codon/single/1kG/1kG_vep_pickorder_flanking_syn_codon_agC-agT_down_15 -r /home/haruto/Lab-Work/Document/SF_Ratios/FlankingBases/syn_codon/1kG
Arguments:
	sfsfilename: /home/haruto/Lab-Work/Document/SFS/FlankingBases/syn_codon/single/1kG/1kG_vep_pickorder_flanking_syn_codon_agC-agT_down_15
	fix_theta_ratio: None
	densityof2Ns: fixed2Ns
	foldstatus: unfolded
	basinhoppingopt: False
	optimizetries: 3
	setmax2Ns: 0
	maxi: None
	poplabel: 1kG_agC-agT
	estimatemax2Ns: False
	outdir: /home/haruto/Lab-Work/Document/SF_Ratios/FlankingBases/syn_codon/1kG
	dualannealopt: True
	estimate_pointmass: False
	filecheck: False
	estimate_pointmass0: False
	commandstring: -d fixed2Ns -f unfolded -i 3 -u -p 1kG_agC-agT -a /home/haruto/Lab-Work/Document/SFS/FlankingBases/syn_codon/single/1kG/1kG_vep_pickorder_flanking_syn_codon_agC-agT_down_15 -r /home/haruto/Lab-Work/Document/SF_Ratios/FlankingBases/syn_codon/1kG
	fixmode0: False
	thetaNspacerange: 100
	profile: False
	estimate_both_thetas: False
	includemisspec: False
	dofolded: False
	nc: 15
	datafileheader: intergenic_variant
	numparams: 2
	local_optimize_method: Nelder-Mead

trial	likelihood	thetaratio	2Ns	optimizer_message
0	120.89907	7.37006e-01 -6.91701e-01	Optimization terminated successfully.
1	120.89907	7.37007e-01 -6.91702e-01	Optimization terminated successfully.
2	120.89907	7.36997e-01 -6.91648e-01	Optimization terminated successfully.
DA1	120.89907	7.36991e-01 -6.91662e-01	['Maximum number of iteration reached']
DA2	120.89903	7.36683e-01 -6.90973e-01	['Maximum number of iteration reached']

Optimization: Dualannealing1
Maximized Likelihood, AIC, Parameter Estimates, 95% Confidence Intervals:
AIC	-237.798
likelihood	120.899
thetaratio	0.7370	(0.6907 - 0.7854)
2Ns	-0.69166	(-0.84534 - -0.53585)

Compare data and optimization estimates
	Euclidean Distance: 0.1718 RMSE: 0.04592
	*Expected counts generated with Wright-Fisher theta estimates (SF_Ratios does not provide theta estimates)
--------------------------------------------------------------------------------------------------------------
i	DataN	DataS	DataRatio	Fit*_N	Fit*_S	Fit_Ratio
0	0.0	0.0	inf	0.0	0.0	inf
1	206.4	145.3	0.704	142.2	99.6	0.7002
2	71.0	44.8	0.631	71.1	47.3	0.6655
3	45.7	27.9	0.6105	47.4	30.0	0.6327
4	34.5	20.6	0.5971	35.6	21.4	0.6018
5	26.4	15.8	0.5985	28.4	16.3	0.5726
6	19.8	12.0	0.6061	23.7	12.9	0.5451
7	14.6	8.8	0.6027	20.3	10.5	0.5191
8	11.0	6.2	0.5636	17.8	8.8	0.4945
9	8.6	4.4	0.5116	15.8	7.4	0.4713
10	7.2	3.2	0.4444	14.2	6.4	0.4494
11	6.2	2.4	0.3871	12.9	5.5	0.4288
12	5.0	1.7	0.34	11.9	4.9	0.4092
13	3.6	1.2	0.3333	10.9	4.3	0.3907
14	2.5	0.9	0.36	10.2	3.8	0.3733

Time taken: 0 hours, 9 minutes, 51.66 seconds
