SF_Ratios.py   @Jody Hey 2024
=============================
Command line: -d fixed2Ns -f unfolded -i 3 -u -p 1kG_acG-acT -a /home/haruto/Lab-Work/Document/SFS/FlankingBases/syn_codon/single/1kG/1kG_vep_pickorder_flanking_syn_codon_acG-acT_down_15 -r /home/haruto/Lab-Work/Document/SF_Ratios/FlankingBases/syn_codon/1kG
Arguments:
	sfsfilename: /home/haruto/Lab-Work/Document/SFS/FlankingBases/syn_codon/single/1kG/1kG_vep_pickorder_flanking_syn_codon_acG-acT_down_15
	fix_theta_ratio: None
	densityof2Ns: fixed2Ns
	foldstatus: unfolded
	basinhoppingopt: False
	optimizetries: 3
	setmax2Ns: 0
	maxi: None
	poplabel: 1kG_acG-acT
	estimatemax2Ns: False
	outdir: /home/haruto/Lab-Work/Document/SF_Ratios/FlankingBases/syn_codon/1kG
	dualannealopt: True
	estimate_pointmass: False
	filecheck: False
	estimate_pointmass0: False
	commandstring: -d fixed2Ns -f unfolded -i 3 -u -p 1kG_acG-acT -a /home/haruto/Lab-Work/Document/SFS/FlankingBases/syn_codon/single/1kG/1kG_vep_pickorder_flanking_syn_codon_acG-acT_down_15 -r /home/haruto/Lab-Work/Document/SF_Ratios/FlankingBases/syn_codon/1kG
	fixmode0: False
	thetaNspacerange: 100
	profile: False
	estimate_both_thetas: False
	includemisspec: False
	dofolded: False
	nc: 15
	datafileheader: intergenic_variant
	numparams: 2
	local_optimize_method: Nelder-Mead

trial	likelihood	thetaratio	2Ns	optimizer_message
0	74.96371	1.08074e+00 -1.62892e+00	Optimization terminated successfully.
1	74.96371	1.08076e+00 -1.62898e+00	Optimization terminated successfully.
2	74.96371	1.08074e+00 -1.62891e+00	Optimization terminated successfully.
DA1	74.96371	1.08076e+00 -1.62895e+00	['Maximum number of iteration reached']
DA2	74.96371	1.08075e+00 -1.62892e+00	['Maximum number of iteration reached']

Optimization: Dualannealing1
Maximized Likelihood, AIC, Parameter Estimates, 95% Confidence Intervals:
AIC	-145.927
likelihood	74.964
thetaratio	1.0808	(0.8884 - 1.3028)
2Ns	-1.629	(-2.0984 - -1.1902)

Compare data and optimization estimates
	Euclidean Distance: 0.3752 RMSE: 0.10027
	*Expected counts generated with Wright-Fisher theta estimates (SF_Ratios does not provide theta estimates)
--------------------------------------------------------------------------------------------------------------
i	DataN	DataS	DataRatio	Fit*_N	Fit*_S	Fit_Ratio
0	0.0	0.0	inf	0.0	0.0	inf
1	18.1	16.2	0.895	14.5	13.7	0.941
2	6.6	5.5	0.8333	7.3	6.0	0.82
3	4.5	3.3	0.7333	4.8	3.5	0.7152
4	3.8	2.3	0.6053	3.6	2.3	0.6244
5	3.3	1.7	0.5152	2.9	1.6	0.5458
6	2.8	1.4	0.5	2.4	1.2	0.4778
7	2.3	1.2	0.5217	2.1	0.9	0.4188
8	1.8	0.9	0.5	1.8	0.7	0.3678
9	1.4	0.7	0.5	1.6	0.5	0.3235
10	1.1	0.4	0.3636	1.5	0.4	0.2852
11	0.8	0.2	0.25	1.3	0.3	0.2519
12	0.4	0.1	0.25	1.2	0.3	0.223
13	0.2	0.0	0	1.1	0.2	0.198
14	0.1	0.0	0	1.0	0.2	0.1762

Time taken: 0 hours, 9 minutes, 21.24 seconds
