SF_Ratios.py   @Jody Hey 2024
=============================
Command line: -d fixed2Ns -f unfolded -i 3 -u -p uk10k_acC-acA -a /home/haruto/Lab-Work/Document/SFS/FlankingBases/syn_codon/single/uk10k/uk10k_vep_pickorder_flanking_syn_codon_acC-acA_down_15 -r /home/haruto/Lab-Work/Document/SF_Ratios/FlankingBases/syn_codon/uk10k
Arguments:
	sfsfilename: /home/haruto/Lab-Work/Document/SFS/FlankingBases/syn_codon/single/uk10k/uk10k_vep_pickorder_flanking_syn_codon_acC-acA_down_15
	fix_theta_ratio: None
	densityof2Ns: fixed2Ns
	foldstatus: unfolded
	basinhoppingopt: False
	optimizetries: 3
	setmax2Ns: 0
	maxi: None
	poplabel: uk10k_acC-acA
	estimatemax2Ns: False
	outdir: /home/haruto/Lab-Work/Document/SF_Ratios/FlankingBases/syn_codon/uk10k
	dualannealopt: True
	estimate_pointmass: False
	filecheck: False
	estimate_pointmass0: False
	commandstring: -d fixed2Ns -f unfolded -i 3 -u -p uk10k_acC-acA -a /home/haruto/Lab-Work/Document/SFS/FlankingBases/syn_codon/single/uk10k/uk10k_vep_pickorder_flanking_syn_codon_acC-acA_down_15 -r /home/haruto/Lab-Work/Document/SF_Ratios/FlankingBases/syn_codon/uk10k
	fixmode0: False
	thetaNspacerange: 100
	profile: False
	estimate_both_thetas: False
	includemisspec: False
	dofolded: False
	nc: 15
	datafileheader: intergenic_variant
	numparams: 2
	local_optimize_method: Nelder-Mead

trial	likelihood	thetaratio	2Ns	optimizer_message
0	75.88078	1.23244e+00 -1.98073e+00	Optimization terminated successfully.
1	75.88078	1.23246e+00 -1.98076e+00	Optimization terminated successfully.
2	75.88078	1.23249e+00 -1.98076e+00	Optimization terminated successfully.
DA1	75.88078	1.23247e+00 -1.98077e+00	['Maximum number of iteration reached']
DA2	75.88078	1.23247e+00 -1.98077e+00	['Maximum number of iteration reached']

Optimization: Dualannealing2
Maximized Likelihood, AIC, Parameter Estimates, 95% Confidence Intervals:
AIC	-147.762
likelihood	75.881
thetaratio	1.2325	(1.0105 - 1.4993)
2Ns	-1.9808	(-2.4692 - -1.5319)

Compare data and optimization estimates
	Euclidean Distance: 0.3166 RMSE: 0.08461
	*Expected counts generated with Wright-Fisher theta estimates (SF_Ratios does not provide theta estimates)
--------------------------------------------------------------------------------------------------------------
i	DataN	DataS	DataRatio	Fit*_N	Fit*_S	Fit_Ratio
0	0.0	0.0	inf	0.0	0.0	inf
1	13.1	12.3	0.9389	14.3	14.8	1.036
2	6.3	5.6	0.8889	7.2	6.2	0.8718
3	4.9	3.7	0.7551	4.8	3.5	0.734
4	4.2	2.9	0.6905	3.6	2.2	0.6186
5	3.6	2.3	0.6389	2.9	1.5	0.5219
6	3.2	1.8	0.5625	2.4	1.1	0.4411
7	2.8	1.3	0.4643	2.0	0.8	0.3733
8	2.3	0.9	0.3913	1.8	0.6	0.3167
9	1.9	0.6	0.3158	1.6	0.4	0.2692
10	1.4	0.4	0.2857	1.4	0.3	0.2295
11	1.0	0.2	0.2	1.3	0.3	0.1962
12	0.7	0.1	0.1429	1.2	0.2	0.1682
13	0.5	0.0	0	1.1	0.2	0.1448
14	0.6	0.0	0	1.0	0.1	0.1252

Time taken: 0 hours, 9 minutes, 13.44 seconds
