SF_Ratios.py   @Jody Hey 2024
=============================
Command line: -d fixed2Ns -f unfolded -i 3 -u -p uk10k_gaG-gaA -a /home/haruto/Lab-Work/Document/SFS/FlankingBases/syn_codon/single/uk10k/uk10k_vep_pickorder_flanking_syn_codon_gaG-gaA_down_15 -r /home/haruto/Lab-Work/Document/SF_Ratios/FlankingBases/syn_codon/uk10k
Arguments:
	sfsfilename: /home/haruto/Lab-Work/Document/SFS/FlankingBases/syn_codon/single/uk10k/uk10k_vep_pickorder_flanking_syn_codon_gaG-gaA_down_15
	fix_theta_ratio: None
	densityof2Ns: fixed2Ns
	foldstatus: unfolded
	basinhoppingopt: False
	optimizetries: 3
	setmax2Ns: 0
	maxi: None
	poplabel: uk10k_gaG-gaA
	estimatemax2Ns: False
	outdir: /home/haruto/Lab-Work/Document/SF_Ratios/FlankingBases/syn_codon/uk10k
	dualannealopt: True
	estimate_pointmass: False
	filecheck: False
	estimate_pointmass0: False
	commandstring: -d fixed2Ns -f unfolded -i 3 -u -p uk10k_gaG-gaA -a /home/haruto/Lab-Work/Document/SFS/FlankingBases/syn_codon/single/uk10k/uk10k_vep_pickorder_flanking_syn_codon_gaG-gaA_down_15 -r /home/haruto/Lab-Work/Document/SF_Ratios/FlankingBases/syn_codon/uk10k
	fixmode0: False
	thetaNspacerange: 100
	profile: False
	estimate_both_thetas: False
	includemisspec: False
	dofolded: False
	nc: 15
	datafileheader: intergenic_variant
	numparams: 2
	local_optimize_method: Nelder-Mead

trial	likelihood	thetaratio	2Ns	optimizer_message
0	94.74180	9.46471e-01 -2.83832e-01	Optimization terminated successfully.
1	94.74180	9.46476e-01 -2.83851e-01	Optimization terminated successfully.
2	94.74180	9.46461e-01 -2.83862e-01	Optimization terminated successfully.
DA1	94.74180	9.46467e-01 -2.83857e-01	['Maximum number of iteration reached']
DA2	94.74180	9.46467e-01 -2.83856e-01	['Maximum number of iteration reached']

Optimization: Dualannealing2
Maximized Likelihood, AIC, Parameter Estimates, 95% Confidence Intervals:
AIC	-185.484
likelihood	94.742
thetaratio	0.9465	(0.8618 - 1.0509)
2Ns	-0.28386	(-0.53634 - -0.0066311)

Compare data and optimization estimates
	Euclidean Distance: 0.7388 RMSE: 0.19745
	*Expected counts generated with Wright-Fisher theta estimates (SF_Ratios does not provide theta estimates)
--------------------------------------------------------------------------------------------------------------
i	DataN	DataS	DataRatio	Fit*_N	Fit*_S	Fit_Ratio
0	0.0	0.0	inf	0.0	0.0	inf
1	81.3	70.0	0.861	71.1	66.0	0.9285
2	36.5	30.8	0.8438	35.6	32.4	0.911
3	24.5	22.5	0.9184	23.7	21.2	0.8938
4	18.1	18.3	1.011	17.8	15.6	0.8771
5	13.5	15.1	1.119	14.2	12.2	0.8607
6	10.5	12.5	1.19	11.9	10.0	0.8447
7	9.0	10.2	1.133	10.2	8.4	0.829
8	8.4	8.3	0.9881	8.9	7.2	0.8137
9	7.8	6.7	0.859	7.9	6.3	0.7988
10	6.8	5.3	0.7794	7.1	5.6	0.7842
11	5.5	3.8	0.6909	6.5	5.0	0.7699
12	4.1	2.5	0.6098	5.9	4.5	0.7559
13	3.0	1.4	0.4667	5.5	4.1	0.7422
14	2.2	0.9	0.4091	5.1	3.7	0.7289

Time taken: 0 hours, 9 minutes, 37.14 seconds
