SF_Ratios.py   @Jody Hey 2024
=============================
Command line: -d fixed2Ns -f unfolded -i 3 -u -p uk10k_gcC-gcG -a /home/haruto/Lab-Work/Document/SFS/FlankingBases/syn_codon/single/uk10k/uk10k_vep_pickorder_flanking_syn_codon_gcC-gcG_down_15 -r /home/haruto/Lab-Work/Document/SF_Ratios/FlankingBases/syn_codon/uk10k
Arguments:
	sfsfilename: /home/haruto/Lab-Work/Document/SFS/FlankingBases/syn_codon/single/uk10k/uk10k_vep_pickorder_flanking_syn_codon_gcC-gcG_down_15
	fix_theta_ratio: None
	densityof2Ns: fixed2Ns
	foldstatus: unfolded
	basinhoppingopt: False
	optimizetries: 3
	setmax2Ns: 0
	maxi: None
	poplabel: uk10k_gcC-gcG
	estimatemax2Ns: False
	outdir: /home/haruto/Lab-Work/Document/SF_Ratios/FlankingBases/syn_codon/uk10k
	dualannealopt: True
	estimate_pointmass: False
	filecheck: False
	estimate_pointmass0: False
	commandstring: -d fixed2Ns -f unfolded -i 3 -u -p uk10k_gcC-gcG -a /home/haruto/Lab-Work/Document/SFS/FlankingBases/syn_codon/single/uk10k/uk10k_vep_pickorder_flanking_syn_codon_gcC-gcG_down_15 -r /home/haruto/Lab-Work/Document/SF_Ratios/FlankingBases/syn_codon/uk10k
	fixmode0: False
	thetaNspacerange: 100
	profile: False
	estimate_both_thetas: False
	includemisspec: False
	dofolded: False
	nc: 15
	datafileheader: intergenic_variant
	numparams: 2
	local_optimize_method: Nelder-Mead

trial	likelihood	thetaratio	2Ns	optimizer_message
0	72.13605	8.72103e-01 -2.59362e-01	Optimization terminated successfully.
1	72.13605	8.72091e-01 -2.59342e-01	Optimization terminated successfully.
2	72.13605	8.72115e-01 -2.59354e-01	Optimization terminated successfully.
DA1	72.13605	8.72120e-01 -2.59381e-01	['Maximum number of iteration reached']
DA2	72.13605	8.72120e-01 -2.59381e-01	['Maximum number of iteration reached']

Optimization: Dualannealing1
Maximized Likelihood, AIC, Parameter Estimates, 95% Confidence Intervals:
AIC	-140.272
likelihood	72.136
thetaratio	0.8721	(0.7199 - 1.0342)
2Ns	-0.25938	(-0.68373 - 0.18898)

Compare data and optimization estimates
	Euclidean Distance: 0.5075 RMSE: 0.13564
	*Expected counts generated with Wright-Fisher theta estimates (SF_Ratios does not provide theta estimates)
--------------------------------------------------------------------------------------------------------------
i	DataN	DataS	DataRatio	Fit*_N	Fit*_S	Fit_Ratio
0	0.0	0.0	inf	0.0	0.0	inf
1	15.2	15.4	1.013	16.5	14.1	0.8571
2	8.8	6.4	0.7273	8.2	6.9	0.8424
3	6.5	4.4	0.6769	5.5	4.5	0.8279
4	4.9	3.6	0.7347	4.1	3.3	0.8138
5	3.8	3.0	0.7895	3.3	2.6	0.8
6	3.0	2.4	0.8	2.7	2.2	0.7864
7	2.6	1.9	0.7308	2.4	1.8	0.7732
8	2.2	1.4	0.6364	2.1	1.6	0.7602
9	1.9	1.1	0.5789	1.8	1.4	0.7475
10	1.5	0.9	0.6	1.6	1.2	0.735
11	1.2	0.9	0.75	1.5	1.1	0.7228
12	0.9	0.8	0.8889	1.4	1.0	0.7108
13	0.6	0.6	1	1.3	0.9	0.6991
14	0.4	0.3	0.75	1.2	0.8	0.6876

Time taken: 0 hours, 9 minutes, 33.20 seconds
