SF_Ratios.py   @Jody Hey 2024
=============================
Command line: -d fixed2Ns -f unfolded -i 3 -u -p uk10k_agC-agT -a /home/haruto/Lab-Work/Document/SFS/FlankingBases/syn_codon/single/uk10k/uk10k_vep_pickorder_flanking_syn_codon_agC-agT_down_15 -r /home/haruto/Lab-Work/Document/SF_Ratios/FlankingBases/syn_codon/uk10k
Arguments:
	sfsfilename: /home/haruto/Lab-Work/Document/SFS/FlankingBases/syn_codon/single/uk10k/uk10k_vep_pickorder_flanking_syn_codon_agC-agT_down_15
	fix_theta_ratio: None
	densityof2Ns: fixed2Ns
	foldstatus: unfolded
	basinhoppingopt: False
	optimizetries: 3
	setmax2Ns: 0
	maxi: None
	poplabel: uk10k_agC-agT
	estimatemax2Ns: False
	outdir: /home/haruto/Lab-Work/Document/SF_Ratios/FlankingBases/syn_codon/uk10k
	dualannealopt: True
	estimate_pointmass: False
	filecheck: False
	estimate_pointmass0: False
	commandstring: -d fixed2Ns -f unfolded -i 3 -u -p uk10k_agC-agT -a /home/haruto/Lab-Work/Document/SFS/FlankingBases/syn_codon/single/uk10k/uk10k_vep_pickorder_flanking_syn_codon_agC-agT_down_15 -r /home/haruto/Lab-Work/Document/SF_Ratios/FlankingBases/syn_codon/uk10k
	fixmode0: False
	thetaNspacerange: 100
	profile: False
	estimate_both_thetas: False
	includemisspec: False
	dofolded: False
	nc: 15
	datafileheader: intergenic_variant
	numparams: 2
	local_optimize_method: Nelder-Mead

trial	likelihood	thetaratio	2Ns	optimizer_message
0	109.89880	8.09083e-01 -4.88071e-01	Optimization terminated successfully.
1	109.89880	8.09080e-01 -4.88113e-01	Optimization terminated successfully.
2	109.89880	8.09089e-01 -4.88113e-01	Optimization terminated successfully.
DA1	109.89879	8.09212e-01 -4.88445e-01	['Maximum number of iteration reached']
DA2	109.89838	8.10411e-01 -4.91880e-01	['Maximum number of iteration reached']

Optimization: Optimize
Maximized Likelihood, AIC, Parameter Estimates, 95% Confidence Intervals:
AIC	-215.798
likelihood	109.899
thetaratio	0.8091	(0.7483 - 0.8723)
2Ns	-0.48807	(-0.67382 - -0.29882)

Compare data and optimization estimates
	Euclidean Distance: 0.1299 RMSE: 0.03471
	*Expected counts generated with Wright-Fisher theta estimates (SF_Ratios does not provide theta estimates)
--------------------------------------------------------------------------------------------------------------
i	DataN	DataS	DataRatio	Fit*_N	Fit*_S	Fit_Ratio
0	0.0	0.0	inf	0.0	0.0	inf
1	89.3	71.0	0.7951	85.7	66.9	0.7816
2	45.0	32.5	0.7222	42.8	32.3	0.7552
3	32.1	22.7	0.7072	28.6	20.8	0.7298
4	24.6	17.2	0.6992	21.4	15.1	0.7054
5	19.3	13.4	0.6943	17.1	11.7	0.682
6	15.2	10.4	0.6842	14.3	9.4	0.6595
7	12.0	7.9	0.6583	12.2	7.8	0.6379
8	9.5	6.0	0.6316	10.7	6.6	0.6171
9	7.6	4.5	0.5921	9.5	5.7	0.5971
10	6.2	3.5	0.5645	8.6	5.0	0.5779
11	5.2	3.0	0.5769	7.8	4.4	0.5595
12	4.6	2.7	0.587	7.1	3.9	0.5418
13	4.2	2.3	0.5476	6.6	3.5	0.5247
14	3.7	1.5	0.4054	6.1	3.1	0.5083

Time taken: 0 hours, 10 minutes, 48.47 seconds
