SF_Ratios.py   @Jody Hey 2024
=============================
Command line: -d fixed2Ns -f unfolded -i 3 -u -r /home/haruto/Lab-Work/Document/SF_Ratios/FlankingBases/syn_codon/uk10k -a /home/haruto/Lab-Work/Document/SFS/FlankingBases/syn_codon/single/uk10k/uk10k_vep_pickorder_flanking_syn_codon_ggG-ggA_down_15 -p uk10k_ggG-ggA
Arguments:
	sfsfilename: /home/haruto/Lab-Work/Document/SFS/FlankingBases/syn_codon/single/uk10k/uk10k_vep_pickorder_flanking_syn_codon_ggG-ggA_down_15
	fix_theta_ratio: None
	densityof2Ns: fixed2Ns
	foldstatus: unfolded
	basinhoppingopt: False
	optimizetries: 3
	setmax2Ns: 0
	maxi: None
	poplabel: uk10k_ggG-ggA
	estimatemax2Ns: False
	outdir: /home/haruto/Lab-Work/Document/SF_Ratios/FlankingBases/syn_codon/uk10k
	dualannealopt: True
	estimate_pointmass: False
	filecheck: False
	estimate_pointmass0: False
	commandstring: -d fixed2Ns -f unfolded -i 3 -u -r /home/haruto/Lab-Work/Document/SF_Ratios/FlankingBases/syn_codon/uk10k -a /home/haruto/Lab-Work/Document/SFS/FlankingBases/syn_codon/single/uk10k/uk10k_vep_pickorder_flanking_syn_codon_ggG-ggA_down_15 -p uk10k_ggG-ggA
	fixmode0: False
	thetaNspacerange: 100
	profile: False
	estimate_both_thetas: False
	includemisspec: False
	dofolded: False
	nc: 15
	datafileheader: intergenic_variant
	numparams: 2
	local_optimize_method: Nelder-Mead

trial	likelihood	thetaratio	2Ns	optimizer_message
0	89.27753	9.40055e-01 -6.55492e-01	Optimization terminated successfully.
1	89.27753	9.40075e-01 -6.55462e-01	Optimization terminated successfully.
2	89.27753	9.40058e-01 -6.55427e-01	Optimization terminated successfully.
DA1	89.27753	9.40060e-01 -6.55464e-01	['Maximum number of iteration reached']
DA2	89.27753	9.40060e-01 -6.55463e-01	['Maximum number of iteration reached']

Optimization: Dualannealing1
Maximized Likelihood, AIC, Parameter Estimates, 95% Confidence Intervals:
AIC	-174.555
likelihood	89.278
thetaratio	0.9401	(0.8321 - 1.0532)
2Ns	-0.65546	(-0.94594 - -0.36359)

Compare data and optimization estimates
	Euclidean Distance: 0.4606 RMSE: 0.12310
	*Expected counts generated with Wright-Fisher theta estimates (SF_Ratios does not provide theta estimates)
--------------------------------------------------------------------------------------------------------------
i	DataN	DataS	DataRatio	Fit*_N	Fit*_S	Fit_Ratio
0	0.0	0.0	inf	0.0	0.0	inf
1	42.8	40.4	0.9439	36.6	32.8	0.8959
2	20.5	16.3	0.7951	18.3	15.6	0.854
3	13.9	10.3	0.741	12.2	9.9	0.8144
4	10.2	7.4	0.7255	9.1	7.1	0.7769
5	7.7	5.5	0.7143	7.3	5.4	0.7414
6	5.9	4.0	0.678	6.1	4.3	0.7077
7	4.6	3.0	0.6522	5.2	3.5	0.6759
8	3.6	2.5	0.6944	4.6	3.0	0.6457
9	2.8	2.1	0.75	4.1	2.5	0.6171
10	2.3	1.8	0.7826	3.7	2.2	0.5901
11	1.8	1.3	0.7222	3.3	1.9	0.5644
12	1.4	0.8	0.5714	3.0	1.6	0.5401
13	0.9	0.4	0.4444	2.8	1.5	0.517
14	0.6	0.1	0.1667	2.6	1.3	0.4952

Time taken: 0 hours, 9 minutes, 29.18 seconds
