SF_Ratios.py   @Jody Hey 2024
=============================
Command line: -d fixed2Ns -f unfolded -i 3 -u -r /home/haruto/Lab-Work/Document/SF_Ratios/FlankingBases/syn_codon/uk10k -a /home/haruto/Lab-Work/Document/SFS/FlankingBases/syn_codon/single/uk10k/uk10k_vep_pickorder_flanking_syn_codon_tcT-tcA_down_15 -p uk10k_tcT-tcA
Arguments:
	sfsfilename: /home/haruto/Lab-Work/Document/SFS/FlankingBases/syn_codon/single/uk10k/uk10k_vep_pickorder_flanking_syn_codon_tcT-tcA_down_15
	fix_theta_ratio: None
	densityof2Ns: fixed2Ns
	foldstatus: unfolded
	basinhoppingopt: False
	optimizetries: 3
	setmax2Ns: 0
	maxi: None
	poplabel: uk10k_tcT-tcA
	estimatemax2Ns: False
	outdir: /home/haruto/Lab-Work/Document/SF_Ratios/FlankingBases/syn_codon/uk10k
	dualannealopt: True
	estimate_pointmass: False
	filecheck: False
	estimate_pointmass0: False
	commandstring: -d fixed2Ns -f unfolded -i 3 -u -r /home/haruto/Lab-Work/Document/SF_Ratios/FlankingBases/syn_codon/uk10k -a /home/haruto/Lab-Work/Document/SFS/FlankingBases/syn_codon/single/uk10k/uk10k_vep_pickorder_flanking_syn_codon_tcT-tcA_down_15 -p uk10k_tcT-tcA
	fixmode0: False
	thetaNspacerange: 100
	profile: False
	estimate_both_thetas: False
	includemisspec: False
	dofolded: False
	nc: 15
	datafileheader: intergenic_variant
	numparams: 2
	local_optimize_method: Nelder-Mead

trial	likelihood	thetaratio	2Ns	optimizer_message
0	30.84683	4.70675e-01 1.00000e+03	Optimization terminated successfully.
1	30.84683	4.70673e-01 1.00000e+03	Optimization terminated successfully.
2	30.84683	4.70664e-01 1.00000e+03	Optimization terminated successfully.
DA1	30.84683	4.70673e-01 8.99324e+02	['Maximum number of iteration reached']
DA2	30.84683	4.70672e-01 6.67309e+02	['Maximum number of iteration reached']

Optimization: Optimize
Maximized Likelihood, AIC, Parameter Estimates, 95% Confidence Intervals:
AIC	-57.694
likelihood	30.847
thetaratio	0.4707	(0.2925 - 0.7027)
2Ns	1000	(1.2505 - nan)

Compare data and optimization estimates
	Euclidean Distance: inf RMSE: inf
	*Expected counts generated with Wright-Fisher theta estimates (SF_Ratios does not provide theta estimates)
--------------------------------------------------------------------------------------------------------------
i	DataN	DataS	DataRatio	Fit*_N	Fit*_S	Fit_Ratio
0	0.0	0.0	inf	0.0	0.0	inf
1	3.5	2.7	0.7714	3.2	1.6	0.5043
2	1.7	0.6	0.3529	1.6	0.9	0.5431
3	1.1	0.4	0.3636	1.1	0.6	0.5883
4	0.8	0.3	0.375	0.8	0.5	0.6418
5	0.7	0.3	0.4286	0.6	0.5	0.706
6	0.6	0.4	0.6667	0.5	0.4	0.7845
7	0.6	0.4	0.6667	0.5	0.4	0.8825
8	0.5	0.4	0.8	0.4	0.4	1.009
9	0.4	0.4	1	0.4	0.4	1.177
10	0.3	0.5	1.667	0.3	0.5	1.412
11	0.2	0.5	2.5	0.3	0.5	1.765
12	0.1	0.5	5	0.3	0.6	2.353
13	0.0	0.4	inf	0.2	0.9	3.53
14	0.0	0.2	inf	0.2	1.6	7.011

Time taken: 0 hours, 13 minutes, 5.16 seconds
