SF_Ratios.py   @Jody Hey 2024
=============================
Command line: -d fixed2Ns -f unfolded -i 3 -u -r /home/haruto/Lab-Work/Document/SF_Ratios/FlankingBases/syn_codon/uk10k -a /home/haruto/Lab-Work/Document/SFS/FlankingBases/syn_codon/single/uk10k/uk10k_vep_pickorder_flanking_syn_codon_ttA-ttG_down_15 -p uk10k_ttA-ttG
Arguments:
	sfsfilename: /home/haruto/Lab-Work/Document/SFS/FlankingBases/syn_codon/single/uk10k/uk10k_vep_pickorder_flanking_syn_codon_ttA-ttG_down_15
	fix_theta_ratio: None
	densityof2Ns: fixed2Ns
	foldstatus: unfolded
	basinhoppingopt: False
	optimizetries: 3
	setmax2Ns: 0
	maxi: None
	poplabel: uk10k_ttA-ttG
	estimatemax2Ns: False
	outdir: /home/haruto/Lab-Work/Document/SF_Ratios/FlankingBases/syn_codon/uk10k
	dualannealopt: True
	estimate_pointmass: False
	filecheck: False
	estimate_pointmass0: False
	commandstring: -d fixed2Ns -f unfolded -i 3 -u -r /home/haruto/Lab-Work/Document/SF_Ratios/FlankingBases/syn_codon/uk10k -a /home/haruto/Lab-Work/Document/SFS/FlankingBases/syn_codon/single/uk10k/uk10k_vep_pickorder_flanking_syn_codon_ttA-ttG_down_15 -p uk10k_ttA-ttG
	fixmode0: False
	thetaNspacerange: 100
	profile: False
	estimate_both_thetas: False
	includemisspec: False
	dofolded: False
	nc: 15
	datafileheader: intergenic_variant
	numparams: 2
	local_optimize_method: Nelder-Mead

trial	likelihood	thetaratio	2Ns	optimizer_message
0	59.16912	1.13204e+00 -2.74970e-01	Optimization terminated successfully.
1	59.16912	1.13205e+00 -2.74955e-01	Optimization terminated successfully.
2	59.16912	1.13203e+00 -2.74921e-01	Optimization terminated successfully.
DA1	59.16912	1.13202e+00 -2.74925e-01	['Maximum number of iteration reached']
DA2	59.16912	1.13203e+00 -2.74929e-01	['Maximum number of iteration reached']

Optimization: Dualannealing1
Maximized Likelihood, AIC, Parameter Estimates, 95% Confidence Intervals:
AIC	-114.338
likelihood	59.169
thetaratio	1.1320	(0.9154 - 1.4013)
2Ns	-0.27492	(-0.76663 - 0.26279)

Compare data and optimization estimates
	Euclidean Distance: 1.0523 RMSE: 0.28124
	*Expected counts generated with Wright-Fisher theta estimates (SF_Ratios does not provide theta estimates)
--------------------------------------------------------------------------------------------------------------
i	DataN	DataS	DataRatio	Fit*_N	Fit*_S	Fit_Ratio
0	0.0	0.0	inf	0.0	0.0	inf
1	10.9	10.0	0.9174	10.7	11.9	1.111
2	5.1	5.3	1.039	5.4	5.9	1.091
3	3.4	4.2	1.235	3.6	3.8	1.071
4	2.5	3.4	1.36	2.7	2.8	1.052
5	2.0	2.8	1.4	2.1	2.2	1.033
6	1.7	2.4	1.412	1.8	1.8	1.014
7	1.6	2.1	1.312	1.5	1.5	0.9959
8	1.5	1.7	1.133	1.3	1.3	0.9782
9	1.4	1.3	0.9286	1.2	1.1	0.9608
10	1.3	1.0	0.7692	1.1	1.0	0.9438
11	1.2	0.7	0.5833	1.0	0.9	0.9271
12	1.1	0.5	0.4545	0.9	0.8	0.9108
13	0.8	0.4	0.5	0.8	0.7	0.8949
14	0.4	0.4	1	0.8	0.7	0.8793

Time taken: 0 hours, 9 minutes, 26.22 seconds
