SF_Ratios.py   @Jody Hey 2024
=============================
Command line: -d fixed2Ns -f unfolded -i 3 -u -p uk10k_atT-atA -a /home/haruto/Lab-Work/Document/SFS/FlankingBases/syn_codon/single/uk10k/uk10k_vep_pickorder_flanking_syn_codon_atT-atA_down_15 -r /home/haruto/Lab-Work/Document/SF_Ratios/FlankingBases/syn_codon/uk10k
Arguments:
	sfsfilename: /home/haruto/Lab-Work/Document/SFS/FlankingBases/syn_codon/single/uk10k/uk10k_vep_pickorder_flanking_syn_codon_atT-atA_down_15
	fix_theta_ratio: None
	densityof2Ns: fixed2Ns
	foldstatus: unfolded
	basinhoppingopt: False
	optimizetries: 3
	setmax2Ns: 0
	maxi: None
	poplabel: uk10k_atT-atA
	estimatemax2Ns: False
	outdir: /home/haruto/Lab-Work/Document/SF_Ratios/FlankingBases/syn_codon/uk10k
	dualannealopt: True
	estimate_pointmass: False
	filecheck: False
	estimate_pointmass0: False
	commandstring: -d fixed2Ns -f unfolded -i 3 -u -p uk10k_atT-atA -a /home/haruto/Lab-Work/Document/SFS/FlankingBases/syn_codon/single/uk10k/uk10k_vep_pickorder_flanking_syn_codon_atT-atA_down_15 -r /home/haruto/Lab-Work/Document/SF_Ratios/FlankingBases/syn_codon/uk10k
	fixmode0: False
	thetaNspacerange: 100
	profile: False
	estimate_both_thetas: False
	includemisspec: False
	dofolded: False
	nc: 15
	datafileheader: intergenic_variant
	numparams: 2
	local_optimize_method: Nelder-Mead

trial	likelihood	thetaratio	2Ns	optimizer_message
0	46.10115	4.77088e-01 1.79445e+00	Optimization terminated successfully.
1	46.10115	4.77090e-01 1.79444e+00	Optimization terminated successfully.
2	46.10115	4.77092e-01 1.79441e+00	Optimization terminated successfully.
DA1	46.17052	4.02892e-01 9.88874e+02	['Maximum number of iteration reached']
DA2	46.17051	4.02892e-01 9.22496e+02	['Maximum number of iteration reached']

Optimization: Dualannealing1
Maximized Likelihood, AIC, Parameter Estimates, 95% Confidence Intervals:
AIC	-88.341
likelihood	46.171
thetaratio	0.4029	(0.2841 - 0.5412)
2Ns	988.87	(0.72577 - nan)

Compare data and optimization estimates
	Euclidean Distance: inf RMSE: inf
	*Expected counts generated with Wright-Fisher theta estimates (SF_Ratios does not provide theta estimates)
--------------------------------------------------------------------------------------------------------------
i	DataN	DataS	DataRatio	Fit*_N	Fit*_S	Fit_Ratio
0	0.0	0.0	inf	0.0	0.0	inf
1	7.2	4.3	0.5972	5.7	2.4	0.4317
2	3.0	1.7	0.5667	2.8	1.3	0.4649
3	1.7	1.0	0.5882	1.9	0.9	0.5036
4	1.3	0.9	0.6923	1.4	0.8	0.5494
5	1.1	0.7	0.6364	1.1	0.7	0.6043
6	1.0	0.5	0.5	0.9	0.6	0.6715
7	0.8	0.3	0.375	0.8	0.6	0.7554
8	0.7	0.3	0.4286	0.7	0.6	0.8633
9	0.6	0.3	0.5	0.6	0.6	1.007
10	0.4	0.3	0.75	0.6	0.7	1.209
11	0.3	0.3	1	0.5	0.8	1.511
12	0.2	0.3	1.5	0.5	0.9	2.014
13	0.1	0.3	3	0.4	1.3	3.022
14	0.0	0.2	inf	0.4	2.4	6.001

Time taken: 0 hours, 15 minutes, 14.07 seconds
