SF_Ratios.py   @Jody Hey 2024
=============================
Command line: -d fixed2Ns -f unfolded -i 3 -u -p uk10k_ctC-ctG -a /home/haruto/Lab-Work/Document/SFS/FlankingBases/syn_codon/single/uk10k/uk10k_vep_pickorder_flanking_syn_codon_ctC-ctG_down_15 -r /home/haruto/Lab-Work/Document/SF_Ratios/FlankingBases/syn_codon/uk10k
Arguments:
	sfsfilename: /home/haruto/Lab-Work/Document/SFS/FlankingBases/syn_codon/single/uk10k/uk10k_vep_pickorder_flanking_syn_codon_ctC-ctG_down_15
	fix_theta_ratio: None
	densityof2Ns: fixed2Ns
	foldstatus: unfolded
	basinhoppingopt: False
	optimizetries: 3
	setmax2Ns: 0
	maxi: None
	poplabel: uk10k_ctC-ctG
	estimatemax2Ns: False
	outdir: /home/haruto/Lab-Work/Document/SF_Ratios/FlankingBases/syn_codon/uk10k
	dualannealopt: True
	estimate_pointmass: False
	filecheck: False
	estimate_pointmass0: False
	commandstring: -d fixed2Ns -f unfolded -i 3 -u -p uk10k_ctC-ctG -a /home/haruto/Lab-Work/Document/SFS/FlankingBases/syn_codon/single/uk10k/uk10k_vep_pickorder_flanking_syn_codon_ctC-ctG_down_15 -r /home/haruto/Lab-Work/Document/SF_Ratios/FlankingBases/syn_codon/uk10k
	fixmode0: False
	thetaNspacerange: 100
	profile: False
	estimate_both_thetas: False
	includemisspec: False
	dofolded: False
	nc: 15
	datafileheader: intergenic_variant
	numparams: 2
	local_optimize_method: Nelder-Mead

trial	likelihood	thetaratio	2Ns	optimizer_message
0	66.52386	8.50843e-01 7.06493e-02	Optimization terminated successfully.
1	66.52386	8.50842e-01 7.06967e-02	Optimization terminated successfully.
2	66.52386	8.50834e-01 7.06662e-02	Optimization terminated successfully.
DA1	66.52386	8.50840e-01 7.06793e-02	['Maximum number of iteration reached']
DA2	66.52386	8.50841e-01 7.06769e-02	['Maximum number of iteration reached']

Optimization: Dualannealing2
Maximized Likelihood, AIC, Parameter Estimates, 95% Confidence Intervals:
AIC	-129.048
likelihood	66.524
thetaratio	0.8508	(0.7126 - 0.9978)
2Ns	0.070677	(-0.5124 - 0.8259)

Compare data and optimization estimates
	Euclidean Distance: 2.2109 RMSE: 0.59088
	*Expected counts generated with Wright-Fisher theta estimates (SF_Ratios does not provide theta estimates)
--------------------------------------------------------------------------------------------------------------
i	DataN	DataS	DataRatio	Fit*_N	Fit*_S	Fit_Ratio
0	0.0	0.0	inf	0.0	0.0	inf
1	21.3	20.0	0.939	20.9	17.9	0.8545
2	10.5	9.1	0.8667	10.5	9.0	0.8582
3	7.3	5.7	0.7808	7.0	6.0	0.862
4	6.1	4.0	0.6557	5.2	4.5	0.8657
5	5.4	3.3	0.6111	4.2	3.6	0.8695
6	4.7	3.0	0.6383	3.5	3.0	0.8733
7	3.8	2.9	0.7632	3.0	2.6	0.8771
8	2.7	2.8	1.037	2.6	2.3	0.8809
9	1.8	2.6	1.444	2.3	2.1	0.8848
10	1.1	2.3	2.091	2.1	1.9	0.8887
11	0.8	1.8	2.25	1.9	1.7	0.8926
12	0.7	1.1	1.571	1.7	1.6	0.8965
13	0.9	0.5	0.5556	1.6	1.5	0.9004
14	1.0	0.2	0.2	1.5	1.4	0.9044

Time taken: 0 hours, 9 minutes, 24.50 seconds
