SF_Ratios.py   @Jody Hey 2024
=============================
Command line: -d fixed2Ns -f unfolded -i 3 -u -p uk10k_gcA-gcC -a /home/haruto/Lab-Work/Document/SFS/FlankingBases/syn_codon/single/uk10k/uk10k_vep_pickorder_flanking_syn_codon_gcA-gcC_down_15 -r /home/haruto/Lab-Work/Document/SF_Ratios/FlankingBases/syn_codon/uk10k
Arguments:
	sfsfilename: /home/haruto/Lab-Work/Document/SFS/FlankingBases/syn_codon/single/uk10k/uk10k_vep_pickorder_flanking_syn_codon_gcA-gcC_down_15
	fix_theta_ratio: None
	densityof2Ns: fixed2Ns
	foldstatus: unfolded
	basinhoppingopt: False
	optimizetries: 3
	setmax2Ns: 0
	maxi: None
	poplabel: uk10k_gcA-gcC
	estimatemax2Ns: False
	outdir: /home/haruto/Lab-Work/Document/SF_Ratios/FlankingBases/syn_codon/uk10k
	dualannealopt: True
	estimate_pointmass: False
	filecheck: False
	estimate_pointmass0: False
	commandstring: -d fixed2Ns -f unfolded -i 3 -u -p uk10k_gcA-gcC -a /home/haruto/Lab-Work/Document/SFS/FlankingBases/syn_codon/single/uk10k/uk10k_vep_pickorder_flanking_syn_codon_gcA-gcC_down_15 -r /home/haruto/Lab-Work/Document/SF_Ratios/FlankingBases/syn_codon/uk10k
	fixmode0: False
	thetaNspacerange: 100
	profile: False
	estimate_both_thetas: False
	includemisspec: False
	dofolded: False
	nc: 15
	datafileheader: intergenic_variant
	numparams: 2
	local_optimize_method: Nelder-Mead

trial	likelihood	thetaratio	2Ns	optimizer_message
0	63.75986	1.27902e+00 -1.16065e+00	Optimization terminated successfully.
1	63.75986	1.27907e+00 -1.16071e+00	Optimization terminated successfully.
2	63.75986	1.27906e+00 -1.16068e+00	Optimization terminated successfully.
DA1	63.75986	1.27904e+00 -1.16068e+00	['Maximum number of iteration reached']
DA2	63.75986	1.27904e+00 -1.16068e+00	['Maximum number of iteration reached']

Optimization: Dualannealing1
Maximized Likelihood, AIC, Parameter Estimates, 95% Confidence Intervals:
AIC	-123.520
likelihood	63.760
thetaratio	1.2790	(1.0218 - 1.6071)
2Ns	-1.1607	(-1.6452 - -0.69232)

Compare data and optimization estimates
	Euclidean Distance: 0.6588 RMSE: 0.17606
	*Expected counts generated with Wright-Fisher theta estimates (SF_Ratios does not provide theta estimates)
--------------------------------------------------------------------------------------------------------------
i	DataN	DataS	DataRatio	Fit*_N	Fit*_S	Fit_Ratio
0	0.0	0.0	inf	0.0	0.0	inf
1	9.6	9.1	0.9479	10.8	12.6	1.165
2	4.2	5.0	1.19	5.4	5.7	1.062
3	3.0	3.7	1.233	3.6	3.5	0.9692
4	2.6	2.7	1.038	2.7	2.4	0.8849
5	2.4	1.9	0.7917	2.2	1.8	0.8087
6	2.1	1.5	0.7143	1.8	1.3	0.7397
7	1.8	1.3	0.7222	1.5	1.0	0.6773
8	1.5	1.2	0.8	1.4	0.8	0.6208
9	1.3	1.1	0.8462	1.2	0.7	0.5696
10	1.4	0.9	0.6429	1.1	0.6	0.5232
11	1.5	0.7	0.4667	1.0	0.5	0.4812
12	1.6	0.5	0.3125	0.9	0.4	0.4431
13	1.4	0.2	0.1429	0.8	0.3	0.4086
14	0.8	0.1	0.125	0.8	0.3	0.3773

Time taken: 0 hours, 9 minutes, 5.00 seconds
