SF_Ratios.py   @Jody Hey 2024
=============================
Command line: -d fixed2Ns -f unfolded -i 3 -u -r /home/haruto/Lab-Work/Document/SF_Ratios/FlankingBases/syn_codon/uk10k -a /home/haruto/Lab-Work/Document/SFS/FlankingBases/syn_codon/single/uk10k/uk10k_vep_pickorder_flanking_syn_codon_ggA-ggT_down_15 -p uk10k_ggA-ggT
Arguments:
	sfsfilename: /home/haruto/Lab-Work/Document/SFS/FlankingBases/syn_codon/single/uk10k/uk10k_vep_pickorder_flanking_syn_codon_ggA-ggT_down_15
	fix_theta_ratio: None
	densityof2Ns: fixed2Ns
	foldstatus: unfolded
	basinhoppingopt: False
	optimizetries: 3
	setmax2Ns: 0
	maxi: None
	poplabel: uk10k_ggA-ggT
	estimatemax2Ns: False
	outdir: /home/haruto/Lab-Work/Document/SF_Ratios/FlankingBases/syn_codon/uk10k
	dualannealopt: True
	estimate_pointmass: False
	filecheck: False
	estimate_pointmass0: False
	commandstring: -d fixed2Ns -f unfolded -i 3 -u -r /home/haruto/Lab-Work/Document/SF_Ratios/FlankingBases/syn_codon/uk10k -a /home/haruto/Lab-Work/Document/SFS/FlankingBases/syn_codon/single/uk10k/uk10k_vep_pickorder_flanking_syn_codon_ggA-ggT_down_15 -p uk10k_ggA-ggT
	fixmode0: False
	thetaNspacerange: 100
	profile: False
	estimate_both_thetas: False
	includemisspec: False
	dofolded: False
	nc: 15
	datafileheader: intergenic_variant
	numparams: 2
	local_optimize_method: Nelder-Mead

trial	likelihood	thetaratio	2Ns	optimizer_message
0	36.79180	6.31781e-01 3.48520e-02	Optimization terminated successfully.
1	36.79180	6.31788e-01 3.48433e-02	Optimization terminated successfully.
2	36.79180	6.31776e-01 3.48839e-02	Optimization terminated successfully.
DA1	36.79180	6.31775e-01 3.48919e-02	['Maximum number of iteration reached']
DA2	36.11086	4.46483e-01 6.57800e+02	['Maximum number of iteration reached']

Optimization: Optimize
Maximized Likelihood, AIC, Parameter Estimates, 95% Confidence Intervals:
AIC	-69.584
likelihood	36.792
thetaratio	0.6318	(0.4347 - 0.8753)
2Ns	0.034884	(-1.092 - 2.517)

Compare data and optimization estimates
	Euclidean Distance: inf RMSE: inf
	*Expected counts generated with Wright-Fisher theta estimates (SF_Ratios does not provide theta estimates)
--------------------------------------------------------------------------------------------------------------
i	DataN	DataS	DataRatio	Fit*_N	Fit*_S	Fit_Ratio
0	0.0	0.0	inf	0.0	0.0	inf
1	6.1	4.3	0.7049	4.6	2.9	0.6331
2	2.5	1.6	0.64	2.3	1.5	0.6345
3	1.4	0.9	0.6429	1.5	1.0	0.6359
4	1.1	0.6	0.5455	1.2	0.7	0.6373
5	1.0	0.5	0.5	0.9	0.6	0.6386
6	0.9	0.4	0.4444	0.8	0.5	0.64
7	0.8	0.3	0.375	0.7	0.4	0.6414
8	0.6	0.3	0.5	0.6	0.4	0.6428
9	0.4	0.2	0.5	0.5	0.3	0.6442
10	0.2	0.2	1	0.5	0.3	0.6456
11	0.1	0.3	3	0.4	0.3	0.647
12	0.0	0.3	inf	0.4	0.3	0.6484
13	0.0	0.4	inf	0.4	0.2	0.6498
14	0.0	0.7	inf	0.3	0.2	0.6512

Time taken: 0 hours, 11 minutes, 23.17 seconds
