SF_Ratios.py   @Jody Hey 2024
=============================
Command line: -d fixed2Ns -f unfolded -i 3 -u -p uk10k_ctG-ctC -a /home/haruto/Lab-Work/Document/SFS/FlankingBases/syn_codon/single/uk10k/uk10k_vep_pickorder_flanking_syn_codon_ctG-ctC_down_15 -r /home/haruto/Lab-Work/Document/SF_Ratios/FlankingBases/syn_codon/uk10k
Arguments:
	sfsfilename: /home/haruto/Lab-Work/Document/SFS/FlankingBases/syn_codon/single/uk10k/uk10k_vep_pickorder_flanking_syn_codon_ctG-ctC_down_15
	fix_theta_ratio: None
	densityof2Ns: fixed2Ns
	foldstatus: unfolded
	basinhoppingopt: False
	optimizetries: 3
	setmax2Ns: 0
	maxi: None
	poplabel: uk10k_ctG-ctC
	estimatemax2Ns: False
	outdir: /home/haruto/Lab-Work/Document/SF_Ratios/FlankingBases/syn_codon/uk10k
	dualannealopt: True
	estimate_pointmass: False
	filecheck: False
	estimate_pointmass0: False
	commandstring: -d fixed2Ns -f unfolded -i 3 -u -p uk10k_ctG-ctC -a /home/haruto/Lab-Work/Document/SFS/FlankingBases/syn_codon/single/uk10k/uk10k_vep_pickorder_flanking_syn_codon_ctG-ctC_down_15 -r /home/haruto/Lab-Work/Document/SF_Ratios/FlankingBases/syn_codon/uk10k
	fixmode0: False
	thetaNspacerange: 100
	profile: False
	estimate_both_thetas: False
	includemisspec: False
	dofolded: False
	nc: 15
	datafileheader: intergenic_variant
	numparams: 2
	local_optimize_method: Nelder-Mead

trial	likelihood	thetaratio	2Ns	optimizer_message
0	70.90973	9.87796e-01 2.76019e-01	Optimization terminated successfully.
1	70.90973	9.87803e-01 2.76009e-01	Optimization terminated successfully.
2	70.90973	9.87792e-01 2.76092e-01	Optimization terminated successfully.
DA1	70.90973	9.87795e-01 2.76042e-01	['Maximum number of iteration reached']
DA2	70.90973	9.87794e-01 2.76046e-01	['Maximum number of iteration reached']

Optimization: Dualannealing2
Maximized Likelihood, AIC, Parameter Estimates, 95% Confidence Intervals:
AIC	-137.819
likelihood	70.910
thetaratio	0.9878	(0.8488 - 1.1358)
2Ns	0.27605	(-0.17461 - 0.79893)

Compare data and optimization estimates
	Euclidean Distance: 1.3878 RMSE: 0.37090
	*Expected counts generated with Wright-Fisher theta estimates (SF_Ratios does not provide theta estimates)
--------------------------------------------------------------------------------------------------------------
i	DataN	DataS	DataRatio	Fit*_N	Fit*_S	Fit_Ratio
0	0.0	0.0	inf	0.0	0.0	inf
1	20.5	21.5	1.049	18.9	18.9	1.004
2	9.2	9.8	1.065	9.4	9.6	1.02
3	6.1	6.1	1	6.3	6.5	1.036
4	4.6	4.4	0.9565	4.7	5.0	1.053
5	3.8	3.5	0.9211	3.8	4.0	1.07
6	3.3	3.2	0.9697	3.1	3.4	1.088
7	3.0	3.1	1.033	2.7	3.0	1.106
8	2.8	2.9	1.036	2.4	2.6	1.124
9	2.5	2.6	1.04	2.1	2.4	1.143
10	2.1	2.1	1	1.9	2.2	1.162
11	1.6	1.5	0.9375	1.7	2.0	1.181
12	1.1	1.1	1	1.6	1.9	1.201
13	0.5	0.8	1.6	1.5	1.8	1.222
14	0.2	0.5	2.5	1.3	1.7	1.242

Time taken: 0 hours, 9 minutes, 21.53 seconds
