SF_Ratios.py   @Jody Hey 2024
=============================
Command line: -d fixed2Ns -f unfolded -i 3 -u -p uk10k_acG-acA -a /home/haruto/Lab-Work/Document/SFS/FlankingBases/syn_codon/single/uk10k/uk10k_vep_pickorder_flanking_syn_codon_acG-acA_down_15 -r /home/haruto/Lab-Work/Document/SF_Ratios/FlankingBases/syn_codon/uk10k
Arguments:
	sfsfilename: /home/haruto/Lab-Work/Document/SFS/FlankingBases/syn_codon/single/uk10k/uk10k_vep_pickorder_flanking_syn_codon_acG-acA_down_15
	fix_theta_ratio: None
	densityof2Ns: fixed2Ns
	foldstatus: unfolded
	basinhoppingopt: False
	optimizetries: 3
	setmax2Ns: 0
	maxi: None
	poplabel: uk10k_acG-acA
	estimatemax2Ns: False
	outdir: /home/haruto/Lab-Work/Document/SF_Ratios/FlankingBases/syn_codon/uk10k
	dualannealopt: True
	estimate_pointmass: False
	filecheck: False
	estimate_pointmass0: False
	commandstring: -d fixed2Ns -f unfolded -i 3 -u -p uk10k_acG-acA -a /home/haruto/Lab-Work/Document/SFS/FlankingBases/syn_codon/single/uk10k/uk10k_vep_pickorder_flanking_syn_codon_acG-acA_down_15 -r /home/haruto/Lab-Work/Document/SF_Ratios/FlankingBases/syn_codon/uk10k
	fixmode0: False
	thetaNspacerange: 100
	profile: False
	estimate_both_thetas: False
	includemisspec: False
	dofolded: False
	nc: 15
	datafileheader: intergenic_variant
	numparams: 2
	local_optimize_method: Nelder-Mead

trial	likelihood	thetaratio	2Ns	optimizer_message
0	114.81142	7.14453e-01 -3.61521e-01	Optimization terminated successfully.
1	114.81142	7.14445e-01 -3.61527e-01	Optimization terminated successfully.
2	114.81142	7.14459e-01 -3.61547e-01	Optimization terminated successfully.
DA1	114.81142	7.14461e-01 -3.61567e-01	['Maximum number of iteration reached']
DA2	114.81142	7.14461e-01 -3.61565e-01	['Maximum number of iteration reached']

Optimization: Dualannealing1
Maximized Likelihood, AIC, Parameter Estimates, 95% Confidence Intervals:
AIC	-225.623
likelihood	114.811
thetaratio	0.7145	(0.6562 - 0.7796)
2Ns	-0.36157	(-0.5289 - -0.19304)

Compare data and optimization estimates
	Euclidean Distance: 0.2069 RMSE: 0.05530
	*Expected counts generated with Wright-Fisher theta estimates (SF_Ratios does not provide theta estimates)
--------------------------------------------------------------------------------------------------------------
i	DataN	DataS	DataRatio	Fit*_N	Fit*_S	Fit_Ratio
0	0.0	0.0	inf	0.0	0.0	inf
1	134.6	111.0	0.8247	127.4	88.8	0.6969
2	66.8	45.7	0.6841	63.7	43.3	0.6799
3	47.2	28.7	0.6081	42.5	28.2	0.6633
4	36.0	20.9	0.5806	31.8	20.6	0.6473
5	28.2	16.2	0.5745	25.5	16.1	0.6317
6	22.3	12.9	0.5785	21.2	13.1	0.6165
7	17.9	10.2	0.5698	18.2	10.9	0.6018
8	14.5	8.2	0.5655	15.9	9.4	0.5875
9	11.8	6.8	0.5763	14.2	8.1	0.5736
10	9.8	5.8	0.5918	12.7	7.1	0.5602
11	8.3	4.8	0.5783	11.6	6.3	0.5471
12	7.1	3.9	0.5493	10.6	5.7	0.5343
13	5.6	3.2	0.5714	9.8	5.1	0.522
14	4.0	2.4	0.6	9.1	4.6	0.51

Time taken: 0 hours, 9 minutes, 51.96 seconds
