SF_Ratios.py   @Jody Hey 2024
=============================
Command line: -d fixed2Ns -f unfolded -i 3 -u -p uk10k_cgT-cgG -a /home/haruto/Lab-Work/Document/SFS/FlankingBases/syn_codon/single/uk10k/uk10k_vep_pickorder_flanking_syn_codon_cgT-cgG_down_15 -r /home/haruto/Lab-Work/Document/SF_Ratios/FlankingBases/syn_codon/uk10k
Arguments:
	sfsfilename: /home/haruto/Lab-Work/Document/SFS/FlankingBases/syn_codon/single/uk10k/uk10k_vep_pickorder_flanking_syn_codon_cgT-cgG_down_15
	fix_theta_ratio: None
	densityof2Ns: fixed2Ns
	foldstatus: unfolded
	basinhoppingopt: False
	optimizetries: 3
	setmax2Ns: 0
	maxi: None
	poplabel: uk10k_cgT-cgG
	estimatemax2Ns: False
	outdir: /home/haruto/Lab-Work/Document/SF_Ratios/FlankingBases/syn_codon/uk10k
	dualannealopt: True
	estimate_pointmass: False
	filecheck: False
	estimate_pointmass0: False
	commandstring: -d fixed2Ns -f unfolded -i 3 -u -p uk10k_cgT-cgG -a /home/haruto/Lab-Work/Document/SFS/FlankingBases/syn_codon/single/uk10k/uk10k_vep_pickorder_flanking_syn_codon_cgT-cgG_down_15 -r /home/haruto/Lab-Work/Document/SF_Ratios/FlankingBases/syn_codon/uk10k
	fixmode0: False
	thetaNspacerange: 100
	profile: False
	estimate_both_thetas: False
	includemisspec: False
	dofolded: False
	nc: 15
	datafileheader: intergenic_variant
	numparams: 2
	local_optimize_method: Nelder-Mead

trial	likelihood	thetaratio	2Ns	optimizer_message
0	5.57624	5.26417e-01 3.39608e+02	Optimization terminated successfully.
1	5.57624	5.26417e-01 3.76548e+02	Optimization terminated successfully.
2	5.57624	5.26417e-01 3.74103e+02	Optimization terminated successfully.
DA1	5.57624	5.26417e-01 7.89706e+02	['Maximum number of iteration reached']
DA2	5.57624	5.26417e-01 9.61057e+02	['Maximum number of iteration reached']

Optimization: Optimize
Maximized Likelihood, AIC, Parameter Estimates, 95% Confidence Intervals:
AIC	-7.152
likelihood	5.576
thetaratio	0.5264	(0.1408 - 1.2530)
2Ns	376.55	(-2.4507 - nan)

Compare data and optimization estimates
	Euclidean Distance: inf RMSE: inf
	*Expected counts generated with Wright-Fisher theta estimates (SF_Ratios does not provide theta estimates)
--------------------------------------------------------------------------------------------------------------
i	DataN	DataS	DataRatio	Fit*_N	Fit*_S	Fit_Ratio
0	0.0	0.0	inf	0.0	0.0	inf
1	0.7	0.7	1	0.8	0.5	0.564
2	0.5	0.1	0.2	0.4	0.2	0.6074
3	0.5	0.1	0.2	0.3	0.2	0.658
4	0.4	0.1	0.25	0.2	0.1	0.7178
5	0.3	0.2	0.6667	0.2	0.1	0.7896
6	0.1	0.2	2	0.1	0.1	0.8774
7	0.1	0.2	2	0.1	0.1	0.987
8	0.0	0.1	inf	0.1	0.1	1.128
9	0.0	0.1	inf	0.1	0.1	1.316
10	0.0	0.0	inf	0.1	0.1	1.579
11	0.0	0.0	inf	0.1	0.1	1.974
12	0.0	0.0	inf	0.1	0.2	2.632
13	0.0	0.0	inf	0.1	0.2	3.947
14	0.0	0.0	inf	0.1	0.4	7.752

Time taken: 0 hours, 7 minutes, 39.26 seconds
