SF_Ratios.py   @Jody Hey 2024
=============================
Command line: -d fixed2Ns -f unfolded -i 3 -u -p uk10k_Agg-Cgg -a /home/haruto/Lab-Work/Document/SFS/FlankingBases/syn_codon/single/uk10k/uk10k_vep_pickorder_flanking_syn_codon_Agg-Cgg_down_15 -r /home/haruto/Lab-Work/Document/SF_Ratios/FlankingBases/syn_codon/uk10k
Arguments:
	sfsfilename: /home/haruto/Lab-Work/Document/SFS/FlankingBases/syn_codon/single/uk10k/uk10k_vep_pickorder_flanking_syn_codon_Agg-Cgg_down_15
	fix_theta_ratio: None
	densityof2Ns: fixed2Ns
	foldstatus: unfolded
	basinhoppingopt: False
	optimizetries: 3
	setmax2Ns: 0
	maxi: None
	poplabel: uk10k_Agg-Cgg
	estimatemax2Ns: False
	outdir: /home/haruto/Lab-Work/Document/SF_Ratios/FlankingBases/syn_codon/uk10k
	dualannealopt: True
	estimate_pointmass: False
	filecheck: False
	estimate_pointmass0: False
	commandstring: -d fixed2Ns -f unfolded -i 3 -u -p uk10k_Agg-Cgg -a /home/haruto/Lab-Work/Document/SFS/FlankingBases/syn_codon/single/uk10k/uk10k_vep_pickorder_flanking_syn_codon_Agg-Cgg_down_15 -r /home/haruto/Lab-Work/Document/SF_Ratios/FlankingBases/syn_codon/uk10k
	fixmode0: False
	thetaNspacerange: 100
	profile: False
	estimate_both_thetas: False
	includemisspec: False
	dofolded: False
	nc: 15
	datafileheader: intergenic_variant
	numparams: 2
	local_optimize_method: Nelder-Mead

trial	likelihood	thetaratio	2Ns	optimizer_message
0	86.73589	9.32432e+00 -1.00000e+03	Optimization terminated successfully.
1	86.73589	9.32432e+00 -1.00000e+03	Optimization terminated successfully.
2	86.73589	9.32432e+00 -1.00000e+03	Optimization terminated successfully.
DA1	86.73589	9.32432e+00 -1.00000e+03	['Maximum number of iteration reached']
DA2	86.73589	9.32432e+00 -1.00000e+03	['Maximum number of iteration reached']

Optimization: Dualannealing2
Maximized Likelihood, AIC, Parameter Estimates, 95% Confidence Intervals:
AIC	-169.472
likelihood	86.736
thetaratio	9.3243	(4.5322 - nan)
2Ns	-1000	(nan - -746.06)

Compare data and optimization estimates
	Euclidean Distance: 2.0782 RMSE: 0.55543
	*Expected counts generated with Wright-Fisher theta estimates (SF_Ratios does not provide theta estimates)
--------------------------------------------------------------------------------------------------------------
i	DataN	DataS	DataRatio	Fit*_N	Fit*_S	Fit_Ratio
0	0.0	0.0	inf	0.0	0.0	inf
1	5.8	2.8	0.4828	4.6	0.3	0.06948
2	2.8	1.2	0.4286	2.3	0.0	0.0004837
3	1.5	0.8	0.5333	1.5	0.0	3.13e-06
4	0.8	0.6	0.75	1.1	0.0	1.871e-08
5	0.5	0.5	1	0.9	0.0	1.027e-10
6	0.4	0.4	1	0.8	0.0	5.126e-13
7	0.4	0.3	0.75	0.7	0.0	2.305e-15
8	0.3	0.2	0.6667	0.6	0.0	9.226e-18
9	0.3	0.1	0.3333	0.5	0.0	3.234e-20
10	0.4	0.0	0	0.5	0.0	9.726e-23
11	0.5	0.0	0	0.4	0.0	2.44e-25
12	0.5	0.0	0	0.4	0.0	4.902e-28
13	0.4	0.0	0	0.4	0.0	7.394e-31
14	0.2	0.0	0	0.3	0.0	7.442e-34

Time taken: 0 hours, 16 minutes, 33.98 seconds
