SF_Ratios.py   @Jody Hey 2024
=============================
Command line: -d fixed2Ns -f unfolded -i 3 -u -r /home/haruto/Lab-Work/Document/SF_Ratios/FlankingBases/syn_codon/uk10k -a /home/haruto/Lab-Work/Document/SFS/FlankingBases/syn_codon/single/uk10k/uk10k_vep_pickorder_flanking_syn_codon_ttC-ttT_down_15 -p uk10k_ttC-ttT
Arguments:
	sfsfilename: /home/haruto/Lab-Work/Document/SFS/FlankingBases/syn_codon/single/uk10k/uk10k_vep_pickorder_flanking_syn_codon_ttC-ttT_down_15
	fix_theta_ratio: None
	densityof2Ns: fixed2Ns
	foldstatus: unfolded
	basinhoppingopt: False
	optimizetries: 3
	setmax2Ns: 0
	maxi: None
	poplabel: uk10k_ttC-ttT
	estimatemax2Ns: False
	outdir: /home/haruto/Lab-Work/Document/SF_Ratios/FlankingBases/syn_codon/uk10k
	dualannealopt: True
	estimate_pointmass: False
	filecheck: False
	estimate_pointmass0: False
	commandstring: -d fixed2Ns -f unfolded -i 3 -u -r /home/haruto/Lab-Work/Document/SF_Ratios/FlankingBases/syn_codon/uk10k -a /home/haruto/Lab-Work/Document/SFS/FlankingBases/syn_codon/single/uk10k/uk10k_vep_pickorder_flanking_syn_codon_ttC-ttT_down_15 -p uk10k_ttC-ttT
	fixmode0: False
	thetaNspacerange: 100
	profile: False
	estimate_both_thetas: False
	includemisspec: False
	dofolded: False
	nc: 15
	datafileheader: intergenic_variant
	numparams: 2
	local_optimize_method: Nelder-Mead

trial	likelihood	thetaratio	2Ns	optimizer_message
0	102.93649	9.15184e-01 -6.55570e-01	Optimization terminated successfully.
1	102.93649	9.15164e-01 -6.55524e-01	Optimization terminated successfully.
2	102.93649	9.15180e-01 -6.55534e-01	Optimization terminated successfully.
DA1	102.93649	9.15166e-01 -6.55540e-01	['Maximum number of iteration reached']
DA2	102.93649	9.15166e-01 -6.55538e-01	['Maximum number of iteration reached']

Optimization: Dualannealing2
Maximized Likelihood, AIC, Parameter Estimates, 95% Confidence Intervals:
AIC	-201.873
likelihood	102.936
thetaratio	0.9152	(0.8372 - 0.9980)
2Ns	-0.65554	(-0.86235 - -0.44518)

Compare data and optimization estimates
	Euclidean Distance: 0.2770 RMSE: 0.07402
	*Expected counts generated with Wright-Fisher theta estimates (SF_Ratios does not provide theta estimates)
--------------------------------------------------------------------------------------------------------------
i	DataN	DataS	DataRatio	Fit*_N	Fit*_S	Fit_Ratio
0	0.0	0.0	inf	0.0	0.0	inf
1	76.5	67.7	0.885	67.3	58.7	0.8721
2	36.2	27.6	0.7624	33.7	28.0	0.8314
3	24.4	17.7	0.7254	22.4	17.8	0.7928
4	17.8	13.5	0.7584	16.8	12.7	0.7563
5	13.6	10.8	0.7941	13.5	9.7	0.7217
6	10.7	8.5	0.7944	11.2	7.7	0.689
7	8.6	6.5	0.7558	9.6	6.3	0.658
8	7.0	5.0	0.7143	8.4	5.3	0.6286
9	5.8	3.9	0.6724	7.5	4.5	0.6008
10	4.9	3.0	0.6122	6.7	3.9	0.5744
11	4.2	2.2	0.5238	6.1	3.4	0.5494
12	3.6	1.6	0.4444	5.6	2.9	0.5257
13	3.0	1.2	0.4	5.2	2.6	0.5033
14	2.6	1.0	0.3846	4.8	2.3	0.482

Time taken: 0 hours, 9 minutes, 15.08 seconds
