SF_Ratios.py   @Jody Hey 2024
=============================
Command line: -d fixed2Ns -f unfolded -i 3 -u -p uk10k_cgG-cgC -a /home/haruto/Lab-Work/Document/SFS/FlankingBases/syn_codon/single/uk10k/uk10k_vep_pickorder_flanking_syn_codon_cgG-cgC_down_15 -r /home/haruto/Lab-Work/Document/SF_Ratios/FlankingBases/syn_codon/uk10k
Arguments:
	sfsfilename: /home/haruto/Lab-Work/Document/SFS/FlankingBases/syn_codon/single/uk10k/uk10k_vep_pickorder_flanking_syn_codon_cgG-cgC_down_15
	fix_theta_ratio: None
	densityof2Ns: fixed2Ns
	foldstatus: unfolded
	basinhoppingopt: False
	optimizetries: 3
	setmax2Ns: 0
	maxi: None
	poplabel: uk10k_cgG-cgC
	estimatemax2Ns: False
	outdir: /home/haruto/Lab-Work/Document/SF_Ratios/FlankingBases/syn_codon/uk10k
	dualannealopt: True
	estimate_pointmass: False
	filecheck: False
	estimate_pointmass0: False
	commandstring: -d fixed2Ns -f unfolded -i 3 -u -p uk10k_cgG-cgC -a /home/haruto/Lab-Work/Document/SFS/FlankingBases/syn_codon/single/uk10k/uk10k_vep_pickorder_flanking_syn_codon_cgG-cgC_down_15 -r /home/haruto/Lab-Work/Document/SF_Ratios/FlankingBases/syn_codon/uk10k
	fixmode0: False
	thetaNspacerange: 100
	profile: False
	estimate_both_thetas: False
	includemisspec: False
	dofolded: False
	nc: 15
	datafileheader: intergenic_variant
	numparams: 2
	local_optimize_method: Nelder-Mead

trial	likelihood	thetaratio	2Ns	optimizer_message
0	37.64700	2.57144e+00 -2.30273e+00	Optimization terminated successfully.
1	37.64700	2.57139e+00 -2.30271e+00	Optimization terminated successfully.
2	37.64700	2.57141e+00 -2.30271e+00	Optimization terminated successfully.
DA1	37.64700	2.57140e+00 -2.30271e+00	['Maximum number of iteration reached']
DA2	37.64700	2.57140e+00 -2.30272e+00	['Maximum number of iteration reached']

Optimization: Dualannealing2
Maximized Likelihood, AIC, Parameter Estimates, 95% Confidence Intervals:
AIC	-71.294
likelihood	37.647
thetaratio	2.5714	(1.4755 - 4.2096)
2Ns	-2.3027	(-3.1866 - -1.5497)

Compare data and optimization estimates
	Euclidean Distance: 2.3388 RMSE: 0.62507
	*Expected counts generated with Wright-Fisher theta estimates (SF_Ratios does not provide theta estimates)
--------------------------------------------------------------------------------------------------------------
i	DataN	DataS	DataRatio	Fit*_N	Fit*_S	Fit_Ratio
0	0.0	0.0	inf	0.0	0.0	inf
1	4.5	4.6	1.022	3.5	7.4	2.094
2	1.3	2.2	1.692	1.8	3.0	1.705
3	0.7	1.9	2.714	1.2	1.6	1.389
4	0.6	1.5	2.5	0.9	1.0	1.133
5	0.6	1.0	1.667	0.7	0.7	0.9245
6	0.5	0.5	1	0.6	0.4	0.7556
7	0.5	0.3	0.6	0.5	0.3	0.6186
8	0.4	0.2	0.5	0.4	0.2	0.5075
9	0.5	0.2	0.4	0.4	0.2	0.4175
10	0.5	0.2	0.4	0.4	0.1	0.3445
11	0.5	0.2	0.4	0.3	0.1	0.2853
12	0.5	0.1	0.2	0.3	0.1	0.2372
13	0.3	0.0	0	0.3	0.1	0.1982
14	0.1	0.0	0	0.3	0.0	0.1665

Time taken: 0 hours, 9 minutes, 10.74 seconds
