SF_Ratios.py   @Jody Hey 2024
=============================
Command line: -d fixed2Ns -f unfolded -i 3 -u -p uk10k_ccA-ccT -a /home/haruto/Lab-Work/Document/SFS/FlankingBases/syn_codon/single/uk10k/uk10k_vep_pickorder_flanking_syn_codon_ccA-ccT_down_15 -r /home/haruto/Lab-Work/Document/SF_Ratios/FlankingBases/syn_codon/uk10k
Arguments:
	sfsfilename: /home/haruto/Lab-Work/Document/SFS/FlankingBases/syn_codon/single/uk10k/uk10k_vep_pickorder_flanking_syn_codon_ccA-ccT_down_15
	fix_theta_ratio: None
	densityof2Ns: fixed2Ns
	foldstatus: unfolded
	basinhoppingopt: False
	optimizetries: 3
	setmax2Ns: 0
	maxi: None
	poplabel: uk10k_ccA-ccT
	estimatemax2Ns: False
	outdir: /home/haruto/Lab-Work/Document/SF_Ratios/FlankingBases/syn_codon/uk10k
	dualannealopt: True
	estimate_pointmass: False
	filecheck: False
	estimate_pointmass0: False
	commandstring: -d fixed2Ns -f unfolded -i 3 -u -p uk10k_ccA-ccT -a /home/haruto/Lab-Work/Document/SFS/FlankingBases/syn_codon/single/uk10k/uk10k_vep_pickorder_flanking_syn_codon_ccA-ccT_down_15 -r /home/haruto/Lab-Work/Document/SF_Ratios/FlankingBases/syn_codon/uk10k
	fixmode0: False
	thetaNspacerange: 100
	profile: False
	estimate_both_thetas: False
	includemisspec: False
	dofolded: False
	nc: 15
	datafileheader: intergenic_variant
	numparams: 2
	local_optimize_method: Nelder-Mead

trial	likelihood	thetaratio	2Ns	optimizer_message
0	38.57118	8.96553e-01 8.97017e-01	Optimization terminated successfully.
1	38.57118	8.96543e-01 8.96992e-01	Optimization terminated successfully.
2	38.57118	8.96555e-01 8.97019e-01	Optimization terminated successfully.
DA1	38.57118	8.96548e-01 8.97016e-01	['Maximum number of iteration reached']
DA2	38.57118	8.96548e-01 8.97016e-01	['Maximum number of iteration reached']

Optimization: Dualannealing2
Maximized Likelihood, AIC, Parameter Estimates, 95% Confidence Intervals:
AIC	-73.142
likelihood	38.571
thetaratio	0.8965	(0.6664 - 1.1768)
2Ns	0.89702	(-0.21851 - 3.3712)

Compare data and optimization estimates
	Euclidean Distance: inf RMSE: inf
	*Expected counts generated with Wright-Fisher theta estimates (SF_Ratios does not provide theta estimates)
--------------------------------------------------------------------------------------------------------------
i	DataN	DataS	DataRatio	Fit*_N	Fit*_S	Fit_Ratio
0	0.0	0.0	inf	0.0	0.0	inf
1	6.0	5.1	0.85	5.2	4.8	0.9348
2	3.4	2.8	0.8235	2.6	2.5	0.9755
3	2.3	2.0	0.8696	1.7	1.8	1.019
4	1.5	1.5	1	1.3	1.4	1.065
5	0.9	1.1	1.222	1.0	1.2	1.114
6	0.6	0.9	1.5	0.9	1.0	1.166
7	0.5	0.9	1.8	0.7	0.9	1.222
8	0.4	0.8	2	0.6	0.8	1.282
9	0.4	0.7	1.75	0.6	0.8	1.345
10	0.3	0.5	1.667	0.5	0.7	1.413
11	0.2	0.3	1.5	0.5	0.7	1.485
12	0.2	0.1	0.5	0.4	0.7	1.563
13	0.1	0.0	0	0.4	0.7	1.645
14	0.0	0.0	inf	0.4	0.6	1.734

Time taken: 0 hours, 8 minutes, 40.74 seconds
