SF_Ratios.py   @Jody Hey 2024
=============================
Command line: -d fixed2Ns -f unfolded -i 3 -u -p uk10k_atC-atA -a /home/haruto/Lab-Work/Document/SFS/FlankingBases/syn_codon/single/uk10k/uk10k_vep_pickorder_flanking_syn_codon_atC-atA_down_15 -r /home/haruto/Lab-Work/Document/SF_Ratios/FlankingBases/syn_codon/uk10k
Arguments:
	sfsfilename: /home/haruto/Lab-Work/Document/SFS/FlankingBases/syn_codon/single/uk10k/uk10k_vep_pickorder_flanking_syn_codon_atC-atA_down_15
	fix_theta_ratio: None
	densityof2Ns: fixed2Ns
	foldstatus: unfolded
	basinhoppingopt: False
	optimizetries: 3
	setmax2Ns: 0
	maxi: None
	poplabel: uk10k_atC-atA
	estimatemax2Ns: False
	outdir: /home/haruto/Lab-Work/Document/SF_Ratios/FlankingBases/syn_codon/uk10k
	dualannealopt: True
	estimate_pointmass: False
	filecheck: False
	estimate_pointmass0: False
	commandstring: -d fixed2Ns -f unfolded -i 3 -u -p uk10k_atC-atA -a /home/haruto/Lab-Work/Document/SFS/FlankingBases/syn_codon/single/uk10k/uk10k_vep_pickorder_flanking_syn_codon_atC-atA_down_15 -r /home/haruto/Lab-Work/Document/SF_Ratios/FlankingBases/syn_codon/uk10k
	fixmode0: False
	thetaNspacerange: 100
	profile: False
	estimate_both_thetas: False
	includemisspec: False
	dofolded: False
	nc: 15
	datafileheader: intergenic_variant
	numparams: 2
	local_optimize_method: Nelder-Mead

trial	likelihood	thetaratio	2Ns	optimizer_message
0	66.99262	1.10874e+00 -9.44645e-01	Optimization terminated successfully.
1	66.99262	1.10872e+00 -9.44601e-01	Optimization terminated successfully.
2	66.99262	1.10874e+00 -9.44639e-01	Optimization terminated successfully.
DA1	66.99262	1.10874e+00 -9.44618e-01	['Maximum number of iteration reached']
DA2	66.99262	1.10874e+00 -9.44617e-01	['Maximum number of iteration reached']

Optimization: Dualannealing2
Maximized Likelihood, AIC, Parameter Estimates, 95% Confidence Intervals:
AIC	-129.985
likelihood	66.993
thetaratio	1.1087	(0.9182 - 1.3175)
2Ns	-0.94462	(-1.4241 - -0.45063)

Compare data and optimization estimates
	Euclidean Distance: 1.4212 RMSE: 0.37982
	*Expected counts generated with Wright-Fisher theta estimates (SF_Ratios does not provide theta estimates)
--------------------------------------------------------------------------------------------------------------
i	DataN	DataS	DataRatio	Fit*_N	Fit*_S	Fit_Ratio
0	0.0	0.0	inf	0.0	0.0	inf
1	15.6	16.4	1.051	14.8	15.2	1.03
2	6.9	6.7	0.971	7.4	7.1	0.9581
3	4.6	3.9	0.8478	4.9	4.4	0.8914
4	3.6	2.9	0.8056	3.7	3.1	0.8299
5	3.1	2.5	0.8065	3.0	2.3	0.7731
6	2.7	2.1	0.7778	2.5	1.8	0.7207
7	2.4	1.6	0.6667	2.1	1.4	0.6723
8	2.2	1.0	0.4545	1.8	1.2	0.6276
9	1.9	0.6	0.3158	1.6	1.0	0.5864
10	1.7	0.4	0.2353	1.5	0.8	0.5482
11	1.3	0.4	0.3077	1.3	0.7	0.513
12	0.9	0.6	0.6667	1.2	0.6	0.4805
13	0.6	0.8	1.333	1.1	0.5	0.4504
14	0.5	0.7	1.4	1.1	0.4	0.4226

Time taken: 0 hours, 9 minutes, 47.22 seconds
