SF_Ratios.py   @Jody Hey 2024
=============================
Command line: -d fixed2Ns -f unfolded -i 3 -u -p uk10k_agA-agG -a /home/haruto/Lab-Work/Document/SFS/FlankingBases/syn_codon/single/uk10k/uk10k_vep_pickorder_flanking_syn_codon_agA-agG_down_15 -r /home/haruto/Lab-Work/Document/SF_Ratios/FlankingBases/syn_codon/uk10k
Arguments:
	sfsfilename: /home/haruto/Lab-Work/Document/SFS/FlankingBases/syn_codon/single/uk10k/uk10k_vep_pickorder_flanking_syn_codon_agA-agG_down_15
	fix_theta_ratio: None
	densityof2Ns: fixed2Ns
	foldstatus: unfolded
	basinhoppingopt: False
	optimizetries: 3
	setmax2Ns: 0
	maxi: None
	poplabel: uk10k_agA-agG
	estimatemax2Ns: False
	outdir: /home/haruto/Lab-Work/Document/SF_Ratios/FlankingBases/syn_codon/uk10k
	dualannealopt: True
	estimate_pointmass: False
	filecheck: False
	estimate_pointmass0: False
	commandstring: -d fixed2Ns -f unfolded -i 3 -u -p uk10k_agA-agG -a /home/haruto/Lab-Work/Document/SFS/FlankingBases/syn_codon/single/uk10k/uk10k_vep_pickorder_flanking_syn_codon_agA-agG_down_15 -r /home/haruto/Lab-Work/Document/SF_Ratios/FlankingBases/syn_codon/uk10k
	fixmode0: False
	thetaNspacerange: 100
	profile: False
	estimate_both_thetas: False
	includemisspec: False
	dofolded: False
	nc: 15
	datafileheader: intergenic_variant
	numparams: 2
	local_optimize_method: Nelder-Mead

trial	likelihood	thetaratio	2Ns	optimizer_message
0	62.73807	5.60471e-01 8.92679e-01	Optimization terminated successfully.
1	62.73807	5.60475e-01 8.92652e-01	Optimization terminated successfully.
2	62.73807	5.60470e-01 8.92709e-01	Optimization terminated successfully.
DA1	63.99037	3.59694e-01 4.08695e+01	['Maximum number of iteration reached']
DA2	63.99037	3.59700e-01 4.08400e+01	['Maximum number of iteration reached']

Optimization: Dualannealing1
Maximized Likelihood, AIC, Parameter Estimates, 95% Confidence Intervals:
AIC	-123.981
likelihood	63.990
thetaratio	0.3597	(0.2752 - 0.4596)
2Ns	40.869	(3.6957 - nan)

Compare data and optimization estimates
	Euclidean Distance: 1.1813 RMSE: 0.31571
	*Expected counts generated with Wright-Fisher theta estimates (SF_Ratios does not provide theta estimates)
--------------------------------------------------------------------------------------------------------------
i	DataN	DataS	DataRatio	Fit*_N	Fit*_S	Fit_Ratio
0	0.0	0.0	inf	0.0	0.0	inf
1	15.8	11.8	0.7468	16.3	6.3	0.3854
2	8.2	5.6	0.6829	8.1	3.4	0.415
3	6.2	3.9	0.629	5.4	2.4	0.4496
4	5.1	2.8	0.549	4.1	2.0	0.4905
5	4.3	2.0	0.4651	3.3	1.8	0.5395
6	3.6	1.4	0.3889	2.7	1.6	0.5995
7	2.9	1.1	0.3793	2.3	1.6	0.6744
8	2.2	1.0	0.4545	2.0	1.6	0.7708
9	1.7	1.0	0.5882	1.8	1.6	0.8992
10	1.2	1.0	0.8333	1.6	1.8	1.079
11	0.9	0.9	1	1.5	2.0	1.348
12	0.5	0.7	1.4	1.4	2.4	1.794
13	0.2	0.6	3	1.3	3.3	2.642
14	0.1	0.4	4	1.2	5.3	4.599

Time taken: 0 hours, 11 minutes, 24.69 seconds
