SF_Ratios.py   @Jody Hey 2024
=============================
Command line: -d fixed2Ns -f unfolded -i 3 -u -p uk10k_ctT-ctA -a /home/haruto/Lab-Work/Document/SFS/FlankingBases/syn_codon/single/uk10k/uk10k_vep_pickorder_flanking_syn_codon_ctT-ctA_down_15 -r /home/haruto/Lab-Work/Document/SF_Ratios/FlankingBases/syn_codon/uk10k
Arguments:
	sfsfilename: /home/haruto/Lab-Work/Document/SFS/FlankingBases/syn_codon/single/uk10k/uk10k_vep_pickorder_flanking_syn_codon_ctT-ctA_down_15
	fix_theta_ratio: None
	densityof2Ns: fixed2Ns
	foldstatus: unfolded
	basinhoppingopt: False
	optimizetries: 3
	setmax2Ns: 0
	maxi: None
	poplabel: uk10k_ctT-ctA
	estimatemax2Ns: False
	outdir: /home/haruto/Lab-Work/Document/SF_Ratios/FlankingBases/syn_codon/uk10k
	dualannealopt: True
	estimate_pointmass: False
	filecheck: False
	estimate_pointmass0: False
	commandstring: -d fixed2Ns -f unfolded -i 3 -u -p uk10k_ctT-ctA -a /home/haruto/Lab-Work/Document/SFS/FlankingBases/syn_codon/single/uk10k/uk10k_vep_pickorder_flanking_syn_codon_ctT-ctA_down_15 -r /home/haruto/Lab-Work/Document/SF_Ratios/FlankingBases/syn_codon/uk10k
	fixmode0: False
	thetaNspacerange: 100
	profile: False
	estimate_both_thetas: False
	includemisspec: False
	dofolded: False
	nc: 15
	datafileheader: intergenic_variant
	numparams: 2
	local_optimize_method: Nelder-Mead

trial	likelihood	thetaratio	2Ns	optimizer_message
0	64.24791	4.66165e+00 -4.11286e+01	Optimization terminated successfully.
1	64.24791	4.66165e+00 -4.11286e+01	Optimization terminated successfully.
2	64.24791	4.66165e+00 -4.11286e+01	Optimization terminated successfully.
DA1	64.24791	4.66165e+00 -4.11285e+01	['Maximum number of iteration reached']
DA2	64.24791	4.66165e+00 -4.11286e+01	['Maximum number of iteration reached']

Optimization: Optimize
Maximized Likelihood, AIC, Parameter Estimates, 95% Confidence Intervals:
AIC	-124.496
likelihood	64.248
thetaratio	4.6617	(2.4609 - nan)
2Ns	-41.129	(-80.528 - -23.323)

Compare data and optimization estimates
	Euclidean Distance: 0.8980 RMSE: 0.24000
	*Expected counts generated with Wright-Fisher theta estimates (SF_Ratios does not provide theta estimates)
--------------------------------------------------------------------------------------------------------------
i	DataN	DataS	DataRatio	Fit*_N	Fit*_S	Fit_Ratio
0	0.0	0.0	inf	0.0	0.0	inf
1	2.9	1.4	0.4828	4.1	3.0	0.733
2	2.5	0.5	0.2	2.0	0.2	0.1097
3	2.0	0.2	0.1	1.4	0.0	0.01557
4	1.4	0.1	0.07143	1.0	0.0	0.002082
5	1.0	0.1	0.1	0.8	0.0	0.000261
6	0.7	0.2	0.2857	0.7	0.0	3.04e-05
7	0.5	0.2	0.4	0.6	0.0	3.263e-06
8	0.4	0.2	0.5	0.5	0.0	3.189e-07
9	0.3	0.1	0.3333	0.5	0.0	2.796e-08
10	0.3	0.1	0.3333	0.4	0.0	2.157e-09
11	0.3	0.0	0	0.4	0.0	1.425e-10
12	0.3	0.0	0	0.3	0.0	7.743e-12
13	0.3	0.0	0	0.3	0.0	3.251e-13
14	0.4	0.0	0	0.3	0.0	9.389e-15

Time taken: 0 hours, 11 minutes, 43.53 seconds
