SF_Ratios.py   @Jody Hey 2024
=============================
Command line: -d fixed2Ns -f unfolded -i 3 -u -p uk10k_Cta-Tta -a /home/haruto/Lab-Work/Document/SFS/FlankingBases/syn_codon/single/uk10k/uk10k_vep_pickorder_flanking_syn_codon_Cta-Tta_down_15 -r /home/haruto/Lab-Work/Document/SF_Ratios/FlankingBases/syn_codon/uk10k
Arguments:
	sfsfilename: /home/haruto/Lab-Work/Document/SFS/FlankingBases/syn_codon/single/uk10k/uk10k_vep_pickorder_flanking_syn_codon_Cta-Tta_down_15
	fix_theta_ratio: None
	densityof2Ns: fixed2Ns
	foldstatus: unfolded
	basinhoppingopt: False
	optimizetries: 3
	setmax2Ns: 0
	maxi: None
	poplabel: uk10k_Cta-Tta
	estimatemax2Ns: False
	outdir: /home/haruto/Lab-Work/Document/SF_Ratios/FlankingBases/syn_codon/uk10k
	dualannealopt: True
	estimate_pointmass: False
	filecheck: False
	estimate_pointmass0: False
	commandstring: -d fixed2Ns -f unfolded -i 3 -u -p uk10k_Cta-Tta -a /home/haruto/Lab-Work/Document/SFS/FlankingBases/syn_codon/single/uk10k/uk10k_vep_pickorder_flanking_syn_codon_Cta-Tta_down_15 -r /home/haruto/Lab-Work/Document/SF_Ratios/FlankingBases/syn_codon/uk10k
	fixmode0: False
	thetaNspacerange: 100
	profile: False
	estimate_both_thetas: False
	includemisspec: False
	dofolded: False
	nc: 15
	datafileheader: intergenic_variant
	numparams: 2
	local_optimize_method: Nelder-Mead

trial	likelihood	thetaratio	2Ns	optimizer_message
0	57.65539	6.91832e-01 4.21639e-01	Optimization terminated successfully.
1	57.65539	6.91823e-01 4.21715e-01	Optimization terminated successfully.
2	57.65539	6.91837e-01 4.21655e-01	Optimization terminated successfully.
DA1	57.65539	6.91828e-01 4.21680e-01	['Maximum number of iteration reached']
DA2	54.47048	4.66815e-01 9.62817e+02	['Maximum number of iteration reached']

Optimization: Dualannealing1
Maximized Likelihood, AIC, Parameter Estimates, 95% Confidence Intervals:
AIC	-111.311
likelihood	57.655
thetaratio	0.6918	(0.5578 - 0.8420)
2Ns	0.42168	(-0.29106 - 1.4585)

Compare data and optimization estimates
	Euclidean Distance: inf RMSE: inf
	*Expected counts generated with Wright-Fisher theta estimates (SF_Ratios does not provide theta estimates)
--------------------------------------------------------------------------------------------------------------
i	DataN	DataS	DataRatio	Fit*_N	Fit*_S	Fit_Ratio
0	0.0	0.0	inf	0.0	0.0	inf
1	16.2	11.9	0.7346	12.1	8.6	0.708
2	6.7	4.9	0.7313	6.1	4.4	0.7247
3	3.9	3.4	0.8718	4.0	3.0	0.742
4	2.7	2.3	0.8519	3.0	2.3	0.7598
5	2.2	1.4	0.6364	2.4	1.9	0.7781
6	1.9	1.0	0.5263	2.0	1.6	0.7971
7	1.6	0.8	0.5	1.7	1.4	0.8167
8	1.4	0.8	0.5714	1.5	1.3	0.8369
9	1.1	0.8	0.7273	1.3	1.2	0.8577
10	0.8	0.7	0.875	1.2	1.1	0.8793
11	0.6	0.5	0.8333	1.1	1.0	0.9015
12	0.3	0.4	1.333	1.0	0.9	0.9245
13	0.1	0.4	4	0.9	0.9	0.9482
14	0.0	0.5	inf	0.9	0.8	0.9727

Time taken: 0 hours, 12 minutes, 5.98 seconds
