SF_Ratios.py   @Jody Hey 2024
=============================
Command line: -d fixed2Ns -f unfolded -i 3 -u -p uk10k_gcA-gcT -a /home/haruto/Lab-Work/Document/SFS/FlankingBases/syn_codon/single/uk10k/uk10k_vep_pickorder_flanking_syn_codon_gcA-gcT_down_15 -r /home/haruto/Lab-Work/Document/SF_Ratios/FlankingBases/syn_codon/uk10k
Arguments:
	sfsfilename: /home/haruto/Lab-Work/Document/SFS/FlankingBases/syn_codon/single/uk10k/uk10k_vep_pickorder_flanking_syn_codon_gcA-gcT_down_15
	fix_theta_ratio: None
	densityof2Ns: fixed2Ns
	foldstatus: unfolded
	basinhoppingopt: False
	optimizetries: 3
	setmax2Ns: 0
	maxi: None
	poplabel: uk10k_gcA-gcT
	estimatemax2Ns: False
	outdir: /home/haruto/Lab-Work/Document/SF_Ratios/FlankingBases/syn_codon/uk10k
	dualannealopt: True
	estimate_pointmass: False
	filecheck: False
	estimate_pointmass0: False
	commandstring: -d fixed2Ns -f unfolded -i 3 -u -p uk10k_gcA-gcT -a /home/haruto/Lab-Work/Document/SFS/FlankingBases/syn_codon/single/uk10k/uk10k_vep_pickorder_flanking_syn_codon_gcA-gcT_down_15 -r /home/haruto/Lab-Work/Document/SF_Ratios/FlankingBases/syn_codon/uk10k
	fixmode0: False
	thetaNspacerange: 100
	profile: False
	estimate_both_thetas: False
	includemisspec: False
	dofolded: False
	nc: 15
	datafileheader: intergenic_variant
	numparams: 2
	local_optimize_method: Nelder-Mead

trial	likelihood	thetaratio	2Ns	optimizer_message
0	33.21393	6.88893e-01 6.52184e+00	Optimization terminated successfully.
1	33.21393	6.88893e-01 6.52185e+00	Optimization terminated successfully.
2	33.21393	6.88893e-01 6.52186e+00	Optimization terminated successfully.
DA1	33.21393	6.88887e-01 6.52201e+00	['Maximum number of iteration reached']
DA2	33.21389	6.87938e-01 6.55036e+00	['Maximum number of iteration reached']

Optimization: Optimize
Maximized Likelihood, AIC, Parameter Estimates, 95% Confidence Intervals:
AIC	-62.428
likelihood	33.214
thetaratio	0.6889	(0.4947 - 0.9265)
2Ns	6.5218	(1.6576 - nan)

Compare data and optimization estimates
	Euclidean Distance: inf RMSE: inf
	*Expected counts generated with Wright-Fisher theta estimates (SF_Ratios does not provide theta estimates)
--------------------------------------------------------------------------------------------------------------
i	DataN	DataS	DataRatio	Fit*_N	Fit*_S	Fit_Ratio
0	0.0	0.0	inf	0.0	0.0	inf
1	4.8	3.7	0.7708	3.8	2.8	0.7381
2	2.1	1.5	0.7143	1.9	1.5	0.7949
3	1.4	1.0	0.7143	1.3	1.1	0.861
4	1.1	0.8	0.7273	0.9	0.9	0.9392
5	0.8	0.6	0.75	0.8	0.8	1.033
6	0.6	0.5	0.8333	0.6	0.7	1.146
7	0.4	0.4	1	0.5	0.7	1.287
8	0.3	0.4	1.333	0.5	0.7	1.465
9	0.2	0.4	2	0.4	0.7	1.694
10	0.1	0.3	3	0.4	0.8	1.996
11	0.1	0.3	3	0.3	0.8	2.403
12	0.0	0.3	inf	0.3	0.9	2.965
13	0.1	0.5	5	0.3	1.1	3.754
14	0.3	0.7	2.333	0.3	1.3	4.887

Time taken: 0 hours, 9 minutes, 22.31 seconds
