SF_Ratios.py   @Jody Hey 2024
=============================
Command line: -d fixed2Ns -f unfolded -i 3 -u -p uk10k_aaA-aaG -a /home/haruto/Lab-Work/Document/SFS/FlankingBases/syn_codon/single/uk10k/uk10k_vep_pickorder_flanking_syn_codon_aaA-aaG_down_15 -r /home/haruto/Lab-Work/Document/SF_Ratios/FlankingBases/syn_codon/uk10k
Arguments:
	sfsfilename: /home/haruto/Lab-Work/Document/SFS/FlankingBases/syn_codon/single/uk10k/uk10k_vep_pickorder_flanking_syn_codon_aaA-aaG_down_15
	fix_theta_ratio: None
	densityof2Ns: fixed2Ns
	foldstatus: unfolded
	basinhoppingopt: False
	optimizetries: 3
	setmax2Ns: 0
	maxi: None
	poplabel: uk10k_aaA-aaG
	estimatemax2Ns: False
	outdir: /home/haruto/Lab-Work/Document/SF_Ratios/FlankingBases/syn_codon/uk10k
	dualannealopt: True
	estimate_pointmass: False
	filecheck: False
	estimate_pointmass0: False
	commandstring: -d fixed2Ns -f unfolded -i 3 -u -p uk10k_aaA-aaG -a /home/haruto/Lab-Work/Document/SFS/FlankingBases/syn_codon/single/uk10k/uk10k_vep_pickorder_flanking_syn_codon_aaA-aaG_down_15 -r /home/haruto/Lab-Work/Document/SF_Ratios/FlankingBases/syn_codon/uk10k
	fixmode0: False
	thetaNspacerange: 100
	profile: False
	estimate_both_thetas: False
	includemisspec: False
	dofolded: False
	nc: 15
	datafileheader: intergenic_variant
	numparams: 2
	local_optimize_method: Nelder-Mead

trial	likelihood	thetaratio	2Ns	optimizer_message
0	89.28551	9.18308e-01 -1.05802e+00	Optimization terminated successfully.
1	89.28551	9.18283e-01 -1.05794e+00	Optimization terminated successfully.
2	89.28551	9.18287e-01 -1.05801e+00	Optimization terminated successfully.
DA1	89.28551	9.18288e-01 -1.05798e+00	['Maximum number of iteration reached']
DA2	89.28551	9.18288e-01 -1.05798e+00	['Maximum number of iteration reached']

Optimization: Dualannealing1
Maximized Likelihood, AIC, Parameter Estimates, 95% Confidence Intervals:
AIC	-174.571
likelihood	89.286
thetaratio	0.9183	(0.8029 - 1.0564)
2Ns	-1.058	(-1.367 - -0.74928)

Compare data and optimization estimates
	Euclidean Distance: 0.4507 RMSE: 0.12044
	*Expected counts generated with Wright-Fisher theta estimates (SF_Ratios does not provide theta estimates)
--------------------------------------------------------------------------------------------------------------
i	DataN	DataS	DataRatio	Fit*_N	Fit*_S	Fit_Ratio
0	0.0	0.0	inf	0.0	0.0	inf
1	37.8	29.1	0.7698	34.6	29.2	0.8446
2	18.1	13.3	0.7348	17.3	13.4	0.7774
3	11.6	8.9	0.7672	11.5	8.2	0.7159
4	8.2	6.7	0.8171	8.6	5.7	0.6598
5	6.3	5.2	0.8254	6.9	4.2	0.6086
6	5.2	4.0	0.7692	5.8	3.2	0.5618
7	4.5	2.9	0.6444	4.9	2.6	0.519
8	3.8	2.1	0.5526	4.3	2.1	0.4799
9	3.3	1.4	0.4242	3.8	1.7	0.4442
10	2.9	1.0	0.3448	3.5	1.4	0.4115
11	2.8	0.7	0.25	3.1	1.2	0.3817
12	2.9	0.6	0.2069	2.9	1.0	0.3543
13	2.8	0.6	0.2143	2.7	0.9	0.3293
14	2.2	0.7	0.3182	2.5	0.8	0.3064

Time taken: 0 hours, 8 minutes, 50.29 seconds
