SF_Ratios.py   @Jody Hey 2024
=============================
Command line: -d fixed2Ns -f unfolded -i 3 -u -p uk10k_ccT-ccC -a /home/haruto/Lab-Work/Document/SFS/FlankingBases/syn_codon/single/uk10k/uk10k_vep_pickorder_flanking_syn_codon_ccT-ccC_down_15 -r /home/haruto/Lab-Work/Document/SF_Ratios/FlankingBases/syn_codon/uk10k
Arguments:
	sfsfilename: /home/haruto/Lab-Work/Document/SFS/FlankingBases/syn_codon/single/uk10k/uk10k_vep_pickorder_flanking_syn_codon_ccT-ccC_down_15
	fix_theta_ratio: None
	densityof2Ns: fixed2Ns
	foldstatus: unfolded
	basinhoppingopt: False
	optimizetries: 3
	setmax2Ns: 0
	maxi: None
	poplabel: uk10k_ccT-ccC
	estimatemax2Ns: False
	outdir: /home/haruto/Lab-Work/Document/SF_Ratios/FlankingBases/syn_codon/uk10k
	dualannealopt: True
	estimate_pointmass: False
	filecheck: False
	estimate_pointmass0: False
	commandstring: -d fixed2Ns -f unfolded -i 3 -u -p uk10k_ccT-ccC -a /home/haruto/Lab-Work/Document/SFS/FlankingBases/syn_codon/single/uk10k/uk10k_vep_pickorder_flanking_syn_codon_ccT-ccC_down_15 -r /home/haruto/Lab-Work/Document/SF_Ratios/FlankingBases/syn_codon/uk10k
	fixmode0: False
	thetaNspacerange: 100
	profile: False
	estimate_both_thetas: False
	includemisspec: False
	dofolded: False
	nc: 15
	datafileheader: intergenic_variant
	numparams: 2
	local_optimize_method: Nelder-Mead

trial	likelihood	thetaratio	2Ns	optimizer_message
0	76.49520	7.04934e-01 5.57345e-01	Optimization terminated successfully.
1	76.49520	7.04937e-01 5.57348e-01	Optimization terminated successfully.
2	76.49520	7.04938e-01 5.57326e-01	Optimization terminated successfully.
DA1	76.49520	7.04948e-01 5.57316e-01	['Maximum number of iteration reached']
DA2	76.49520	7.04948e-01 5.57315e-01	['Maximum number of iteration reached']

Optimization: Dualannealing1
Maximized Likelihood, AIC, Parameter Estimates, 95% Confidence Intervals:
AIC	-148.990
likelihood	76.495
thetaratio	0.7049	(0.6027 - 0.8153)
2Ns	0.55732	(0.087675 - 1.118)

Compare data and optimization estimates
	Euclidean Distance: 0.5195 RMSE: 0.13884
	*Expected counts generated with Wright-Fisher theta estimates (SF_Ratios does not provide theta estimates)
--------------------------------------------------------------------------------------------------------------
i	DataN	DataS	DataRatio	Fit*_N	Fit*_S	Fit_Ratio
0	0.0	0.0	inf	0.0	0.0	inf
1	22.5	17.7	0.7867	21.4	15.6	0.7259
2	11.9	7.8	0.6555	10.7	8.0	0.7476
3	8.2	5.4	0.6585	7.1	5.5	0.7703
4	5.9	4.1	0.6949	5.4	4.3	0.7939
5	4.4	3.4	0.7727	4.3	3.5	0.8186
6	3.3	3.0	0.9091	3.6	3.0	0.8442
7	2.6	2.7	1.038	3.1	2.7	0.871
8	2.1	2.4	1.143	2.7	2.4	0.8988
9	1.8	2.1	1.167	2.4	2.2	0.9279
10	1.8	1.7	0.9444	2.1	2.1	0.9582
11	1.7	1.5	0.8824	1.9	1.9	0.9898
12	1.6	1.3	0.8125	1.8	1.8	1.023
13	1.2	1.1	0.9167	1.6	1.7	1.057
14	0.7	0.7	1	1.5	1.7	1.093

Time taken: 0 hours, 9 minutes, 22.50 seconds
