SF_Ratios.py   @Jody Hey 2024
=============================
Command line: -d fixed2Ns -f unfolded -i 3 -u -r /home/haruto/Lab-Work/Document/SF_Ratios/FlankingBases/syn_codon/uk10k -a /home/haruto/Lab-Work/Document/SFS/FlankingBases/syn_codon/single/uk10k/uk10k_vep_pickorder_flanking_syn_codon_Tta-Cta_down_15 -p uk10k_Tta-Cta
Arguments:
	sfsfilename: /home/haruto/Lab-Work/Document/SFS/FlankingBases/syn_codon/single/uk10k/uk10k_vep_pickorder_flanking_syn_codon_Tta-Cta_down_15
	fix_theta_ratio: None
	densityof2Ns: fixed2Ns
	foldstatus: unfolded
	basinhoppingopt: False
	optimizetries: 3
	setmax2Ns: 0
	maxi: None
	poplabel: uk10k_Tta-Cta
	estimatemax2Ns: False
	outdir: /home/haruto/Lab-Work/Document/SF_Ratios/FlankingBases/syn_codon/uk10k
	dualannealopt: True
	estimate_pointmass: False
	filecheck: False
	estimate_pointmass0: False
	commandstring: -d fixed2Ns -f unfolded -i 3 -u -r /home/haruto/Lab-Work/Document/SF_Ratios/FlankingBases/syn_codon/uk10k -a /home/haruto/Lab-Work/Document/SFS/FlankingBases/syn_codon/single/uk10k/uk10k_vep_pickorder_flanking_syn_codon_Tta-Cta_down_15 -p uk10k_Tta-Cta
	fixmode0: False
	thetaNspacerange: 100
	profile: False
	estimate_both_thetas: False
	includemisspec: False
	dofolded: False
	nc: 15
	datafileheader: intergenic_variant
	numparams: 2
	local_optimize_method: Nelder-Mead

trial	likelihood	thetaratio	2Ns	optimizer_message
0	51.97842	6.05409e-01 -4.38641e-01	Optimization terminated successfully.
1	51.97842	6.05412e-01 -4.38633e-01	Optimization terminated successfully.
2	51.97842	6.05399e-01 -4.38607e-01	Optimization terminated successfully.
DA1	51.97842	6.05406e-01 -4.38615e-01	['Maximum number of iteration reached']
DA2	51.97842	6.05406e-01 -4.38615e-01	['Maximum number of iteration reached']

Optimization: Dualannealing2
Maximized Likelihood, AIC, Parameter Estimates, 95% Confidence Intervals:
AIC	-99.957
likelihood	51.978
thetaratio	0.6054	(0.4384 - 0.8195)
2Ns	-0.43861	(-1.2789 - 0.50968)

Compare data and optimization estimates
	Euclidean Distance: inf RMSE: inf
	*Expected counts generated with Wright-Fisher theta estimates (SF_Ratios does not provide theta estimates)
--------------------------------------------------------------------------------------------------------------
i	DataN	DataS	DataRatio	Fit*_N	Fit*_S	Fit_Ratio
0	0.0	0.0	inf	0.0	0.0	inf
1	7.3	4.0	0.5479	7.2	4.2	0.5871
2	4.3	1.7	0.3953	3.6	2.0	0.5694
3	3.2	1.6	0.5	2.4	1.3	0.5524
4	2.4	1.7	0.7083	1.8	1.0	0.5359
5	1.7	1.5	0.8824	1.4	0.7	0.5201
6	1.2	1.2	1	1.2	0.6	0.5047
7	0.9	0.8	0.8889	1.0	0.5	0.49
8	0.7	0.5	0.7143	0.9	0.4	0.4757
9	0.6	0.3	0.5	0.8	0.4	0.462
10	0.5	0.2	0.4	0.7	0.3	0.4487
11	0.3	0.1	0.3333	0.7	0.3	0.4359
12	0.2	0.0	0	0.6	0.3	0.4235
13	0.1	0.0	0	0.6	0.2	0.4116
14	0.0	0.0	inf	0.5	0.2	0.4001

Time taken: 0 hours, 8 minutes, 20.86 seconds
