SF_Ratios.py   @Jody Hey 2024
=============================
Command line: -d fixed2Ns -f unfolded -i 3 -u -p uk10k_ccC-ccA -a /home/haruto/Lab-Work/Document/SFS/FlankingBases/syn_codon/single/uk10k/uk10k_vep_pickorder_flanking_syn_codon_ccC-ccA_down_15 -r /home/haruto/Lab-Work/Document/SF_Ratios/FlankingBases/syn_codon/uk10k
Arguments:
	sfsfilename: /home/haruto/Lab-Work/Document/SFS/FlankingBases/syn_codon/single/uk10k/uk10k_vep_pickorder_flanking_syn_codon_ccC-ccA_down_15
	fix_theta_ratio: None
	densityof2Ns: fixed2Ns
	foldstatus: unfolded
	basinhoppingopt: False
	optimizetries: 3
	setmax2Ns: 0
	maxi: None
	poplabel: uk10k_ccC-ccA
	estimatemax2Ns: False
	outdir: /home/haruto/Lab-Work/Document/SF_Ratios/FlankingBases/syn_codon/uk10k
	dualannealopt: True
	estimate_pointmass: False
	filecheck: False
	estimate_pointmass0: False
	commandstring: -d fixed2Ns -f unfolded -i 3 -u -p uk10k_ccC-ccA -a /home/haruto/Lab-Work/Document/SFS/FlankingBases/syn_codon/single/uk10k/uk10k_vep_pickorder_flanking_syn_codon_ccC-ccA_down_15 -r /home/haruto/Lab-Work/Document/SF_Ratios/FlankingBases/syn_codon/uk10k
	fixmode0: False
	thetaNspacerange: 100
	profile: False
	estimate_both_thetas: False
	includemisspec: False
	dofolded: False
	nc: 15
	datafileheader: intergenic_variant
	numparams: 2
	local_optimize_method: Nelder-Mead

trial	likelihood	thetaratio	2Ns	optimizer_message
0	69.97479	1.02421e+00 -1.00988e+00	Optimization terminated successfully.
1	69.97479	1.02417e+00 -1.00985e+00	Optimization terminated successfully.
2	69.97479	1.02417e+00 -1.00985e+00	Optimization terminated successfully.
DA1	69.97479	1.02418e+00 -1.00985e+00	['Maximum number of iteration reached']
DA2	69.97479	1.02418e+00 -1.00985e+00	['Maximum number of iteration reached']

Optimization: Dualannealing2
Maximized Likelihood, AIC, Parameter Estimates, 95% Confidence Intervals:
AIC	-135.950
likelihood	69.975
thetaratio	1.0242	(0.8374 - 1.2338)
2Ns	-1.0098	(-1.4463 - -0.57448)

Compare data and optimization estimates
	Euclidean Distance: 0.4007 RMSE: 0.10708
	*Expected counts generated with Wright-Fisher theta estimates (SF_Ratios does not provide theta estimates)
--------------------------------------------------------------------------------------------------------------
i	DataN	DataS	DataRatio	Fit*_N	Fit*_S	Fit_Ratio
0	0.0	0.0	inf	0.0	0.0	inf
1	13.7	12.9	0.9416	12.5	11.9	0.9462
2	6.6	5.8	0.8788	6.3	5.5	0.8747
3	4.2	3.7	0.881	4.2	3.4	0.8091
4	3.1	2.5	0.8065	3.1	2.3	0.7489
5	2.5	1.6	0.64	2.5	1.7	0.6937
6	2.2	1.1	0.5	2.1	1.3	0.643
7	1.9	0.9	0.4737	1.8	1.1	0.5965
8	1.6	0.8	0.5	1.6	0.9	0.5539
9	1.3	0.6	0.4615	1.4	0.7	0.5147
10	1.1	0.5	0.4545	1.3	0.6	0.4787
11	0.9	0.4	0.4444	1.1	0.5	0.4457
12	0.8	0.3	0.375	1.0	0.4	0.4153
13	0.6	0.3	0.5	1.0	0.4	0.3874
14	0.3	0.2	0.6667	0.9	0.3	0.3618

Time taken: 0 hours, 9 minutes, 23.90 seconds
