SF_Ratios.py   @Jody Hey 2024
=============================
Command line: -d fixed2Ns -f unfolded -i 3 -u -r /home/haruto/Lab-Work/Document/SF_Ratios/FlankingBases/syn_codon/uk10k -a /home/haruto/Lab-Work/Document/SFS/FlankingBases/syn_codon/single/uk10k/uk10k_vep_pickorder_flanking_syn_codon_tgT-tgC_down_15 -p uk10k_tgT-tgC
Arguments:
	sfsfilename: /home/haruto/Lab-Work/Document/SFS/FlankingBases/syn_codon/single/uk10k/uk10k_vep_pickorder_flanking_syn_codon_tgT-tgC_down_15
	fix_theta_ratio: None
	densityof2Ns: fixed2Ns
	foldstatus: unfolded
	basinhoppingopt: False
	optimizetries: 3
	setmax2Ns: 0
	maxi: None
	poplabel: uk10k_tgT-tgC
	estimatemax2Ns: False
	outdir: /home/haruto/Lab-Work/Document/SF_Ratios/FlankingBases/syn_codon/uk10k
	dualannealopt: True
	estimate_pointmass: False
	filecheck: False
	estimate_pointmass0: False
	commandstring: -d fixed2Ns -f unfolded -i 3 -u -r /home/haruto/Lab-Work/Document/SF_Ratios/FlankingBases/syn_codon/uk10k -a /home/haruto/Lab-Work/Document/SFS/FlankingBases/syn_codon/single/uk10k/uk10k_vep_pickorder_flanking_syn_codon_tgT-tgC_down_15 -p uk10k_tgT-tgC
	fixmode0: False
	thetaNspacerange: 100
	profile: False
	estimate_both_thetas: False
	includemisspec: False
	dofolded: False
	nc: 15
	datafileheader: intergenic_variant
	numparams: 2
	local_optimize_method: Nelder-Mead

trial	likelihood	thetaratio	2Ns	optimizer_message
0	64.13071	1.26792e+00 -7.59127e-01	Optimization terminated successfully.
1	64.13071	1.26793e+00 -7.59105e-01	Optimization terminated successfully.
2	64.13071	1.26793e+00 -7.59171e-01	Optimization terminated successfully.
DA1	64.13071	1.26793e+00 -7.59143e-01	['Maximum number of iteration reached']
DA2	64.13071	1.26793e+00 -7.59146e-01	['Maximum number of iteration reached']

Optimization: Dualannealing2
Maximized Likelihood, AIC, Parameter Estimates, 95% Confidence Intervals:
AIC	-124.261
likelihood	64.131
thetaratio	1.2679	(1.0406 - 1.5341)
2Ns	-0.75915	(-1.1848 - -0.32573)

Compare data and optimization estimates
	Euclidean Distance: 0.3785 RMSE: 0.10116
	*Expected counts generated with Wright-Fisher theta estimates (SF_Ratios does not provide theta estimates)
--------------------------------------------------------------------------------------------------------------
i	DataN	DataS	DataRatio	Fit*_N	Fit*_S	Fit_Ratio
0	0.0	0.0	inf	0.0	0.0	inf
1	11.1	11.8	1.063	11.0	13.2	1.198
2	5.5	6.4	1.164	5.5	6.2	1.132
3	3.9	4.6	1.179	3.7	3.9	1.07
4	2.9	3.3	1.138	2.8	2.8	1.012
5	2.3	2.4	1.043	2.2	2.1	0.9578
6	1.9	1.8	0.9474	1.8	1.7	0.9068
7	1.6	1.4	0.875	1.6	1.4	0.8589
8	1.4	1.1	0.7857	1.4	1.1	0.814
9	1.2	1.0	0.8333	1.2	0.9	0.7718
10	1.0	0.8	0.8	1.1	0.8	0.7322
11	0.8	0.5	0.625	1.0	0.7	0.695
12	0.7	0.4	0.5714	0.9	0.6	0.66
13	0.8	0.4	0.5	0.8	0.5	0.6272
14	0.8	0.3	0.375	0.8	0.5	0.5963

Time taken: 0 hours, 9 minutes, 15.53 seconds
