SF_Ratios.py   @Jody Hey 2024
=============================
Command line: -d fixed2Ns -f unfolded -i 3 -u -r /home/haruto/Lab-Work/Document/SF_Ratios/FlankingBases/syn_codon/uk10k -a /home/haruto/Lab-Work/Document/SFS/FlankingBases/syn_codon/single/uk10k/uk10k_vep_pickorder_flanking_syn_codon_taT-taC_down_15 -p uk10k_taT-taC
Arguments:
	sfsfilename: /home/haruto/Lab-Work/Document/SFS/FlankingBases/syn_codon/single/uk10k/uk10k_vep_pickorder_flanking_syn_codon_taT-taC_down_15
	fix_theta_ratio: None
	densityof2Ns: fixed2Ns
	foldstatus: unfolded
	basinhoppingopt: False
	optimizetries: 3
	setmax2Ns: 0
	maxi: None
	poplabel: uk10k_taT-taC
	estimatemax2Ns: False
	outdir: /home/haruto/Lab-Work/Document/SF_Ratios/FlankingBases/syn_codon/uk10k
	dualannealopt: True
	estimate_pointmass: False
	filecheck: False
	estimate_pointmass0: False
	commandstring: -d fixed2Ns -f unfolded -i 3 -u -r /home/haruto/Lab-Work/Document/SF_Ratios/FlankingBases/syn_codon/uk10k -a /home/haruto/Lab-Work/Document/SFS/FlankingBases/syn_codon/single/uk10k/uk10k_vep_pickorder_flanking_syn_codon_taT-taC_down_15 -p uk10k_taT-taC
	fixmode0: False
	thetaNspacerange: 100
	profile: False
	estimate_both_thetas: False
	includemisspec: False
	dofolded: False
	nc: 15
	datafileheader: intergenic_variant
	numparams: 2
	local_optimize_method: Nelder-Mead

trial	likelihood	thetaratio	2Ns	optimizer_message
0	84.61687	1.03182e+00 -2.56867e-01	Optimization terminated successfully.
1	84.61687	1.03182e+00 -2.56857e-01	Optimization terminated successfully.
2	84.61687	1.03183e+00 -2.56916e-01	Optimization terminated successfully.
DA1	84.61687	1.03182e+00 -2.56865e-01	['Maximum number of iteration reached']
DA2	84.61687	1.03182e+00 -2.56868e-01	['Maximum number of iteration reached']

Optimization: Dualannealing1
Maximized Likelihood, AIC, Parameter Estimates, 95% Confidence Intervals:
AIC	-165.234
likelihood	84.617
thetaratio	1.0318	(0.9225 - 1.1504)
2Ns	-0.25687	(-0.57432 - 0.077671)

Compare data and optimization estimates
	Euclidean Distance: 0.8336 RMSE: 0.22278
	*Expected counts generated with Wright-Fisher theta estimates (SF_Ratios does not provide theta estimates)
--------------------------------------------------------------------------------------------------------------
i	DataN	DataS	DataRatio	Fit*_N	Fit*_S	Fit_Ratio
0	0.0	0.0	inf	0.0	0.0	inf
1	37.3	37.4	1.003	37.4	37.9	1.014
2	18.1	16.8	0.9282	18.7	18.6	0.997
3	12.8	11.9	0.9297	12.5	12.2	0.9801
4	9.9	9.4	0.9495	9.3	9.0	0.9635
5	7.8	7.6	0.9744	7.5	7.1	0.9473
6	6.1	6.2	1.016	6.2	5.8	0.9314
7	4.7	5.1	1.085	5.3	4.9	0.9159
8	3.8	4.5	1.184	4.7	4.2	0.9006
9	3.4	4.0	1.176	4.2	3.7	0.8857
10	3.4	3.6	1.059	3.7	3.3	0.8711
11	3.5	3.1	0.8857	3.4	2.9	0.8568
12	3.6	2.5	0.6944	3.1	2.6	0.8427
13	3.6	1.8	0.5	2.9	2.4	0.829
14	3.6	0.9	0.25	2.7	2.2	0.8155

Time taken: 0 hours, 9 minutes, 16.71 seconds
