SF_Ratios.py   @Jody Hey 2024
=============================
Command line: -d fixed2Ns -f unfolded -i 3 -u -p uk10k_cgG-cgA -a /home/haruto/Lab-Work/Document/SFS/FlankingBases/syn_codon/single/uk10k/uk10k_vep_pickorder_flanking_syn_codon_cgG-cgA_down_15 -r /home/haruto/Lab-Work/Document/SF_Ratios/FlankingBases/syn_codon/uk10k
Arguments:
	sfsfilename: /home/haruto/Lab-Work/Document/SFS/FlankingBases/syn_codon/single/uk10k/uk10k_vep_pickorder_flanking_syn_codon_cgG-cgA_down_15
	fix_theta_ratio: None
	densityof2Ns: fixed2Ns
	foldstatus: unfolded
	basinhoppingopt: False
	optimizetries: 3
	setmax2Ns: 0
	maxi: None
	poplabel: uk10k_cgG-cgA
	estimatemax2Ns: False
	outdir: /home/haruto/Lab-Work/Document/SF_Ratios/FlankingBases/syn_codon/uk10k
	dualannealopt: True
	estimate_pointmass: False
	filecheck: False
	estimate_pointmass0: False
	commandstring: -d fixed2Ns -f unfolded -i 3 -u -p uk10k_cgG-cgA -a /home/haruto/Lab-Work/Document/SFS/FlankingBases/syn_codon/single/uk10k/uk10k_vep_pickorder_flanking_syn_codon_cgG-cgA_down_15 -r /home/haruto/Lab-Work/Document/SF_Ratios/FlankingBases/syn_codon/uk10k
	fixmode0: False
	thetaNspacerange: 100
	profile: False
	estimate_both_thetas: False
	includemisspec: False
	dofolded: False
	nc: 15
	datafileheader: intergenic_variant
	numparams: 2
	local_optimize_method: Nelder-Mead

trial	likelihood	thetaratio	2Ns	optimizer_message
0	67.41198	8.33381e-01 5.95513e-01	Optimization terminated successfully.
1	67.41198	8.33377e-01 5.95531e-01	Optimization terminated successfully.
2	67.41198	8.33378e-01 5.95524e-01	Optimization terminated successfully.
DA1	67.41198	8.33390e-01 5.95489e-01	['Maximum number of iteration reached']
DA2	67.41198	8.33389e-01 5.95489e-01	['Maximum number of iteration reached']

Optimization: Dualannealing2
Maximized Likelihood, AIC, Parameter Estimates, 95% Confidence Intervals:
AIC	-130.824
likelihood	67.412
thetaratio	0.8334	(0.7020 - 0.9796)
2Ns	0.59549	(0.052211 - 1.2765)

Compare data and optimization estimates
	Euclidean Distance: 0.8957 RMSE: 0.23940
	*Expected counts generated with Wright-Fisher theta estimates (SF_Ratios does not provide theta estimates)
--------------------------------------------------------------------------------------------------------------
i	DataN	DataS	DataRatio	Fit*_N	Fit*_S	Fit_Ratio
0	0.0	0.0	inf	0.0	0.0	inf
1	20.2	17.2	0.8515	15.3	13.1	0.8595
2	8.6	6.7	0.7791	7.6	6.8	0.8867
3	4.9	4.5	0.9184	5.1	4.7	0.9152
4	3.1	3.5	1.129	3.8	3.6	0.9449
5	2.3	2.7	1.174	3.1	3.0	0.9759
6	1.9	2.1	1.105	2.5	2.6	1.008
7	1.7	1.6	0.9412	2.2	2.3	1.042
8	1.6	1.3	0.8125	1.9	2.1	1.078
9	1.4	1.2	0.8571	1.7	1.9	1.115
10	1.2	1.2	1	1.5	1.8	1.153
11	0.9	1.1	1.222	1.4	1.7	1.194
12	0.5	0.9	1.8	1.3	1.6	1.236
13	0.5	0.7	1.4	1.2	1.5	1.28
14	0.8	0.7	0.875	1.1	1.4	1.327

Time taken: 0 hours, 9 minutes, 21.01 seconds
