SF_Ratios.py   @Jody Hey 2024
=============================
Command line: -d fixed2Ns -f unfolded -i 3 -u -p uk10k_cgC-cgG -a /home/haruto/Lab-Work/Document/SFS/FlankingBases/syn_codon/single/uk10k/uk10k_vep_pickorder_flanking_syn_codon_cgC-cgG_down_15 -r /home/haruto/Lab-Work/Document/SF_Ratios/FlankingBases/syn_codon/uk10k
Arguments:
	sfsfilename: /home/haruto/Lab-Work/Document/SFS/FlankingBases/syn_codon/single/uk10k/uk10k_vep_pickorder_flanking_syn_codon_cgC-cgG_down_15
	fix_theta_ratio: None
	densityof2Ns: fixed2Ns
	foldstatus: unfolded
	basinhoppingopt: False
	optimizetries: 3
	setmax2Ns: 0
	maxi: None
	poplabel: uk10k_cgC-cgG
	estimatemax2Ns: False
	outdir: /home/haruto/Lab-Work/Document/SF_Ratios/FlankingBases/syn_codon/uk10k
	dualannealopt: True
	estimate_pointmass: False
	filecheck: False
	estimate_pointmass0: False
	commandstring: -d fixed2Ns -f unfolded -i 3 -u -p uk10k_cgC-cgG -a /home/haruto/Lab-Work/Document/SFS/FlankingBases/syn_codon/single/uk10k/uk10k_vep_pickorder_flanking_syn_codon_cgC-cgG_down_15 -r /home/haruto/Lab-Work/Document/SF_Ratios/FlankingBases/syn_codon/uk10k
	fixmode0: False
	thetaNspacerange: 100
	profile: False
	estimate_both_thetas: False
	includemisspec: False
	dofolded: False
	nc: 15
	datafileheader: intergenic_variant
	numparams: 2
	local_optimize_method: Nelder-Mead

trial	likelihood	thetaratio	2Ns	optimizer_message
0	48.85276	1.04004e+00 -3.85591e+00	Optimization terminated successfully.
1	48.85276	1.04004e+00 -3.85592e+00	Optimization terminated successfully.
2	48.85276	1.04004e+00 -3.85587e+00	Optimization terminated successfully.
DA1	53.55592	8.03571e+00 -1.03426e+02	['Maximum number of iteration reached']
DA2	53.55592	8.03571e+00 -1.03408e+02	['Maximum number of iteration reached']

Optimization: Dualannealing1
Maximized Likelihood, AIC, Parameter Estimates, 95% Confidence Intervals:
AIC	-103.112
likelihood	53.556
thetaratio	8.0357	(5.0994 - nan)
2Ns	-103.43	(nan - -40.965)

Compare data and optimization estimates
	Euclidean Distance: inf RMSE: inf
	*Expected counts generated with Wright-Fisher theta estimates (SF_Ratios does not provide theta estimates)
--------------------------------------------------------------------------------------------------------------
i	DataN	DataS	DataRatio	Fit*_N	Fit*_S	Fit_Ratio
0	0.0	0.0	inf	0.0	0.0	inf
1	3.1	1.8	0.5806	3.4	1.9	0.5481
2	1.4	0.6	0.4286	1.7	0.1	0.03521
3	1.0	0.4	0.4	1.1	0.0	0.002119
4	0.9	0.4	0.4444	0.9	0.0	0.0001188
5	0.9	0.4	0.4444	0.7	0.0	6.162e-06
6	0.8	0.3	0.375	0.6	0.0	2.933e-07
7	0.7	0.3	0.4286	0.5	0.0	1.269e-08
8	0.6	0.2	0.3333	0.4	0.0	4.924e-10
9	0.5	0.1	0.2	0.4	0.0	1.689e-11
10	0.5	0.0	0	0.3	0.0	5.016e-13
11	0.4	0.0	0	0.3	0.0	1.254e-14
12	0.3	0.0	0	0.3	0.0	2.533e-16
13	0.1	0.0	0	0.3	0.0	3.879e-18
14	0.0	0.0	inf	0.2	0.0	4.002e-20

Time taken: 0 hours, 7 minutes, 31.95 seconds
