SF_Ratios.py   @Jody Hey 2024
=============================
Command line: -d fixed2Ns -f unfolded -i 3 -u -p uk10k_ccG-ccT -a /home/haruto/Lab-Work/Document/SFS/FlankingBases/syn_codon/single/uk10k/uk10k_vep_pickorder_flanking_syn_codon_ccG-ccT_down_15 -r /home/haruto/Lab-Work/Document/SF_Ratios/FlankingBases/syn_codon/uk10k
Arguments:
	sfsfilename: /home/haruto/Lab-Work/Document/SFS/FlankingBases/syn_codon/single/uk10k/uk10k_vep_pickorder_flanking_syn_codon_ccG-ccT_down_15
	fix_theta_ratio: None
	densityof2Ns: fixed2Ns
	foldstatus: unfolded
	basinhoppingopt: False
	optimizetries: 3
	setmax2Ns: 0
	maxi: None
	poplabel: uk10k_ccG-ccT
	estimatemax2Ns: False
	outdir: /home/haruto/Lab-Work/Document/SF_Ratios/FlankingBases/syn_codon/uk10k
	dualannealopt: True
	estimate_pointmass: False
	filecheck: False
	estimate_pointmass0: False
	commandstring: -d fixed2Ns -f unfolded -i 3 -u -p uk10k_ccG-ccT -a /home/haruto/Lab-Work/Document/SFS/FlankingBases/syn_codon/single/uk10k/uk10k_vep_pickorder_flanking_syn_codon_ccG-ccT_down_15 -r /home/haruto/Lab-Work/Document/SF_Ratios/FlankingBases/syn_codon/uk10k
	fixmode0: False
	thetaNspacerange: 100
	profile: False
	estimate_both_thetas: False
	includemisspec: False
	dofolded: False
	nc: 15
	datafileheader: intergenic_variant
	numparams: 2
	local_optimize_method: Nelder-Mead

trial	likelihood	thetaratio	2Ns	optimizer_message
0	54.71359	9.53234e-01 -1.03168e-01	Optimization terminated successfully.
1	54.71359	9.53226e-01 -1.03128e-01	Optimization terminated successfully.
2	54.71359	9.53255e-01 -1.03169e-01	Optimization terminated successfully.
DA1	54.71359	9.53240e-01 -1.03154e-01	['Maximum number of iteration reached']
DA2	54.71359	9.53240e-01 -1.03155e-01	['Maximum number of iteration reached']

Optimization: Dualannealing2
Maximized Likelihood, AIC, Parameter Estimates, 95% Confidence Intervals:
AIC	-105.427
likelihood	54.714
thetaratio	0.9532	(0.7431 - 1.2219)
2Ns	-0.10315	(-0.69019 - 0.57312)

Compare data and optimization estimates
	Euclidean Distance: 1.2815 RMSE: 0.34250
	*Expected counts generated with Wright-Fisher theta estimates (SF_Ratios does not provide theta estimates)
--------------------------------------------------------------------------------------------------------------
i	DataN	DataS	DataRatio	Fit*_N	Fit*_S	Fit_Ratio
0	0.0	0.0	inf	0.0	0.0	inf
1	10.5	8.0	0.7619	8.7	8.2	0.9469
2	4.6	4.0	0.8696	4.4	4.1	0.9407
3	2.8	3.3	1.179	2.9	2.7	0.9345
4	2.0	2.8	1.4	2.2	2.0	0.9283
5	1.4	2.1	1.5	1.7	1.6	0.9222
6	1.1	1.5	1.364	1.5	1.3	0.9162
7	0.9	1.0	1.111	1.2	1.1	0.9102
8	0.8	0.7	0.875	1.1	1.0	0.9042
9	0.8	0.5	0.625	1.0	0.9	0.8983
10	0.8	0.5	0.625	0.9	0.8	0.8925
11	0.9	0.4	0.4444	0.8	0.7	0.8866
12	0.8	0.4	0.5	0.7	0.6	0.8809
13	0.6	0.4	0.6667	0.7	0.6	0.8752
14	0.3	0.4	1.333	0.6	0.5	0.8695

Time taken: 0 hours, 10 minutes, 13.09 seconds
