SF_Ratios.py   @Jody Hey 2024
=============================
Command line: -d fixed2Ns -f unfolded -i 3 -u -a /home/haruto/Lab-Work/Document/SFS/FlankingBases/syn_codon/single/uk10k/uk10k_vep_pickorder_flanking_syn_codon_gcG-gcT_down_15 -r /home/haruto/Lab-Work/Document/SF_Ratios/FlankingBases/syn_codon/uk10k -p uk10k_gcG-gcT
Arguments:
	sfsfilename: /home/haruto/Lab-Work/Document/SFS/FlankingBases/syn_codon/single/uk10k/uk10k_vep_pickorder_flanking_syn_codon_gcG-gcT_down_15
	fix_theta_ratio: None
	densityof2Ns: fixed2Ns
	foldstatus: unfolded
	basinhoppingopt: False
	optimizetries: 3
	setmax2Ns: 0
	maxi: None
	poplabel: uk10k_gcG-gcT
	estimatemax2Ns: False
	outdir: /home/haruto/Lab-Work/Document/SF_Ratios/FlankingBases/syn_codon/uk10k
	dualannealopt: True
	estimate_pointmass: False
	filecheck: False
	estimate_pointmass0: False
	commandstring: -d fixed2Ns -f unfolded -i 3 -u -a /home/haruto/Lab-Work/Document/SFS/FlankingBases/syn_codon/single/uk10k/uk10k_vep_pickorder_flanking_syn_codon_gcG-gcT_down_15 -r /home/haruto/Lab-Work/Document/SF_Ratios/FlankingBases/syn_codon/uk10k -p uk10k_gcG-gcT
	fixmode0: False
	thetaNspacerange: 100
	profile: False
	estimate_both_thetas: False
	includemisspec: False
	dofolded: False
	nc: 15
	datafileheader: intergenic_variant
	numparams: 2
	local_optimize_method: Nelder-Mead

trial	likelihood	thetaratio	2Ns	optimizer_message
0	56.64600	8.60042e-01 -5.00243e-01	Optimization terminated successfully.
1	56.64600	8.60051e-01 -5.00243e-01	Optimization terminated successfully.
2	56.64600	8.60059e-01 -5.00251e-01	Optimization terminated successfully.
DA1	56.64600	8.60043e-01 -5.00211e-01	['Maximum number of iteration reached']
DA2	56.64600	8.60042e-01 -5.00210e-01	['Maximum number of iteration reached']

Optimization: Dualannealing1
Maximized Likelihood, AIC, Parameter Estimates, 95% Confidence Intervals:
AIC	-109.292
likelihood	56.646
thetaratio	0.8600	(0.6452 - 1.1056)
2Ns	-0.50021	(-1.0895 - 0.1286)

Compare data and optimization estimates
	Euclidean Distance: 0.4872 RMSE: 0.13022
	*Expected counts generated with Wright-Fisher theta estimates (SF_Ratios does not provide theta estimates)
--------------------------------------------------------------------------------------------------------------
i	DataN	DataS	DataRatio	Fit*_N	Fit*_S	Fit_Ratio
0	0.0	0.0	inf	0.0	0.0	inf
1	5.6	5.7	1.018	7.0	5.8	0.83
2	2.8	2.0	0.7143	3.5	2.8	0.8012
3	2.3	1.4	0.6087	2.3	1.8	0.7735
4	2.1	1.2	0.5714	1.8	1.3	0.747
5	2.0	1.1	0.55	1.4	1.0	0.7215
6	1.7	1.0	0.5882	1.2	0.8	0.6971
7	1.5	0.9	0.6	1.0	0.7	0.6736
8	1.2	0.7	0.5833	0.9	0.6	0.6511
9	0.9	0.6	0.6667	0.8	0.5	0.6295
10	0.7	0.5	0.7143	0.7	0.4	0.6087
11	0.6	0.5	0.8333	0.6	0.4	0.5888
12	0.6	0.4	0.6667	0.6	0.3	0.5697
13	0.5	0.3	0.6	0.5	0.3	0.5513
14	0.4	0.2	0.5	0.5	0.3	0.5336

Time taken: 0 hours, 10 minutes, 11.85 seconds
