SF_Ratios.py   @Jody Hey 2024
=============================
Command line: -d fixed2Ns -f unfolded -i 3 -u -p uk10k_ctT-ctC -a /home/haruto/Lab-Work/Document/SFS/FlankingBases/syn_codon/single/uk10k/uk10k_vep_pickorder_flanking_syn_codon_ctT-ctC_down_15 -r /home/haruto/Lab-Work/Document/SF_Ratios/FlankingBases/syn_codon/uk10k
Arguments:
	sfsfilename: /home/haruto/Lab-Work/Document/SFS/FlankingBases/syn_codon/single/uk10k/uk10k_vep_pickorder_flanking_syn_codon_ctT-ctC_down_15
	fix_theta_ratio: None
	densityof2Ns: fixed2Ns
	foldstatus: unfolded
	basinhoppingopt: False
	optimizetries: 3
	setmax2Ns: 0
	maxi: None
	poplabel: uk10k_ctT-ctC
	estimatemax2Ns: False
	outdir: /home/haruto/Lab-Work/Document/SF_Ratios/FlankingBases/syn_codon/uk10k
	dualannealopt: True
	estimate_pointmass: False
	filecheck: False
	estimate_pointmass0: False
	commandstring: -d fixed2Ns -f unfolded -i 3 -u -p uk10k_ctT-ctC -a /home/haruto/Lab-Work/Document/SFS/FlankingBases/syn_codon/single/uk10k/uk10k_vep_pickorder_flanking_syn_codon_ctT-ctC_down_15 -r /home/haruto/Lab-Work/Document/SF_Ratios/FlankingBases/syn_codon/uk10k
	fixmode0: False
	thetaNspacerange: 100
	profile: False
	estimate_both_thetas: False
	includemisspec: False
	dofolded: False
	nc: 15
	datafileheader: intergenic_variant
	numparams: 2
	local_optimize_method: Nelder-Mead

trial	likelihood	thetaratio	2Ns	optimizer_message
0	64.13255	7.26925e-01 7.01103e-02	Optimization terminated successfully.
1	64.13255	7.26931e-01 7.01672e-02	Optimization terminated successfully.
2	64.13255	7.26935e-01 7.01204e-02	Optimization terminated successfully.
DA1	64.13255	7.26928e-01 7.01425e-02	['Maximum number of iteration reached']
DA2	64.13255	7.26931e-01 7.01331e-02	['Maximum number of iteration reached']

Optimization: Dualannealing1
Maximized Likelihood, AIC, Parameter Estimates, 95% Confidence Intervals:
AIC	-124.265
likelihood	64.133
thetaratio	0.7269	(0.5875 - 0.8930)
2Ns	0.070142	(-0.5007 - 0.75446)

Compare data and optimization estimates
	Euclidean Distance: 1.0094 RMSE: 0.26977
	*Expected counts generated with Wright-Fisher theta estimates (SF_Ratios does not provide theta estimates)
--------------------------------------------------------------------------------------------------------------
i	DataN	DataS	DataRatio	Fit*_N	Fit*_S	Fit_Ratio
0	0.0	0.0	inf	0.0	0.0	inf
1	13.9	9.4	0.6763	12.2	8.9	0.7301
2	7.2	4.3	0.5972	6.1	4.5	0.7332
3	4.8	3.4	0.7083	4.1	3.0	0.7364
4	3.4	2.8	0.8235	3.1	2.3	0.7395
5	2.4	2.2	0.9167	2.4	1.8	0.7427
6	1.6	1.7	1.062	2.0	1.5	0.746
7	1.1	1.2	1.091	1.7	1.3	0.7492
8	0.8	0.9	1.125	1.5	1.2	0.7524
9	0.6	0.7	1.167	1.4	1.0	0.7557
10	0.6	0.5	0.8333	1.2	0.9	0.759
11	0.7	0.4	0.5714	1.1	0.8	0.7623
12	0.7	0.4	0.5714	1.0	0.8	0.7656
13	0.9	0.4	0.4444	0.9	0.7	0.769
14	1.1	0.3	0.2727	0.9	0.7	0.7723

Time taken: 0 hours, 9 minutes, 27.41 seconds
