SF_Ratios.py   @Jody Hey 2024
=============================
Command line: -d fixed2Ns -f unfolded -i 3 -u -p uk10k_atT-atC -a /home/haruto/Lab-Work/Document/SFS/FlankingBases/syn_codon/single/uk10k/uk10k_vep_pickorder_flanking_syn_codon_atT-atC_down_15 -r /home/haruto/Lab-Work/Document/SF_Ratios/FlankingBases/syn_codon/uk10k
Arguments:
	sfsfilename: /home/haruto/Lab-Work/Document/SFS/FlankingBases/syn_codon/single/uk10k/uk10k_vep_pickorder_flanking_syn_codon_atT-atC_down_15
	fix_theta_ratio: None
	densityof2Ns: fixed2Ns
	foldstatus: unfolded
	basinhoppingopt: False
	optimizetries: 3
	setmax2Ns: 0
	maxi: None
	poplabel: uk10k_atT-atC
	estimatemax2Ns: False
	outdir: /home/haruto/Lab-Work/Document/SF_Ratios/FlankingBases/syn_codon/uk10k
	dualannealopt: True
	estimate_pointmass: False
	filecheck: False
	estimate_pointmass0: False
	commandstring: -d fixed2Ns -f unfolded -i 3 -u -p uk10k_atT-atC -a /home/haruto/Lab-Work/Document/SFS/FlankingBases/syn_codon/single/uk10k/uk10k_vep_pickorder_flanking_syn_codon_atT-atC_down_15 -r /home/haruto/Lab-Work/Document/SF_Ratios/FlankingBases/syn_codon/uk10k
	fixmode0: False
	thetaNspacerange: 100
	profile: False
	estimate_both_thetas: False
	includemisspec: False
	dofolded: False
	nc: 15
	datafileheader: intergenic_variant
	numparams: 2
	local_optimize_method: Nelder-Mead

trial	likelihood	thetaratio	2Ns	optimizer_message
0	70.21295	9.55968e-01 -4.89166e-01	Optimization terminated successfully.
1	70.21295	9.55957e-01 -4.89152e-01	Optimization terminated successfully.
2	70.21295	9.55999e-01 -4.89206e-01	Optimization terminated successfully.
DA1	70.21295	9.55971e-01 -4.89179e-01	['Maximum number of iteration reached']
DA2	70.21295	9.55971e-01 -4.89179e-01	['Maximum number of iteration reached']

Optimization: Dualannealing1
Maximized Likelihood, AIC, Parameter Estimates, 95% Confidence Intervals:
AIC	-136.426
likelihood	70.213
thetaratio	0.9560	(0.7893 - 1.1357)
2Ns	-0.48918	(-0.92501 - -0.03512)

Compare data and optimization estimates
	Euclidean Distance: 0.8259 RMSE: 0.22074
	*Expected counts generated with Wright-Fisher theta estimates (SF_Ratios does not provide theta estimates)
--------------------------------------------------------------------------------------------------------------
i	DataN	DataS	DataRatio	Fit*_N	Fit*_S	Fit_Ratio
0	0.0	0.0	inf	0.0	0.0	inf
1	16.1	16.6	1.031	16.3	15.1	0.9234
2	8.2	6.8	0.8293	8.1	7.3	0.8921
3	6.0	4.0	0.6667	5.4	4.7	0.8621
4	4.5	2.8	0.6222	4.1	3.4	0.8332
5	3.4	2.3	0.6765	3.3	2.6	0.8055
6	2.5	2.0	0.8	2.7	2.1	0.7788
7	1.8	1.9	1.056	2.3	1.8	0.7532
8	1.5	1.7	1.133	2.0	1.5	0.7286
9	1.4	1.4	1	1.8	1.3	0.705
10	1.5	1.1	0.7333	1.6	1.1	0.6823
11	1.7	0.8	0.4706	1.5	1.0	0.6605
12	1.8	0.7	0.3889	1.4	0.9	0.6395
13	1.6	0.7	0.4375	1.3	0.8	0.6193
14	1.0	0.9	0.9	1.2	0.7	0.5999

Time taken: 0 hours, 9 minutes, 10.60 seconds
