SF_Ratios.py   @Jody Hey 2024
=============================
Command line: -d fixed2Ns -f unfolded -i 3 -u -p uk10k_acT-acA -a /home/haruto/Lab-Work/Document/SFS/FlankingBases/syn_codon/single/uk10k/uk10k_vep_pickorder_flanking_syn_codon_acT-acA_down_15 -r /home/haruto/Lab-Work/Document/SF_Ratios/FlankingBases/syn_codon/uk10k
Arguments:
	sfsfilename: /home/haruto/Lab-Work/Document/SFS/FlankingBases/syn_codon/single/uk10k/uk10k_vep_pickorder_flanking_syn_codon_acT-acA_down_15
	fix_theta_ratio: None
	densityof2Ns: fixed2Ns
	foldstatus: unfolded
	basinhoppingopt: False
	optimizetries: 3
	setmax2Ns: 0
	maxi: None
	poplabel: uk10k_acT-acA
	estimatemax2Ns: False
	outdir: /home/haruto/Lab-Work/Document/SF_Ratios/FlankingBases/syn_codon/uk10k
	dualannealopt: True
	estimate_pointmass: False
	filecheck: False
	estimate_pointmass0: False
	commandstring: -d fixed2Ns -f unfolded -i 3 -u -p uk10k_acT-acA -a /home/haruto/Lab-Work/Document/SFS/FlankingBases/syn_codon/single/uk10k/uk10k_vep_pickorder_flanking_syn_codon_acT-acA_down_15 -r /home/haruto/Lab-Work/Document/SF_Ratios/FlankingBases/syn_codon/uk10k
	fixmode0: False
	thetaNspacerange: 100
	profile: False
	estimate_both_thetas: False
	includemisspec: False
	dofolded: False
	nc: 15
	datafileheader: intergenic_variant
	numparams: 2
	local_optimize_method: Nelder-Mead

trial	likelihood	thetaratio	2Ns	optimizer_message
0	36.97014	9.63532e-01 1.20824e-01	Optimization terminated successfully.
1	36.97014	9.63516e-01 1.20844e-01	Optimization terminated successfully.
2	36.97014	9.63507e-01 1.20867e-01	Optimization terminated successfully.
DA1	36.97014	9.63523e-01 1.20825e-01	['Maximum number of iteration reached']
DA2	36.97014	9.63522e-01 1.20827e-01	['Maximum number of iteration reached']

Optimization: Dualannealing1
Maximized Likelihood, AIC, Parameter Estimates, 95% Confidence Intervals:
AIC	-69.940
likelihood	36.970
thetaratio	0.9635	(0.6838 - 1.3092)
2Ns	0.12083	(-0.7378 - 1.28)

Compare data and optimization estimates
	Euclidean Distance: inf RMSE: inf
	*Expected counts generated with Wright-Fisher theta estimates (SF_Ratios does not provide theta estimates)
--------------------------------------------------------------------------------------------------------------
i	DataN	DataS	DataRatio	Fit*_N	Fit*_S	Fit_Ratio
0	0.0	0.0	inf	0.0	0.0	inf
1	4.1	3.6	0.878	3.5	3.4	0.9706
2	1.6	1.6	1	1.7	1.7	0.9777
3	1.0	1.1	1.1	1.2	1.1	0.9849
4	0.7	0.8	1.143	0.9	0.9	0.9921
5	0.6	0.6	1	0.7	0.7	0.9994
6	0.6	0.5	0.8333	0.6	0.6	1.007
7	0.6	0.4	0.6667	0.5	0.5	1.014
8	0.6	0.4	0.6667	0.4	0.4	1.022
9	0.5	0.4	0.8	0.4	0.4	1.029
10	0.4	0.4	1	0.3	0.4	1.037
11	0.3	0.3	1	0.3	0.3	1.045
12	0.2	0.2	1	0.3	0.3	1.053
13	0.1	0.1	1	0.3	0.3	1.061
14	0.0	0.0	inf	0.2	0.3	1.068

Time taken: 0 hours, 8 minutes, 47.31 seconds
