SF_Ratios.py   @Jody Hey 2024
=============================
Command line: -d fixed2Ns -f unfolded -i 3 -u -p uk10k_ccA-ccC -a /home/haruto/Lab-Work/Document/SFS/FlankingBases/syn_codon/single/uk10k/uk10k_vep_pickorder_flanking_syn_codon_ccA-ccC_down_15 -r /home/haruto/Lab-Work/Document/SF_Ratios/FlankingBases/syn_codon/uk10k
Arguments:
	sfsfilename: /home/haruto/Lab-Work/Document/SFS/FlankingBases/syn_codon/single/uk10k/uk10k_vep_pickorder_flanking_syn_codon_ccA-ccC_down_15
	fix_theta_ratio: None
	densityof2Ns: fixed2Ns
	foldstatus: unfolded
	basinhoppingopt: False
	optimizetries: 3
	setmax2Ns: 0
	maxi: None
	poplabel: uk10k_ccA-ccC
	estimatemax2Ns: False
	outdir: /home/haruto/Lab-Work/Document/SF_Ratios/FlankingBases/syn_codon/uk10k
	dualannealopt: True
	estimate_pointmass: False
	filecheck: False
	estimate_pointmass0: False
	commandstring: -d fixed2Ns -f unfolded -i 3 -u -p uk10k_ccA-ccC -a /home/haruto/Lab-Work/Document/SFS/FlankingBases/syn_codon/single/uk10k/uk10k_vep_pickorder_flanking_syn_codon_ccA-ccC_down_15 -r /home/haruto/Lab-Work/Document/SF_Ratios/FlankingBases/syn_codon/uk10k
	fixmode0: False
	thetaNspacerange: 100
	profile: False
	estimate_both_thetas: False
	includemisspec: False
	dofolded: False
	nc: 15
	datafileheader: intergenic_variant
	numparams: 2
	local_optimize_method: Nelder-Mead

trial	likelihood	thetaratio	2Ns	optimizer_message
0	56.75122	1.30094e+00 -1.12122e+00	Optimization terminated successfully.
1	56.75122	1.30095e+00 -1.12126e+00	Optimization terminated successfully.
2	56.75122	1.30097e+00 -1.12129e+00	Optimization terminated successfully.
DA1	56.75122	1.30097e+00 -1.12127e+00	['Maximum number of iteration reached']
DA2	56.75122	1.30097e+00 -1.12127e+00	['Maximum number of iteration reached']

Optimization: Dualannealing1
Maximized Likelihood, AIC, Parameter Estimates, 95% Confidence Intervals:
AIC	-109.502
likelihood	56.751
thetaratio	1.3010	(1.0108 - 1.6516)
2Ns	-1.1213	(-1.6581 - -0.591)

Compare data and optimization estimates
	Euclidean Distance: 0.6467 RMSE: 0.17284
	*Expected counts generated with Wright-Fisher theta estimates (SF_Ratios does not provide theta estimates)
--------------------------------------------------------------------------------------------------------------
i	DataN	DataS	DataRatio	Fit*_N	Fit*_S	Fit_Ratio
0	0.0	0.0	inf	0.0	0.0	inf
1	7.3	7.6	1.041	7.4	8.8	1.19
2	3.3	3.8	1.152	3.7	4.0	1.088
3	2.4	2.6	1.083	2.5	2.5	0.9967
4	1.8	2.0	1.111	1.9	1.7	0.9133
5	1.4	1.5	1.071	1.5	1.2	0.8377
6	1.2	1.1	0.9167	1.2	0.9	0.7689
7	1.2	0.8	0.6667	1.1	0.7	0.7065
8	1.3	0.6	0.4615	0.9	0.6	0.6497
9	1.2	0.4	0.3333	0.8	0.5	0.5982
10	1.0	0.4	0.4	0.7	0.4	0.5513
11	0.8	0.3	0.375	0.7	0.3	0.5087
12	0.5	0.3	0.6	0.6	0.3	0.4699
13	0.4	0.3	0.75	0.6	0.2	0.4346
14	0.3	0.1	0.3333	0.5	0.2	0.4025

Time taken: 0 hours, 9 minutes, 26.76 seconds
