SF_Ratios.py   @Jody Hey 2024
=============================
Command line: -d fixed2Ns -f unfolded -i 3 -u -r /home/haruto/Lab-Work/Document/SF_Ratios/FlankingBases/syn_codon/uk10k -a /home/haruto/Lab-Work/Document/SFS/FlankingBases/syn_codon/single/uk10k/uk10k_vep_pickorder_flanking_syn_codon_taC-taT_down_15 -p uk10k_taC-taT
Arguments:
	sfsfilename: /home/haruto/Lab-Work/Document/SFS/FlankingBases/syn_codon/single/uk10k/uk10k_vep_pickorder_flanking_syn_codon_taC-taT_down_15
	fix_theta_ratio: None
	densityof2Ns: fixed2Ns
	foldstatus: unfolded
	basinhoppingopt: False
	optimizetries: 3
	setmax2Ns: 0
	maxi: None
	poplabel: uk10k_taC-taT
	estimatemax2Ns: False
	outdir: /home/haruto/Lab-Work/Document/SF_Ratios/FlankingBases/syn_codon/uk10k
	dualannealopt: True
	estimate_pointmass: False
	filecheck: False
	estimate_pointmass0: False
	commandstring: -d fixed2Ns -f unfolded -i 3 -u -r /home/haruto/Lab-Work/Document/SF_Ratios/FlankingBases/syn_codon/uk10k -a /home/haruto/Lab-Work/Document/SFS/FlankingBases/syn_codon/single/uk10k/uk10k_vep_pickorder_flanking_syn_codon_taC-taT_down_15 -p uk10k_taC-taT
	fixmode0: False
	thetaNspacerange: 100
	profile: False
	estimate_both_thetas: False
	includemisspec: False
	dofolded: False
	nc: 15
	datafileheader: intergenic_variant
	numparams: 2
	local_optimize_method: Nelder-Mead

trial	likelihood	thetaratio	2Ns	optimizer_message
0	110.57968	8.33617e-01 -5.14428e-01	Optimization terminated successfully.
1	110.57968	8.33625e-01 -5.14414e-01	Optimization terminated successfully.
2	110.57968	8.33622e-01 -5.14435e-01	Optimization terminated successfully.
DA1	110.57968	8.33631e-01 -5.14478e-01	['Maximum number of iteration reached']
DA2	110.57968	8.33631e-01 -5.14478e-01	['Maximum number of iteration reached']

Optimization: Dualannealing2
Maximized Likelihood, AIC, Parameter Estimates, 95% Confidence Intervals:
AIC	-217.159
likelihood	110.580
thetaratio	0.8336	(0.7728 - 0.8997)
2Ns	-0.51448	(-0.69163 - -0.33382)

Compare data and optimization estimates
	Euclidean Distance: 0.1422 RMSE: 0.03801
	*Expected counts generated with Wright-Fisher theta estimates (SF_Ratios does not provide theta estimates)
--------------------------------------------------------------------------------------------------------------
i	DataN	DataS	DataRatio	Fit*_N	Fit*_S	Fit_Ratio
0	0.0	0.0	inf	0.0	0.0	inf
1	97.7	75.5	0.7728	91.2	73.3	0.8036
2	44.1	33.8	0.7664	45.6	35.4	0.7748
3	30.1	24.4	0.8106	30.4	22.7	0.7473
4	23.7	19.0	0.8017	22.8	16.4	0.7208
5	19.9	14.9	0.7487	18.2	12.7	0.6955
6	17.1	11.7	0.6842	15.2	10.2	0.6712
7	14.5	9.1	0.6276	13.0	8.4	0.648
8	12.0	7.0	0.5833	11.4	7.1	0.6256
9	9.6	5.4	0.5625	10.1	6.1	0.6042
10	7.6	4.3	0.5658	9.1	5.3	0.5837
11	6.3	3.5	0.5556	8.3	4.7	0.564
12	5.5	2.9	0.5273	7.6	4.1	0.5451
13	4.8	2.4	0.5	7.0	3.7	0.527
14	3.8	2.0	0.5263	6.5	3.3	0.5097

Time taken: 0 hours, 9 minutes, 24.41 seconds
