SF_Ratios.py   @Jody Hey 2024
=============================
Command line: -d fixed2Ns -f unfolded -i 3 -u -r /home/haruto/Lab-Work/Document/SF_Ratios/FlankingBases/syn_codon/uk10k -a /home/haruto/Lab-Work/Document/SFS/FlankingBases/syn_codon/single/uk10k/uk10k_vep_pickorder_flanking_syn_codon_ggC-ggG_down_15 -p uk10k_ggC-ggG
Arguments:
	sfsfilename: /home/haruto/Lab-Work/Document/SFS/FlankingBases/syn_codon/single/uk10k/uk10k_vep_pickorder_flanking_syn_codon_ggC-ggG_down_15
	fix_theta_ratio: None
	densityof2Ns: fixed2Ns
	foldstatus: unfolded
	basinhoppingopt: False
	optimizetries: 3
	setmax2Ns: 0
	maxi: None
	poplabel: uk10k_ggC-ggG
	estimatemax2Ns: False
	outdir: /home/haruto/Lab-Work/Document/SF_Ratios/FlankingBases/syn_codon/uk10k
	dualannealopt: True
	estimate_pointmass: False
	filecheck: False
	estimate_pointmass0: False
	commandstring: -d fixed2Ns -f unfolded -i 3 -u -r /home/haruto/Lab-Work/Document/SF_Ratios/FlankingBases/syn_codon/uk10k -a /home/haruto/Lab-Work/Document/SFS/FlankingBases/syn_codon/single/uk10k/uk10k_vep_pickorder_flanking_syn_codon_ggC-ggG_down_15 -p uk10k_ggC-ggG
	fixmode0: False
	thetaNspacerange: 100
	profile: False
	estimate_both_thetas: False
	includemisspec: False
	dofolded: False
	nc: 15
	datafileheader: intergenic_variant
	numparams: 2
	local_optimize_method: Nelder-Mead

trial	likelihood	thetaratio	2Ns	optimizer_message
0	61.90861	6.15331e-01 -1.40800e-01	Optimization terminated successfully.
1	61.90861	6.15341e-01 -1.40795e-01	Optimization terminated successfully.
2	61.90861	6.15330e-01 -1.40786e-01	Optimization terminated successfully.
DA1	61.90861	6.15336e-01 -1.40809e-01	['Maximum number of iteration reached']
DA2	61.90861	6.15337e-01 -1.40810e-01	['Maximum number of iteration reached']

Optimization: Dualannealing1
Maximized Likelihood, AIC, Parameter Estimates, 95% Confidence Intervals:
AIC	-119.817
likelihood	61.909
thetaratio	0.6153	(0.4754 - 0.7779)
2Ns	-0.14081	(-0.80177 - 0.64933)

Compare data and optimization estimates
	Euclidean Distance: 1.0901 RMSE: 0.29134
	*Expected counts generated with Wright-Fisher theta estimates (SF_Ratios does not provide theta estimates)
--------------------------------------------------------------------------------------------------------------
i	DataN	DataS	DataRatio	Fit*_N	Fit*_S	Fit_Ratio
0	0.0	0.0	inf	0.0	0.0	inf
1	9.1	5.9	0.6484	9.2	5.6	0.6097
2	4.7	2.8	0.5957	4.6	2.8	0.6042
3	3.6	1.9	0.5278	3.1	1.8	0.5987
4	2.9	1.4	0.4828	2.3	1.4	0.5933
5	2.3	1.1	0.4783	1.8	1.1	0.5879
6	1.7	1.0	0.5882	1.5	0.9	0.5826
7	1.2	0.8	0.6667	1.3	0.8	0.5774
8	0.9	0.7	0.7778	1.1	0.7	0.5722
9	0.8	0.6	0.75	1.0	0.6	0.5671
10	0.8	0.5	0.625	0.9	0.5	0.562
11	0.7	0.3	0.4286	0.8	0.5	0.557
12	0.6	0.2	0.3333	0.8	0.4	0.552
13	0.4	0.1	0.25	0.7	0.4	0.5471
14	0.2	0.3	1.5	0.7	0.4	0.5423

Time taken: 0 hours, 9 minutes, 9.91 seconds
