SF_Ratios.py   @Jody Hey 2024
=============================
Command line: -d fixed2Ns -f unfolded -i 3 -u -p uk10k_ctA-ctC -a /home/haruto/Lab-Work/Document/SFS/FlankingBases/syn_codon/single/uk10k/uk10k_vep_pickorder_flanking_syn_codon_ctA-ctC_down_15 -r /home/haruto/Lab-Work/Document/SF_Ratios/FlankingBases/syn_codon/uk10k
Arguments:
	sfsfilename: /home/haruto/Lab-Work/Document/SFS/FlankingBases/syn_codon/single/uk10k/uk10k_vep_pickorder_flanking_syn_codon_ctA-ctC_down_15
	fix_theta_ratio: None
	densityof2Ns: fixed2Ns
	foldstatus: unfolded
	basinhoppingopt: False
	optimizetries: 3
	setmax2Ns: 0
	maxi: None
	poplabel: uk10k_ctA-ctC
	estimatemax2Ns: False
	outdir: /home/haruto/Lab-Work/Document/SF_Ratios/FlankingBases/syn_codon/uk10k
	dualannealopt: True
	estimate_pointmass: False
	filecheck: False
	estimate_pointmass0: False
	commandstring: -d fixed2Ns -f unfolded -i 3 -u -p uk10k_ctA-ctC -a /home/haruto/Lab-Work/Document/SFS/FlankingBases/syn_codon/single/uk10k/uk10k_vep_pickorder_flanking_syn_codon_ctA-ctC_down_15 -r /home/haruto/Lab-Work/Document/SF_Ratios/FlankingBases/syn_codon/uk10k
	fixmode0: False
	thetaNspacerange: 100
	profile: False
	estimate_both_thetas: False
	includemisspec: False
	dofolded: False
	nc: 15
	datafileheader: intergenic_variant
	numparams: 2
	local_optimize_method: Nelder-Mead

trial	likelihood	thetaratio	2Ns	optimizer_message
0	33.28298	1.38843e+00 -1.73177e-01	Optimization terminated successfully.
1	33.28298	1.38841e+00 -1.73103e-01	Optimization terminated successfully.
2	33.28298	1.38840e+00 -1.73156e-01	Optimization terminated successfully.
DA1	33.28298	1.38841e+00 -1.73142e-01	['Maximum number of iteration reached']
DA2	33.28298	1.38841e+00 -1.73145e-01	['Maximum number of iteration reached']

Optimization: Dualannealing2
Maximized Likelihood, AIC, Parameter Estimates, 95% Confidence Intervals:
AIC	-62.566
likelihood	33.283
thetaratio	1.3884	(0.9851 - 1.8654)
2Ns	-0.17314	(-0.97975 - 0.78524)

Compare data and optimization estimates
	Euclidean Distance: inf RMSE: inf
	*Expected counts generated with Wright-Fisher theta estimates (SF_Ratios does not provide theta estimates)
--------------------------------------------------------------------------------------------------------------
i	DataN	DataS	DataRatio	Fit*_N	Fit*_S	Fit_Ratio
0	0.0	0.0	inf	0.0	0.0	inf
1	2.9	4.3	1.483	3.5	4.8	1.373
2	1.5	2.4	1.6	1.7	2.4	1.357
3	1.4	1.7	1.214	1.2	1.6	1.342
4	1.4	1.2	0.8571	0.9	1.2	1.327
5	1.2	0.9	0.75	0.7	0.9	1.312
6	0.9	0.6	0.6667	0.6	0.8	1.298
7	0.6	0.5	0.8333	0.5	0.6	1.283
8	0.4	0.4	1	0.4	0.6	1.269
9	0.3	0.5	1.667	0.4	0.5	1.255
10	0.2	0.4	2	0.3	0.4	1.241
11	0.2	0.3	1.5	0.3	0.4	1.227
12	0.2	0.2	1	0.3	0.4	1.214
13	0.1	0.1	1	0.3	0.3	1.201
14	0.0	0.0	inf	0.2	0.3	1.188

Time taken: 0 hours, 8 minutes, 55.24 seconds
