SF_Ratios.py   @Jody Hey 2024
=============================
Command line: -d fixed2Ns -f unfolded -i 3 -u -r /home/haruto/Lab-Work/Document/SF_Ratios/FlankingBases/syn_codon/uk10k -a /home/haruto/Lab-Work/Document/SFS/FlankingBases/syn_codon/single/uk10k/uk10k_vep_pickorder_flanking_syn_codon_gtT-gtA_down_15 -p uk10k_gtT-gtA
Arguments:
	sfsfilename: /home/haruto/Lab-Work/Document/SFS/FlankingBases/syn_codon/single/uk10k/uk10k_vep_pickorder_flanking_syn_codon_gtT-gtA_down_15
	fix_theta_ratio: None
	densityof2Ns: fixed2Ns
	foldstatus: unfolded
	basinhoppingopt: False
	optimizetries: 3
	setmax2Ns: 0
	maxi: None
	poplabel: uk10k_gtT-gtA
	estimatemax2Ns: False
	outdir: /home/haruto/Lab-Work/Document/SF_Ratios/FlankingBases/syn_codon/uk10k
	dualannealopt: True
	estimate_pointmass: False
	filecheck: False
	estimate_pointmass0: False
	commandstring: -d fixed2Ns -f unfolded -i 3 -u -r /home/haruto/Lab-Work/Document/SF_Ratios/FlankingBases/syn_codon/uk10k -a /home/haruto/Lab-Work/Document/SFS/FlankingBases/syn_codon/single/uk10k/uk10k_vep_pickorder_flanking_syn_codon_gtT-gtA_down_15 -p uk10k_gtT-gtA
	fixmode0: False
	thetaNspacerange: 100
	profile: False
	estimate_both_thetas: False
	includemisspec: False
	dofolded: False
	nc: 15
	datafileheader: intergenic_variant
	numparams: 2
	local_optimize_method: Nelder-Mead

trial	likelihood	thetaratio	2Ns	optimizer_message
0	127.64879	7.33333e+00 -1.00000e+03	Optimization terminated successfully.
1	127.64879	7.33333e+00 -1.00000e+03	Optimization terminated successfully.
2	127.64879	7.33333e+00 -1.00000e+03	Optimization terminated successfully.
DA1	127.64879	7.33333e+00 -1.00000e+03	['Maximum number of iteration reached']
DA2	127.64879	7.33333e+00 -1.00000e+03	['Maximum number of iteration reached']

Optimization: Dualannealing2
Maximized Likelihood, AIC, Parameter Estimates, 95% Confidence Intervals:
AIC	-251.298
likelihood	127.649
thetaratio	7.3333	(nan - nan)
2Ns	-1000	(nan - -895.62)

Compare data and optimization estimates
	Euclidean Distance: inf RMSE: inf
	*Expected counts generated with Wright-Fisher theta estimates (SF_Ratios does not provide theta estimates)
--------------------------------------------------------------------------------------------------------------
i	DataN	DataS	DataRatio	Fit*_N	Fit*_S	Fit_Ratio
0	0.0	0.0	inf	0.0	0.0	inf
1	2.8	1.8	0.6429	2.8	0.2	0.05464
2	1.7	0.5	0.2941	1.4	0.0	0.0003804
3	1.0	0.4	0.4	0.9	0.0	2.462e-06
4	0.5	0.3	0.6	0.7	0.0	1.472e-08
5	0.3	0.2	0.6667	0.6	0.0	8.075e-11
6	0.4	0.1	0.25	0.5	0.0	4.031e-13
7	0.5	0.0	0	0.4	0.0	1.813e-15
8	0.5	0.0	0	0.3	0.0	7.256e-18
9	0.5	0.0	0	0.3	0.0	2.543e-20
10	0.4	0.0	0	0.3	0.0	7.649e-23
11	0.3	0.0	0	0.3	0.0	1.919e-25
12	0.1	0.0	0	0.2	0.0	3.855e-28
13	0.0	0.0	inf	0.2	0.0	5.815e-31
14	0.0	0.0	inf	0.2	0.0	5.853e-34

Time taken: 0 hours, 13 minutes, 52.06 seconds
