SF_Ratios.py   @Jody Hey 2024
=============================
Command line: -d fixed2Ns -f unfolded -i 3 -u -r /home/haruto/Lab-Work/Document/SF_Ratios/FlankingBases/syn_codon/uk10k -a /home/haruto/Lab-Work/Document/SFS/FlankingBases/syn_codon/single/uk10k/uk10k_vep_pickorder_flanking_syn_codon_gtT-gtC_down_15 -p uk10k_gtT-gtC
Arguments:
	sfsfilename: /home/haruto/Lab-Work/Document/SFS/FlankingBases/syn_codon/single/uk10k/uk10k_vep_pickorder_flanking_syn_codon_gtT-gtC_down_15
	fix_theta_ratio: None
	densityof2Ns: fixed2Ns
	foldstatus: unfolded
	basinhoppingopt: False
	optimizetries: 3
	setmax2Ns: 0
	maxi: None
	poplabel: uk10k_gtT-gtC
	estimatemax2Ns: False
	outdir: /home/haruto/Lab-Work/Document/SF_Ratios/FlankingBases/syn_codon/uk10k
	dualannealopt: True
	estimate_pointmass: False
	filecheck: False
	estimate_pointmass0: False
	commandstring: -d fixed2Ns -f unfolded -i 3 -u -r /home/haruto/Lab-Work/Document/SF_Ratios/FlankingBases/syn_codon/uk10k -a /home/haruto/Lab-Work/Document/SFS/FlankingBases/syn_codon/single/uk10k/uk10k_vep_pickorder_flanking_syn_codon_gtT-gtC_down_15 -p uk10k_gtT-gtC
	fixmode0: False
	thetaNspacerange: 100
	profile: False
	estimate_both_thetas: False
	includemisspec: False
	dofolded: False
	nc: 15
	datafileheader: intergenic_variant
	numparams: 2
	local_optimize_method: Nelder-Mead

trial	likelihood	thetaratio	2Ns	optimizer_message
0	52.56303	8.21798e-01 6.64245e-01	Optimization terminated successfully.
1	52.56303	8.21813e-01 6.64165e-01	Optimization terminated successfully.
2	52.56303	8.21814e-01 6.64206e-01	Optimization terminated successfully.
DA1	52.56303	8.21802e-01 6.64226e-01	['Maximum number of iteration reached']
DA2	52.56303	8.21803e-01 6.64225e-01	['Maximum number of iteration reached']

Optimization: Dualannealing2
Maximized Likelihood, AIC, Parameter Estimates, 95% Confidence Intervals:
AIC	-101.126
likelihood	52.563
thetaratio	0.8218	(0.6485 - 1.0202)
2Ns	0.66422	(-0.1554 - 1.9724)

Compare data and optimization estimates
	Euclidean Distance: 2.3248 RMSE: 0.62132
	*Expected counts generated with Wright-Fisher theta estimates (SF_Ratios does not provide theta estimates)
--------------------------------------------------------------------------------------------------------------
i	DataN	DataS	DataRatio	Fit*_N	Fit*_S	Fit_Ratio
0	0.0	0.0	inf	0.0	0.0	inf
1	7.9	7.2	0.9114	9.1	7.8	0.8499
2	4.4	3.3	0.75	4.6	4.0	0.8793
3	3.4	2.5	0.7353	3.0	2.8	0.9102
4	2.8	2.2	0.7857	2.3	2.2	0.9426
5	2.3	1.9	0.8261	1.8	1.8	0.9766
6	1.9	1.8	0.9474	1.5	1.5	1.012
7	1.5	1.8	1.2	1.3	1.4	1.05
8	1.2	1.8	1.5	1.1	1.2	1.089
9	0.8	1.7	2.125	1.0	1.1	1.13
10	0.6	1.5	2.5	0.9	1.1	1.174
11	0.6	1.2	2	0.8	1.0	1.219
12	0.7	0.8	1.143	0.8	1.0	1.267
13	0.8	0.5	0.625	0.7	0.9	1.318
14	0.8	0.2	0.25	0.7	0.9	1.371

Time taken: 0 hours, 9 minutes, 29.94 seconds
