SF_Ratios.py   @Jody Hey 2024
=============================
Command line: -d fixed2Ns -f unfolded -i 3 -u -r /home/haruto/Lab-Work/Document/SF_Ratios/FlankingBases/syn_codon/uk10k -a /home/haruto/Lab-Work/Document/SFS/FlankingBases/syn_codon/single/uk10k/uk10k_vep_pickorder_flanking_syn_codon_tcA-tcC_down_15 -p uk10k_tcA-tcC
Arguments:
	sfsfilename: /home/haruto/Lab-Work/Document/SFS/FlankingBases/syn_codon/single/uk10k/uk10k_vep_pickorder_flanking_syn_codon_tcA-tcC_down_15
	fix_theta_ratio: None
	densityof2Ns: fixed2Ns
	foldstatus: unfolded
	basinhoppingopt: False
	optimizetries: 3
	setmax2Ns: 0
	maxi: None
	poplabel: uk10k_tcA-tcC
	estimatemax2Ns: False
	outdir: /home/haruto/Lab-Work/Document/SF_Ratios/FlankingBases/syn_codon/uk10k
	dualannealopt: True
	estimate_pointmass: False
	filecheck: False
	estimate_pointmass0: False
	commandstring: -d fixed2Ns -f unfolded -i 3 -u -r /home/haruto/Lab-Work/Document/SF_Ratios/FlankingBases/syn_codon/uk10k -a /home/haruto/Lab-Work/Document/SFS/FlankingBases/syn_codon/single/uk10k/uk10k_vep_pickorder_flanking_syn_codon_tcA-tcC_down_15 -p uk10k_tcA-tcC
	fixmode0: False
	thetaNspacerange: 100
	profile: False
	estimate_both_thetas: False
	includemisspec: False
	dofolded: False
	nc: 15
	datafileheader: intergenic_variant
	numparams: 2
	local_optimize_method: Nelder-Mead

trial	likelihood	thetaratio	2Ns	optimizer_message
0	56.36359	5.45782e-01 4.20374e-02	Optimization terminated successfully.
1	56.36359	5.45772e-01 4.20800e-02	Optimization terminated successfully.
2	56.36359	5.45778e-01 4.20063e-02	Optimization terminated successfully.
DA1	56.36359	5.45780e-01 4.20327e-02	['Maximum number of iteration reached']
DA2	56.36359	5.45777e-01 4.20388e-02	['Maximum number of iteration reached']

Optimization: Dualannealing2
Maximized Likelihood, AIC, Parameter Estimates, 95% Confidence Intervals:
AIC	-108.727
likelihood	56.364
thetaratio	0.5458	(0.3999 - 0.7219)
2Ns	0.042039	(-0.71802 - 0.98964)

Compare data and optimization estimates
	Euclidean Distance: 0.5155 RMSE: 0.13776
	*Expected counts generated with Wright-Fisher theta estimates (SF_Ratios does not provide theta estimates)
--------------------------------------------------------------------------------------------------------------
i	DataN	DataS	DataRatio	Fit*_N	Fit*_S	Fit_Ratio
0	0.0	0.0	inf	0.0	0.0	inf
1	7.4	4.4	0.5946	6.4	3.5	0.5472
2	3.9	1.8	0.4615	3.2	1.8	0.5486
3	2.4	1.2	0.5	2.1	1.2	0.55
4	1.5	0.9	0.6	1.6	0.9	0.5515
5	0.9	0.6	0.6667	1.3	0.7	0.5529
6	0.6	0.4	0.6667	1.1	0.6	0.5544
7	0.5	0.3	0.6	0.9	0.5	0.5558
8	0.6	0.2	0.3333	0.8	0.4	0.5573
9	0.6	0.2	0.3333	0.7	0.4	0.5587
10	0.6	0.2	0.3333	0.6	0.4	0.5602
11	0.5	0.3	0.6	0.6	0.3	0.5616
12	0.5	0.3	0.6	0.5	0.3	0.5631
13	0.4	0.3	0.75	0.5	0.3	0.5646
14	0.4	0.3	0.75	0.5	0.3	0.5661

Time taken: 0 hours, 9 minutes, 12.03 seconds
