SF_Ratios.py   @Jody Hey 2024
=============================
Command line: -d fixed2Ns -f unfolded -i 3 -u -p uk10k_cgA-cgG -a /home/haruto/Lab-Work/Document/SFS/FlankingBases/syn_codon/single/uk10k/uk10k_vep_pickorder_flanking_syn_codon_cgA-cgG_down_15 -r /home/haruto/Lab-Work/Document/SF_Ratios/FlankingBases/syn_codon/uk10k
Arguments:
	sfsfilename: /home/haruto/Lab-Work/Document/SFS/FlankingBases/syn_codon/single/uk10k/uk10k_vep_pickorder_flanking_syn_codon_cgA-cgG_down_15
	fix_theta_ratio: None
	densityof2Ns: fixed2Ns
	foldstatus: unfolded
	basinhoppingopt: False
	optimizetries: 3
	setmax2Ns: 0
	maxi: None
	poplabel: uk10k_cgA-cgG
	estimatemax2Ns: False
	outdir: /home/haruto/Lab-Work/Document/SF_Ratios/FlankingBases/syn_codon/uk10k
	dualannealopt: True
	estimate_pointmass: False
	filecheck: False
	estimate_pointmass0: False
	commandstring: -d fixed2Ns -f unfolded -i 3 -u -p uk10k_cgA-cgG -a /home/haruto/Lab-Work/Document/SFS/FlankingBases/syn_codon/single/uk10k/uk10k_vep_pickorder_flanking_syn_codon_cgA-cgG_down_15 -r /home/haruto/Lab-Work/Document/SF_Ratios/FlankingBases/syn_codon/uk10k
	fixmode0: False
	thetaNspacerange: 100
	profile: False
	estimate_both_thetas: False
	includemisspec: False
	dofolded: False
	nc: 15
	datafileheader: intergenic_variant
	numparams: 2
	local_optimize_method: Nelder-Mead

trial	likelihood	thetaratio	2Ns	optimizer_message
0	46.58930	5.56531e-01 2.43990e+01	Optimization terminated successfully.
1	46.58930	5.56531e-01 2.43990e+01	Optimization terminated successfully.
2	46.58930	5.56531e-01 2.43989e+01	Optimization terminated successfully.
DA1	46.58930	5.56532e-01 2.43993e+01	['Maximum number of iteration reached']
DA2	46.58930	5.56532e-01 2.43994e+01	['Maximum number of iteration reached']

Optimization: Optimize
Maximized Likelihood, AIC, Parameter Estimates, 95% Confidence Intervals:
AIC	-89.179
likelihood	46.589
thetaratio	0.5565	(0.4104 - 0.7247)
2Ns	24.399	(3.2853 - nan)

Compare data and optimization estimates
	Euclidean Distance: 1.7550 RMSE: 0.46905
	*Expected counts generated with Wright-Fisher theta estimates (SF_Ratios does not provide theta estimates)
--------------------------------------------------------------------------------------------------------------
i	DataN	DataS	DataRatio	Fit*_N	Fit*_S	Fit_Ratio
0	0.0	0.0	inf	0.0	0.0	inf
1	5.3	4.9	0.9245	6.5	3.9	0.5963
2	3.4	1.9	0.5588	3.2	2.1	0.6422
3	3.1	1.3	0.4194	2.2	1.5	0.6957
4	2.5	1.1	0.44	1.6	1.2	0.7589
5	1.7	1.0	0.5882	1.3	1.1	0.8348
6	1.2	1.0	0.8333	1.1	1.0	0.9276
7	0.9	1.0	1.111	0.9	1.0	1.043
8	0.7	1.0	1.429	0.8	1.0	1.193
9	0.7	1.0	1.429	0.7	1.0	1.391
10	0.5	0.8	1.6	0.6	1.1	1.669
11	0.4	0.7	1.75	0.6	1.2	2.083
12	0.3	0.7	2.333	0.5	1.5	2.755
13	0.2	0.7	3.5	0.5	2.0	3.971
14	0.1	0.5	5	0.5	3.0	6.463

Time taken: 0 hours, 14 minutes, 20.98 seconds
