SF_Ratios.py   @Jody Hey 2024
=============================
Command line: -d fixed2Ns -f unfolded -i 3 -u -p uk10k_acC-acG -a /home/haruto/Lab-Work/Document/SFS/FlankingBases/syn_codon/single/uk10k/uk10k_vep_pickorder_flanking_syn_codon_acC-acG_down_15 -r /home/haruto/Lab-Work/Document/SF_Ratios/FlankingBases/syn_codon/uk10k
Arguments:
	sfsfilename: /home/haruto/Lab-Work/Document/SFS/FlankingBases/syn_codon/single/uk10k/uk10k_vep_pickorder_flanking_syn_codon_acC-acG_down_15
	fix_theta_ratio: None
	densityof2Ns: fixed2Ns
	foldstatus: unfolded
	basinhoppingopt: False
	optimizetries: 3
	setmax2Ns: 0
	maxi: None
	poplabel: uk10k_acC-acG
	estimatemax2Ns: False
	outdir: /home/haruto/Lab-Work/Document/SF_Ratios/FlankingBases/syn_codon/uk10k
	dualannealopt: True
	estimate_pointmass: False
	filecheck: False
	estimate_pointmass0: False
	commandstring: -d fixed2Ns -f unfolded -i 3 -u -p uk10k_acC-acG -a /home/haruto/Lab-Work/Document/SFS/FlankingBases/syn_codon/single/uk10k/uk10k_vep_pickorder_flanking_syn_codon_acC-acG_down_15 -r /home/haruto/Lab-Work/Document/SF_Ratios/FlankingBases/syn_codon/uk10k
	fixmode0: False
	thetaNspacerange: 100
	profile: False
	estimate_both_thetas: False
	includemisspec: False
	dofolded: False
	nc: 15
	datafileheader: intergenic_variant
	numparams: 2
	local_optimize_method: Nelder-Mead

trial	likelihood	thetaratio	2Ns	optimizer_message
0	74.07992	7.44582e-01 1.58975e-01	Optimization terminated successfully.
1	74.07992	7.44573e-01 1.59019e-01	Optimization terminated successfully.
2	74.07992	7.44580e-01 1.59030e-01	Optimization terminated successfully.
DA1	74.07992	7.44581e-01 1.59000e-01	['Maximum number of iteration reached']
DA2	74.07992	7.44581e-01 1.59000e-01	['Maximum number of iteration reached']

Optimization: Dualannealing1
Maximized Likelihood, AIC, Parameter Estimates, 95% Confidence Intervals:
AIC	-144.160
likelihood	74.080
thetaratio	0.7446	(0.6279 - 0.8724)
2Ns	0.159	(-0.28992 - 0.66543)

Compare data and optimization estimates
	Euclidean Distance: 0.2073 RMSE: 0.05539
	*Expected counts generated with Wright-Fisher theta estimates (SF_Ratios does not provide theta estimates)
--------------------------------------------------------------------------------------------------------------
i	DataN	DataS	DataRatio	Fit*_N	Fit*_S	Fit_Ratio
0	0.0	0.0	inf	0.0	0.0	inf
1	17.7	14.0	0.791	17.0	12.8	0.7517
2	9.4	6.4	0.6809	8.5	6.5	0.7589
3	6.8	4.7	0.6912	5.7	4.3	0.7661
4	5.0	3.8	0.76	4.3	3.3	0.7735
5	3.7	3.0	0.8108	3.4	2.7	0.7809
6	2.8	2.4	0.8571	2.8	2.2	0.7885
7	2.3	1.9	0.8261	2.4	1.9	0.7961
8	1.9	1.5	0.7895	2.1	1.7	0.8038
9	1.5	1.2	0.8	1.9	1.5	0.8117
10	1.2	0.9	0.75	1.7	1.4	0.8196
11	0.9	0.7	0.7778	1.5	1.3	0.8276
12	0.7	0.5	0.7143	1.4	1.2	0.8357
13	0.6	0.5	0.8333	1.3	1.1	0.844
14	0.8	0.7	0.875	1.2	1.0	0.8523

Time taken: 0 hours, 9 minutes, 38.96 seconds
