SF_Ratios.py   @Jody Hey 2024
=============================
Command line: -d fixed2Ns -f unfolded -i 3 -u -r /home/haruto/Lab-Work/Document/SF_Ratios/FlankingBases/syn_codon/uk10k -a /home/haruto/Lab-Work/Document/SFS/FlankingBases/syn_codon/single/uk10k/uk10k_vep_pickorder_flanking_syn_codon_gtT-gtG_down_15 -p uk10k_gtT-gtG
Arguments:
	sfsfilename: /home/haruto/Lab-Work/Document/SFS/FlankingBases/syn_codon/single/uk10k/uk10k_vep_pickorder_flanking_syn_codon_gtT-gtG_down_15
	fix_theta_ratio: None
	densityof2Ns: fixed2Ns
	foldstatus: unfolded
	basinhoppingopt: False
	optimizetries: 3
	setmax2Ns: 0
	maxi: None
	poplabel: uk10k_gtT-gtG
	estimatemax2Ns: False
	outdir: /home/haruto/Lab-Work/Document/SF_Ratios/FlankingBases/syn_codon/uk10k
	dualannealopt: True
	estimate_pointmass: False
	filecheck: False
	estimate_pointmass0: False
	commandstring: -d fixed2Ns -f unfolded -i 3 -u -r /home/haruto/Lab-Work/Document/SF_Ratios/FlankingBases/syn_codon/uk10k -a /home/haruto/Lab-Work/Document/SFS/FlankingBases/syn_codon/single/uk10k/uk10k_vep_pickorder_flanking_syn_codon_gtT-gtG_down_15 -p uk10k_gtT-gtG
	fixmode0: False
	thetaNspacerange: 100
	profile: False
	estimate_both_thetas: False
	includemisspec: False
	dofolded: False
	nc: 15
	datafileheader: intergenic_variant
	numparams: 2
	local_optimize_method: Nelder-Mead

trial	likelihood	thetaratio	2Ns	optimizer_message
0	46.75687	7.27700e-01 7.87401e-01	Optimization terminated successfully.
1	46.75687	7.27694e-01 7.87421e-01	Optimization terminated successfully.
2	46.75687	7.27702e-01 7.87365e-01	Optimization terminated successfully.
DA1	46.75687	7.27699e-01 7.87387e-01	['Maximum number of iteration reached']
DA2	46.75687	7.27697e-01 7.87390e-01	['Maximum number of iteration reached']

Optimization: Dualannealing1
Maximized Likelihood, AIC, Parameter Estimates, 95% Confidence Intervals:
AIC	-89.514
likelihood	46.757
thetaratio	0.7277	(0.5364 - 0.9758)
2Ns	0.78739	(-0.044207 - 2.0381)

Compare data and optimization estimates
	Euclidean Distance: 1.1437 RMSE: 0.30566
	*Expected counts generated with Wright-Fisher theta estimates (SF_Ratios does not provide theta estimates)
--------------------------------------------------------------------------------------------------------------
i	DataN	DataS	DataRatio	Fit*_N	Fit*_S	Fit_Ratio
0	0.0	0.0	inf	0.0	0.0	inf
1	6.9	3.7	0.5362	5.7	4.3	0.756
2	3.6	2.7	0.75	2.8	2.2	0.7859
3	2.1	2.2	1.048	1.9	1.5	0.8175
4	1.2	1.7	1.417	1.4	1.2	0.8509
5	0.9	1.3	1.444	1.1	1.0	0.8862
6	0.8	1.0	1.25	0.9	0.9	0.9237
7	0.7	0.7	1	0.8	0.8	0.9633
8	0.6	0.5	0.8333	0.7	0.7	1.005
9	0.4	0.3	0.75	0.6	0.7	1.05
10	0.4	0.3	0.75	0.6	0.6	1.097
11	0.3	0.3	1	0.5	0.6	1.147
12	0.2	0.2	1	0.5	0.6	1.199
13	0.2	0.2	1	0.4	0.5	1.256
14	0.1	0.1	1	0.4	0.5	1.315

Time taken: 0 hours, 9 minutes, 19.36 seconds
