SF_Ratios.py   @Jody Hey 2024
=============================
Command line: -d fixed2Ns -f unfolded -i 3 -u -p uk10k_gcG-gcA -a /home/haruto/Lab-Work/Document/SFS/FlankingBases/syn_codon/single/uk10k/uk10k_vep_pickorder_flanking_syn_codon_gcG-gcA_down_15 -r /home/haruto/Lab-Work/Document/SF_Ratios/FlankingBases/syn_codon/uk10k
Arguments:
	sfsfilename: /home/haruto/Lab-Work/Document/SFS/FlankingBases/syn_codon/single/uk10k/uk10k_vep_pickorder_flanking_syn_codon_gcG-gcA_down_15
	fix_theta_ratio: None
	densityof2Ns: fixed2Ns
	foldstatus: unfolded
	basinhoppingopt: False
	optimizetries: 3
	setmax2Ns: 0
	maxi: None
	poplabel: uk10k_gcG-gcA
	estimatemax2Ns: False
	outdir: /home/haruto/Lab-Work/Document/SF_Ratios/FlankingBases/syn_codon/uk10k
	dualannealopt: True
	estimate_pointmass: False
	filecheck: False
	estimate_pointmass0: False
	commandstring: -d fixed2Ns -f unfolded -i 3 -u -p uk10k_gcG-gcA -a /home/haruto/Lab-Work/Document/SFS/FlankingBases/syn_codon/single/uk10k/uk10k_vep_pickorder_flanking_syn_codon_gcG-gcA_down_15 -r /home/haruto/Lab-Work/Document/SF_Ratios/FlankingBases/syn_codon/uk10k
	fixmode0: False
	thetaNspacerange: 100
	profile: False
	estimate_both_thetas: False
	includemisspec: False
	dofolded: False
	nc: 15
	datafileheader: intergenic_variant
	numparams: 2
	local_optimize_method: Nelder-Mead

trial	likelihood	thetaratio	2Ns	optimizer_message
0	110.84798	7.88718e-01 -1.44921e-01	Optimization terminated successfully.
1	110.84798	7.88685e-01 -1.44874e-01	Optimization terminated successfully.
2	110.84798	7.88710e-01 -1.44900e-01	Optimization terminated successfully.
DA1	110.84798	7.88698e-01 -1.44887e-01	['Maximum number of iteration reached']
DA2	110.84798	7.88698e-01 -1.44886e-01	['Maximum number of iteration reached']

Optimization: Dualannealing2
Maximized Likelihood, AIC, Parameter Estimates, 95% Confidence Intervals:
AIC	-217.696
likelihood	110.848
thetaratio	0.7887	(0.7374 - 0.8434)
2Ns	-0.14489	(-0.34175 - 0.064106)

Compare data and optimization estimates
	Euclidean Distance: 0.4231 RMSE: 0.11308
	*Expected counts generated with Wright-Fisher theta estimates (SF_Ratios does not provide theta estimates)
--------------------------------------------------------------------------------------------------------------
i	DataN	DataS	DataRatio	Fit*_N	Fit*_S	Fit_Ratio
0	0.0	0.0	inf	0.0	0.0	inf
1	132.8	103.0	0.7756	121.2	94.7	0.7813
2	61.0	44.7	0.7328	60.6	46.9	0.774
3	41.8	31.2	0.7464	40.4	31.0	0.7668
4	31.7	24.3	0.7666	30.3	23.0	0.7596
5	25.0	20.1	0.804	24.2	18.2	0.7525
6	20.0	17.1	0.855	20.2	15.1	0.7455
7	16.3	14.4	0.8834	17.3	12.8	0.7386
8	13.5	11.6	0.8593	15.2	11.1	0.7318
9	11.4	9.1	0.7982	13.5	9.8	0.7251
10	10.1	6.9	0.6832	12.1	8.7	0.7184
11	9.3	5.2	0.5591	11.0	7.8	0.7118
12	8.5	4.1	0.4824	10.1	7.1	0.7053
13	7.2	3.9	0.5417	9.3	6.5	0.6988
14	5.5	4.6	0.8364	8.7	6.0	0.6925

Time taken: 0 hours, 9 minutes, 21.47 seconds
