SF_Ratios.py   @Jody Hey 2024
=============================
Command line: -d fixed2Ns -f unfolded -i 3 -u -p uk10k_cgT-cgC -a /home/haruto/Lab-Work/Document/SFS/FlankingBases/syn_codon/single/uk10k/uk10k_vep_pickorder_flanking_syn_codon_cgT-cgC_down_15 -r /home/haruto/Lab-Work/Document/SF_Ratios/FlankingBases/syn_codon/uk10k
Arguments:
	sfsfilename: /home/haruto/Lab-Work/Document/SFS/FlankingBases/syn_codon/single/uk10k/uk10k_vep_pickorder_flanking_syn_codon_cgT-cgC_down_15
	fix_theta_ratio: None
	densityof2Ns: fixed2Ns
	foldstatus: unfolded
	basinhoppingopt: False
	optimizetries: 3
	setmax2Ns: 0
	maxi: None
	poplabel: uk10k_cgT-cgC
	estimatemax2Ns: False
	outdir: /home/haruto/Lab-Work/Document/SF_Ratios/FlankingBases/syn_codon/uk10k
	dualannealopt: True
	estimate_pointmass: False
	filecheck: False
	estimate_pointmass0: False
	commandstring: -d fixed2Ns -f unfolded -i 3 -u -p uk10k_cgT-cgC -a /home/haruto/Lab-Work/Document/SFS/FlankingBases/syn_codon/single/uk10k/uk10k_vep_pickorder_flanking_syn_codon_cgT-cgC_down_15 -r /home/haruto/Lab-Work/Document/SF_Ratios/FlankingBases/syn_codon/uk10k
	fixmode0: False
	thetaNspacerange: 100
	profile: False
	estimate_both_thetas: False
	includemisspec: False
	dofolded: False
	nc: 15
	datafileheader: intergenic_variant
	numparams: 2
	local_optimize_method: Nelder-Mead

trial	likelihood	thetaratio	2Ns	optimizer_message
0	50.54790	1.74817e+00 -2.51985e+00	Optimization terminated successfully.
1	50.54790	1.74817e+00 -2.51980e+00	Optimization terminated successfully.
2	50.54790	1.74819e+00 -2.51987e+00	Optimization terminated successfully.
DA1	50.54790	1.74819e+00 -2.51984e+00	['Maximum number of iteration reached']
DA2	50.54790	1.74819e+00 -2.51984e+00	['Maximum number of iteration reached']

Optimization: Dualannealing2
Maximized Likelihood, AIC, Parameter Estimates, 95% Confidence Intervals:
AIC	-97.096
likelihood	50.548
thetaratio	1.7482	(1.2408 - 2.4581)
2Ns	-2.5198	(-3.5333 - -1.7072)

Compare data and optimization estimates
	Euclidean Distance: 1.1892 RMSE: 0.31784
	*Expected counts generated with Wright-Fisher theta estimates (SF_Ratios does not provide theta estimates)
--------------------------------------------------------------------------------------------------------------
i	DataN	DataS	DataRatio	Fit*_N	Fit*_S	Fit_Ratio
0	0.0	0.0	inf	0.0	0.0	inf
1	4.0	4.4	1.1	5.3	7.3	1.393
2	2.0	2.5	1.25	2.6	2.9	1.11
3	1.6	1.8	1.125	1.8	1.6	0.8845
4	1.4	1.4	1	1.3	0.9	0.7052
5	1.2	1.1	0.9167	1.1	0.6	0.5626
6	1.1	0.8	0.7273	0.9	0.4	0.4494
7	1.1	0.4	0.3636	0.8	0.3	0.3595
8	1.0	0.2	0.2	0.7	0.2	0.2882
9	1.0	0.1	0.1	0.6	0.1	0.2317
10	0.8	0.0	0	0.5	0.1	0.1869
11	0.6	0.0	0	0.5	0.1	0.1513
12	0.5	0.0	0	0.4	0.1	0.1231
13	0.4	0.1	0.25	0.4	0.0	0.1007
14	0.4	0.4	1	0.4	0.0	0.08291

Time taken: 0 hours, 9 minutes, 12.59 seconds
