SF_Ratios.py   @Jody Hey 2024
=============================
Command line: -d fixed2Ns -f unfolded -i 3 -u -r /home/haruto/Lab-Work/Document/SF_Ratios/FlankingBases/syn_codon/uk10k -a /home/haruto/Lab-Work/Document/SFS/FlankingBases/syn_codon/single/uk10k/uk10k_vep_pickorder_flanking_syn_codon_tcC-tcG_down_15 -p uk10k_tcC-tcG
Arguments:
	sfsfilename: /home/haruto/Lab-Work/Document/SFS/FlankingBases/syn_codon/single/uk10k/uk10k_vep_pickorder_flanking_syn_codon_tcC-tcG_down_15
	fix_theta_ratio: None
	densityof2Ns: fixed2Ns
	foldstatus: unfolded
	basinhoppingopt: False
	optimizetries: 3
	setmax2Ns: 0
	maxi: None
	poplabel: uk10k_tcC-tcG
	estimatemax2Ns: False
	outdir: /home/haruto/Lab-Work/Document/SF_Ratios/FlankingBases/syn_codon/uk10k
	dualannealopt: True
	estimate_pointmass: False
	filecheck: False
	estimate_pointmass0: False
	commandstring: -d fixed2Ns -f unfolded -i 3 -u -r /home/haruto/Lab-Work/Document/SF_Ratios/FlankingBases/syn_codon/uk10k -a /home/haruto/Lab-Work/Document/SFS/FlankingBases/syn_codon/single/uk10k/uk10k_vep_pickorder_flanking_syn_codon_tcC-tcG_down_15 -p uk10k_tcC-tcG
	fixmode0: False
	thetaNspacerange: 100
	profile: False
	estimate_both_thetas: False
	includemisspec: False
	dofolded: False
	nc: 15
	datafileheader: intergenic_variant
	numparams: 2
	local_optimize_method: Nelder-Mead

trial	likelihood	thetaratio	2Ns	optimizer_message
0	32.02502	8.86311e-01 9.96218e+02	Optimization terminated successfully.
1	32.02502	8.86311e-01 1.00000e+03	Optimization terminated successfully.
2	32.02502	8.86311e-01 1.00000e+03	Optimization terminated successfully.
DA1	32.02502	8.86311e-01 8.05522e+02	['Maximum number of iteration reached']
DA2	32.02502	8.86311e-01 9.75157e+02	['Maximum number of iteration reached']

Optimization: Optimize
Maximized Likelihood, AIC, Parameter Estimates, 95% Confidence Intervals:
AIC	-60.050
likelihood	32.025
thetaratio	0.8863	(0.6807 - 1.1234)
2Ns	996.22	(0.69069 - nan)

Compare data and optimization estimates
	Euclidean Distance: inf RMSE: inf
	*Expected counts generated with Wright-Fisher theta estimates (SF_Ratios does not provide theta estimates)
--------------------------------------------------------------------------------------------------------------
i	DataN	DataS	DataRatio	Fit*_N	Fit*_S	Fit_Ratio
0	0.0	0.0	inf	0.0	0.0	inf
1	9.6	9.8	1.021	7.3	6.9	0.9496
2	4.9	4.6	0.9388	3.6	3.7	1.023
3	3.4	3.1	0.9118	2.4	2.7	1.108
4	2.4	2.2	0.9167	1.8	2.2	1.209
5	1.6	1.6	1	1.5	1.9	1.329
6	0.9	1.1	1.222	1.2	1.8	1.477
7	0.5	0.8	1.6	1.0	1.7	1.662
8	0.2	0.6	3	0.9	1.7	1.899
9	0.1	0.4	4	0.8	1.8	2.216
10	0.0	0.3	inf	0.7	1.9	2.659
11	0.0	0.1	inf	0.7	2.2	3.324
12	0.0	0.1	inf	0.6	2.7	4.432
13	0.0	0.0	inf	0.6	3.7	6.647
14	0.0	0.0	inf	0.5	6.8	13.2

Time taken: 0 hours, 9 minutes, 59.18 seconds
