SF_Ratios.py   @Jody Hey 2024
=============================
Command line: -d fixed2Ns -f unfolded -i 3 -u -p uk10k_ctT-ctG -a /home/haruto/Lab-Work/Document/SFS/FlankingBases/syn_codon/single/uk10k/uk10k_vep_pickorder_flanking_syn_codon_ctT-ctG_down_15 -r /home/haruto/Lab-Work/Document/SF_Ratios/FlankingBases/syn_codon/uk10k
Arguments:
	sfsfilename: /home/haruto/Lab-Work/Document/SFS/FlankingBases/syn_codon/single/uk10k/uk10k_vep_pickorder_flanking_syn_codon_ctT-ctG_down_15
	fix_theta_ratio: None
	densityof2Ns: fixed2Ns
	foldstatus: unfolded
	basinhoppingopt: False
	optimizetries: 3
	setmax2Ns: 0
	maxi: None
	poplabel: uk10k_ctT-ctG
	estimatemax2Ns: False
	outdir: /home/haruto/Lab-Work/Document/SF_Ratios/FlankingBases/syn_codon/uk10k
	dualannealopt: True
	estimate_pointmass: False
	filecheck: False
	estimate_pointmass0: False
	commandstring: -d fixed2Ns -f unfolded -i 3 -u -p uk10k_ctT-ctG -a /home/haruto/Lab-Work/Document/SFS/FlankingBases/syn_codon/single/uk10k/uk10k_vep_pickorder_flanking_syn_codon_ctT-ctG_down_15 -r /home/haruto/Lab-Work/Document/SF_Ratios/FlankingBases/syn_codon/uk10k
	fixmode0: False
	thetaNspacerange: 100
	profile: False
	estimate_both_thetas: False
	includemisspec: False
	dofolded: False
	nc: 15
	datafileheader: intergenic_variant
	numparams: 2
	local_optimize_method: Nelder-Mead

trial	likelihood	thetaratio	2Ns	optimizer_message
0	51.53633	5.15061e-01 -4.40784e-01	Optimization terminated successfully.
1	51.53633	5.15053e-01 -4.40778e-01	Optimization terminated successfully.
2	51.53633	5.15061e-01 -4.40836e-01	Optimization terminated successfully.
DA1	51.53633	5.15057e-01 -4.40799e-01	['Maximum number of iteration reached']
DA2	51.53633	5.15057e-01 -4.40800e-01	['Maximum number of iteration reached']

Optimization: Dualannealing1
Maximized Likelihood, AIC, Parameter Estimates, 95% Confidence Intervals:
AIC	-99.073
likelihood	51.536
thetaratio	0.5151	(0.3260 - 0.7473)
2Ns	-0.4408	(-1.4344 - 0.64744)

Compare data and optimization estimates
	Euclidean Distance: 1.2145 RMSE: 0.32460
	*Expected counts generated with Wright-Fisher theta estimates (SF_Ratios does not provide theta estimates)
--------------------------------------------------------------------------------------------------------------
i	DataN	DataS	DataRatio	Fit*_N	Fit*_S	Fit_Ratio
0	0.0	0.0	inf	0.0	0.0	inf
1	5.8	3.7	0.6379	6.1	3.0	0.4994
2	3.2	0.9	0.2812	3.0	1.5	0.4843
3	2.6	0.5	0.1923	2.0	0.9	0.4697
4	2.0	0.5	0.25	1.5	0.7	0.4556
5	1.4	0.6	0.4286	1.2	0.5	0.4421
6	1.0	0.7	0.7	1.0	0.4	0.429
7	0.7	0.7	1	0.9	0.4	0.4164
8	0.6	0.6	1	0.8	0.3	0.4042
9	0.6	0.5	0.8333	0.7	0.3	0.3924
10	0.6	0.4	0.6667	0.6	0.2	0.3811
11	0.5	0.2	0.4	0.6	0.2	0.3702
12	0.4	0.1	0.25	0.5	0.2	0.3596
13	0.2	0.0	0	0.5	0.2	0.3494
14	0.1	0.0	0	0.4	0.1	0.3396

Time taken: 0 hours, 9 minutes, 4.57 seconds
