SF_Ratios.py   @Jody Hey 2024
=============================
Command line: -d fixed2Ns -f unfolded -i 3 -u -p uk10k_cgT-cgA -a /home/haruto/Lab-Work/Document/SFS/FlankingBases/syn_codon/single/uk10k/uk10k_vep_pickorder_flanking_syn_codon_cgT-cgA_down_15 -r /home/haruto/Lab-Work/Document/SF_Ratios/FlankingBases/syn_codon/uk10k
Arguments:
	sfsfilename: /home/haruto/Lab-Work/Document/SFS/FlankingBases/syn_codon/single/uk10k/uk10k_vep_pickorder_flanking_syn_codon_cgT-cgA_down_15
	fix_theta_ratio: None
	densityof2Ns: fixed2Ns
	foldstatus: unfolded
	basinhoppingopt: False
	optimizetries: 3
	setmax2Ns: 0
	maxi: None
	poplabel: uk10k_cgT-cgA
	estimatemax2Ns: False
	outdir: /home/haruto/Lab-Work/Document/SF_Ratios/FlankingBases/syn_codon/uk10k
	dualannealopt: True
	estimate_pointmass: False
	filecheck: False
	estimate_pointmass0: False
	commandstring: -d fixed2Ns -f unfolded -i 3 -u -p uk10k_cgT-cgA -a /home/haruto/Lab-Work/Document/SFS/FlankingBases/syn_codon/single/uk10k/uk10k_vep_pickorder_flanking_syn_codon_cgT-cgA_down_15 -r /home/haruto/Lab-Work/Document/SF_Ratios/FlankingBases/syn_codon/uk10k
	fixmode0: False
	thetaNspacerange: 100
	profile: False
	estimate_both_thetas: False
	includemisspec: False
	dofolded: False
	nc: 15
	datafileheader: intergenic_variant
	numparams: 2
	local_optimize_method: Nelder-Mead

trial	likelihood	thetaratio	2Ns	optimizer_message
0	22.42855	2.90000e+01 -2.63327e+02	Optimization terminated successfully.
1	22.42855	2.90000e+01 -2.63327e+02	Optimization terminated successfully.
2	22.42855	2.90000e+01 -2.63327e+02	Optimization terminated successfully.
DA1	22.42855	2.90000e+01 -2.63325e+02	['Maximum number of iteration reached']
DA2	22.42855	2.90000e+01 -2.63257e+02	['Maximum number of iteration reached']

Optimization: Optimize
Maximized Likelihood, AIC, Parameter Estimates, 95% Confidence Intervals:
AIC	-40.857
likelihood	22.429
thetaratio	29.0000	(16.9592 - nan)
2Ns	-263.33	(nan - -92.731)

Compare data and optimization estimates
	Euclidean Distance: inf RMSE: inf
	*Expected counts generated with Wright-Fisher theta estimates (SF_Ratios does not provide theta estimates)
--------------------------------------------------------------------------------------------------------------
i	DataN	DataS	DataRatio	Fit*_N	Fit*_S	Fit_Ratio
0	0.0	0.0	inf	0.0	0.0	inf
1	1.0	1.0	1	1.2	1.0	0.806
2	0.5	0.4	0.8	0.6	0.0	0.02099
3	0.4	0.7	1.75	0.4	0.0	0.0005093
4	0.4	1.0	2.5	0.3	0.0	1.145e-05
5	0.3	1.0	3.333	0.2	0.0	2.369e-07
6	0.2	0.8	4	0.2	0.0	4.471e-09
7	0.2	0.5	2.5	0.2	0.0	7.625e-11
8	0.2	0.3	1.5	0.2	0.0	1.16e-12
9	0.2	0.1	0.5	0.1	0.0	1.551e-14
10	0.2	0.0	0	0.1	0.0	1.783e-16
11	0.2	0.0	0	0.1	0.0	1.716e-18
12	0.1	0.0	0	0.1	0.0	1.326e-20
13	0.1	0.0	0	0.1	0.0	7.712e-23
14	0.0	0.0	inf	0.1	0.0	3.003e-25

Time taken: 0 hours, 7 minutes, 58.45 seconds
