SF_Ratios.py   @Jody Hey 2024
=============================
Command line: -d fixed2Ns -f unfolded -i 3 -u -p uk10k_ccT-ccA -a /home/haruto/Lab-Work/Document/SFS/FlankingBases/syn_codon/single/uk10k/uk10k_vep_pickorder_flanking_syn_codon_ccT-ccA_down_15 -r /home/haruto/Lab-Work/Document/SF_Ratios/FlankingBases/syn_codon/uk10k
Arguments:
	sfsfilename: /home/haruto/Lab-Work/Document/SFS/FlankingBases/syn_codon/single/uk10k/uk10k_vep_pickorder_flanking_syn_codon_ccT-ccA_down_15
	fix_theta_ratio: None
	densityof2Ns: fixed2Ns
	foldstatus: unfolded
	basinhoppingopt: False
	optimizetries: 3
	setmax2Ns: 0
	maxi: None
	poplabel: uk10k_ccT-ccA
	estimatemax2Ns: False
	outdir: /home/haruto/Lab-Work/Document/SF_Ratios/FlankingBases/syn_codon/uk10k
	dualannealopt: True
	estimate_pointmass: False
	filecheck: False
	estimate_pointmass0: False
	commandstring: -d fixed2Ns -f unfolded -i 3 -u -p uk10k_ccT-ccA -a /home/haruto/Lab-Work/Document/SFS/FlankingBases/syn_codon/single/uk10k/uk10k_vep_pickorder_flanking_syn_codon_ccT-ccA_down_15 -r /home/haruto/Lab-Work/Document/SF_Ratios/FlankingBases/syn_codon/uk10k
	fixmode0: False
	thetaNspacerange: 100
	profile: False
	estimate_both_thetas: False
	includemisspec: False
	dofolded: False
	nc: 15
	datafileheader: intergenic_variant
	numparams: 2
	local_optimize_method: Nelder-Mead

trial	likelihood	thetaratio	2Ns	optimizer_message
0	25.89388	7.63932e-01 9.99627e+02	Optimization terminated successfully.
1	25.89388	7.63932e-01 1.00000e+03	Optimization terminated successfully.
2	25.89388	7.63932e-01 1.00000e+03	Optimization terminated successfully.
DA1	25.89388	7.63932e-01 8.88453e+02	['Maximum number of iteration reached']
DA2	25.89388	7.63932e-01 1.84251e+02	['Maximum number of iteration reached']

Optimization: Optimize
Maximized Likelihood, AIC, Parameter Estimates, 95% Confidence Intervals:
AIC	-47.788
likelihood	25.894
thetaratio	0.7639	(0.5102 - 1.0714)
2Ns	1000	(0.10697 - nan)

Compare data and optimization estimates
	Euclidean Distance: inf RMSE: inf
	*Expected counts generated with Wright-Fisher theta estimates (SF_Ratios does not provide theta estimates)
--------------------------------------------------------------------------------------------------------------
i	DataN	DataS	DataRatio	Fit*_N	Fit*_S	Fit_Ratio
0	0.0	0.0	inf	0.0	0.0	inf
1	4.0	4.2	1.05	3.6	2.9	0.8185
2	1.6	1.7	1.062	1.8	1.6	0.8815
3	1.4	1.0	0.7143	1.2	1.1	0.9549
4	1.2	0.7	0.5833	0.9	0.9	1.042
5	1.0	0.6	0.6	0.7	0.8	1.146
6	0.9	0.7	0.7778	0.6	0.8	1.273
7	0.7	0.7	1	0.5	0.7	1.432
8	0.5	0.7	1.4	0.4	0.7	1.637
9	0.3	0.6	2	0.4	0.8	1.91
10	0.1	0.5	5	0.4	0.8	2.292
11	0.0	0.4	inf	0.3	0.9	2.865
12	0.0	0.4	inf	0.3	1.1	3.82
13	0.0	0.3	inf	0.3	1.6	5.729
14	0.0	0.2	inf	0.3	2.9	11.38

Time taken: 0 hours, 10 minutes, 58.64 seconds
