SF_Ratios.py   @Jody Hey 2024
=============================
Command line: -d fixed2Ns -f unfolded -i 3 -u -r /home/haruto/Lab-Work/Document/SF_Ratios/FlankingBases/syn_codon/uk10k -a /home/haruto/Lab-Work/Document/SFS/FlankingBases/syn_codon/single/uk10k/uk10k_vep_pickorder_flanking_syn_codon_gtA-gtT_down_15 -p uk10k_gtA-gtT
Arguments:
	sfsfilename: /home/haruto/Lab-Work/Document/SFS/FlankingBases/syn_codon/single/uk10k/uk10k_vep_pickorder_flanking_syn_codon_gtA-gtT_down_15
	fix_theta_ratio: None
	densityof2Ns: fixed2Ns
	foldstatus: unfolded
	basinhoppingopt: False
	optimizetries: 3
	setmax2Ns: 0
	maxi: None
	poplabel: uk10k_gtA-gtT
	estimatemax2Ns: False
	outdir: /home/haruto/Lab-Work/Document/SF_Ratios/FlankingBases/syn_codon/uk10k
	dualannealopt: True
	estimate_pointmass: False
	filecheck: False
	estimate_pointmass0: False
	commandstring: -d fixed2Ns -f unfolded -i 3 -u -r /home/haruto/Lab-Work/Document/SF_Ratios/FlankingBases/syn_codon/uk10k -a /home/haruto/Lab-Work/Document/SFS/FlankingBases/syn_codon/single/uk10k/uk10k_vep_pickorder_flanking_syn_codon_gtA-gtT_down_15 -p uk10k_gtA-gtT
	fixmode0: False
	thetaNspacerange: 100
	profile: False
	estimate_both_thetas: False
	includemisspec: False
	dofolded: False
	nc: 15
	datafileheader: intergenic_variant
	numparams: 2
	local_optimize_method: Nelder-Mead

trial	likelihood	thetaratio	2Ns	optimizer_message
0	26.37994	7.01124e-01 -1.28198e+00	Optimization terminated successfully.
1	26.37994	7.01127e-01 -1.28200e+00	Optimization terminated successfully.
2	26.37994	7.01117e-01 -1.28197e+00	Optimization terminated successfully.
DA1	26.37994	7.01121e-01 -1.28199e+00	['Maximum number of iteration reached']
DA2	26.37994	7.01121e-01 -1.28200e+00	['Maximum number of iteration reached']

Optimization: Dualannealing2
Maximized Likelihood, AIC, Parameter Estimates, 95% Confidence Intervals:
AIC	-48.760
likelihood	26.380
thetaratio	0.7011	(0.3844 - 1.1639)
2Ns	-1.282	(-3.208 - 0.48008)

Compare data and optimization estimates
	Euclidean Distance: inf RMSE: inf
	*Expected counts generated with Wright-Fisher theta estimates (SF_Ratios does not provide theta estimates)
--------------------------------------------------------------------------------------------------------------
i	DataN	DataS	DataRatio	Fit*_N	Fit*_S	Fit_Ratio
0	0.0	0.0	inf	0.0	0.0	inf
1	2.5	1.6	0.64	2.2	1.4	0.6314
2	1.3	0.5	0.3846	1.1	0.6	0.5691
3	1.0	0.4	0.4	0.7	0.4	0.5134
4	0.7	0.4	0.5714	0.6	0.3	0.4635
5	0.5	0.4	0.8	0.4	0.2	0.4188
6	0.4	0.3	0.75	0.4	0.1	0.3789
7	0.3	0.2	0.6667	0.3	0.1	0.3432
8	0.2	0.1	0.5	0.3	0.1	0.3112
9	0.2	0.0	0	0.2	0.1	0.2825
10	0.1	0.0	0	0.2	0.1	0.2569
11	0.0	0.0	inf	0.2	0.0	0.2339
12	0.0	0.0	inf	0.2	0.0	0.2133
13	0.0	0.0	inf	0.2	0.0	0.1948
14	0.0	0.0	inf	0.2	0.0	0.1782

Time taken: 0 hours, 6 minutes, 38.24 seconds
