SF_Ratios.py   @Jody Hey 2024
=============================
Command line: -d fixed2Ns -f unfolded -i 3 -u -p 1kG_gaA-gaG -a /home/haruto/Lab-Work/Document/SFS/FlankingBases/syn_codon/single/1kG/1kG_vep_pickorder_flanking_syn_codon_gaA-gaG_down_15 -r /home/haruto/Lab-Work/Document/SF_Ratios/FlankingBases/syn_codon/1kG
Arguments:
	sfsfilename: /home/haruto/Lab-Work/Document/SFS/FlankingBases/syn_codon/single/1kG/1kG_vep_pickorder_flanking_syn_codon_gaA-gaG_down_15
	fix_theta_ratio: None
	densityof2Ns: fixed2Ns
	foldstatus: unfolded
	basinhoppingopt: False
	optimizetries: 3
	setmax2Ns: 0
	maxi: None
	poplabel: 1kG_gaA-gaG
	estimatemax2Ns: False
	outdir: /home/haruto/Lab-Work/Document/SF_Ratios/FlankingBases/syn_codon/1kG
	dualannealopt: True
	estimate_pointmass: False
	filecheck: False
	estimate_pointmass0: False
	commandstring: -d fixed2Ns -f unfolded -i 3 -u -p 1kG_gaA-gaG -a /home/haruto/Lab-Work/Document/SFS/FlankingBases/syn_codon/single/1kG/1kG_vep_pickorder_flanking_syn_codon_gaA-gaG_down_15 -r /home/haruto/Lab-Work/Document/SF_Ratios/FlankingBases/syn_codon/1kG
	fixmode0: False
	thetaNspacerange: 100
	profile: False
	estimate_both_thetas: False
	includemisspec: False
	dofolded: False
	nc: 15
	datafileheader: intergenic_variant
	numparams: 2
	local_optimize_method: Nelder-Mead

trial	likelihood	thetaratio	2Ns	optimizer_message
0	99.76291	6.48328e-01 -2.79682e-01	Optimization terminated successfully.
1	99.76291	6.48344e-01 -2.79712e-01	Optimization terminated successfully.
2	99.76291	6.48347e-01 -2.79746e-01	Optimization terminated successfully.
DA1	99.76291	6.48351e-01 -2.79736e-01	['Maximum number of iteration reached']
DA2	99.76291	6.48351e-01 -2.79734e-01	['Maximum number of iteration reached']

Optimization: Dualannealing1
Maximized Likelihood, AIC, Parameter Estimates, 95% Confidence Intervals:
AIC	-195.526
likelihood	99.763
thetaratio	0.6484	(0.5688 - 0.7350)
2Ns	-0.27974	(-0.53576 - -0.019531)

Compare data and optimization estimates
	Euclidean Distance: 0.3384 RMSE: 0.09044
	*Expected counts generated with Wright-Fisher theta estimates (SF_Ratios does not provide theta estimates)
--------------------------------------------------------------------------------------------------------------
i	DataN	DataS	DataRatio	Fit*_N	Fit*_S	Fit_Ratio
0	0.0	0.0	inf	0.0	0.0	inf
1	90.1	70.7	0.7847	63.9	40.7	0.6362
2	32.4	21.0	0.6481	32.0	20.0	0.6244
3	21.4	11.7	0.5467	21.3	13.1	0.6128
4	16.4	8.1	0.4939	16.0	9.6	0.6015
5	13.1	6.1	0.4656	12.8	7.5	0.5904
6	10.2	4.8	0.4706	10.7	6.2	0.5796
7	7.7	3.7	0.4805	9.1	5.2	0.5691
8	5.4	2.8	0.5185	8.0	4.5	0.5587
9	3.7	2.1	0.5676	7.1	3.9	0.5486
10	2.5	1.5	0.6	6.4	3.4	0.5387
11	1.8	1.1	0.6111	5.8	3.1	0.529
12	1.4	0.9	0.6429	5.3	2.8	0.5196
13	1.0	0.6	0.6	4.9	2.5	0.5103
14	0.7	0.4	0.5714	4.6	2.3	0.5013

Time taken: 0 hours, 12 minutes, 3.82 seconds
