SF_Ratios.py   @Jody Hey 2024
=============================
Command line: -d fixed2Ns -f unfolded -i 3 -u -r /home/haruto/Lab-Work/Document/SF_Ratios/FlankingBases/syn_codon/1kG -a /home/haruto/Lab-Work/Document/SFS/FlankingBases/syn_codon/single/1kG/1kG_vep_pickorder_flanking_syn_codon_gtA-gtC_down_15 -p 1kG_gtA-gtC
Arguments:
	sfsfilename: /home/haruto/Lab-Work/Document/SFS/FlankingBases/syn_codon/single/1kG/1kG_vep_pickorder_flanking_syn_codon_gtA-gtC_down_15
	fix_theta_ratio: None
	densityof2Ns: fixed2Ns
	foldstatus: unfolded
	basinhoppingopt: False
	optimizetries: 3
	setmax2Ns: 0
	maxi: None
	poplabel: 1kG_gtA-gtC
	estimatemax2Ns: False
	outdir: /home/haruto/Lab-Work/Document/SF_Ratios/FlankingBases/syn_codon/1kG
	dualannealopt: True
	estimate_pointmass: False
	filecheck: False
	estimate_pointmass0: False
	commandstring: -d fixed2Ns -f unfolded -i 3 -u -r /home/haruto/Lab-Work/Document/SF_Ratios/FlankingBases/syn_codon/1kG -a /home/haruto/Lab-Work/Document/SFS/FlankingBases/syn_codon/single/1kG/1kG_vep_pickorder_flanking_syn_codon_gtA-gtC_down_15 -p 1kG_gtA-gtC
	fixmode0: False
	thetaNspacerange: 100
	profile: False
	estimate_both_thetas: False
	includemisspec: False
	dofolded: False
	nc: 15
	datafileheader: intergenic_variant
	numparams: 2
	local_optimize_method: Nelder-Mead

trial	likelihood	thetaratio	2Ns	optimizer_message
0	126.14018	1.90667e+01 -1.00000e+03	Optimization terminated successfully.
1	119.28297	4.76667e-02 -1.00000e+03	Optimization terminated successfully.
2	126.14018	1.90667e+01 -1.00000e+03	Optimization terminated successfully.
DA1	126.14018	1.90667e+01 -1.00000e+03	['Maximum number of iteration reached']
DA2	126.14018	1.90667e+01 -1.00000e+03	['Maximum number of iteration reached']

Optimization: Dualannealing2
Maximized Likelihood, AIC, Parameter Estimates, 95% Confidence Intervals:
AIC	-248.280
likelihood	126.140
thetaratio	19.0667	(5.1507 - nan)
2Ns	-1000	(nan - -884.87)

Compare data and optimization estimates
	Euclidean Distance: 2.7801 RMSE: 0.74301
	*Expected counts generated with Wright-Fisher theta estimates (SF_Ratios does not provide theta estimates)
--------------------------------------------------------------------------------------------------------------
i	DataN	DataS	DataRatio	Fit*_N	Fit*_S	Fit_Ratio
0	0.0	0.0	inf	0.0	0.0	inf
1	6.5	7.1	1.092	4.6	0.7	0.1421
2	2.9	3.2	1.103	2.3	0.0	0.0009891
3	1.6	1.7	1.062	1.5	0.0	6.4e-06
4	0.9	1.0	1.111	1.2	0.0	3.827e-08
5	0.6	0.6	1	0.9	0.0	2.099e-10
6	0.4	0.4	1	0.8	0.0	1.048e-12
7	0.2	0.2	1	0.7	0.0	4.714e-15
8	0.2	0.1	0.5	0.6	0.0	1.887e-17
9	0.3	0.0	0	0.5	0.0	6.613e-20
10	0.3	0.0	0	0.5	0.0	1.989e-22
11	0.4	0.0	0	0.4	0.0	4.989e-25
12	0.3	0.0	0	0.4	0.0	1.002e-27
13	0.3	0.0	0	0.4	0.0	1.512e-30
14	0.1	0.0	0	0.3	0.0	1.522e-33

Time taken: 0 hours, 27 minutes, 41.18 seconds
