SF_Ratios.py   @Jody Hey 2024
=============================
Command line: -d fixed2Ns -f unfolded -i 3 -u -r /home/haruto/Lab-Work/Document/SF_Ratios/FlankingBases/syn_codon/1kG -a /home/haruto/Lab-Work/Document/SFS/FlankingBases/syn_codon/single/1kG/1kG_vep_pickorder_flanking_syn_codon_ggT-ggG_down_15 -p 1kG_ggT-ggG
Arguments:
	sfsfilename: /home/haruto/Lab-Work/Document/SFS/FlankingBases/syn_codon/single/1kG/1kG_vep_pickorder_flanking_syn_codon_ggT-ggG_down_15
	fix_theta_ratio: None
	densityof2Ns: fixed2Ns
	foldstatus: unfolded
	basinhoppingopt: False
	optimizetries: 3
	setmax2Ns: 0
	maxi: None
	poplabel: 1kG_ggT-ggG
	estimatemax2Ns: False
	outdir: /home/haruto/Lab-Work/Document/SF_Ratios/FlankingBases/syn_codon/1kG
	dualannealopt: True
	estimate_pointmass: False
	filecheck: False
	estimate_pointmass0: False
	commandstring: -d fixed2Ns -f unfolded -i 3 -u -r /home/haruto/Lab-Work/Document/SF_Ratios/FlankingBases/syn_codon/1kG -a /home/haruto/Lab-Work/Document/SFS/FlankingBases/syn_codon/single/1kG/1kG_vep_pickorder_flanking_syn_codon_ggT-ggG_down_15 -p 1kG_ggT-ggG
	fixmode0: False
	thetaNspacerange: 100
	profile: False
	estimate_both_thetas: False
	includemisspec: False
	dofolded: False
	nc: 15
	datafileheader: intergenic_variant
	numparams: 2
	local_optimize_method: Nelder-Mead

trial	likelihood	thetaratio	2Ns	optimizer_message
0	19.59825	1.43150e+00 1.72646e+00	Optimization terminated successfully.
1	19.59825	1.43149e+00 1.72643e+00	Optimization terminated successfully.
2	19.59825	1.43149e+00 1.72644e+00	Optimization terminated successfully.
DA1	19.59825	1.43149e+00 1.72647e+00	['Maximum number of iteration reached']
DA2	19.59825	1.43149e+00 1.72652e+00	['Maximum number of iteration reached']

Optimization: Dualannealing1
Maximized Likelihood, AIC, Parameter Estimates, 95% Confidence Intervals:
AIC	-35.197
likelihood	19.598
thetaratio	1.4315	(1.0331 - 1.9154)
2Ns	1.7265	(-0.39717 - nan)

Compare data and optimization estimates
	Euclidean Distance: inf RMSE: inf
	*Expected counts generated with Wright-Fisher theta estimates (SF_Ratios does not provide theta estimates)
--------------------------------------------------------------------------------------------------------------
i	DataN	DataS	DataRatio	Fit*_N	Fit*_S	Fit_Ratio
0	0.0	0.0	inf	0.0	0.0	inf
1	7.8	10.2	1.308	4.0	6.1	1.519
2	2.5	4.5	1.8	2.0	3.3	1.616
3	1.3	2.6	2	1.3	2.3	1.723
4	0.8	1.4	1.75	1.0	1.9	1.843
5	0.4	0.7	1.75	0.8	1.6	1.976
6	0.2	0.3	1.5	0.7	1.4	2.124
7	0.1	0.2	2	0.6	1.3	2.289
8	0.0	0.1	inf	0.5	1.2	2.475
9	0.0	0.2	inf	0.4	1.2	2.683
10	0.0	0.2	inf	0.4	1.2	2.917
11	0.0	0.2	inf	0.4	1.2	3.18
12	0.0	0.1	inf	0.3	1.2	3.477
13	0.0	0.1	inf	0.3	1.2	3.812
14	0.0	0.0	inf	0.3	1.2	4.19

Time taken: 0 hours, 16 minutes, 1.40 seconds
