SF_Ratios.py   @Jody Hey 2024
=============================
Command line: -d fixed2Ns -f unfolded -i 3 -u -p 1kG_acA-acG -a /home/haruto/Lab-Work/Document/SFS/FlankingBases/syn_codon/single/1kG/1kG_vep_pickorder_flanking_syn_codon_acA-acG_down_15 -r /home/haruto/Lab-Work/Document/SF_Ratios/FlankingBases/syn_codon/1kG
Arguments:
	sfsfilename: /home/haruto/Lab-Work/Document/SFS/FlankingBases/syn_codon/single/1kG/1kG_vep_pickorder_flanking_syn_codon_acA-acG_down_15
	fix_theta_ratio: None
	densityof2Ns: fixed2Ns
	foldstatus: unfolded
	basinhoppingopt: False
	optimizetries: 3
	setmax2Ns: 0
	maxi: None
	poplabel: 1kG_acA-acG
	estimatemax2Ns: False
	outdir: /home/haruto/Lab-Work/Document/SF_Ratios/FlankingBases/syn_codon/1kG
	dualannealopt: True
	estimate_pointmass: False
	filecheck: False
	estimate_pointmass0: False
	commandstring: -d fixed2Ns -f unfolded -i 3 -u -p 1kG_acA-acG -a /home/haruto/Lab-Work/Document/SFS/FlankingBases/syn_codon/single/1kG/1kG_vep_pickorder_flanking_syn_codon_acA-acG_down_15 -r /home/haruto/Lab-Work/Document/SF_Ratios/FlankingBases/syn_codon/1kG
	fixmode0: False
	thetaNspacerange: 100
	profile: False
	estimate_both_thetas: False
	includemisspec: False
	dofolded: False
	nc: 15
	datafileheader: intergenic_variant
	numparams: 2
	local_optimize_method: Nelder-Mead

trial	likelihood	thetaratio	2Ns	optimizer_message
0	102.87804	7.28855e-01 -2.22422e-01	Optimization terminated successfully.
1	102.87804	7.28835e-01 -2.22409e-01	Optimization terminated successfully.
2	102.87804	7.28839e-01 -2.22410e-01	Optimization terminated successfully.
DA1	102.87804	7.28848e-01 -2.22428e-01	['Maximum number of iteration reached']
DA2	102.87804	7.28848e-01 -2.22428e-01	['Maximum number of iteration reached']

Optimization: Dualannealing1
Maximized Likelihood, AIC, Parameter Estimates, 95% Confidence Intervals:
AIC	-201.756
likelihood	102.878
thetaratio	0.7288	(0.6601 - 0.7969)
2Ns	-0.22243	(-0.45526 - 0.015428)

Compare data and optimization estimates
	Euclidean Distance: 0.2976 RMSE: 0.07954
	*Expected counts generated with Wright-Fisher theta estimates (SF_Ratios does not provide theta estimates)
--------------------------------------------------------------------------------------------------------------
i	DataN	DataS	DataRatio	Fit*_N	Fit*_S	Fit_Ratio
0	0.0	0.0	inf	0.0	0.0	inf
1	90.5	70.5	0.779	69.4	49.8	0.7182
2	33.8	24.1	0.713	34.7	24.5	0.7077
3	22.4	14.4	0.6429	23.1	16.1	0.6973
4	16.4	9.9	0.6037	17.3	11.9	0.6872
5	12.4	7.2	0.5806	13.9	9.4	0.6773
6	9.6	5.5	0.5729	11.6	7.7	0.6675
7	7.8	4.5	0.5769	9.9	6.5	0.6579
8	6.6	4.0	0.6061	8.7	5.6	0.6485
9	5.6	3.7	0.6607	7.7	4.9	0.6392
10	4.9	3.5	0.7143	6.9	4.4	0.6301
11	4.3	3.2	0.7442	6.3	3.9	0.6211
12	3.8	2.8	0.7368	5.8	3.5	0.6123
13	3.6	2.5	0.6944	5.3	3.2	0.6037
14	3.8	2.1	0.5526	5.0	2.9	0.5952

Time taken: 0 hours, 9 minutes, 7.38 seconds
