SF_Ratios.py   @Jody Hey 2024
=============================
Command line: -d fixed2Ns -f unfolded -i 3 -u -p 1kG_Ctg-Ttg -a /home/haruto/Lab-Work/Document/SFS/FlankingBases/syn_codon/single/1kG/1kG_vep_pickorder_flanking_syn_codon_Ctg-Ttg_down_15 -r /home/haruto/Lab-Work/Document/SF_Ratios/FlankingBases/syn_codon/1kG
Arguments:
	sfsfilename: /home/haruto/Lab-Work/Document/SFS/FlankingBases/syn_codon/single/1kG/1kG_vep_pickorder_flanking_syn_codon_Ctg-Ttg_down_15
	fix_theta_ratio: None
	densityof2Ns: fixed2Ns
	foldstatus: unfolded
	basinhoppingopt: False
	optimizetries: 3
	setmax2Ns: 0
	maxi: None
	poplabel: 1kG_Ctg-Ttg
	estimatemax2Ns: False
	outdir: /home/haruto/Lab-Work/Document/SF_Ratios/FlankingBases/syn_codon/1kG
	dualannealopt: True
	estimate_pointmass: False
	filecheck: False
	estimate_pointmass0: False
	commandstring: -d fixed2Ns -f unfolded -i 3 -u -p 1kG_Ctg-Ttg -a /home/haruto/Lab-Work/Document/SFS/FlankingBases/syn_codon/single/1kG/1kG_vep_pickorder_flanking_syn_codon_Ctg-Ttg_down_15 -r /home/haruto/Lab-Work/Document/SF_Ratios/FlankingBases/syn_codon/1kG
	fixmode0: False
	thetaNspacerange: 100
	profile: False
	estimate_both_thetas: False
	includemisspec: False
	dofolded: False
	nc: 15
	datafileheader: intergenic_variant
	numparams: 2
	local_optimize_method: Nelder-Mead

trial	likelihood	thetaratio	2Ns	optimizer_message
0	101.29660	7.75142e-01 -3.45293e-01	Optimization terminated successfully.
1	101.29660	7.75139e-01 -3.45314e-01	Optimization terminated successfully.
2	101.29660	7.75155e-01 -3.45319e-01	Optimization terminated successfully.
DA1	101.29660	7.75150e-01 -3.45339e-01	['Maximum number of iteration reached']
DA2	101.29660	7.75149e-01 -3.45333e-01	['Maximum number of iteration reached']

Optimization: Dualannealing2
Maximized Likelihood, AIC, Parameter Estimates, 95% Confidence Intervals:
AIC	-198.593
likelihood	101.297
thetaratio	0.7751	(0.7115 - 0.8386)
2Ns	-0.34533	(-0.61534 - -0.042941)

Compare data and optimization estimates
	Euclidean Distance: 0.8253 RMSE: 0.22057
	*Expected counts generated with Wright-Fisher theta estimates (SF_Ratios does not provide theta estimates)
--------------------------------------------------------------------------------------------------------------
i	DataN	DataS	DataRatio	Fit*_N	Fit*_S	Fit_Ratio
0	0.0	0.0	inf	0.0	0.0	inf
1	144.1	113.5	0.7876	93.2	70.6	0.757
2	47.1	35.2	0.7473	46.6	34.5	0.7394
3	28.9	21.1	0.7301	31.1	22.4	0.7223
4	21.1	14.9	0.7062	23.3	16.4	0.7056
5	16.1	10.7	0.6646	18.6	12.9	0.6894
6	12.4	7.3	0.5887	15.5	10.5	0.6737
7	9.6	4.8	0.5	13.3	8.8	0.6583
8	7.3	3.3	0.4521	11.7	7.5	0.6434
9	5.5	2.5	0.4545	10.4	6.5	0.6289
10	4.1	2.2	0.5366	9.3	5.7	0.6149
11	2.9	2.0	0.6897	8.5	5.1	0.6012
12	2.0	1.7	0.85	7.8	4.6	0.5878
13	1.3	1.3	1	7.2	4.1	0.5749
14	0.8	0.9	1.125	6.7	3.7	0.5622

Time taken: 0 hours, 10 minutes, 10.66 seconds
