SF_Ratios.py   @Jody Hey 2024
=============================
Command line: -d fixed2Ns -f unfolded -i 3 -u -r /home/haruto/Lab-Work/Document/SF_Ratios/FlankingBases/syn_codon/1kG -a /home/haruto/Lab-Work/Document/SFS/FlankingBases/syn_codon/single/1kG/1kG_vep_pickorder_flanking_syn_codon_ggG-ggA_down_15 -p 1kG_ggG-ggA
Arguments:
	sfsfilename: /home/haruto/Lab-Work/Document/SFS/FlankingBases/syn_codon/single/1kG/1kG_vep_pickorder_flanking_syn_codon_ggG-ggA_down_15
	fix_theta_ratio: None
	densityof2Ns: fixed2Ns
	foldstatus: unfolded
	basinhoppingopt: False
	optimizetries: 3
	setmax2Ns: 0
	maxi: None
	poplabel: 1kG_ggG-ggA
	estimatemax2Ns: False
	outdir: /home/haruto/Lab-Work/Document/SF_Ratios/FlankingBases/syn_codon/1kG
	dualannealopt: True
	estimate_pointmass: False
	filecheck: False
	estimate_pointmass0: False
	commandstring: -d fixed2Ns -f unfolded -i 3 -u -r /home/haruto/Lab-Work/Document/SF_Ratios/FlankingBases/syn_codon/1kG -a /home/haruto/Lab-Work/Document/SFS/FlankingBases/syn_codon/single/1kG/1kG_vep_pickorder_flanking_syn_codon_ggG-ggA_down_15 -p 1kG_ggG-ggA
	fixmode0: False
	thetaNspacerange: 100
	profile: False
	estimate_both_thetas: False
	includemisspec: False
	dofolded: False
	nc: 15
	datafileheader: intergenic_variant
	numparams: 2
	local_optimize_method: Nelder-Mead

trial	likelihood	thetaratio	2Ns	optimizer_message
0	102.28687	9.53446e-01 -1.36191e+00	Optimization terminated successfully.
1	102.28687	9.53436e-01 -1.36183e+00	Optimization terminated successfully.
2	102.28687	9.53422e-01 -1.36182e+00	Optimization terminated successfully.
DA1	102.28687	9.53441e-01 -1.36184e+00	['Maximum number of iteration reached']
DA2	102.28687	9.53441e-01 -1.36184e+00	['Maximum number of iteration reached']

Optimization: Dualannealing1
Maximized Likelihood, AIC, Parameter Estimates, 95% Confidence Intervals:
AIC	-200.574
likelihood	102.287
thetaratio	0.9534	(0.8627 - 1.0582)
2Ns	-1.3618	(-1.6081 - -1.1236)

Compare data and optimization estimates
	Euclidean Distance: 0.3020 RMSE: 0.08071
	*Expected counts generated with Wright-Fisher theta estimates (SF_Ratios does not provide theta estimates)
--------------------------------------------------------------------------------------------------------------
i	DataN	DataS	DataRatio	Fit*_N	Fit*_S	Fit_Ratio
0	0.0	0.0	inf	0.0	0.0	inf
1	88.0	70.6	0.8023	60.8	51.8	0.8521
2	29.3	21.5	0.7338	30.4	23.2	0.7622
3	18.0	13.3	0.7389	20.3	13.8	0.6823
4	13.3	9.4	0.7068	15.2	9.3	0.6113
5	10.7	6.8	0.6355	12.2	6.7	0.5484
6	8.9	4.8	0.5393	10.1	5.0	0.4924
7	7.3	3.5	0.4795	8.7	3.8	0.4427
8	5.8	2.5	0.431	7.6	3.0	0.3986
9	4.4	1.8	0.4091	6.8	2.4	0.3593
10	3.2	1.2	0.375	6.1	2.0	0.3244
11	2.6	0.8	0.3077	5.5	1.6	0.2934
12	2.4	0.4	0.1667	5.1	1.3	0.2658
13	2.2	0.2	0.09091	4.7	1.1	0.2412
14	1.7	0.1	0.05882	4.3	1.0	0.2193

Time taken: 0 hours, 20 minutes, 20.12 seconds
