SF_Ratios.py   @Jody Hey 2024
=============================
Command line: -d fixed2Ns -f unfolded -i 3 -u -r /home/haruto/Lab-Work/Document/SF_Ratios/FlankingBases/syn_codon/1kG -a /home/haruto/Lab-Work/Document/SFS/FlankingBases/syn_codon/single/1kG/1kG_vep_pickorder_flanking_syn_codon_tcG-tcA_down_15 -p 1kG_tcG-tcA
Arguments:
	sfsfilename: /home/haruto/Lab-Work/Document/SFS/FlankingBases/syn_codon/single/1kG/1kG_vep_pickorder_flanking_syn_codon_tcG-tcA_down_15
	fix_theta_ratio: None
	densityof2Ns: fixed2Ns
	foldstatus: unfolded
	basinhoppingopt: False
	optimizetries: 3
	setmax2Ns: 0
	maxi: None
	poplabel: 1kG_tcG-tcA
	estimatemax2Ns: False
	outdir: /home/haruto/Lab-Work/Document/SF_Ratios/FlankingBases/syn_codon/1kG
	dualannealopt: True
	estimate_pointmass: False
	filecheck: False
	estimate_pointmass0: False
	commandstring: -d fixed2Ns -f unfolded -i 3 -u -r /home/haruto/Lab-Work/Document/SF_Ratios/FlankingBases/syn_codon/1kG -a /home/haruto/Lab-Work/Document/SFS/FlankingBases/syn_codon/single/1kG/1kG_vep_pickorder_flanking_syn_codon_tcG-tcA_down_15 -p 1kG_tcG-tcA
	fixmode0: False
	thetaNspacerange: 100
	profile: False
	estimate_both_thetas: False
	includemisspec: False
	dofolded: False
	nc: 15
	datafileheader: intergenic_variant
	numparams: 2
	local_optimize_method: Nelder-Mead

trial	likelihood	thetaratio	2Ns	optimizer_message
0	111.87598	6.73032e-01 2.05958e-01	Optimization terminated successfully.
1	111.87598	6.73035e-01 2.05927e-01	Optimization terminated successfully.
2	111.87598	6.73036e-01 2.05888e-01	Optimization terminated successfully.
DA1	111.88965	6.67732e-01 2.15715e-01	['Maximum number of iteration reached']
DA2	111.87598	6.73032e-01 2.05910e-01	['Maximum number of iteration reached']

Optimization: Dualannealing1
Maximized Likelihood, AIC, Parameter Estimates, 95% Confidence Intervals:
AIC	-219.779
likelihood	111.890
thetaratio	0.6677	(0.6243 - 0.7186)
2Ns	0.21572	(0.0088414 - 0.45017)

Compare data and optimization estimates
	Euclidean Distance: 0.4823 RMSE: 0.12891
	*Expected counts generated with Wright-Fisher theta estimates (SF_Ratios does not provide theta estimates)
--------------------------------------------------------------------------------------------------------------
i	DataN	DataS	DataRatio	Fit*_N	Fit*_S	Fit_Ratio
0	0.0	0.0	inf	0.0	0.0	inf
1	207.6	148.9	0.7172	134.3	90.8	0.6762
2	69.5	44.2	0.636	67.1	46.0	0.6849
3	42.6	26.8	0.6291	44.8	31.0	0.6936
4	29.6	19.2	0.6486	33.6	23.6	0.7026
5	21.4	14.7	0.6869	26.9	19.1	0.7116
6	15.9	12.0	0.7547	22.4	16.1	0.7209
7	12.3	10.2	0.8293	19.2	14.0	0.7303
8	9.8	8.6	0.8776	16.8	12.4	0.7398
9	8.0	7.1	0.8875	14.9	11.2	0.7495
10	6.6	5.6	0.8485	13.4	10.2	0.7594
11	5.3	4.2	0.7925	12.2	9.4	0.7694
12	3.8	2.9	0.7632	11.2	8.7	0.7796
13	2.5	1.7	0.68	10.3	8.2	0.7899
14	1.7	0.7	0.4118	9.6	7.7	0.8005

Time taken: 0 hours, 19 minutes, 27.91 seconds
