SF_Ratios.py   @Jody Hey 2024
=============================
Command line: -d fixed2Ns -f unfolded -i 3 -u -r /home/haruto/Lab-Work/Document/SF_Ratios/FlankingBases/syn_codon/1kG -a /home/haruto/Lab-Work/Document/SFS/FlankingBases/syn_codon/single/1kG/1kG_vep_pickorder_flanking_syn_codon_gtT-gtA_down_15 -p 1kG_gtT-gtA
Arguments:
	sfsfilename: /home/haruto/Lab-Work/Document/SFS/FlankingBases/syn_codon/single/1kG/1kG_vep_pickorder_flanking_syn_codon_gtT-gtA_down_15
	fix_theta_ratio: None
	densityof2Ns: fixed2Ns
	foldstatus: unfolded
	basinhoppingopt: False
	optimizetries: 3
	setmax2Ns: 0
	maxi: None
	poplabel: 1kG_gtT-gtA
	estimatemax2Ns: False
	outdir: /home/haruto/Lab-Work/Document/SF_Ratios/FlankingBases/syn_codon/1kG
	dualannealopt: True
	estimate_pointmass: False
	filecheck: False
	estimate_pointmass0: False
	commandstring: -d fixed2Ns -f unfolded -i 3 -u -r /home/haruto/Lab-Work/Document/SF_Ratios/FlankingBases/syn_codon/1kG -a /home/haruto/Lab-Work/Document/SFS/FlankingBases/syn_codon/single/1kG/1kG_vep_pickorder_flanking_syn_codon_gtT-gtA_down_15 -p 1kG_gtT-gtA
	fixmode0: False
	thetaNspacerange: 100
	profile: False
	estimate_both_thetas: False
	includemisspec: False
	dofolded: False
	nc: 15
	datafileheader: intergenic_variant
	numparams: 2
	local_optimize_method: Nelder-Mead

trial	likelihood	thetaratio	2Ns	optimizer_message
0	41.29209	1.39129e+00 -5.70673e+00	Optimization terminated successfully.
1	41.29209	1.39129e+00 -5.70673e+00	Optimization terminated successfully.
2	41.29209	1.39130e+00 -5.70677e+00	Optimization terminated successfully.
DA1	41.29209	1.39129e+00 -5.70675e+00	['Maximum number of iteration reached']
DA2	41.29209	1.39128e+00 -5.70675e+00	['Maximum number of iteration reached']

Optimization: Dualannealing1
Maximized Likelihood, AIC, Parameter Estimates, 95% Confidence Intervals:
AIC	-78.584
likelihood	41.292
thetaratio	1.3913	(0.8491 - 2.2137)
2Ns	-5.7068	(-9.6677 - -3.6933)

Compare data and optimization estimates
	Euclidean Distance: inf RMSE: inf
	*Expected counts generated with Wright-Fisher theta estimates (SF_Ratios does not provide theta estimates)
--------------------------------------------------------------------------------------------------------------
i	DataN	DataS	DataRatio	Fit*_N	Fit*_S	Fit_Ratio
0	0.0	0.0	inf	0.0	0.0	inf
1	5.6	4.0	0.7143	3.8	3.1	0.8359
2	2.3	1.1	0.4783	1.9	0.9	0.4979
3	1.4	0.5	0.3571	1.3	0.4	0.2939
4	0.9	0.3	0.3333	0.9	0.2	0.1719
5	0.6	0.2	0.3333	0.8	0.1	0.09953
6	0.5	0.1	0.2	0.6	0.0	0.05705
7	0.4	0.1	0.25	0.5	0.0	0.03237
8	0.3	0.0	0	0.5	0.0	0.01818
9	0.1	0.0	0	0.4	0.0	0.01011
10	0.1	0.0	0	0.4	0.0	0.005569
11	0.0	0.0	inf	0.3	0.0	0.003049
12	0.0	0.0	inf	0.3	0.0	0.001665
13	0.0	0.0	inf	0.3	0.0	0.0009126
14	0.0	0.0	inf	0.3	0.0	0.0005078

Time taken: 0 hours, 14 minutes, 32.15 seconds
