SF_Ratios.py   @Jody Hey 2024
=============================
Command line: -d fixed2Ns -f unfolded -i 3 -u -r /home/haruto/Lab-Work/Document/SF_Ratios/FlankingBases/syn_codon/1kG -a /home/haruto/Lab-Work/Document/SFS/FlankingBases/syn_codon/single/1kG/1kG_vep_pickorder_flanking_syn_codon_tcT-tcG_down_15 -p 1kG_tcT-tcG
Arguments:
	sfsfilename: /home/haruto/Lab-Work/Document/SFS/FlankingBases/syn_codon/single/1kG/1kG_vep_pickorder_flanking_syn_codon_tcT-tcG_down_15
	fix_theta_ratio: None
	densityof2Ns: fixed2Ns
	foldstatus: unfolded
	basinhoppingopt: False
	optimizetries: 3
	setmax2Ns: 0
	maxi: None
	poplabel: 1kG_tcT-tcG
	estimatemax2Ns: False
	outdir: /home/haruto/Lab-Work/Document/SF_Ratios/FlankingBases/syn_codon/1kG
	dualannealopt: True
	estimate_pointmass: False
	filecheck: False
	estimate_pointmass0: False
	commandstring: -d fixed2Ns -f unfolded -i 3 -u -r /home/haruto/Lab-Work/Document/SF_Ratios/FlankingBases/syn_codon/1kG -a /home/haruto/Lab-Work/Document/SFS/FlankingBases/syn_codon/single/1kG/1kG_vep_pickorder_flanking_syn_codon_tcT-tcG_down_15 -p 1kG_tcT-tcG
	fixmode0: False
	thetaNspacerange: 100
	profile: False
	estimate_both_thetas: False
	includemisspec: False
	dofolded: False
	nc: 15
	datafileheader: intergenic_variant
	numparams: 2
	local_optimize_method: Nelder-Mead

trial	likelihood	thetaratio	2Ns	optimizer_message
0	55.55744	6.34587e-01 2.42002e+00	Optimization terminated successfully.
1	55.55744	6.34582e-01 2.42004e+00	Optimization terminated successfully.
2	55.55744	6.34582e-01 2.42006e+00	Optimization terminated successfully.
DA1	55.55744	6.34584e-01 2.42004e+00	['Maximum number of iteration reached']
DA2	55.55744	6.34584e-01 2.42003e+00	['Maximum number of iteration reached']

Optimization: Dualannealing1
Maximized Likelihood, AIC, Parameter Estimates, 95% Confidence Intervals:
AIC	-107.115
likelihood	55.557
thetaratio	0.6346	(0.5116 - 0.7785)
2Ns	2.42	(1.0866 - 5.8487)

Compare data and optimization estimates
	Euclidean Distance: 2.4431 RMSE: 0.65294
	*Expected counts generated with Wright-Fisher theta estimates (SF_Ratios does not provide theta estimates)
--------------------------------------------------------------------------------------------------------------
i	DataN	DataS	DataRatio	Fit*_N	Fit*_S	Fit_Ratio
0	0.0	0.0	inf	0.0	0.0	inf
1	16.5	10.1	0.6121	10.2	6.9	0.6774
2	5.3	3.8	0.717	5.1	3.7	0.7258
3	3.3	3.0	0.9091	3.4	2.7	0.7806
4	2.5	2.3	0.92	2.6	2.2	0.8429
5	1.9	1.5	0.7895	2.0	1.9	0.9142
6	1.4	1.0	0.7143	1.7	1.7	0.9961
7	0.8	0.7	0.875	1.5	1.6	1.09
8	0.4	0.5	1.25	1.3	1.5	1.2
9	0.2	0.4	2	1.1	1.5	1.326
10	0.1	0.3	3	1.0	1.5	1.474
11	0.1	0.3	3	0.9	1.5	1.647
12	0.2	0.3	1.5	0.9	1.6	1.849
13	0.3	0.4	1.333	0.8	1.6	2.088
14	0.3	0.5	1.667	0.7	1.7	2.369

Time taken: 0 hours, 18 minutes, 43.15 seconds
