SF_Ratios.py   @Jody Hey 2024
=============================
Command line: -d fixed2Ns -f unfolded -i 3 -u -r /home/haruto/Lab-Work/Document/SF_Ratios/FlankingBases/syn_codon/1kG -a /home/haruto/Lab-Work/Document/SFS/FlankingBases/syn_codon/single/1kG/1kG_vep_pickorder_flanking_syn_codon_ggA-ggC_down_15 -p 1kG_ggA-ggC
Arguments:
	sfsfilename: /home/haruto/Lab-Work/Document/SFS/FlankingBases/syn_codon/single/1kG/1kG_vep_pickorder_flanking_syn_codon_ggA-ggC_down_15
	fix_theta_ratio: None
	densityof2Ns: fixed2Ns
	foldstatus: unfolded
	basinhoppingopt: False
	optimizetries: 3
	setmax2Ns: 0
	maxi: None
	poplabel: 1kG_ggA-ggC
	estimatemax2Ns: False
	outdir: /home/haruto/Lab-Work/Document/SF_Ratios/FlankingBases/syn_codon/1kG
	dualannealopt: True
	estimate_pointmass: False
	filecheck: False
	estimate_pointmass0: False
	commandstring: -d fixed2Ns -f unfolded -i 3 -u -r /home/haruto/Lab-Work/Document/SF_Ratios/FlankingBases/syn_codon/1kG -a /home/haruto/Lab-Work/Document/SFS/FlankingBases/syn_codon/single/1kG/1kG_vep_pickorder_flanking_syn_codon_ggA-ggC_down_15 -p 1kG_ggA-ggC
	fixmode0: False
	thetaNspacerange: 100
	profile: False
	estimate_both_thetas: False
	includemisspec: False
	dofolded: False
	nc: 15
	datafileheader: intergenic_variant
	numparams: 2
	local_optimize_method: Nelder-Mead

trial	likelihood	thetaratio	2Ns	optimizer_message
0	55.22873	6.62205e-01 1.37976e+00	Optimization terminated successfully.
1	55.22873	6.62204e-01 1.37978e+00	Optimization terminated successfully.
2	55.22873	6.62201e-01 1.37983e+00	Optimization terminated successfully.
DA1	55.22873	6.62205e-01 1.37981e+00	['Maximum number of iteration reached']
DA2	55.22873	6.62205e-01 1.37979e+00	['Maximum number of iteration reached']

Optimization: Dualannealing2
Maximized Likelihood, AIC, Parameter Estimates, 95% Confidence Intervals:
AIC	-106.457
likelihood	55.229
thetaratio	0.6622	(0.5251 - 0.8245)
2Ns	1.3798	(0.40166 - 3.427)

Compare data and optimization estimates
	Euclidean Distance: 2.5981 RMSE: 0.69436
	*Expected counts generated with Wright-Fisher theta estimates (SF_Ratios does not provide theta estimates)
--------------------------------------------------------------------------------------------------------------
i	DataN	DataS	DataRatio	Fit*_N	Fit*_S	Fit_Ratio
0	0.0	0.0	inf	0.0	0.0	inf
1	15.2	9.7	0.6382	9.8	6.9	0.6989
2	5.0	3.3	0.66	4.9	3.6	0.7389
3	2.4	2.4	1	3.3	2.6	0.7825
4	1.5	2.0	1.333	2.5	2.0	0.8303
5	1.3	1.7	1.308	2.0	1.7	0.8825
6	1.3	1.4	1.077	1.6	1.5	0.9398
7	1.3	1.0	0.7692	1.4	1.4	1.003
8	1.2	0.8	0.6667	1.2	1.3	1.072
9	1.0	0.6	0.6	1.1	1.3	1.148
10	0.7	0.6	0.8571	1.0	1.2	1.231
11	0.5	0.5	1	0.9	1.2	1.324
12	0.3	0.4	1.333	0.8	1.2	1.425
13	0.2	0.3	1.5	0.8	1.2	1.538
14	0.1	0.4	4	0.7	1.2	1.662

Time taken: 0 hours, 21 minutes, 8.10 seconds
