SF_Ratios.py   @Jody Hey 2024
=============================
Command line: -d fixed2Ns -f unfolded -i 3 -u -r /home/haruto/Lab-Work/Document/SF_Ratios/FlankingBases/syn_codon/1kG -a /home/haruto/Lab-Work/Document/SFS/FlankingBases/syn_codon/single/1kG/1kG_vep_pickorder_flanking_syn_codon_ggA-ggT_down_15 -p 1kG_ggA-ggT
Arguments:
	sfsfilename: /home/haruto/Lab-Work/Document/SFS/FlankingBases/syn_codon/single/1kG/1kG_vep_pickorder_flanking_syn_codon_ggA-ggT_down_15
	fix_theta_ratio: None
	densityof2Ns: fixed2Ns
	foldstatus: unfolded
	basinhoppingopt: False
	optimizetries: 3
	setmax2Ns: 0
	maxi: None
	poplabel: 1kG_ggA-ggT
	estimatemax2Ns: False
	outdir: /home/haruto/Lab-Work/Document/SF_Ratios/FlankingBases/syn_codon/1kG
	dualannealopt: True
	estimate_pointmass: False
	filecheck: False
	estimate_pointmass0: False
	commandstring: -d fixed2Ns -f unfolded -i 3 -u -r /home/haruto/Lab-Work/Document/SF_Ratios/FlankingBases/syn_codon/1kG -a /home/haruto/Lab-Work/Document/SFS/FlankingBases/syn_codon/single/1kG/1kG_vep_pickorder_flanking_syn_codon_ggA-ggT_down_15 -p 1kG_ggA-ggT
	fixmode0: False
	thetaNspacerange: 100
	profile: False
	estimate_both_thetas: False
	includemisspec: False
	dofolded: False
	nc: 15
	datafileheader: intergenic_variant
	numparams: 2
	local_optimize_method: Nelder-Mead

trial	likelihood	thetaratio	2Ns	optimizer_message
0	57.42276	4.59084e-01 2.07650e+00	Optimization terminated successfully.
1	57.42276	4.59081e-01 2.07656e+00	Optimization terminated successfully.
2	57.42276	4.59082e-01 2.07647e+00	Optimization terminated successfully.
DA1	57.42276	4.59082e-01 2.07653e+00	['Maximum number of iteration reached']
DA2	57.42276	4.59082e-01 2.07653e+00	['Maximum number of iteration reached']

Optimization: Dualannealing2
Maximized Likelihood, AIC, Parameter Estimates, 95% Confidence Intervals:
AIC	-110.846
likelihood	57.423
thetaratio	0.4591	(0.3521 - 0.5806)
2Ns	2.0765	(0.56564 - 8.9167)

Compare data and optimization estimates
	Euclidean Distance: 2.2220 RMSE: 0.59387
	*Expected counts generated with Wright-Fisher theta estimates (SF_Ratios does not provide theta estimates)
--------------------------------------------------------------------------------------------------------------
i	DataN	DataS	DataRatio	Fit*_N	Fit*_S	Fit_Ratio
0	0.0	0.0	inf	0.0	0.0	inf
1	16.7	9.8	0.5868	10.2	5.0	0.489
2	5.3	2.7	0.5094	5.1	2.7	0.5224
3	3.3	1.7	0.5152	3.4	1.9	0.5599
4	2.3	1.2	0.5217	2.5	1.5	0.6021
5	1.6	0.8	0.5	2.0	1.3	0.6498
6	1.0	0.4	0.4	1.7	1.2	0.7039
7	0.7	0.3	0.4286	1.5	1.1	0.7653
8	0.4	0.3	0.75	1.3	1.1	0.8353
9	0.3	0.3	1	1.1	1.0	0.9152
10	0.2	0.5	2.5	1.0	1.0	1.007
11	0.3	0.6	2	0.9	1.0	1.112
12	0.3	0.6	2	0.8	1.0	1.233
13	0.3	0.4	1.333	0.8	1.1	1.373
14	0.4	0.2	0.5	0.7	1.1	1.534

Time taken: 0 hours, 21 minutes, 21.98 seconds
