SF_Ratios.py   @Jody Hey 2024
=============================
Command line: -d fixed2Ns -f unfolded -i 3 -u -r /home/haruto/Lab-Work/Document/SF_Ratios/FlankingBases/syn_codon/1kG -a /home/haruto/Lab-Work/Document/SFS/FlankingBases/syn_codon/single/1kG/1kG_vep_pickorder_flanking_syn_codon_tcC-tcG_down_15 -p 1kG_tcC-tcG
Arguments:
	sfsfilename: /home/haruto/Lab-Work/Document/SFS/FlankingBases/syn_codon/single/1kG/1kG_vep_pickorder_flanking_syn_codon_tcC-tcG_down_15
	fix_theta_ratio: None
	densityof2Ns: fixed2Ns
	foldstatus: unfolded
	basinhoppingopt: False
	optimizetries: 3
	setmax2Ns: 0
	maxi: None
	poplabel: 1kG_tcC-tcG
	estimatemax2Ns: False
	outdir: /home/haruto/Lab-Work/Document/SF_Ratios/FlankingBases/syn_codon/1kG
	dualannealopt: True
	estimate_pointmass: False
	filecheck: False
	estimate_pointmass0: False
	commandstring: -d fixed2Ns -f unfolded -i 3 -u -r /home/haruto/Lab-Work/Document/SF_Ratios/FlankingBases/syn_codon/1kG -a /home/haruto/Lab-Work/Document/SFS/FlankingBases/syn_codon/single/1kG/1kG_vep_pickorder_flanking_syn_codon_tcC-tcG_down_15 -p 1kG_tcC-tcG
	fixmode0: False
	thetaNspacerange: 100
	profile: False
	estimate_both_thetas: False
	includemisspec: False
	dofolded: False
	nc: 15
	datafileheader: intergenic_variant
	numparams: 2
	local_optimize_method: Nelder-Mead

trial	likelihood	thetaratio	2Ns	optimizer_message
0	71.03305	8.54133e-01 -7.40313e-01	Optimization terminated successfully.
1	71.03305	8.54135e-01 -7.40315e-01	Optimization terminated successfully.
2	71.03305	8.54103e-01 -7.40256e-01	Optimization terminated successfully.
DA1	71.03305	8.54123e-01 -7.40285e-01	['Maximum number of iteration reached']
DA2	71.03305	8.54125e-01 -7.40292e-01	['Maximum number of iteration reached']

Optimization: Dualannealing1
Maximized Likelihood, AIC, Parameter Estimates, 95% Confidence Intervals:
AIC	-138.066
likelihood	71.033
thetaratio	0.8541	(0.7014 - 1.0312)
2Ns	-0.74029	(-1.2029 - -0.26985)

Compare data and optimization estimates
	Euclidean Distance: 0.5794 RMSE: 0.15485
	*Expected counts generated with Wright-Fisher theta estimates (SF_Ratios does not provide theta estimates)
--------------------------------------------------------------------------------------------------------------
i	DataN	DataS	DataRatio	Fit*_N	Fit*_S	Fit_Ratio
0	0.0	0.0	inf	0.0	0.0	inf
1	21.8	16.3	0.7477	14.1	11.4	0.8082
2	6.8	5.3	0.7794	7.0	5.4	0.765
3	4.2	3.5	0.8333	4.7	3.4	0.7244
4	3.1	2.5	0.8065	3.5	2.4	0.6862
5	2.5	1.6	0.64	2.8	1.8	0.6504
6	2.0	1.1	0.55	2.3	1.4	0.6167
7	1.6	0.8	0.5	2.0	1.2	0.585
8	1.2	0.6	0.5	1.8	1.0	0.5552
9	0.9	0.5	0.5556	1.6	0.8	0.5272
10	0.6	0.4	0.6667	1.4	0.7	0.5008
11	0.4	0.3	0.75	1.3	0.6	0.4761
12	0.3	0.1	0.3333	1.2	0.5	0.4528
13	0.2	0.1	0.5	1.1	0.5	0.4308
14	0.1	0.0	0	1.0	0.4	0.4102

Time taken: 0 hours, 20 minutes, 33.08 seconds
