SF_Ratios.py   @Jody Hey 2024
=============================
Command line: -d fixed2Ns -f unfolded -i 3 -u -r /home/haruto/Lab-Work/Document/SF_Ratios/FlankingBases/syn_codon/1kG -a /home/haruto/Lab-Work/Document/SFS/FlankingBases/syn_codon/single/1kG/1kG_vep_pickorder_flanking_syn_codon_gtA-gtT_down_15 -p 1kG_gtA-gtT
Arguments:
	sfsfilename: /home/haruto/Lab-Work/Document/SFS/FlankingBases/syn_codon/single/1kG/1kG_vep_pickorder_flanking_syn_codon_gtA-gtT_down_15
	fix_theta_ratio: None
	densityof2Ns: fixed2Ns
	foldstatus: unfolded
	basinhoppingopt: False
	optimizetries: 3
	setmax2Ns: 0
	maxi: None
	poplabel: 1kG_gtA-gtT
	estimatemax2Ns: False
	outdir: /home/haruto/Lab-Work/Document/SF_Ratios/FlankingBases/syn_codon/1kG
	dualannealopt: True
	estimate_pointmass: False
	filecheck: False
	estimate_pointmass0: False
	commandstring: -d fixed2Ns -f unfolded -i 3 -u -r /home/haruto/Lab-Work/Document/SF_Ratios/FlankingBases/syn_codon/1kG -a /home/haruto/Lab-Work/Document/SFS/FlankingBases/syn_codon/single/1kG/1kG_vep_pickorder_flanking_syn_codon_gtA-gtT_down_15 -p 1kG_gtA-gtT
	fixmode0: False
	thetaNspacerange: 100
	profile: False
	estimate_both_thetas: False
	includemisspec: False
	dofolded: False
	nc: 15
	datafileheader: intergenic_variant
	numparams: 2
	local_optimize_method: Nelder-Mead

trial	likelihood	thetaratio	2Ns	optimizer_message
0	48.52032	2.97470e-01 4.44671e-01	Optimization terminated successfully.
1	48.52032	2.97473e-01 4.44602e-01	Optimization terminated successfully.
2	48.52032	2.97469e-01 4.44669e-01	Optimization terminated successfully.
DA1	48.52032	2.97472e-01 4.44639e-01	['Maximum number of iteration reached']
DA2	48.52032	2.97470e-01 4.44643e-01	['Maximum number of iteration reached']

Optimization: Dualannealing1
Maximized Likelihood, AIC, Parameter Estimates, 95% Confidence Intervals:
AIC	-93.041
likelihood	48.520
thetaratio	0.2975	(0.1864 - 0.4390)
2Ns	0.44464	(-0.82014 - 3.7674)

Compare data and optimization estimates
	Euclidean Distance: inf RMSE: inf
	*Expected counts generated with Wright-Fisher theta estimates (SF_Ratios does not provide theta estimates)
--------------------------------------------------------------------------------------------------------------
i	DataN	DataS	DataRatio	Fit*_N	Fit*_S	Fit_Ratio
0	0.0	0.0	inf	0.0	0.0	inf
1	7.2	3.0	0.4167	5.8	1.8	0.3048
2	3.2	0.6	0.1875	2.9	0.9	0.3123
3	2.2	0.4	0.1818	1.9	0.6	0.3201
4	1.8	0.4	0.2222	1.5	0.5	0.3281
5	1.4	0.5	0.3571	1.2	0.4	0.3365
6	1.0	0.4	0.4	1.0	0.3	0.3451
7	0.7	0.4	0.5714	0.8	0.3	0.354
8	0.5	0.3	0.6	0.7	0.3	0.3632
9	0.3	0.2	0.6667	0.6	0.2	0.3727
10	0.3	0.1	0.3333	0.6	0.2	0.3825
11	0.2	0.1	0.5	0.5	0.2	0.3927
12	0.1	0.0	0	0.5	0.2	0.4032
13	0.0	0.0	inf	0.4	0.2	0.4141
14	0.0	0.0	inf	0.4	0.2	0.4254

Time taken: 0 hours, 18 minutes, 58.42 seconds
