SF_Ratios.py   @Jody Hey 2024
=============================
Command line: -d fixed2Ns -f unfolded -i 3 -u -p 1kG_ccT-ccG -a /home/haruto/Lab-Work/Document/SFS/FlankingBases/syn_codon/single/1kG/1kG_vep_pickorder_flanking_syn_codon_ccT-ccG_down_15 -r /home/haruto/Lab-Work/Document/SF_Ratios/FlankingBases/syn_codon/1kG
Arguments:
	sfsfilename: /home/haruto/Lab-Work/Document/SFS/FlankingBases/syn_codon/single/1kG/1kG_vep_pickorder_flanking_syn_codon_ccT-ccG_down_15
	fix_theta_ratio: None
	densityof2Ns: fixed2Ns
	foldstatus: unfolded
	basinhoppingopt: False
	optimizetries: 3
	setmax2Ns: 0
	maxi: None
	poplabel: 1kG_ccT-ccG
	estimatemax2Ns: False
	outdir: /home/haruto/Lab-Work/Document/SF_Ratios/FlankingBases/syn_codon/1kG
	dualannealopt: True
	estimate_pointmass: False
	filecheck: False
	estimate_pointmass0: False
	commandstring: -d fixed2Ns -f unfolded -i 3 -u -p 1kG_ccT-ccG -a /home/haruto/Lab-Work/Document/SFS/FlankingBases/syn_codon/single/1kG/1kG_vep_pickorder_flanking_syn_codon_ccT-ccG_down_15 -r /home/haruto/Lab-Work/Document/SF_Ratios/FlankingBases/syn_codon/1kG
	fixmode0: False
	thetaNspacerange: 100
	profile: False
	estimate_both_thetas: False
	includemisspec: False
	dofolded: False
	nc: 15
	datafileheader: intergenic_variant
	numparams: 2
	local_optimize_method: Nelder-Mead

trial	likelihood	thetaratio	2Ns	optimizer_message
0	64.12387	1.12621e+00 -1.70827e+00	Optimization terminated successfully.
1	64.12387	1.12619e+00 -1.70826e+00	Optimization terminated successfully.
2	64.12387	1.12620e+00 -1.70830e+00	Optimization terminated successfully.
DA1	64.12387	1.12620e+00 -1.70825e+00	['Maximum number of iteration reached']
DA2	64.12387	1.12620e+00 -1.70825e+00	['Maximum number of iteration reached']

Optimization: Dualannealing1
Maximized Likelihood, AIC, Parameter Estimates, 95% Confidence Intervals:
AIC	-124.248
likelihood	64.124
thetaratio	1.1262	(0.8970 - 1.4022)
2Ns	-1.7082	(-2.2781 - -1.1838)

Compare data and optimization estimates
	Euclidean Distance: inf RMSE: inf
	*Expected counts generated with Wright-Fisher theta estimates (SF_Ratios does not provide theta estimates)
--------------------------------------------------------------------------------------------------------------
i	DataN	DataS	DataRatio	Fit*_N	Fit*_S	Fit_Ratio
0	0.0	0.0	inf	0.0	0.0	inf
1	17.4	15.3	0.8793	11.1	10.8	0.9729
2	5.9	5.1	0.8644	5.6	4.7	0.8411
3	3.5	2.9	0.8286	3.7	2.7	0.7279
4	2.3	1.7	0.7391	2.8	1.8	0.6305
5	1.7	0.9	0.5294	2.2	1.2	0.5469
6	1.3	0.6	0.4615	1.9	0.9	0.475
7	1.1	0.5	0.4545	1.6	0.7	0.4131
8	0.9	0.4	0.4444	1.4	0.5	0.36
9	0.7	0.4	0.5714	1.2	0.4	0.3143
10	0.6	0.2	0.3333	1.1	0.3	0.275
11	0.4	0.1	0.25	1.0	0.2	0.2412
12	0.2	0.0	0	0.9	0.2	0.2121
13	0.1	0.0	0	0.9	0.2	0.187
14	0.0	0.0	inf	0.8	0.1	0.1654

Time taken: 0 hours, 8 minutes, 50.16 seconds
