SF_Ratios.py   @Jody Hey 2024
=============================
Command line: -d fixed2Ns -f unfolded -i 3 -u -p 1kG_ctG-ctC -a /home/haruto/Lab-Work/Document/SFS/FlankingBases/syn_codon/single/1kG/1kG_vep_pickorder_flanking_syn_codon_ctG-ctC_down_15 -r /home/haruto/Lab-Work/Document/SF_Ratios/FlankingBases/syn_codon/1kG
Arguments:
	sfsfilename: /home/haruto/Lab-Work/Document/SFS/FlankingBases/syn_codon/single/1kG/1kG_vep_pickorder_flanking_syn_codon_ctG-ctC_down_15
	fix_theta_ratio: None
	densityof2Ns: fixed2Ns
	foldstatus: unfolded
	basinhoppingopt: False
	optimizetries: 3
	setmax2Ns: 0
	maxi: None
	poplabel: 1kG_ctG-ctC
	estimatemax2Ns: False
	outdir: /home/haruto/Lab-Work/Document/SF_Ratios/FlankingBases/syn_codon/1kG
	dualannealopt: True
	estimate_pointmass: False
	filecheck: False
	estimate_pointmass0: False
	commandstring: -d fixed2Ns -f unfolded -i 3 -u -p 1kG_ctG-ctC -a /home/haruto/Lab-Work/Document/SFS/FlankingBases/syn_codon/single/1kG/1kG_vep_pickorder_flanking_syn_codon_ctG-ctC_down_15 -r /home/haruto/Lab-Work/Document/SF_Ratios/FlankingBases/syn_codon/1kG
	fixmode0: False
	thetaNspacerange: 100
	profile: False
	estimate_both_thetas: False
	includemisspec: False
	dofolded: False
	nc: 15
	datafileheader: intergenic_variant
	numparams: 2
	local_optimize_method: Nelder-Mead

trial	likelihood	thetaratio	2Ns	optimizer_message
0	88.91888	7.15842e-01 3.02938e-01	Optimization terminated successfully.
1	88.91888	7.15833e-01 3.02935e-01	Optimization terminated successfully.
2	88.91888	7.15843e-01 3.02941e-01	Optimization terminated successfully.
DA1	88.91888	7.15833e-01 3.02975e-01	['Maximum number of iteration reached']
DA2	88.91888	7.15833e-01 3.02975e-01	['Maximum number of iteration reached']

Optimization: Dualannealing2
Maximized Likelihood, AIC, Parameter Estimates, 95% Confidence Intervals:
AIC	-173.838
likelihood	88.919
thetaratio	0.7158	(0.6360 - 0.7997)
2Ns	0.30298	(-0.046696 - 0.68647)

Compare data and optimization estimates
	Euclidean Distance: 0.3375 RMSE: 0.09019
	*Expected counts generated with Wright-Fisher theta estimates (SF_Ratios does not provide theta estimates)
--------------------------------------------------------------------------------------------------------------
i	DataN	DataS	DataRatio	Fit*_N	Fit*_S	Fit_Ratio
0	0.0	0.0	inf	0.0	0.0	inf
1	52.7	39.9	0.7571	35.9	26.1	0.7283
2	17.6	13.2	0.75	17.9	13.3	0.7411
3	11.0	8.2	0.7455	12.0	9.0	0.7541
4	8.2	6.0	0.7317	9.0	6.9	0.7675
5	6.6	4.8	0.7273	7.2	5.6	0.7812
6	5.4	4.0	0.7407	6.0	4.8	0.7952
7	4.4	3.2	0.7273	5.1	4.2	0.8095
8	3.4	2.5	0.7353	4.5	3.7	0.8241
9	2.6	1.9	0.7308	4.0	3.3	0.8391
10	1.8	1.4	0.7778	3.6	3.1	0.8545
11	1.3	1.1	0.8462	3.3	2.8	0.8702
12	0.8	0.9	1.125	3.0	2.7	0.8863
13	0.6	0.6	1	2.8	2.5	0.9027
14	0.3	0.3	1	2.6	2.4	0.9196

Time taken: 0 hours, 10 minutes, 41.26 seconds
