SF_Ratios.py   @Jody Hey 2024
=============================
Command line: -d fixed2Ns -f unfolded -i 3 -u -r /home/haruto/Lab-Work/Document/SF_Ratios/FlankingBases/syn_codon/1kG -a /home/haruto/Lab-Work/Document/SFS/FlankingBases/syn_codon/single/1kG/1kG_vep_pickorder_flanking_syn_codon_tgC-tgT_down_15 -p 1kG_tgC-tgT
Arguments:
	sfsfilename: /home/haruto/Lab-Work/Document/SFS/FlankingBases/syn_codon/single/1kG/1kG_vep_pickorder_flanking_syn_codon_tgC-tgT_down_15
	fix_theta_ratio: None
	densityof2Ns: fixed2Ns
	foldstatus: unfolded
	basinhoppingopt: False
	optimizetries: 3
	setmax2Ns: 0
	maxi: None
	poplabel: 1kG_tgC-tgT
	estimatemax2Ns: False
	outdir: /home/haruto/Lab-Work/Document/SF_Ratios/FlankingBases/syn_codon/1kG
	dualannealopt: True
	estimate_pointmass: False
	filecheck: False
	estimate_pointmass0: False
	commandstring: -d fixed2Ns -f unfolded -i 3 -u -r /home/haruto/Lab-Work/Document/SF_Ratios/FlankingBases/syn_codon/1kG -a /home/haruto/Lab-Work/Document/SFS/FlankingBases/syn_codon/single/1kG/1kG_vep_pickorder_flanking_syn_codon_tgC-tgT_down_15 -p 1kG_tgC-tgT
	fixmode0: False
	thetaNspacerange: 100
	profile: False
	estimate_both_thetas: False
	includemisspec: False
	dofolded: False
	nc: 15
	datafileheader: intergenic_variant
	numparams: 2
	local_optimize_method: Nelder-Mead

trial	likelihood	thetaratio	2Ns	optimizer_message
0	106.50382	7.66652e-01 -4.64764e-01	Optimization terminated successfully.
1	106.50382	7.66637e-01 -4.64699e-01	Optimization terminated successfully.
2	106.50382	7.66641e-01 -4.64692e-01	Optimization terminated successfully.
DA1	106.50382	7.66607e-01 -4.64628e-01	['Maximum number of iteration reached']
DA2	106.50359	7.67634e-01 -4.66679e-01	['Maximum number of iteration reached']

Optimization: Optimize
Maximized Likelihood, AIC, Parameter Estimates, 95% Confidence Intervals:
AIC	-209.008
likelihood	106.504
thetaratio	0.7666	(0.7071 - 0.8294)
2Ns	-0.4647	(-0.68065 - -0.24645)

Compare data and optimization estimates
	Euclidean Distance: 0.4072 RMSE: 0.10883
	*Expected counts generated with Wright-Fisher theta estimates (SF_Ratios does not provide theta estimates)
--------------------------------------------------------------------------------------------------------------
i	DataN	DataS	DataRatio	Fit*_N	Fit*_S	Fit_Ratio
0	0.0	0.0	inf	0.0	0.0	inf
1	126.2	94.0	0.7448	83.7	62.1	0.7419
2	41.8	28.8	0.689	41.8	30.0	0.7182
3	25.5	17.4	0.6824	27.9	19.4	0.6953
4	18.6	12.6	0.6774	20.9	14.1	0.6732
5	14.4	9.6	0.6667	16.7	10.9	0.652
6	11.3	7.3	0.646	13.9	8.8	0.6316
7	8.9	5.5	0.618	12.0	7.3	0.612
8	6.9	4.2	0.6087	10.5	6.2	0.593
9	5.2	3.2	0.6154	9.3	5.3	0.5748
10	3.8	2.5	0.6579	8.4	4.7	0.5573
11	2.9	1.9	0.6552	7.6	4.1	0.5404
12	2.4	1.3	0.5417	7.0	3.7	0.5241
13	2.2	0.8	0.3636	6.4	3.3	0.5084
14	2.0	0.3	0.15	6.0	2.9	0.4933

Time taken: 0 hours, 18 minutes, 13.39 seconds
