SF_Ratios.py   @Jody Hey 2024
=============================
Command line: -d fixed2Ns -f unfolded -i 3 -u -r /home/haruto/Lab-Work/Document/SF_Ratios/FlankingBases/syn_codon/1kG -a /home/haruto/Lab-Work/Document/SFS/FlankingBases/syn_codon/single/1kG/1kG_vep_pickorder_flanking_syn_codon_taT-taC_down_15 -p 1kG_taT-taC
Arguments:
	sfsfilename: /home/haruto/Lab-Work/Document/SFS/FlankingBases/syn_codon/single/1kG/1kG_vep_pickorder_flanking_syn_codon_taT-taC_down_15
	fix_theta_ratio: None
	densityof2Ns: fixed2Ns
	foldstatus: unfolded
	basinhoppingopt: False
	optimizetries: 3
	setmax2Ns: 0
	maxi: None
	poplabel: 1kG_taT-taC
	estimatemax2Ns: False
	outdir: /home/haruto/Lab-Work/Document/SF_Ratios/FlankingBases/syn_codon/1kG
	dualannealopt: True
	estimate_pointmass: False
	filecheck: False
	estimate_pointmass0: False
	commandstring: -d fixed2Ns -f unfolded -i 3 -u -r /home/haruto/Lab-Work/Document/SF_Ratios/FlankingBases/syn_codon/1kG -a /home/haruto/Lab-Work/Document/SFS/FlankingBases/syn_codon/single/1kG/1kG_vep_pickorder_flanking_syn_codon_taT-taC_down_15 -p 1kG_taT-taC
	fixmode0: False
	thetaNspacerange: 100
	profile: False
	estimate_both_thetas: False
	includemisspec: False
	dofolded: False
	nc: 15
	datafileheader: intergenic_variant
	numparams: 2
	local_optimize_method: Nelder-Mead

trial	likelihood	thetaratio	2Ns	optimizer_message
0	85.50369	7.26487e-01 8.44978e-01	Optimization terminated successfully.
1	85.50369	7.26480e-01 8.45037e-01	Optimization terminated successfully.
2	85.50369	7.26481e-01 8.45037e-01	Optimization terminated successfully.
DA1	85.50369	7.26481e-01 8.45007e-01	['Maximum number of iteration reached']
DA2	85.50369	7.26481e-01 8.45009e-01	['Maximum number of iteration reached']

Optimization: Dualannealing2
Maximized Likelihood, AIC, Parameter Estimates, 95% Confidence Intervals:
AIC	-167.007
likelihood	85.504
thetaratio	0.7265	(0.6558 - 0.8121)
2Ns	0.84501	(0.33925 - 1.471)

Compare data and optimization estimates
	Euclidean Distance: 1.6411 RMSE: 0.43859
	*Expected counts generated with Wright-Fisher theta estimates (SF_Ratios does not provide theta estimates)
--------------------------------------------------------------------------------------------------------------
i	DataN	DataS	DataRatio	Fit*_N	Fit*_S	Fit_Ratio
0	0.0	0.0	inf	0.0	0.0	inf
1	103.4	72.0	0.6963	63.8	48.2	0.7562
2	33.9	23.6	0.6962	31.9	25.1	0.7877
3	18.5	15.7	0.8486	21.3	17.5	0.8212
4	12.2	12.1	0.9918	15.9	13.7	0.8566
5	8.8	9.4	1.068	12.8	11.4	0.8943
6	6.7	7.5	1.119	10.6	9.9	0.9343
7	5.1	6.1	1.196	9.1	8.9	0.9769
8	4.0	5.2	1.3	8.0	8.1	1.022
9	3.3	4.4	1.333	7.1	7.6	1.07
10	2.9	3.6	1.241	6.4	7.2	1.121
11	2.6	2.6	1	5.8	6.8	1.176
12	2.3	1.6	0.6957	5.3	6.6	1.234
13	2.0	0.8	0.4	4.9	6.4	1.295
14	1.7	0.4	0.2353	4.6	6.2	1.361

Time taken: 0 hours, 20 minutes, 41.60 seconds
