SF_Ratios.py   @Jody Hey 2024
=============================
Command line: -d fixed2Ns -f unfolded -i 3 -u -p 1kG_ctT-ctG -a /home/haruto/Lab-Work/Document/SFS/FlankingBases/syn_codon/single/1kG/1kG_vep_pickorder_flanking_syn_codon_ctT-ctG_down_15 -r /home/haruto/Lab-Work/Document/SF_Ratios/FlankingBases/syn_codon/1kG
Arguments:
	sfsfilename: /home/haruto/Lab-Work/Document/SFS/FlankingBases/syn_codon/single/1kG/1kG_vep_pickorder_flanking_syn_codon_ctT-ctG_down_15
	fix_theta_ratio: None
	densityof2Ns: fixed2Ns
	foldstatus: unfolded
	basinhoppingopt: False
	optimizetries: 3
	setmax2Ns: 0
	maxi: None
	poplabel: 1kG_ctT-ctG
	estimatemax2Ns: False
	outdir: /home/haruto/Lab-Work/Document/SF_Ratios/FlankingBases/syn_codon/1kG
	dualannealopt: True
	estimate_pointmass: False
	filecheck: False
	estimate_pointmass0: False
	commandstring: -d fixed2Ns -f unfolded -i 3 -u -p 1kG_ctT-ctG -a /home/haruto/Lab-Work/Document/SFS/FlankingBases/syn_codon/single/1kG/1kG_vep_pickorder_flanking_syn_codon_ctT-ctG_down_15 -r /home/haruto/Lab-Work/Document/SF_Ratios/FlankingBases/syn_codon/1kG
	fixmode0: False
	thetaNspacerange: 100
	profile: False
	estimate_both_thetas: False
	includemisspec: False
	dofolded: False
	nc: 15
	datafileheader: intergenic_variant
	numparams: 2
	local_optimize_method: Nelder-Mead

trial	likelihood	thetaratio	2Ns	optimizer_message
0	72.45526	5.63535e-01 -1.02010e+00	Optimization terminated successfully.
1	72.45526	5.63534e-01 -1.02010e+00	Optimization terminated successfully.
2	72.45526	5.63550e-01 -1.02016e+00	Optimization terminated successfully.
DA1	72.45526	5.63543e-01 -1.02014e+00	['Maximum number of iteration reached']
DA2	72.45526	5.63543e-01 -1.02014e+00	['Maximum number of iteration reached']

Optimization: Dualannealing1
Maximized Likelihood, AIC, Parameter Estimates, 95% Confidence Intervals:
AIC	-140.911
likelihood	72.455
thetaratio	0.5635	(0.4093 - 0.7350)
2Ns	-1.0201	(-1.5928 - -0.45308)

Compare data and optimization estimates
	Euclidean Distance: 0.4901 RMSE: 0.13099
	*Expected counts generated with Wright-Fisher theta estimates (SF_Ratios does not provide theta estimates)
--------------------------------------------------------------------------------------------------------------
i	DataN	DataS	DataRatio	Fit*_N	Fit*_S	Fit_Ratio
0	0.0	0.0	inf	0.0	0.0	inf
1	16.7	11.3	0.6766	13.1	6.8	0.5201
2	6.6	2.3	0.3485	6.5	3.1	0.4804
3	3.9	1.0	0.2564	4.4	1.9	0.4439
4	2.6	0.8	0.3077	3.3	1.3	0.4105
5	2.1	0.7	0.3333	2.6	1.0	0.3799
6	1.9	0.7	0.3684	2.2	0.8	0.3519
7	1.7	0.7	0.4118	1.9	0.6	0.3261
8	1.6	0.7	0.4375	1.6	0.5	0.3025
9	1.4	0.7	0.5	1.5	0.4	0.2809
10	1.2	0.5	0.4167	1.3	0.3	0.2611
11	0.9	0.3	0.3333	1.2	0.3	0.2428
12	0.7	0.2	0.2857	1.1	0.2	0.2261
13	0.6	0.1	0.1667	1.0	0.2	0.2108
14	0.6	0.0	0	0.9	0.2	0.1967

Time taken: 0 hours, 10 minutes, 39.25 seconds
