SF_Ratios.py   @Jody Hey 2024
=============================
Command line: -d fixed2Ns -f unfolded -i 3 -u -p 1kG_acG-acC -a /home/haruto/Lab-Work/Document/SFS/FlankingBases/syn_codon/single/1kG/1kG_vep_pickorder_flanking_syn_codon_acG-acC_down_15 -r /home/haruto/Lab-Work/Document/SF_Ratios/FlankingBases/syn_codon/1kG
Arguments:
	sfsfilename: /home/haruto/Lab-Work/Document/SFS/FlankingBases/syn_codon/single/1kG/1kG_vep_pickorder_flanking_syn_codon_acG-acC_down_15
	fix_theta_ratio: None
	densityof2Ns: fixed2Ns
	foldstatus: unfolded
	basinhoppingopt: False
	optimizetries: 3
	setmax2Ns: 0
	maxi: None
	poplabel: 1kG_acG-acC
	estimatemax2Ns: False
	outdir: /home/haruto/Lab-Work/Document/SF_Ratios/FlankingBases/syn_codon/1kG
	dualannealopt: True
	estimate_pointmass: False
	filecheck: False
	estimate_pointmass0: False
	commandstring: -d fixed2Ns -f unfolded -i 3 -u -p 1kG_acG-acC -a /home/haruto/Lab-Work/Document/SFS/FlankingBases/syn_codon/single/1kG/1kG_vep_pickorder_flanking_syn_codon_acG-acC_down_15 -r /home/haruto/Lab-Work/Document/SF_Ratios/FlankingBases/syn_codon/1kG
	fixmode0: False
	thetaNspacerange: 100
	profile: False
	estimate_both_thetas: False
	includemisspec: False
	dofolded: False
	nc: 15
	datafileheader: intergenic_variant
	numparams: 2
	local_optimize_method: Nelder-Mead

trial	likelihood	thetaratio	2Ns	optimizer_message
0	35.13159	1.04405e+00 3.28135e+00	Optimization terminated successfully.
1	35.13159	1.04405e+00 3.28131e+00	Optimization terminated successfully.
2	35.13159	1.04405e+00 3.28136e+00	Optimization terminated successfully.
DA1	35.13159	1.04405e+00 3.28133e+00	['Maximum number of iteration reached']
DA2	35.13159	1.04405e+00 3.28133e+00	['Maximum number of iteration reached']

Optimization: Dualannealing1
Maximized Likelihood, AIC, Parameter Estimates, 95% Confidence Intervals:
AIC	-66.263
likelihood	35.132
thetaratio	1.0441	(0.7914 - 1.3645)
2Ns	3.2813	(0.71696 - nan)

Compare data and optimization estimates
	Euclidean Distance: inf RMSE: inf
	*Expected counts generated with Wright-Fisher theta estimates (SF_Ratios does not provide theta estimates)
--------------------------------------------------------------------------------------------------------------
i	DataN	DataS	DataRatio	Fit*_N	Fit*_S	Fit_Ratio
0	0.0	0.0	inf	0.0	0.0	inf
1	17.6	13.1	0.7443	9.1	10.2	1.117
2	5.2	6.2	1.192	4.6	5.5	1.201
3	2.7	4.2	1.556	3.0	3.9	1.298
4	1.7	2.7	1.588	2.3	3.2	1.41
5	1.0	1.8	1.8	1.8	2.8	1.541
6	0.6	1.2	2	1.5	2.6	1.695
7	0.4	0.8	2	1.3	2.4	1.878
8	0.2	0.5	2.5	1.1	2.4	2.096
9	0.1	0.3	3	1.0	2.4	2.358
10	0.1	0.1	1	0.9	2.4	2.675
11	0.0	0.0	inf	0.8	2.5	3.061
12	0.0	0.0	inf	0.8	2.7	3.534
13	0.0	0.0	inf	0.7	2.9	4.118
14	0.0	0.0	inf	0.7	3.1	4.84

Time taken: 0 hours, 7 minutes, 37.53 seconds
