SF_Ratios.py   @Jody Hey 2024
=============================
Command line: -d fixed2Ns -f unfolded -i 3 -u -r /home/haruto/Lab-Work/Document/SF_Ratios/FlankingBases/syn_codon/1kG -a /home/haruto/Lab-Work/Document/SFS/FlankingBases/syn_codon/single/1kG/1kG_vep_pickorder_flanking_syn_codon_gcT-gcG_down_15 -p 1kG_gcT-gcG
Arguments:
	sfsfilename: /home/haruto/Lab-Work/Document/SFS/FlankingBases/syn_codon/single/1kG/1kG_vep_pickorder_flanking_syn_codon_gcT-gcG_down_15
	fix_theta_ratio: None
	densityof2Ns: fixed2Ns
	foldstatus: unfolded
	basinhoppingopt: False
	optimizetries: 3
	setmax2Ns: 0
	maxi: None
	poplabel: 1kG_gcT-gcG
	estimatemax2Ns: False
	outdir: /home/haruto/Lab-Work/Document/SF_Ratios/FlankingBases/syn_codon/1kG
	dualannealopt: True
	estimate_pointmass: False
	filecheck: False
	estimate_pointmass0: False
	commandstring: -d fixed2Ns -f unfolded -i 3 -u -r /home/haruto/Lab-Work/Document/SF_Ratios/FlankingBases/syn_codon/1kG -a /home/haruto/Lab-Work/Document/SFS/FlankingBases/syn_codon/single/1kG/1kG_vep_pickorder_flanking_syn_codon_gcT-gcG_down_15 -p 1kG_gcT-gcG
	fixmode0: False
	thetaNspacerange: 100
	profile: False
	estimate_both_thetas: False
	includemisspec: False
	dofolded: False
	nc: 15
	datafileheader: intergenic_variant
	numparams: 2
	local_optimize_method: Nelder-Mead

trial	likelihood	thetaratio	2Ns	optimizer_message
0	57.21322	1.07662e+00 -6.39246e-01	Optimization terminated successfully.
1	57.21322	1.07662e+00 -6.39203e-01	Optimization terminated successfully.
2	57.21322	1.07662e+00 -6.39247e-01	Optimization terminated successfully.
DA1	57.21322	1.07661e+00 -6.39219e-01	['Maximum number of iteration reached']
DA2	57.21322	1.07661e+00 -6.39217e-01	['Maximum number of iteration reached']

Optimization: Dualannealing2
Maximized Likelihood, AIC, Parameter Estimates, 95% Confidence Intervals:
AIC	-110.426
likelihood	57.213
thetaratio	1.0766	(0.8392 - 1.3805)
2Ns	-0.63922	(-1.2173 - -0.0471)

Compare data and optimization estimates
	Euclidean Distance: 1.0598 RMSE: 0.28325
	*Expected counts generated with Wright-Fisher theta estimates (SF_Ratios does not provide theta estimates)
--------------------------------------------------------------------------------------------------------------
i	DataN	DataS	DataRatio	Fit*_N	Fit*_S	Fit_Ratio
0	0.0	0.0	inf	0.0	0.0	inf
1	11.9	9.6	0.8067	9.1	9.3	1.027
2	3.4	3.9	1.147	4.5	4.4	0.9807
3	2.3	2.7	1.174	3.0	2.8	0.9365
4	2.1	2.0	0.9524	2.3	2.0	0.8945
5	2.0	1.6	0.8	1.8	1.6	0.8547
6	1.8	1.4	0.7778	1.5	1.2	0.817
7	1.4	1.2	0.8571	1.3	1.0	0.7812
8	1.0	1.1	1.1	1.1	0.8	0.7472
9	0.8	0.9	1.125	1.0	0.7	0.715
10	0.7	0.7	1	0.9	0.6	0.6845
11	0.7	0.5	0.7143	0.8	0.5	0.6555
12	0.6	0.2	0.3333	0.8	0.5	0.628
13	0.5	0.1	0.2	0.7	0.4	0.6019
14	0.3	0.0	0	0.6	0.4	0.5771

Time taken: 0 hours, 22 minutes, 0.91 seconds
