SF_Ratios.py   @Jody Hey 2024
=============================
Command line: -d fixed2Ns -f unfolded -i 3 -u -p 1kG_cgA-cgG -a /home/haruto/Lab-Work/Document/SFS/FlankingBases/syn_codon/single/1kG/1kG_vep_pickorder_flanking_syn_codon_cgA-cgG_down_15 -r /home/haruto/Lab-Work/Document/SF_Ratios/FlankingBases/syn_codon/1kG
Arguments:
	sfsfilename: /home/haruto/Lab-Work/Document/SFS/FlankingBases/syn_codon/single/1kG/1kG_vep_pickorder_flanking_syn_codon_cgA-cgG_down_15
	fix_theta_ratio: None
	densityof2Ns: fixed2Ns
	foldstatus: unfolded
	basinhoppingopt: False
	optimizetries: 3
	setmax2Ns: 0
	maxi: None
	poplabel: 1kG_cgA-cgG
	estimatemax2Ns: False
	outdir: /home/haruto/Lab-Work/Document/SF_Ratios/FlankingBases/syn_codon/1kG
	dualannealopt: True
	estimate_pointmass: False
	filecheck: False
	estimate_pointmass0: False
	commandstring: -d fixed2Ns -f unfolded -i 3 -u -p 1kG_cgA-cgG -a /home/haruto/Lab-Work/Document/SFS/FlankingBases/syn_codon/single/1kG/1kG_vep_pickorder_flanking_syn_codon_cgA-cgG_down_15 -r /home/haruto/Lab-Work/Document/SF_Ratios/FlankingBases/syn_codon/1kG
	fixmode0: False
	thetaNspacerange: 100
	profile: False
	estimate_both_thetas: False
	includemisspec: False
	dofolded: False
	nc: 15
	datafileheader: intergenic_variant
	numparams: 2
	local_optimize_method: Nelder-Mead

trial	likelihood	thetaratio	2Ns	optimizer_message
0	54.71861	9.52047e-01 3.25063e-01	Optimization terminated successfully.
1	54.71861	9.52069e-01 3.25008e-01	Optimization terminated successfully.
2	54.71861	9.52066e-01 3.24986e-01	Optimization terminated successfully.
DA1	54.71861	9.52055e-01 3.25029e-01	['Maximum number of iteration reached']
DA2	54.71861	9.52051e-01 3.25033e-01	['Maximum number of iteration reached']

Optimization: Dualannealing1
Maximized Likelihood, AIC, Parameter Estimates, 95% Confidence Intervals:
AIC	-105.437
likelihood	54.719
thetaratio	0.9521	(0.7580 - 1.1732)
2Ns	0.32503	(-0.28749 - 1.0742)

Compare data and optimization estimates
	Euclidean Distance: 0.7847 RMSE: 0.20971
	*Expected counts generated with Wright-Fisher theta estimates (SF_Ratios does not provide theta estimates)
--------------------------------------------------------------------------------------------------------------
i	DataN	DataS	DataRatio	Fit*_N	Fit*_S	Fit_Ratio
0	0.0	0.0	inf	0.0	0.0	inf
1	10.2	9.9	0.9706	7.9	7.7	0.9697
2	3.7	3.6	0.973	4.0	3.9	0.9879
3	2.6	2.3	0.8846	2.6	2.7	1.006
4	2.1	1.7	0.8095	2.0	2.0	1.025
5	1.5	1.4	0.9333	1.6	1.7	1.045
6	1.1	1.3	1.182	1.3	1.4	1.065
7	0.8	1.2	1.5	1.1	1.2	1.085
8	0.8	1.1	1.375	1.0	1.1	1.106
9	0.8	1.0	1.25	0.9	1.0	1.128
10	0.8	0.8	1	0.8	0.9	1.15
11	0.7	0.6	0.8571	0.7	0.8	1.173
12	0.4	0.4	1	0.7	0.8	1.196
13	0.2	0.2	1	0.6	0.7	1.22
14	0.1	0.1	1	0.6	0.7	1.244

Time taken: 0 hours, 9 minutes, 34.78 seconds
