SF_Ratios.py   @Jody Hey 2024
=============================
Command line: -d fixed2Ns -f unfolded -i 3 -u -p 1kG_caC-caT -a /home/haruto/Lab-Work/Document/SFS/FlankingBases/syn_codon/single/1kG/1kG_vep_pickorder_flanking_syn_codon_caC-caT_down_15 -r /home/haruto/Lab-Work/Document/SF_Ratios/FlankingBases/syn_codon/1kG
Arguments:
	sfsfilename: /home/haruto/Lab-Work/Document/SFS/FlankingBases/syn_codon/single/1kG/1kG_vep_pickorder_flanking_syn_codon_caC-caT_down_15
	fix_theta_ratio: None
	densityof2Ns: fixed2Ns
	foldstatus: unfolded
	basinhoppingopt: False
	optimizetries: 3
	setmax2Ns: 0
	maxi: None
	poplabel: 1kG_caC-caT
	estimatemax2Ns: False
	outdir: /home/haruto/Lab-Work/Document/SF_Ratios/FlankingBases/syn_codon/1kG
	dualannealopt: True
	estimate_pointmass: False
	filecheck: False
	estimate_pointmass0: False
	commandstring: -d fixed2Ns -f unfolded -i 3 -u -p 1kG_caC-caT -a /home/haruto/Lab-Work/Document/SFS/FlankingBases/syn_codon/single/1kG/1kG_vep_pickorder_flanking_syn_codon_caC-caT_down_15 -r /home/haruto/Lab-Work/Document/SF_Ratios/FlankingBases/syn_codon/1kG
	fixmode0: False
	thetaNspacerange: 100
	profile: False
	estimate_both_thetas: False
	includemisspec: False
	dofolded: False
	nc: 15
	datafileheader: intergenic_variant
	numparams: 2
	local_optimize_method: Nelder-Mead

trial	likelihood	thetaratio	2Ns	optimizer_message
0	113.96953	9.04389e-01 -1.04537e+00	Optimization terminated successfully.
1	113.96953	9.04375e-01 -1.04534e+00	Optimization terminated successfully.
2	113.96953	9.04370e-01 -1.04532e+00	Optimization terminated successfully.
DA1	113.96953	9.04378e-01 -1.04533e+00	['Maximum number of iteration reached']
DA2	113.96953	9.04378e-01 -1.04533e+00	['Maximum number of iteration reached']

Optimization: Dualannealing2
Maximized Likelihood, AIC, Parameter Estimates, 95% Confidence Intervals:
AIC	-223.939
likelihood	113.970
thetaratio	0.9044	(0.8459 - 0.9712)
2Ns	-1.0453	(-1.242 - -0.85858)

Compare data and optimization estimates
	Euclidean Distance: 0.3661 RMSE: 0.09784
	*Expected counts generated with Wright-Fisher theta estimates (SF_Ratios does not provide theta estimates)
--------------------------------------------------------------------------------------------------------------
i	DataN	DataS	DataRatio	Fit*_N	Fit*_S	Fit_Ratio
0	0.0	0.0	inf	0.0	0.0	inf
1	208.0	164.9	0.7928	142.0	118.3	0.8328
2	68.9	54.0	0.7837	71.0	54.5	0.7674
3	43.0	31.4	0.7302	47.3	33.5	0.7075
4	31.7	20.7	0.653	35.5	23.2	0.6528
5	24.4	14.9	0.6107	28.4	17.1	0.6028
6	19.2	11.6	0.6042	23.7	13.2	0.5571
7	15.3	9.5	0.6209	20.3	10.5	0.5152
8	12.4	7.6	0.6129	17.7	8.5	0.4769
9	10.2	5.6	0.549	15.8	7.0	0.4419
10	8.6	3.8	0.4419	14.2	5.8	0.4098
11	7.2	2.3	0.3194	12.9	4.9	0.3805
12	5.7	1.2	0.2105	11.8	4.2	0.3536
13	4.2	0.6	0.1429	10.9	3.6	0.3289
14	2.9	0.4	0.1379	10.1	3.1	0.3064

Time taken: 0 hours, 9 minutes, 44.34 seconds
