SF_Ratios.py   @Jody Hey 2024
=============================
Command line: -d fixed2Ns -f unfolded -i 3 -u -p 1kG_caA-caG -a /home/haruto/Lab-Work/Document/SFS/FlankingBases/syn_codon/single/1kG/1kG_vep_pickorder_flanking_syn_codon_caA-caG_down_15 -r /home/haruto/Lab-Work/Document/SF_Ratios/FlankingBases/syn_codon/1kG
Arguments:
	sfsfilename: /home/haruto/Lab-Work/Document/SFS/FlankingBases/syn_codon/single/1kG/1kG_vep_pickorder_flanking_syn_codon_caA-caG_down_15
	fix_theta_ratio: None
	densityof2Ns: fixed2Ns
	foldstatus: unfolded
	basinhoppingopt: False
	optimizetries: 3
	setmax2Ns: 0
	maxi: None
	poplabel: 1kG_caA-caG
	estimatemax2Ns: False
	outdir: /home/haruto/Lab-Work/Document/SF_Ratios/FlankingBases/syn_codon/1kG
	dualannealopt: True
	estimate_pointmass: False
	filecheck: False
	estimate_pointmass0: False
	commandstring: -d fixed2Ns -f unfolded -i 3 -u -p 1kG_caA-caG -a /home/haruto/Lab-Work/Document/SFS/FlankingBases/syn_codon/single/1kG/1kG_vep_pickorder_flanking_syn_codon_caA-caG_down_15 -r /home/haruto/Lab-Work/Document/SF_Ratios/FlankingBases/syn_codon/1kG
	fixmode0: False
	thetaNspacerange: 100
	profile: False
	estimate_both_thetas: False
	includemisspec: False
	dofolded: False
	nc: 15
	datafileheader: intergenic_variant
	numparams: 2
	local_optimize_method: Nelder-Mead

trial	likelihood	thetaratio	2Ns	optimizer_message
0	96.03126	7.21073e-01 8.31139e-01	Optimization terminated successfully.
1	96.03126	7.21074e-01 8.31151e-01	Optimization terminated successfully.
2	96.03126	7.21081e-01 8.31110e-01	Optimization terminated successfully.
DA1	96.03126	7.21079e-01 8.31121e-01	['Maximum number of iteration reached']
DA2	96.03126	7.21079e-01 8.31120e-01	['Maximum number of iteration reached']

Optimization: Dualannealing2
Maximized Likelihood, AIC, Parameter Estimates, 95% Confidence Intervals:
AIC	-188.063
likelihood	96.031
thetaratio	0.7211	(0.6488 - 0.7980)
2Ns	0.83112	(0.48398 - 1.2394)

Compare data and optimization estimates
	Euclidean Distance: 0.7018 RMSE: 0.18756
	*Expected counts generated with Wright-Fisher theta estimates (SF_Ratios does not provide theta estimates)
--------------------------------------------------------------------------------------------------------------
i	DataN	DataS	DataRatio	Fit*_N	Fit*_S	Fit_Ratio
0	0.0	0.0	inf	0.0	0.0	inf
1	104.0	93.0	0.8942	73.2	54.9	0.7502
2	37.6	29.3	0.7793	36.6	28.6	0.7811
3	24.8	18.1	0.7298	24.4	19.9	0.8139
4	18.6	13.8	0.7419	18.3	15.5	0.8486
5	14.3	11.0	0.7692	14.6	13.0	0.8854
6	10.9	8.7	0.7982	12.2	11.3	0.9245
7	8.1	7.0	0.8642	10.5	10.1	0.966
8	5.9	5.8	0.9831	9.1	9.2	1.01
9	4.2	4.8	1.143	8.1	8.6	1.057
10	3.0	3.9	1.3	7.3	8.1	1.107
11	2.1	3.1	1.476	6.7	7.7	1.16
12	1.5	2.3	1.533	6.1	7.4	1.216
13	1.4	1.9	1.357	5.6	7.2	1.276
14	1.6	1.5	0.9375	5.2	7.0	1.339

Time taken: 0 hours, 9 minutes, 41.36 seconds
