SF_Ratios.py   @Jody Hey 2024
=============================
Command line: -d fixed2Ns -f unfolded -i 3 -u -r /home/haruto/Lab-Work/Document/SF_Ratios/FlankingBases/syn_codon/1kG -a /home/haruto/Lab-Work/Document/SFS/FlankingBases/syn_codon/single/1kG/1kG_vep_pickorder_flanking_syn_codon_gtC-gtT_down_15 -p 1kG_gtC-gtT
Arguments:
	sfsfilename: /home/haruto/Lab-Work/Document/SFS/FlankingBases/syn_codon/single/1kG/1kG_vep_pickorder_flanking_syn_codon_gtC-gtT_down_15
	fix_theta_ratio: None
	densityof2Ns: fixed2Ns
	foldstatus: unfolded
	basinhoppingopt: False
	optimizetries: 3
	setmax2Ns: 0
	maxi: None
	poplabel: 1kG_gtC-gtT
	estimatemax2Ns: False
	outdir: /home/haruto/Lab-Work/Document/SF_Ratios/FlankingBases/syn_codon/1kG
	dualannealopt: True
	estimate_pointmass: False
	filecheck: False
	estimate_pointmass0: False
	commandstring: -d fixed2Ns -f unfolded -i 3 -u -r /home/haruto/Lab-Work/Document/SF_Ratios/FlankingBases/syn_codon/1kG -a /home/haruto/Lab-Work/Document/SFS/FlankingBases/syn_codon/single/1kG/1kG_vep_pickorder_flanking_syn_codon_gtC-gtT_down_15 -p 1kG_gtC-gtT
	fixmode0: False
	thetaNspacerange: 100
	profile: False
	estimate_both_thetas: False
	includemisspec: False
	dofolded: False
	nc: 15
	datafileheader: intergenic_variant
	numparams: 2
	local_optimize_method: Nelder-Mead

trial	likelihood	thetaratio	2Ns	optimizer_message
0	100.74721	7.26555e-01 -3.71229e-01	Optimization terminated successfully.
1	100.74721	7.26534e-01 -3.71179e-01	Optimization terminated successfully.
2	100.74721	7.26541e-01 -3.71212e-01	Optimization terminated successfully.
DA1	100.74721	7.26538e-01 -3.71228e-01	['Maximum number of iteration reached']
DA2	100.74721	7.26539e-01 -3.71228e-01	['Maximum number of iteration reached']

Optimization: Dualannealing2
Maximized Likelihood, AIC, Parameter Estimates, 95% Confidence Intervals:
AIC	-197.494
likelihood	100.747
thetaratio	0.7265	(0.6623 - 0.7941)
2Ns	-0.37123	(-0.61131 - -0.11821)

Compare data and optimization estimates
	Euclidean Distance: 0.8473 RMSE: 0.22645
	*Expected counts generated with Wright-Fisher theta estimates (SF_Ratios does not provide theta estimates)
--------------------------------------------------------------------------------------------------------------
i	DataN	DataS	DataRatio	Fit*_N	Fit*_S	Fit_Ratio
0	0.0	0.0	inf	0.0	0.0	inf
1	106.1	74.8	0.705	67.5	47.8	0.7082
2	32.4	23.6	0.7284	33.8	23.3	0.6904
3	19.0	13.8	0.7263	22.5	15.1	0.6731
4	14.0	9.2	0.6571	16.9	11.1	0.6563
5	11.5	6.7	0.5826	13.5	8.6	0.6401
6	9.6	5.1	0.5312	11.3	7.0	0.6243
7	7.9	4.0	0.5063	9.6	5.9	0.609
8	6.1	3.2	0.5246	8.4	5.0	0.5941
9	4.4	2.5	0.5682	7.5	4.3	0.5797
10	3.0	1.8	0.6	6.8	3.8	0.5657
11	2.2	1.2	0.5455	6.1	3.4	0.5521
12	1.6	0.8	0.5	5.6	3.0	0.5389
13	1.1	0.7	0.6364	5.2	2.7	0.5261
14	0.6	0.8	1.333	4.8	2.5	0.5137

Time taken: 0 hours, 19 minutes, 20.02 seconds
