SF_Ratios.py   @Jody Hey 2024
=============================
Command line: -d fixed2Ns -f unfolded -i 3 -u -r /home/haruto/Lab-Work/Document/SF_Ratios/FlankingBases/syn_codon/1kG -a /home/haruto/Lab-Work/Document/SFS/FlankingBases/syn_codon/single/1kG/1kG_vep_pickorder_flanking_syn_codon_gcT-gcA_down_15 -p 1kG_gcT-gcA
Arguments:
	sfsfilename: /home/haruto/Lab-Work/Document/SFS/FlankingBases/syn_codon/single/1kG/1kG_vep_pickorder_flanking_syn_codon_gcT-gcA_down_15
	fix_theta_ratio: None
	densityof2Ns: fixed2Ns
	foldstatus: unfolded
	basinhoppingopt: False
	optimizetries: 3
	setmax2Ns: 0
	maxi: None
	poplabel: 1kG_gcT-gcA
	estimatemax2Ns: False
	outdir: /home/haruto/Lab-Work/Document/SF_Ratios/FlankingBases/syn_codon/1kG
	dualannealopt: True
	estimate_pointmass: False
	filecheck: False
	estimate_pointmass0: False
	commandstring: -d fixed2Ns -f unfolded -i 3 -u -r /home/haruto/Lab-Work/Document/SF_Ratios/FlankingBases/syn_codon/1kG -a /home/haruto/Lab-Work/Document/SFS/FlankingBases/syn_codon/single/1kG/1kG_vep_pickorder_flanking_syn_codon_gcT-gcA_down_15 -p 1kG_gcT-gcA
	fixmode0: False
	thetaNspacerange: 100
	profile: False
	estimate_both_thetas: False
	includemisspec: False
	dofolded: False
	nc: 15
	datafileheader: intergenic_variant
	numparams: 2
	local_optimize_method: Nelder-Mead

trial	likelihood	thetaratio	2Ns	optimizer_message
0	39.53054	7.07932e-01 1.52675e+00	Optimization terminated successfully.
1	39.53054	7.07926e-01 1.52682e+00	Optimization terminated successfully.
2	39.53054	7.07937e-01 1.52678e+00	Optimization terminated successfully.
DA1	39.53054	7.07931e-01 1.52677e+00	['Maximum number of iteration reached']
DA2	39.53054	7.07931e-01 1.52679e+00	['Maximum number of iteration reached']

Optimization: Dualannealing1
Maximized Likelihood, AIC, Parameter Estimates, 95% Confidence Intervals:
AIC	-75.061
likelihood	39.531
thetaratio	0.7079	(0.5187 - 0.9430)
2Ns	1.5268	(0.3027 - 4.9258)

Compare data and optimization estimates
	Euclidean Distance: inf RMSE: inf
	*Expected counts generated with Wright-Fisher theta estimates (SF_Ratios does not provide theta estimates)
--------------------------------------------------------------------------------------------------------------
i	DataN	DataS	DataRatio	Fit*_N	Fit*_S	Fit_Ratio
0	0.0	0.0	inf	0.0	0.0	inf
1	8.9	6.6	0.7416	5.3	4.0	0.7491
2	2.4	1.4	0.5833	2.6	2.1	0.7942
3	1.5	0.8	0.5333	1.8	1.5	0.8439
4	1.0	0.8	0.8	1.3	1.2	0.8985
5	0.7	1.0	1.429	1.1	1.0	0.9588
6	0.5	1.1	2.2	0.9	0.9	1.025
7	0.5	1.0	2	0.8	0.8	1.099
8	0.4	0.8	2	0.7	0.8	1.181
9	0.4	0.5	1.25	0.6	0.7	1.271
10	0.3	0.4	1.333	0.5	0.7	1.372
11	0.3	0.3	1	0.5	0.7	1.484
12	0.2	0.2	1	0.4	0.7	1.608
13	0.1	0.1	1	0.4	0.7	1.747
14	0.0	0.0	inf	0.4	0.7	1.902

Time taken: 0 hours, 17 minutes, 26.03 seconds
