SF_Ratios.py   @Jody Hey 2024
=============================
Command line: -d fixed2Ns -f unfolded -i 3 -u -p 1kG_Cga-Aga -a /home/haruto/Lab-Work/Document/SFS/FlankingBases/syn_codon/single/1kG/1kG_vep_pickorder_flanking_syn_codon_Cga-Aga_down_15 -r /home/haruto/Lab-Work/Document/SF_Ratios/FlankingBases/syn_codon/1kG
Arguments:
	sfsfilename: /home/haruto/Lab-Work/Document/SFS/FlankingBases/syn_codon/single/1kG/1kG_vep_pickorder_flanking_syn_codon_Cga-Aga_down_15
	fix_theta_ratio: None
	densityof2Ns: fixed2Ns
	foldstatus: unfolded
	basinhoppingopt: False
	optimizetries: 3
	setmax2Ns: 0
	maxi: None
	poplabel: 1kG_Cga-Aga
	estimatemax2Ns: False
	outdir: /home/haruto/Lab-Work/Document/SF_Ratios/FlankingBases/syn_codon/1kG
	dualannealopt: True
	estimate_pointmass: False
	filecheck: False
	estimate_pointmass0: False
	commandstring: -d fixed2Ns -f unfolded -i 3 -u -p 1kG_Cga-Aga -a /home/haruto/Lab-Work/Document/SFS/FlankingBases/syn_codon/single/1kG/1kG_vep_pickorder_flanking_syn_codon_Cga-Aga_down_15 -r /home/haruto/Lab-Work/Document/SF_Ratios/FlankingBases/syn_codon/1kG
	fixmode0: False
	thetaNspacerange: 100
	profile: False
	estimate_both_thetas: False
	includemisspec: False
	dofolded: False
	nc: 15
	datafileheader: intergenic_variant
	numparams: 2
	local_optimize_method: Nelder-Mead

trial	likelihood	thetaratio	2Ns	optimizer_message
0	75.83927	5.37566e-01 -4.90006e-01	Optimization terminated successfully.
1	75.83927	5.37569e-01 -4.90052e-01	Optimization terminated successfully.
2	75.83927	5.37566e-01 -4.89970e-01	Optimization terminated successfully.
DA1	75.83927	5.37575e-01 -4.90015e-01	['Maximum number of iteration reached']
DA2	75.83927	5.37574e-01 -4.90014e-01	['Maximum number of iteration reached']

Optimization: Dualannealing2
Maximized Likelihood, AIC, Parameter Estimates, 95% Confidence Intervals:
AIC	-147.679
likelihood	75.839
thetaratio	0.5376	(0.4347 - 0.6552)
2Ns	-0.49001	(-1.0189 - 0.071164)

Compare data and optimization estimates
	Euclidean Distance: 0.5500 RMSE: 0.14700
	*Expected counts generated with Wright-Fisher theta estimates (SF_Ratios does not provide theta estimates)
--------------------------------------------------------------------------------------------------------------
i	DataN	DataS	DataRatio	Fit*_N	Fit*_S	Fit_Ratio
0	0.0	0.0	inf	0.0	0.0	inf
1	23.4	12.6	0.5385	15.8	8.2	0.5192
2	8.2	3.6	0.439	7.9	4.0	0.5016
3	4.7	2.3	0.4894	5.3	2.5	0.4847
4	3.3	1.6	0.4848	3.9	1.8	0.4684
5	2.7	1.2	0.4444	3.2	1.4	0.4528
6	2.2	0.9	0.4091	2.6	1.2	0.4378
7	1.8	0.7	0.3889	2.3	1.0	0.4234
8	1.3	0.5	0.3846	2.0	0.8	0.4095
9	0.9	0.5	0.5556	1.8	0.7	0.3962
10	0.6	0.4	0.6667	1.6	0.6	0.3834
11	0.5	0.3	0.6	1.4	0.5	0.3711
12	0.5	0.2	0.4	1.3	0.5	0.3593
13	0.5	0.1	0.2	1.2	0.4	0.348
14	0.7	0.0	0	1.1	0.4	0.3371

Time taken: 0 hours, 9 minutes, 21.64 seconds
