SF_Ratios.py   @Jody Hey 2024
=============================
Command line: -d fixed2Ns -f unfolded -i 3 -u -p 1kG_cgT-cgG -a /home/haruto/Lab-Work/Document/SFS/FlankingBases/syn_codon/single/1kG/1kG_vep_pickorder_flanking_syn_codon_cgT-cgG_down_15 -r /home/haruto/Lab-Work/Document/SF_Ratios/FlankingBases/syn_codon/1kG
Arguments:
	sfsfilename: /home/haruto/Lab-Work/Document/SFS/FlankingBases/syn_codon/single/1kG/1kG_vep_pickorder_flanking_syn_codon_cgT-cgG_down_15
	fix_theta_ratio: None
	densityof2Ns: fixed2Ns
	foldstatus: unfolded
	basinhoppingopt: False
	optimizetries: 3
	setmax2Ns: 0
	maxi: None
	poplabel: 1kG_cgT-cgG
	estimatemax2Ns: False
	outdir: /home/haruto/Lab-Work/Document/SF_Ratios/FlankingBases/syn_codon/1kG
	dualannealopt: True
	estimate_pointmass: False
	filecheck: False
	estimate_pointmass0: False
	commandstring: -d fixed2Ns -f unfolded -i 3 -u -p 1kG_cgT-cgG -a /home/haruto/Lab-Work/Document/SFS/FlankingBases/syn_codon/single/1kG/1kG_vep_pickorder_flanking_syn_codon_cgT-cgG_down_15 -r /home/haruto/Lab-Work/Document/SF_Ratios/FlankingBases/syn_codon/1kG
	fixmode0: False
	thetaNspacerange: 100
	profile: False
	estimate_both_thetas: False
	includemisspec: False
	dofolded: False
	nc: 15
	datafileheader: intergenic_variant
	numparams: 2
	local_optimize_method: Nelder-Mead

trial	likelihood	thetaratio	2Ns	optimizer_message
0	22.10346	5.13471e-01 -3.77259e+00	Optimization terminated successfully.
1	22.10346	5.13480e-01 -3.77263e+00	Optimization terminated successfully.
2	22.10346	5.13473e-01 -3.77262e+00	Optimization terminated successfully.
DA1	22.10346	5.13473e-01 -3.77261e+00	['Maximum number of iteration reached']
DA2	22.10346	5.13474e-01 -3.77262e+00	['Maximum number of iteration reached']

Optimization: Dualannealing2
Maximized Likelihood, AIC, Parameter Estimates, 95% Confidence Intervals:
AIC	-40.207
likelihood	22.103
thetaratio	0.5135	(0.2055 - 1.0615)
2Ns	-3.7726	(-8.5439 - -0.90465)

Compare data and optimization estimates
	Euclidean Distance: inf RMSE: inf
	*Expected counts generated with Wright-Fisher theta estimates (SF_Ratios does not provide theta estimates)
--------------------------------------------------------------------------------------------------------------
i	DataN	DataS	DataRatio	Fit*_N	Fit*_S	Fit_Ratio
0	0.0	0.0	inf	0.0	0.0	inf
1	2.5	1.1	0.44	2.1	0.7	0.3632
2	1.3	0.2	0.1538	1.0	0.3	0.2561
3	1.2	0.2	0.1667	0.7	0.1	0.1801
4	0.9	0.2	0.2222	0.5	0.1	0.1263
5	0.5	0.1	0.2	0.4	0.0	0.08836
6	0.2	0.1	0.5	0.3	0.0	0.06171
7	0.1	0.0	0	0.3	0.0	0.04304
8	0.0	0.0	inf	0.3	0.0	0.03
9	0.0	0.0	inf	0.2	0.0	0.02093
10	0.0	0.0	inf	0.2	0.0	0.01463
11	0.0	0.0	inf	0.2	0.0	0.01027
12	0.0	0.0	inf	0.2	0.0	0.007259
13	0.0	0.0	inf	0.2	0.0	0.005176
14	0.0	0.0	inf	0.1	0.0	0.003737

Time taken: 0 hours, 4 minutes, 45.21 seconds
