SF_Ratios.py   @Jody Hey 2024
=============================
Command line: -d fixed2Ns -f unfolded -i 3 -u -p 1kG_atA-atC -a /home/haruto/Lab-Work/Document/SFS/FlankingBases/syn_codon/single/1kG/1kG_vep_pickorder_flanking_syn_codon_atA-atC_down_15 -r /home/haruto/Lab-Work/Document/SF_Ratios/FlankingBases/syn_codon/1kG
Arguments:
	sfsfilename: /home/haruto/Lab-Work/Document/SFS/FlankingBases/syn_codon/single/1kG/1kG_vep_pickorder_flanking_syn_codon_atA-atC_down_15
	fix_theta_ratio: None
	densityof2Ns: fixed2Ns
	foldstatus: unfolded
	basinhoppingopt: False
	optimizetries: 3
	setmax2Ns: 0
	maxi: None
	poplabel: 1kG_atA-atC
	estimatemax2Ns: False
	outdir: /home/haruto/Lab-Work/Document/SF_Ratios/FlankingBases/syn_codon/1kG
	dualannealopt: True
	estimate_pointmass: False
	filecheck: False
	estimate_pointmass0: False
	commandstring: -d fixed2Ns -f unfolded -i 3 -u -p 1kG_atA-atC -a /home/haruto/Lab-Work/Document/SFS/FlankingBases/syn_codon/single/1kG/1kG_vep_pickorder_flanking_syn_codon_atA-atC_down_15 -r /home/haruto/Lab-Work/Document/SF_Ratios/FlankingBases/syn_codon/1kG
	fixmode0: False
	thetaNspacerange: 100
	profile: False
	estimate_both_thetas: False
	includemisspec: False
	dofolded: False
	nc: 15
	datafileheader: intergenic_variant
	numparams: 2
	local_optimize_method: Nelder-Mead

trial	likelihood	thetaratio	2Ns	optimizer_message
0	30.96168	9.03340e-01 -1.26654e+00	Optimization terminated successfully.
1	30.96168	9.03364e-01 -1.26663e+00	Optimization terminated successfully.
2	30.96168	9.03363e-01 -1.26660e+00	Optimization terminated successfully.
DA1	30.96168	9.03354e-01 -1.26658e+00	['Maximum number of iteration reached']
DA2	30.96168	9.03354e-01 -1.26658e+00	['Maximum number of iteration reached']

Optimization: Dualannealing2
Maximized Likelihood, AIC, Parameter Estimates, 95% Confidence Intervals:
AIC	-57.923
likelihood	30.962
thetaratio	0.9034	(0.6003 - 1.2919)
2Ns	-1.2666	(-2.4575 - -0.033853)

Compare data and optimization estimates
	Euclidean Distance: inf RMSE: inf
	*Expected counts generated with Wright-Fisher theta estimates (SF_Ratios does not provide theta estimates)
--------------------------------------------------------------------------------------------------------------
i	DataN	DataS	DataRatio	Fit*_N	Fit*_S	Fit_Ratio
0	0.0	0.0	inf	0.0	0.0	inf
1	6.6	5.1	0.7727	4.1	3.3	0.8148
2	1.9	1.7	0.8947	2.0	1.5	0.7354
3	1.3	0.9	0.6923	1.4	0.9	0.6643
4	1.1	0.6	0.5455	1.0	0.6	0.6007
5	0.9	0.4	0.4444	0.8	0.4	0.5436
6	0.7	0.2	0.2857	0.7	0.3	0.4925
7	0.4	0.1	0.25	0.6	0.3	0.4466
8	0.2	0.1	0.5	0.5	0.2	0.4056
9	0.1	0.1	1	0.5	0.2	0.3687
10	0.0	0.2	inf	0.4	0.1	0.3357
11	0.0	0.2	inf	0.4	0.1	0.306
12	0.0	0.2	inf	0.3	0.1	0.2794
13	0.0	0.2	inf	0.3	0.1	0.2555
14	0.0	0.1	inf	0.3	0.1	0.234

Time taken: 0 hours, 6 minutes, 21.00 seconds
