SF_Ratios.py   @Jody Hey 2024
=============================
Command line: -d fixed2Ns -f unfolded -i 3 -u -r /home/haruto/Lab-Work/Document/SF_Ratios/FlankingBases/syn_codon/uk10k -a /home/haruto/Lab-Work/Document/SFS/FlankingBases/syn_codon/single/uk10k/uk10k_vep_pickorder_flanking_syn_codon_gtC-gtT_down_15 -p uk10k_gtC-gtT
Arguments:
	sfsfilename: /home/haruto/Lab-Work/Document/SFS/FlankingBases/syn_codon/single/uk10k/uk10k_vep_pickorder_flanking_syn_codon_gtC-gtT_down_15
	fix_theta_ratio: None
	densityof2Ns: fixed2Ns
	foldstatus: unfolded
	basinhoppingopt: False
	optimizetries: 3
	setmax2Ns: 0
	maxi: None
	poplabel: uk10k_gtC-gtT
	estimatemax2Ns: False
	outdir: /home/haruto/Lab-Work/Document/SF_Ratios/FlankingBases/syn_codon/uk10k
	dualannealopt: True
	estimate_pointmass: False
	filecheck: False
	estimate_pointmass0: False
	commandstring: -d fixed2Ns -f unfolded -i 3 -u -r /home/haruto/Lab-Work/Document/SF_Ratios/FlankingBases/syn_codon/uk10k -a /home/haruto/Lab-Work/Document/SFS/FlankingBases/syn_codon/single/uk10k/uk10k_vep_pickorder_flanking_syn_codon_gtC-gtT_down_15 -p uk10k_gtC-gtT
	fixmode0: False
	thetaNspacerange: 100
	profile: False
	estimate_both_thetas: False
	includemisspec: False
	dofolded: False
	nc: 15
	datafileheader: intergenic_variant
	numparams: 2
	local_optimize_method: Nelder-Mead

trial	likelihood	thetaratio	2Ns	optimizer_message
0	97.04112	8.34139e-01 -7.87500e-01	Optimization terminated successfully.
1	97.04112	8.34132e-01 -7.87499e-01	Optimization terminated successfully.
2	97.04112	8.34131e-01 -7.87543e-01	Optimization terminated successfully.
DA1	97.04112	8.34132e-01 -7.87514e-01	['Maximum number of iteration reached']
DA2	97.04112	8.34132e-01 -7.87515e-01	['Maximum number of iteration reached']

Optimization: Dualannealing1
Maximized Likelihood, AIC, Parameter Estimates, 95% Confidence Intervals:
AIC	-190.082
likelihood	97.041
thetaratio	0.8341	(0.7471 - 0.9291)
2Ns	-0.78751	(-1.0406 - -0.53073)

Compare data and optimization estimates
	Euclidean Distance: 0.2185 RMSE: 0.05840
	*Expected counts generated with Wright-Fisher theta estimates (SF_Ratios does not provide theta estimates)
--------------------------------------------------------------------------------------------------------------
i	DataN	DataS	DataRatio	Fit*_N	Fit*_S	Fit_Ratio
0	0.0	0.0	inf	0.0	0.0	inf
1	46.5	36.1	0.7763	44.7	35.1	0.786
2	22.4	15.5	0.692	22.4	16.6	0.741
3	16.5	11.2	0.6788	14.9	10.4	0.6989
4	12.8	8.8	0.6875	11.2	7.4	0.6595
5	9.7	6.8	0.701	8.9	5.6	0.6226
6	7.3	5.1	0.6986	7.5	4.4	0.5881
7	5.9	3.8	0.6441	6.4	3.6	0.5558
8	5.1	2.9	0.5686	5.6	2.9	0.5255
9	4.7	2.3	0.4894	5.0	2.5	0.4972
10	4.1	1.9	0.4634	4.5	2.1	0.4706
11	3.4	1.5	0.4412	4.1	1.8	0.4457
12	2.7	1.1	0.4074	3.7	1.6	0.4224
13	2.3	0.7	0.3043	3.4	1.4	0.4006
14	2.0	0.6	0.3	3.2	1.2	0.3801

Time taken: 0 hours, 9 minutes, 8.60 seconds
