SF_Ratios.py   @Jody Hey 2024
=============================
Command line: -d fixed2Ns -f unfolded -i 3 -u -p uk10k_acT-acG -a /home/haruto/Lab-Work/Document/SFS/FlankingBases/syn_codon/single/uk10k/uk10k_vep_pickorder_flanking_syn_codon_acT-acG_down_15 -r /home/haruto/Lab-Work/Document/SF_Ratios/FlankingBases/syn_codon/uk10k
Arguments:
	sfsfilename: /home/haruto/Lab-Work/Document/SFS/FlankingBases/syn_codon/single/uk10k/uk10k_vep_pickorder_flanking_syn_codon_acT-acG_down_15
	fix_theta_ratio: None
	densityof2Ns: fixed2Ns
	foldstatus: unfolded
	basinhoppingopt: False
	optimizetries: 3
	setmax2Ns: 0
	maxi: None
	poplabel: uk10k_acT-acG
	estimatemax2Ns: False
	outdir: /home/haruto/Lab-Work/Document/SF_Ratios/FlankingBases/syn_codon/uk10k
	dualannealopt: True
	estimate_pointmass: False
	filecheck: False
	estimate_pointmass0: False
	commandstring: -d fixed2Ns -f unfolded -i 3 -u -p uk10k_acT-acG -a /home/haruto/Lab-Work/Document/SFS/FlankingBases/syn_codon/single/uk10k/uk10k_vep_pickorder_flanking_syn_codon_acT-acG_down_15 -r /home/haruto/Lab-Work/Document/SF_Ratios/FlankingBases/syn_codon/uk10k
	fixmode0: False
	thetaNspacerange: 100
	profile: False
	estimate_both_thetas: False
	includemisspec: False
	dofolded: False
	nc: 15
	datafileheader: intergenic_variant
	numparams: 2
	local_optimize_method: Nelder-Mead

trial	likelihood	thetaratio	2Ns	optimizer_message
0	67.21602	7.33352e-01 -1.09356e+00	Optimization terminated successfully.
1	67.21602	7.33385e-01 -1.09359e+00	Optimization terminated successfully.
2	67.21602	7.33357e-01 -1.09353e+00	Optimization terminated successfully.
DA1	67.21602	7.33372e-01 -1.09359e+00	['Maximum number of iteration reached']
DA2	67.21602	7.33372e-01 -1.09359e+00	['Maximum number of iteration reached']

Optimization: Dualannealing2
Maximized Likelihood, AIC, Parameter Estimates, 95% Confidence Intervals:
AIC	-130.432
likelihood	67.216
thetaratio	0.7334	(0.5617 - 0.9327)
2Ns	-1.0936	(-1.6453 - -0.53658)

Compare data and optimization estimates
	Euclidean Distance: 0.3104 RMSE: 0.08295
	*Expected counts generated with Wright-Fisher theta estimates (SF_Ratios does not provide theta estimates)
--------------------------------------------------------------------------------------------------------------
i	DataN	DataS	DataRatio	Fit*_N	Fit*_S	Fit_Ratio
0	0.0	0.0	inf	0.0	0.0	inf
1	9.2	6.8	0.7391	9.3	6.3	0.6723
2	5.3	2.8	0.5283	4.7	2.9	0.6168
3	3.5	1.7	0.4857	3.1	1.8	0.5662
4	2.5	1.3	0.52	2.3	1.2	0.5201
5	2.1	1.1	0.5238	1.9	0.9	0.4782
6	1.8	0.8	0.4444	1.6	0.7	0.4401
7	1.5	0.6	0.4	1.3	0.5	0.4053
8	1.1	0.4	0.3636	1.2	0.4	0.3736
9	0.8	0.2	0.25	1.0	0.4	0.3448
10	0.6	0.2	0.3333	0.9	0.3	0.3185
11	0.4	0.2	0.5	0.8	0.3	0.2945
12	0.5	0.2	0.4	0.8	0.2	0.2727
13	0.6	0.2	0.3333	0.7	0.2	0.2528
14	0.5	0.1	0.2	0.7	0.2	0.2346

Time taken: 0 hours, 9 minutes, 11.83 seconds
