SF_Ratios.py   @Jody Hey 2024
=============================
Command line: -d fixed2Ns -f unfolded -i 3 -u -r /home/haruto/Lab-Work/Document/SF_Ratios/FlankingBases/syn_codon/uk10k -a /home/haruto/Lab-Work/Document/SFS/FlankingBases/syn_codon/single/uk10k/uk10k_vep_pickorder_flanking_syn_codon_tcA-tcT_down_15 -p uk10k_tcA-tcT
Arguments:
	sfsfilename: /home/haruto/Lab-Work/Document/SFS/FlankingBases/syn_codon/single/uk10k/uk10k_vep_pickorder_flanking_syn_codon_tcA-tcT_down_15
	fix_theta_ratio: None
	densityof2Ns: fixed2Ns
	foldstatus: unfolded
	basinhoppingopt: False
	optimizetries: 3
	setmax2Ns: 0
	maxi: None
	poplabel: uk10k_tcA-tcT
	estimatemax2Ns: False
	outdir: /home/haruto/Lab-Work/Document/SF_Ratios/FlankingBases/syn_codon/uk10k
	dualannealopt: True
	estimate_pointmass: False
	filecheck: False
	estimate_pointmass0: False
	commandstring: -d fixed2Ns -f unfolded -i 3 -u -r /home/haruto/Lab-Work/Document/SF_Ratios/FlankingBases/syn_codon/uk10k -a /home/haruto/Lab-Work/Document/SFS/FlankingBases/syn_codon/single/uk10k/uk10k_vep_pickorder_flanking_syn_codon_tcA-tcT_down_15 -p uk10k_tcA-tcT
	fixmode0: False
	thetaNspacerange: 100
	profile: False
	estimate_both_thetas: False
	includemisspec: False
	dofolded: False
	nc: 15
	datafileheader: intergenic_variant
	numparams: 2
	local_optimize_method: Nelder-Mead

trial	likelihood	thetaratio	2Ns	optimizer_message
0	53.59970	6.66108e-01 -2.45331e-01	Optimization terminated successfully.
1	53.59970	6.66128e-01 -2.45356e-01	Optimization terminated successfully.
2	53.59970	6.66127e-01 -2.45375e-01	Optimization terminated successfully.
DA1	53.59970	6.66120e-01 -2.45354e-01	['Maximum number of iteration reached']
DA2	53.59970	6.66120e-01 -2.45353e-01	['Maximum number of iteration reached']

Optimization: Dualannealing1
Maximized Likelihood, AIC, Parameter Estimates, 95% Confidence Intervals:
AIC	-103.199
likelihood	53.600
thetaratio	0.6661	(0.4902 - 0.8867)
2Ns	-0.24535	(-0.97437 - 0.6026)

Compare data and optimization estimates
	Euclidean Distance: 0.7347 RMSE: 0.19635
	*Expected counts generated with Wright-Fisher theta estimates (SF_Ratios does not provide theta estimates)
--------------------------------------------------------------------------------------------------------------
i	DataN	DataS	DataRatio	Fit*_N	Fit*_S	Fit_Ratio
0	0.0	0.0	inf	0.0	0.0	inf
1	7.3	4.2	0.5753	6.0	3.9	0.6553
2	3.4	2.0	0.5882	3.0	1.9	0.6447
3	2.3	1.4	0.6087	2.0	1.3	0.6343
4	1.6	1.2	0.75	1.5	0.9	0.6241
5	1.2	1.0	0.8333	1.2	0.7	0.614
6	0.9	0.7	0.7778	1.0	0.6	0.6042
7	0.6	0.5	0.8333	0.9	0.5	0.5946
8	0.5	0.3	0.6	0.7	0.4	0.5852
9	0.4	0.3	0.75	0.7	0.4	0.5759
10	0.4	0.2	0.5	0.6	0.3	0.5669
11	0.3	0.2	0.6667	0.5	0.3	0.558
12	0.3	0.1	0.3333	0.5	0.3	0.5492
13	0.2	0.1	0.5	0.5	0.2	0.5407
14	0.1	0.0	0	0.4	0.2	0.5323

Time taken: 0 hours, 9 minutes, 5.33 seconds
