SF_Ratios.py   @Jody Hey 2024
=============================
Command line: -d fixed2Ns -f unfolded -i 3 -u -r /home/haruto/Lab-Work/Document/SF_Ratios/FlankingBases/syn_codon/uk10k -a /home/haruto/Lab-Work/Document/SFS/FlankingBases/syn_codon/single/uk10k/uk10k_vep_pickorder_flanking_syn_codon_gtG-gtA_down_15 -p uk10k_gtG-gtA
Arguments:
	sfsfilename: /home/haruto/Lab-Work/Document/SFS/FlankingBases/syn_codon/single/uk10k/uk10k_vep_pickorder_flanking_syn_codon_gtG-gtA_down_15
	fix_theta_ratio: None
	densityof2Ns: fixed2Ns
	foldstatus: unfolded
	basinhoppingopt: False
	optimizetries: 3
	setmax2Ns: 0
	maxi: None
	poplabel: uk10k_gtG-gtA
	estimatemax2Ns: False
	outdir: /home/haruto/Lab-Work/Document/SF_Ratios/FlankingBases/syn_codon/uk10k
	dualannealopt: True
	estimate_pointmass: False
	filecheck: False
	estimate_pointmass0: False
	commandstring: -d fixed2Ns -f unfolded -i 3 -u -r /home/haruto/Lab-Work/Document/SF_Ratios/FlankingBases/syn_codon/uk10k -a /home/haruto/Lab-Work/Document/SFS/FlankingBases/syn_codon/single/uk10k/uk10k_vep_pickorder_flanking_syn_codon_gtG-gtA_down_15 -p uk10k_gtG-gtA
	fixmode0: False
	thetaNspacerange: 100
	profile: False
	estimate_both_thetas: False
	includemisspec: False
	dofolded: False
	nc: 15
	datafileheader: intergenic_variant
	numparams: 2
	local_optimize_method: Nelder-Mead

trial	likelihood	thetaratio	2Ns	optimizer_message
0	95.59803	7.56897e-01 -1.78183e-01	Optimization terminated successfully.
1	95.59803	7.56918e-01 -1.78287e-01	Optimization terminated successfully.
2	95.59803	7.56884e-01 -1.78190e-01	Optimization terminated successfully.
DA1	95.59803	7.56897e-01 -1.78222e-01	['Maximum number of iteration reached']
DA2	95.59803	7.56897e-01 -1.78222e-01	['Maximum number of iteration reached']

Optimization: Dualannealing1
Maximized Likelihood, AIC, Parameter Estimates, 95% Confidence Intervals:
AIC	-187.196
likelihood	95.598
thetaratio	0.7569	(0.6717 - 0.8426)
2Ns	-0.17822	(-0.44819 - 0.1026)

Compare data and optimization estimates
	Euclidean Distance: 0.3879 RMSE: 0.10368
	*Expected counts generated with Wright-Fisher theta estimates (SF_Ratios does not provide theta estimates)
--------------------------------------------------------------------------------------------------------------
i	DataN	DataS	DataRatio	Fit*_N	Fit*_S	Fit_Ratio
0	0.0	0.0	inf	0.0	0.0	inf
1	51.1	43.1	0.8434	51.3	38.4	0.7481
2	26.4	17.4	0.6591	25.6	19.0	0.7394
3	19.0	12.2	0.6421	17.1	12.5	0.7309
4	14.1	9.6	0.6809	12.8	9.3	0.7224
5	10.9	7.7	0.7064	10.3	7.3	0.7141
6	9.0	6.1	0.6778	8.5	6.0	0.7059
7	7.7	4.9	0.6364	7.3	5.1	0.6978
8	6.6	4.1	0.6212	6.4	4.4	0.6899
9	5.4	3.6	0.6667	5.7	3.9	0.682
10	4.4	3.2	0.7273	5.1	3.5	0.6742
11	3.6	3.0	0.8333	4.7	3.1	0.6666
12	3.0	2.6	0.8667	4.3	2.8	0.6591
13	2.8	2.1	0.75	3.9	2.6	0.6517
14	2.8	1.3	0.4643	3.7	2.4	0.6443

Time taken: 0 hours, 9 minutes, 19.71 seconds
