SF_Ratios.py   @Jody Hey 2024
=============================
Command line: -d fixed2Ns -f unfolded -i 3 -u -r /home/haruto/Lab-Work/Document/SF_Ratios/FlankingBases/syn_codon/uk10k -a /home/haruto/Lab-Work/Document/SFS/FlankingBases/syn_codon/single/uk10k/uk10k_vep_pickorder_flanking_syn_codon_gtG-gtC_down_15 -p uk10k_gtG-gtC
Arguments:
	sfsfilename: /home/haruto/Lab-Work/Document/SFS/FlankingBases/syn_codon/single/uk10k/uk10k_vep_pickorder_flanking_syn_codon_gtG-gtC_down_15
	fix_theta_ratio: None
	densityof2Ns: fixed2Ns
	foldstatus: unfolded
	basinhoppingopt: False
	optimizetries: 3
	setmax2Ns: 0
	maxi: None
	poplabel: uk10k_gtG-gtC
	estimatemax2Ns: False
	outdir: /home/haruto/Lab-Work/Document/SF_Ratios/FlankingBases/syn_codon/uk10k
	dualannealopt: True
	estimate_pointmass: False
	filecheck: False
	estimate_pointmass0: False
	commandstring: -d fixed2Ns -f unfolded -i 3 -u -r /home/haruto/Lab-Work/Document/SF_Ratios/FlankingBases/syn_codon/uk10k -a /home/haruto/Lab-Work/Document/SFS/FlankingBases/syn_codon/single/uk10k/uk10k_vep_pickorder_flanking_syn_codon_gtG-gtC_down_15 -p uk10k_gtG-gtC
	fixmode0: False
	thetaNspacerange: 100
	profile: False
	estimate_both_thetas: False
	includemisspec: False
	dofolded: False
	nc: 15
	datafileheader: intergenic_variant
	numparams: 2
	local_optimize_method: Nelder-Mead

trial	likelihood	thetaratio	2Ns	optimizer_message
0	32.51229	2.01280e+00 2.95237e-01	Optimization terminated successfully.
1	32.51229	2.01284e+00 2.95152e-01	Optimization terminated successfully.
2	32.51229	2.01281e+00 2.95231e-01	Optimization terminated successfully.
DA1	32.51229	2.01283e+00 2.95202e-01	['Maximum number of iteration reached']
DA2	32.51229	2.01283e+00 2.95200e-01	['Maximum number of iteration reached']

Optimization: Dualannealing1
Maximized Likelihood, AIC, Parameter Estimates, 95% Confidence Intervals:
AIC	-61.025
likelihood	32.512
thetaratio	2.0128	(1.5547 - 2.5673)
2Ns	0.2952	(-0.41939 - 1.22)

Compare data and optimization estimates
	Euclidean Distance: inf RMSE: inf
	*Expected counts generated with Wright-Fisher theta estimates (SF_Ratios does not provide theta estimates)
--------------------------------------------------------------------------------------------------------------
i	DataN	DataS	DataRatio	Fit*_N	Fit*_S	Fit_Ratio
0	0.0	0.0	inf	0.0	0.0	inf
1	7.4	12.2	1.649	4.9	10.1	2.047
2	2.6	6.2	2.385	2.5	5.1	2.082
3	1.5	3.9	2.6	1.6	3.5	2.118
4	1.0	2.5	2.5	1.2	2.7	2.155
5	0.7	1.7	2.429	1.0	2.2	2.192
6	0.6	1.2	2	0.8	1.8	2.23
7	0.6	1.0	1.667	0.7	1.6	2.27
8	0.5	0.9	1.8	0.6	1.4	2.31
9	0.5	0.8	1.6	0.5	1.3	2.351
10	0.3	0.6	2	0.5	1.2	2.393
11	0.2	0.4	2	0.4	1.1	2.435
12	0.1	0.2	2	0.4	1.0	2.479
13	0.0	0.1	inf	0.4	1.0	2.524
14	0.0	0.2	inf	0.4	0.9	2.57

Time taken: 0 hours, 7 minutes, 56.51 seconds
