SF_Ratios.py   @Jody Hey 2024
=============================
Command line: -d fixed2Ns -f unfolded -i 3 -u -a /home/haruto/Lab-Work/Document/SFS/FlankingBases/syn_codon/single/uk10k/uk10k_vep_pickorder_flanking_syn_codon_gcG-gcC_down_15 -r /home/haruto/Lab-Work/Document/SF_Ratios/FlankingBases/syn_codon/uk10k -p uk10k_gcG-gcC
Arguments:
	sfsfilename: /home/haruto/Lab-Work/Document/SFS/FlankingBases/syn_codon/single/uk10k/uk10k_vep_pickorder_flanking_syn_codon_gcG-gcC_down_15
	fix_theta_ratio: None
	densityof2Ns: fixed2Ns
	foldstatus: unfolded
	basinhoppingopt: False
	optimizetries: 3
	setmax2Ns: 0
	maxi: None
	poplabel: uk10k_gcG-gcC
	estimatemax2Ns: False
	outdir: /home/haruto/Lab-Work/Document/SF_Ratios/FlankingBases/syn_codon/uk10k
	dualannealopt: True
	estimate_pointmass: False
	filecheck: False
	estimate_pointmass0: False
	commandstring: -d fixed2Ns -f unfolded -i 3 -u -a /home/haruto/Lab-Work/Document/SFS/FlankingBases/syn_codon/single/uk10k/uk10k_vep_pickorder_flanking_syn_codon_gcG-gcC_down_15 -r /home/haruto/Lab-Work/Document/SF_Ratios/FlankingBases/syn_codon/uk10k -p uk10k_gcG-gcC
	fixmode0: False
	thetaNspacerange: 100
	profile: False
	estimate_both_thetas: False
	includemisspec: False
	dofolded: False
	nc: 15
	datafileheader: intergenic_variant
	numparams: 2
	local_optimize_method: Nelder-Mead

trial	likelihood	thetaratio	2Ns	optimizer_message
0	44.98961	5.36058e-01 -4.84160e-01	Optimization terminated successfully.
1	44.98961	5.36059e-01 -4.84152e-01	Optimization terminated successfully.
2	44.98961	5.36056e-01 -4.84179e-01	Optimization terminated successfully.
DA1	44.98961	5.36059e-01 -4.84173e-01	['Maximum number of iteration reached']
DA2	44.98961	5.36056e-01 -4.84164e-01	['Maximum number of iteration reached']

Optimization: Dualannealing1
Maximized Likelihood, AIC, Parameter Estimates, 95% Confidence Intervals:
AIC	-85.979
likelihood	44.990
thetaratio	0.5361	(0.3335 - 0.7786)
2Ns	-0.48417	(-1.526 - 1.0682)

Compare data and optimization estimates
	Euclidean Distance: inf RMSE: inf
	*Expected counts generated with Wright-Fisher theta estimates (SF_Ratios does not provide theta estimates)
--------------------------------------------------------------------------------------------------------------
i	DataN	DataS	DataRatio	Fit*_N	Fit*_S	Fit_Ratio
0	0.0	0.0	inf	0.0	0.0	inf
1	6.3	5.0	0.7937	6.8	3.5	0.518
2	3.2	1.6	0.5	3.4	1.7	0.5006
3	2.8	0.9	0.3214	2.3	1.1	0.484
4	2.6	0.7	0.2692	1.7	0.8	0.4679
5	2.3	0.5	0.2174	1.4	0.6	0.4525
6	1.8	0.4	0.2222	1.1	0.5	0.4377
7	1.2	0.3	0.25	1.0	0.4	0.4235
8	0.7	0.2	0.2857	0.8	0.3	0.4098
9	0.4	0.2	0.5	0.8	0.3	0.3967
10	0.1	0.2	2	0.7	0.3	0.384
11	0.1	0.2	2	0.6	0.2	0.3719
12	0.0	0.2	inf	0.6	0.2	0.3602
13	0.1	0.2	2	0.5	0.2	0.349
14	0.4	0.1	0.25	0.5	0.2	0.3382

Time taken: 0 hours, 8 minutes, 32.40 seconds
