SF_Ratios.py   @Jody Hey 2024
=============================
Command line: -d fixed2Ns -f unfolded -i 3 -u -p uk10k_atA-atT -a /home/haruto/Lab-Work/Document/SFS/FlankingBases/syn_codon/single/uk10k/uk10k_vep_pickorder_flanking_syn_codon_atA-atT_down_15 -r /home/haruto/Lab-Work/Document/SF_Ratios/FlankingBases/syn_codon/uk10k
Arguments:
	sfsfilename: /home/haruto/Lab-Work/Document/SFS/FlankingBases/syn_codon/single/uk10k/uk10k_vep_pickorder_flanking_syn_codon_atA-atT_down_15
	fix_theta_ratio: None
	densityof2Ns: fixed2Ns
	foldstatus: unfolded
	basinhoppingopt: False
	optimizetries: 3
	setmax2Ns: 0
	maxi: None
	poplabel: uk10k_atA-atT
	estimatemax2Ns: False
	outdir: /home/haruto/Lab-Work/Document/SF_Ratios/FlankingBases/syn_codon/uk10k
	dualannealopt: True
	estimate_pointmass: False
	filecheck: False
	estimate_pointmass0: False
	commandstring: -d fixed2Ns -f unfolded -i 3 -u -p uk10k_atA-atT -a /home/haruto/Lab-Work/Document/SFS/FlankingBases/syn_codon/single/uk10k/uk10k_vep_pickorder_flanking_syn_codon_atA-atT_down_15 -r /home/haruto/Lab-Work/Document/SF_Ratios/FlankingBases/syn_codon/uk10k
	fixmode0: False
	thetaNspacerange: 100
	profile: False
	estimate_both_thetas: False
	includemisspec: False
	dofolded: False
	nc: 15
	datafileheader: intergenic_variant
	numparams: 2
	local_optimize_method: Nelder-Mead

trial	likelihood	thetaratio	2Ns	optimizer_message
0	135.82756	9.00000e+00 -1.00000e+03	Optimization terminated successfully.
1	135.82756	9.00000e+00 -1.00000e+03	Optimization terminated successfully.
2	135.82756	9.00000e+00 -1.00000e+03	Optimization terminated successfully.
DA1	135.82756	9.00000e+00 -1.00000e+03	['Maximum number of iteration reached']
DA2	135.82756	9.00000e+00 -1.00000e+03	['Maximum number of iteration reached']

Optimization: Dualannealing2
Maximized Likelihood, AIC, Parameter Estimates, 95% Confidence Intervals:
AIC	-267.655
likelihood	135.828
thetaratio	9.0000	(1.7724 - nan)
2Ns	-1000	(nan - -887.93)

Compare data and optimization estimates
	Euclidean Distance: 1.5129 RMSE: 0.40433
	*Expected counts generated with Wright-Fisher theta estimates (SF_Ratios does not provide theta estimates)
--------------------------------------------------------------------------------------------------------------
i	DataN	DataS	DataRatio	Fit*_N	Fit*_S	Fit_Ratio
0	0.0	0.0	inf	0.0	0.0	inf
1	1.8	2.2	1.222	3.1	0.2	0.06706
2	1.3	0.7	0.5385	1.5	0.0	0.0004669
3	1.2	0.5	0.4167	1.0	0.0	3.021e-06
4	1.0	0.4	0.4	0.8	0.0	1.806e-08
5	0.8	0.3	0.375	0.6	0.0	9.91e-11
6	0.6	0.2	0.3333	0.5	0.0	4.947e-13
7	0.5	0.1	0.2	0.4	0.0	2.225e-15
8	0.5	0.1	0.2	0.4	0.0	8.905e-18
9	0.5	0.0	0	0.3	0.0	3.121e-20
10	0.5	0.0	0	0.3	0.0	9.388e-23
11	0.5	0.0	0	0.3	0.0	2.355e-25
12	0.4	0.0	0	0.3	0.0	4.732e-28
13	0.3	0.0	0	0.2	0.0	7.137e-31
14	0.1	0.0	0	0.2	0.0	7.183e-34

Time taken: 0 hours, 16 minutes, 14.73 seconds
