SF_Ratios.py   @Jody Hey 2024
=============================
Command line: -d fixed2Ns -f unfolded -i 3 -u -p uk10k_gaC-gaT -a /home/haruto/Lab-Work/Document/SFS/FlankingBases/syn_codon/single/uk10k/uk10k_vep_pickorder_flanking_syn_codon_gaC-gaT_down_15 -r /home/haruto/Lab-Work/Document/SF_Ratios/FlankingBases/syn_codon/uk10k
Arguments:
	sfsfilename: /home/haruto/Lab-Work/Document/SFS/FlankingBases/syn_codon/single/uk10k/uk10k_vep_pickorder_flanking_syn_codon_gaC-gaT_down_15
	fix_theta_ratio: None
	densityof2Ns: fixed2Ns
	foldstatus: unfolded
	basinhoppingopt: False
	optimizetries: 3
	setmax2Ns: 0
	maxi: None
	poplabel: uk10k_gaC-gaT
	estimatemax2Ns: False
	outdir: /home/haruto/Lab-Work/Document/SF_Ratios/FlankingBases/syn_codon/uk10k
	dualannealopt: True
	estimate_pointmass: False
	filecheck: False
	estimate_pointmass0: False
	commandstring: -d fixed2Ns -f unfolded -i 3 -u -p uk10k_gaC-gaT -a /home/haruto/Lab-Work/Document/SFS/FlankingBases/syn_codon/single/uk10k/uk10k_vep_pickorder_flanking_syn_codon_gaC-gaT_down_15 -r /home/haruto/Lab-Work/Document/SF_Ratios/FlankingBases/syn_codon/uk10k
	fixmode0: False
	thetaNspacerange: 100
	profile: False
	estimate_both_thetas: False
	includemisspec: False
	dofolded: False
	nc: 15
	datafileheader: intergenic_variant
	numparams: 2
	local_optimize_method: Nelder-Mead

trial	likelihood	thetaratio	2Ns	optimizer_message
0	117.17869	9.02740e-01 -5.81707e-01	Optimization terminated successfully.
1	117.17870	9.02660e-01 -5.81347e-01	Optimization terminated successfully.
2	117.17871	9.02464e-01 -5.80952e-01	Optimization terminated successfully.
DA1	117.17870	9.02769e-01 -5.81120e-01	['Maximum number of iteration reached']
DA2	117.15381	9.11689e-01 -5.97198e-01	['Maximum number of iteration reached']

Optimization: Optimize
Maximized Likelihood, AIC, Parameter Estimates, 95% Confidence Intervals:
AIC	-230.357
likelihood	117.179
thetaratio	0.9025	(0.8487 - 0.9594)
2Ns	-0.58095	(-0.7293 - -0.42979)

Compare data and optimization estimates
	Euclidean Distance: 0.1910 RMSE: 0.05105
	*Expected counts generated with Wright-Fisher theta estimates (SF_Ratios does not provide theta estimates)
--------------------------------------------------------------------------------------------------------------
i	DataN	DataS	DataRatio	Fit*_N	Fit*_S	Fit_Ratio
0	0.0	0.0	inf	0.0	0.0	inf
1	146.1	125.6	0.8597	131.1	113.5	0.8653
2	69.2	55.6	0.8035	65.6	54.4	0.8299
3	46.7	36.5	0.7816	43.7	34.8	0.7962
4	34.7	26.7	0.7695	32.8	25.1	0.7641
5	26.8	20.8	0.7761	26.2	19.2	0.7335
6	21.1	16.5	0.782	21.9	15.4	0.7043
7	17.1	12.9	0.7544	18.7	12.7	0.6764
8	14.0	9.9	0.7071	16.4	10.7	0.6499
9	11.7	7.5	0.641	14.6	9.1	0.6246
10	10.0	5.7	0.57	13.1	7.9	0.6005
11	8.6	4.5	0.5233	11.9	6.9	0.5775
12	7.6	3.6	0.4737	10.9	6.1	0.5556
13	6.8	3.1	0.4559	10.1	5.4	0.5347
14	6.0	3.3	0.55	9.4	4.8	0.5147

Time taken: 0 hours, 10 minutes, 49.62 seconds
