SF_Ratios.py   @Jody Hey 2024
=============================
Command line: -d fixed2Ns -f unfolded -i 3 -u -p uk10k_atA-atC -a /home/haruto/Lab-Work/Document/SFS/FlankingBases/syn_codon/single/uk10k/uk10k_vep_pickorder_flanking_syn_codon_atA-atC_down_15 -r /home/haruto/Lab-Work/Document/SF_Ratios/FlankingBases/syn_codon/uk10k
Arguments:
	sfsfilename: /home/haruto/Lab-Work/Document/SFS/FlankingBases/syn_codon/single/uk10k/uk10k_vep_pickorder_flanking_syn_codon_atA-atC_down_15
	fix_theta_ratio: None
	densityof2Ns: fixed2Ns
	foldstatus: unfolded
	basinhoppingopt: False
	optimizetries: 3
	setmax2Ns: 0
	maxi: None
	poplabel: uk10k_atA-atC
	estimatemax2Ns: False
	outdir: /home/haruto/Lab-Work/Document/SF_Ratios/FlankingBases/syn_codon/uk10k
	dualannealopt: True
	estimate_pointmass: False
	filecheck: False
	estimate_pointmass0: False
	commandstring: -d fixed2Ns -f unfolded -i 3 -u -p uk10k_atA-atC -a /home/haruto/Lab-Work/Document/SFS/FlankingBases/syn_codon/single/uk10k/uk10k_vep_pickorder_flanking_syn_codon_atA-atC_down_15 -r /home/haruto/Lab-Work/Document/SF_Ratios/FlankingBases/syn_codon/uk10k
	fixmode0: False
	thetaNspacerange: 100
	profile: False
	estimate_both_thetas: False
	includemisspec: False
	dofolded: False
	nc: 15
	datafileheader: intergenic_variant
	numparams: 2
	local_optimize_method: Nelder-Mead

trial	likelihood	thetaratio	2Ns	optimizer_message
0	24.82831	1.14431e+00 -3.00310e-01	Optimization terminated successfully.
1	24.82831	1.14429e+00 -3.00291e-01	Optimization terminated successfully.
2	24.82831	1.14431e+00 -3.00288e-01	Optimization terminated successfully.
DA1	24.82831	1.14430e+00 -3.00298e-01	['Maximum number of iteration reached']
DA2	24.82831	1.14430e+00 -3.00298e-01	['Maximum number of iteration reached']

Optimization: Dualannealing1
Maximized Likelihood, AIC, Parameter Estimates, 95% Confidence Intervals:
AIC	-45.657
likelihood	24.828
thetaratio	1.1443	(0.7096 - 1.7023)
2Ns	-0.3003	(-1.5587 - 1.2247)

Compare data and optimization estimates
	Euclidean Distance: inf RMSE: inf
	*Expected counts generated with Wright-Fisher theta estimates (SF_Ratios does not provide theta estimates)
--------------------------------------------------------------------------------------------------------------
i	DataN	DataS	DataRatio	Fit*_N	Fit*_S	Fit_Ratio
0	0.0	0.0	inf	0.0	0.0	inf
1	2.6	3.6	1.385	2.5	2.8	1.121
2	1.5	1.3	0.8667	1.2	1.4	1.099
3	1.0	0.5	0.5	0.8	0.9	1.077
4	0.7	0.4	0.5714	0.6	0.7	1.055
5	0.5	0.4	0.8	0.5	0.5	1.034
6	0.4	0.4	1	0.4	0.4	1.014
7	0.3	0.4	1.333	0.4	0.4	0.9941
8	0.2	0.3	1.5	0.3	0.3	0.9747
9	0.1	0.3	3	0.3	0.3	0.9557
10	0.1	0.3	3	0.2	0.2	0.9372
11	0.0	0.2	inf	0.2	0.2	0.9191
12	0.1	0.1	1	0.2	0.2	0.9014
13	0.2	0.0	0	0.2	0.2	0.8842
14	0.4	0.0	0	0.2	0.2	0.8673

Time taken: 0 hours, 8 minutes, 31.29 seconds
