SF_Ratios.py   @Jody Hey 2024
=============================
Command line: -d fixed2Ns -f unfolded -i 3 -u -p uk10k_acG-acT -a /home/haruto/Lab-Work/Document/SFS/FlankingBases/syn_codon/single/uk10k/uk10k_vep_pickorder_flanking_syn_codon_acG-acT_down_15 -r /home/haruto/Lab-Work/Document/SF_Ratios/FlankingBases/syn_codon/uk10k
Arguments:
	sfsfilename: /home/haruto/Lab-Work/Document/SFS/FlankingBases/syn_codon/single/uk10k/uk10k_vep_pickorder_flanking_syn_codon_acG-acT_down_15
	fix_theta_ratio: None
	densityof2Ns: fixed2Ns
	foldstatus: unfolded
	basinhoppingopt: False
	optimizetries: 3
	setmax2Ns: 0
	maxi: None
	poplabel: uk10k_acG-acT
	estimatemax2Ns: False
	outdir: /home/haruto/Lab-Work/Document/SF_Ratios/FlankingBases/syn_codon/uk10k
	dualannealopt: True
	estimate_pointmass: False
	filecheck: False
	estimate_pointmass0: False
	commandstring: -d fixed2Ns -f unfolded -i 3 -u -p uk10k_acG-acT -a /home/haruto/Lab-Work/Document/SFS/FlankingBases/syn_codon/single/uk10k/uk10k_vep_pickorder_flanking_syn_codon_acG-acT_down_15 -r /home/haruto/Lab-Work/Document/SF_Ratios/FlankingBases/syn_codon/uk10k
	fixmode0: False
	thetaNspacerange: 100
	profile: False
	estimate_both_thetas: False
	includemisspec: False
	dofolded: False
	nc: 15
	datafileheader: intergenic_variant
	numparams: 2
	local_optimize_method: Nelder-Mead

trial	likelihood	thetaratio	2Ns	optimizer_message
0	63.35938	8.13419e-01 -7.37259e-01	Optimization terminated successfully.
1	63.35938	8.13420e-01 -7.37268e-01	Optimization terminated successfully.
2	63.35938	8.13396e-01 -7.37223e-01	Optimization terminated successfully.
DA1	63.35938	8.13407e-01 -7.37236e-01	['Maximum number of iteration reached']
DA2	63.35938	8.13407e-01 -7.37235e-01	['Maximum number of iteration reached']

Optimization: Dualannealing2
Maximized Likelihood, AIC, Parameter Estimates, 95% Confidence Intervals:
AIC	-122.719
likelihood	63.359
thetaratio	0.8134	(0.6349 - 1.0214)
2Ns	-0.73724	(-1.3287 - -0.1332)

Compare data and optimization estimates
	Euclidean Distance: 0.9952 RMSE: 0.26599
	*Expected counts generated with Wright-Fisher theta estimates (SF_Ratios does not provide theta estimates)
--------------------------------------------------------------------------------------------------------------
i	DataN	DataS	DataRatio	Fit*_N	Fit*_S	Fit_Ratio
0	0.0	0.0	inf	0.0	0.0	inf
1	10.7	8.7	0.8131	11.1	8.5	0.7698
2	5.8	3.5	0.6034	5.6	4.0	0.7289
3	4.5	2.1	0.4667	3.7	2.6	0.6904
4	3.4	1.8	0.5294	2.8	1.8	0.6542
5	2.4	1.8	0.75	2.2	1.4	0.6202
6	1.7	1.7	1	1.9	1.1	0.5882
7	1.4	1.5	1.071	1.6	0.9	0.5581
8	1.3	1.2	0.9231	1.4	0.7	0.5298
9	1.3	1.0	0.7692	1.2	0.6	0.5032
10	1.2	0.7	0.5833	1.1	0.5	0.4782
11	1.1	0.4	0.3636	1.0	0.5	0.4546
12	0.8	0.2	0.25	0.9	0.4	0.4324
13	0.4	0.1	0.25	0.9	0.4	0.4116
14	0.1	0.0	0	0.8	0.3	0.3919

Time taken: 0 hours, 8 minutes, 52.60 seconds
