SF_Ratios.py   @Jody Hey 2024
=============================
Command line: -d fixed2Ns -f unfolded -i 3 -u -p uk10k_ctC-ctT -a /home/haruto/Lab-Work/Document/SFS/FlankingBases/syn_codon/single/uk10k/uk10k_vep_pickorder_flanking_syn_codon_ctC-ctT_down_15 -r /home/haruto/Lab-Work/Document/SF_Ratios/FlankingBases/syn_codon/uk10k
Arguments:
	sfsfilename: /home/haruto/Lab-Work/Document/SFS/FlankingBases/syn_codon/single/uk10k/uk10k_vep_pickorder_flanking_syn_codon_ctC-ctT_down_15
	fix_theta_ratio: None
	densityof2Ns: fixed2Ns
	foldstatus: unfolded
	basinhoppingopt: False
	optimizetries: 3
	setmax2Ns: 0
	maxi: None
	poplabel: uk10k_ctC-ctT
	estimatemax2Ns: False
	outdir: /home/haruto/Lab-Work/Document/SF_Ratios/FlankingBases/syn_codon/uk10k
	dualannealopt: True
	estimate_pointmass: False
	filecheck: False
	estimate_pointmass0: False
	commandstring: -d fixed2Ns -f unfolded -i 3 -u -p uk10k_ctC-ctT -a /home/haruto/Lab-Work/Document/SFS/FlankingBases/syn_codon/single/uk10k/uk10k_vep_pickorder_flanking_syn_codon_ctC-ctT_down_15 -r /home/haruto/Lab-Work/Document/SF_Ratios/FlankingBases/syn_codon/uk10k
	fixmode0: False
	thetaNspacerange: 100
	profile: False
	estimate_both_thetas: False
	includemisspec: False
	dofolded: False
	nc: 15
	datafileheader: intergenic_variant
	numparams: 2
	local_optimize_method: Nelder-Mead

trial	likelihood	thetaratio	2Ns	optimizer_message
0	104.55055	9.14889e-01 -7.42736e-01	Optimization terminated successfully.
1	104.55055	9.14848e-01 -7.42661e-01	Optimization terminated successfully.
2	104.55055	9.14865e-01 -7.42711e-01	Optimization terminated successfully.
DA1	104.55055	9.14865e-01 -7.42694e-01	['Maximum number of iteration reached']
DA2	104.55055	9.14865e-01 -7.42693e-01	['Maximum number of iteration reached']

Optimization: Dualannealing2
Maximized Likelihood, AIC, Parameter Estimates, 95% Confidence Intervals:
AIC	-205.101
likelihood	104.551
thetaratio	0.9149	(0.8368 - 1.0050)
2Ns	-0.74269	(-0.9394 - -0.54273)

Compare data and optimization estimates
	Euclidean Distance: 0.2598 RMSE: 0.06943
	*Expected counts generated with Wright-Fisher theta estimates (SF_Ratios does not provide theta estimates)
--------------------------------------------------------------------------------------------------------------
i	DataN	DataS	DataRatio	Fit*_N	Fit*_S	Fit_Ratio
0	0.0	0.0	inf	0.0	0.0	inf
1	80.7	64.8	0.803	72.5	62.8	0.8654
2	34.6	28.0	0.8092	36.3	29.7	0.819
3	22.6	19.4	0.8584	24.2	18.8	0.7754
4	17.2	14.9	0.8663	18.1	13.3	0.7344
5	14.3	11.7	0.8182	14.5	10.1	0.6959
6	12.5	9.1	0.728	12.1	8.0	0.6597
7	11.0	7.1	0.6455	10.4	6.5	0.6257
8	9.7	5.6	0.5773	9.1	5.4	0.5937
9	8.4	4.5	0.5357	8.1	4.5	0.5637
10	7.2	3.6	0.5	7.3	3.9	0.5354
11	6.0	2.7	0.45	6.6	3.4	0.5088
12	5.0	2.0	0.4	6.0	2.9	0.4838
13	3.9	1.5	0.3846	5.6	2.6	0.4603
14	2.8	1.3	0.4643	5.2	2.3	0.4382

Time taken: 0 hours, 9 minutes, 41.25 seconds
