SF_Ratios.py   @Jody Hey 2024
=============================
Command line: -d fixed2Ns -f unfolded -i 3 -u -p uk10k_agT-agC -a /home/haruto/Lab-Work/Document/SFS/FlankingBases/syn_codon/single/uk10k/uk10k_vep_pickorder_flanking_syn_codon_agT-agC_down_15 -r /home/haruto/Lab-Work/Document/SF_Ratios/FlankingBases/syn_codon/uk10k
Arguments:
	sfsfilename: /home/haruto/Lab-Work/Document/SFS/FlankingBases/syn_codon/single/uk10k/uk10k_vep_pickorder_flanking_syn_codon_agT-agC_down_15
	fix_theta_ratio: None
	densityof2Ns: fixed2Ns
	foldstatus: unfolded
	basinhoppingopt: False
	optimizetries: 3
	setmax2Ns: 0
	maxi: None
	poplabel: uk10k_agT-agC
	estimatemax2Ns: False
	outdir: /home/haruto/Lab-Work/Document/SF_Ratios/FlankingBases/syn_codon/uk10k
	dualannealopt: True
	estimate_pointmass: False
	filecheck: False
	estimate_pointmass0: False
	commandstring: -d fixed2Ns -f unfolded -i 3 -u -p uk10k_agT-agC -a /home/haruto/Lab-Work/Document/SFS/FlankingBases/syn_codon/single/uk10k/uk10k_vep_pickorder_flanking_syn_codon_agT-agC_down_15 -r /home/haruto/Lab-Work/Document/SF_Ratios/FlankingBases/syn_codon/uk10k
	fixmode0: False
	thetaNspacerange: 100
	profile: False
	estimate_both_thetas: False
	includemisspec: False
	dofolded: False
	nc: 15
	datafileheader: intergenic_variant
	numparams: 2
	local_optimize_method: Nelder-Mead

trial	likelihood	thetaratio	2Ns	optimizer_message
0	76.78841	1.00077e+00 -7.20719e-01	Optimization terminated successfully.
1	76.78841	1.00075e+00 -7.20719e-01	Optimization terminated successfully.
2	76.78841	1.00074e+00 -7.20702e-01	Optimization terminated successfully.
DA1	76.78841	1.00076e+00 -7.20710e-01	['Maximum number of iteration reached']
DA2	76.78841	1.00075e+00 -7.20710e-01	['Maximum number of iteration reached']

Optimization: Dualannealing1
Maximized Likelihood, AIC, Parameter Estimates, 95% Confidence Intervals:
AIC	-149.577
likelihood	76.788
thetaratio	1.0008	(0.8526 - 1.1649)
2Ns	-0.72071	(-1.0883 - -0.34661)

Compare data and optimization estimates
	Euclidean Distance: 0.3830 RMSE: 0.10237
	*Expected counts generated with Wright-Fisher theta estimates (SF_Ratios does not provide theta estimates)
--------------------------------------------------------------------------------------------------------------
i	DataN	DataS	DataRatio	Fit*_N	Fit*_S	Fit_Ratio
0	0.0	0.0	inf	0.0	0.0	inf
1	15.2	14.1	0.9276	18.7	17.7	0.9485
2	7.7	7.0	0.9091	9.3	8.4	0.8993
3	6.0	5.1	0.85	6.2	5.3	0.8529
4	5.2	4.0	0.7692	4.7	3.8	0.8093
5	4.6	3.2	0.6957	3.7	2.9	0.7683
6	4.1	2.8	0.6829	3.1	2.3	0.7296
7	3.5	2.6	0.7429	2.7	1.8	0.6932
8	3.0	2.4	0.8	2.3	1.5	0.6589
9	2.7	2.2	0.8148	2.1	1.3	0.6266
10	2.4	1.8	0.75	1.9	1.1	0.5962
11	2.2	1.3	0.5909	1.7	1.0	0.5675
12	1.8	0.9	0.5	1.6	0.8	0.5405
13	1.3	0.5	0.3846	1.4	0.7	0.515
14	1.0	0.3	0.3	1.3	0.7	0.491

Time taken: 0 hours, 9 minutes, 28.81 seconds
