SF_Ratios.py   @Jody Hey 2024
=============================
Command line: -d fixed2Ns -f unfolded -i 3 -u -r /home/haruto/Lab-Work/Document/SF_Ratios/FlankingBases/syn_codon/uk10k -a /home/haruto/Lab-Work/Document/SFS/FlankingBases/syn_codon/single/uk10k/uk10k_vep_pickorder_flanking_syn_codon_ggC-ggA_down_15 -p uk10k_ggC-ggA
Arguments:
	sfsfilename: /home/haruto/Lab-Work/Document/SFS/FlankingBases/syn_codon/single/uk10k/uk10k_vep_pickorder_flanking_syn_codon_ggC-ggA_down_15
	fix_theta_ratio: None
	densityof2Ns: fixed2Ns
	foldstatus: unfolded
	basinhoppingopt: False
	optimizetries: 3
	setmax2Ns: 0
	maxi: None
	poplabel: uk10k_ggC-ggA
	estimatemax2Ns: False
	outdir: /home/haruto/Lab-Work/Document/SF_Ratios/FlankingBases/syn_codon/uk10k
	dualannealopt: True
	estimate_pointmass: False
	filecheck: False
	estimate_pointmass0: False
	commandstring: -d fixed2Ns -f unfolded -i 3 -u -r /home/haruto/Lab-Work/Document/SF_Ratios/FlankingBases/syn_codon/uk10k -a /home/haruto/Lab-Work/Document/SFS/FlankingBases/syn_codon/single/uk10k/uk10k_vep_pickorder_flanking_syn_codon_ggC-ggA_down_15 -p uk10k_ggC-ggA
	fixmode0: False
	thetaNspacerange: 100
	profile: False
	estimate_both_thetas: False
	includemisspec: False
	dofolded: False
	nc: 15
	datafileheader: intergenic_variant
	numparams: 2
	local_optimize_method: Nelder-Mead

trial	likelihood	thetaratio	2Ns	optimizer_message
0	55.38832	1.32024e+00 -1.56546e-01	Optimization terminated successfully.
1	55.38832	1.32024e+00 -1.56492e-01	Optimization terminated successfully.
2	55.38832	1.32027e+00 -1.56568e-01	Optimization terminated successfully.
DA1	55.38832	1.32024e+00 -1.56532e-01	['Maximum number of iteration reached']
DA2	55.38832	1.32024e+00 -1.56531e-01	['Maximum number of iteration reached']

Optimization: Dualannealing1
Maximized Likelihood, AIC, Parameter Estimates, 95% Confidence Intervals:
AIC	-106.777
likelihood	55.388
thetaratio	1.3202	(1.0757 - 1.5982)
2Ns	-0.15653	(-0.65134 - 0.39347)

Compare data and optimization estimates
	Euclidean Distance: 1.4410 RMSE: 0.38512
	*Expected counts generated with Wright-Fisher theta estimates (SF_Ratios does not provide theta estimates)
--------------------------------------------------------------------------------------------------------------
i	DataN	DataS	DataRatio	Fit*_N	Fit*_S	Fit_Ratio
0	0.0	0.0	inf	0.0	0.0	inf
1	9.1	12.0	1.319	9.8	12.8	1.307
2	5.2	5.6	1.077	4.9	6.3	1.294
3	3.8	4.0	1.053	3.3	4.2	1.28
4	2.7	3.1	1.148	2.4	3.1	1.268
5	1.8	2.5	1.389	2.0	2.5	1.255
6	1.2	2.1	1.75	1.6	2.0	1.242
7	0.9	1.8	2	1.4	1.7	1.23
8	0.9	1.7	1.889	1.2	1.5	1.217
9	1.0	1.5	1.5	1.1	1.3	1.205
10	1.2	1.4	1.167	1.0	1.2	1.193
11	1.3	1.2	0.9231	0.9	1.1	1.181
12	1.2	1.0	0.8333	0.8	1.0	1.17
13	0.9	0.7	0.7778	0.8	0.9	1.158
14	0.6	0.4	0.6667	0.7	0.8	1.147

Time taken: 0 hours, 9 minutes, 11.27 seconds
