SF_Ratios.py   @Jody Hey 2024
=============================
Command line: -d fixed2Ns -f unfolded -i 3 -u -p uk10k_ccG-ccC -a /home/haruto/Lab-Work/Document/SFS/FlankingBases/syn_codon/single/uk10k/uk10k_vep_pickorder_flanking_syn_codon_ccG-ccC_down_15 -r /home/haruto/Lab-Work/Document/SF_Ratios/FlankingBases/syn_codon/uk10k
Arguments:
	sfsfilename: /home/haruto/Lab-Work/Document/SFS/FlankingBases/syn_codon/single/uk10k/uk10k_vep_pickorder_flanking_syn_codon_ccG-ccC_down_15
	fix_theta_ratio: None
	densityof2Ns: fixed2Ns
	foldstatus: unfolded
	basinhoppingopt: False
	optimizetries: 3
	setmax2Ns: 0
	maxi: None
	poplabel: uk10k_ccG-ccC
	estimatemax2Ns: False
	outdir: /home/haruto/Lab-Work/Document/SF_Ratios/FlankingBases/syn_codon/uk10k
	dualannealopt: True
	estimate_pointmass: False
	filecheck: False
	estimate_pointmass0: False
	commandstring: -d fixed2Ns -f unfolded -i 3 -u -p uk10k_ccG-ccC -a /home/haruto/Lab-Work/Document/SFS/FlankingBases/syn_codon/single/uk10k/uk10k_vep_pickorder_flanking_syn_codon_ccG-ccC_down_15 -r /home/haruto/Lab-Work/Document/SF_Ratios/FlankingBases/syn_codon/uk10k
	fixmode0: False
	thetaNspacerange: 100
	profile: False
	estimate_both_thetas: False
	includemisspec: False
	dofolded: False
	nc: 15
	datafileheader: intergenic_variant
	numparams: 2
	local_optimize_method: Nelder-Mead

trial	likelihood	thetaratio	2Ns	optimizer_message
0	34.34260	7.67663e-01 3.46762e+00	Optimization terminated successfully.
1	34.34260	7.67663e-01 3.46766e+00	Optimization terminated successfully.
2	34.34260	7.67664e-01 3.46759e+00	Optimization terminated successfully.
DA1	34.34260	7.67665e-01 3.46759e+00	['Maximum number of iteration reached']
DA2	34.34260	7.67664e-01 3.46762e+00	['Maximum number of iteration reached']

Optimization: Dualannealing2
Maximized Likelihood, AIC, Parameter Estimates, 95% Confidence Intervals:
AIC	-64.685
likelihood	34.343
thetaratio	0.7677	(0.5641 - 1.0230)
2Ns	3.4676	(0.93393 - nan)

Compare data and optimization estimates
	Euclidean Distance: inf RMSE: inf
	*Expected counts generated with Wright-Fisher theta estimates (SF_Ratios does not provide theta estimates)
--------------------------------------------------------------------------------------------------------------
i	DataN	DataS	DataRatio	Fit*_N	Fit*_S	Fit_Ratio
0	0.0	0.0	inf	0.0	0.0	inf
1	5.3	3.7	0.6981	4.6	3.8	0.8219
2	2.9	1.9	0.6552	2.3	2.1	0.8839
3	1.9	1.5	0.7895	1.5	1.5	0.9556
4	1.2	1.5	1.25	1.2	1.2	1.039
5	0.8	1.5	1.875	0.9	1.1	1.136
6	0.7	1.4	2	0.8	1.0	1.252
7	0.6	1.2	2	0.7	0.9	1.389
8	0.6	0.9	1.5	0.6	0.9	1.554
9	0.5	0.7	1.4	0.5	0.9	1.753
10	0.3	0.5	1.667	0.5	0.9	1.996
11	0.2	0.3	1.5	0.4	1.0	2.295
12	0.1	0.2	2	0.4	1.0	2.664
13	0.0	0.1	inf	0.4	1.1	3.123
14	0.0	0.0	inf	0.3	1.2	3.697

Time taken: 0 hours, 8 minutes, 23.24 seconds
