SF_Ratios.py   @Jody Hey 2024
=============================
Command line: -d fixed2Ns -f unfolded -i 3 -u -p uk10k_ccT-ccG -a /home/haruto/Lab-Work/Document/SFS/FlankingBases/syn_codon/single/uk10k/uk10k_vep_pickorder_flanking_syn_codon_ccT-ccG_down_15 -r /home/haruto/Lab-Work/Document/SF_Ratios/FlankingBases/syn_codon/uk10k
Arguments:
	sfsfilename: /home/haruto/Lab-Work/Document/SFS/FlankingBases/syn_codon/single/uk10k/uk10k_vep_pickorder_flanking_syn_codon_ccT-ccG_down_15
	fix_theta_ratio: None
	densityof2Ns: fixed2Ns
	foldstatus: unfolded
	basinhoppingopt: False
	optimizetries: 3
	setmax2Ns: 0
	maxi: None
	poplabel: uk10k_ccT-ccG
	estimatemax2Ns: False
	outdir: /home/haruto/Lab-Work/Document/SF_Ratios/FlankingBases/syn_codon/uk10k
	dualannealopt: True
	estimate_pointmass: False
	filecheck: False
	estimate_pointmass0: False
	commandstring: -d fixed2Ns -f unfolded -i 3 -u -p uk10k_ccT-ccG -a /home/haruto/Lab-Work/Document/SFS/FlankingBases/syn_codon/single/uk10k/uk10k_vep_pickorder_flanking_syn_codon_ccT-ccG_down_15 -r /home/haruto/Lab-Work/Document/SF_Ratios/FlankingBases/syn_codon/uk10k
	fixmode0: False
	thetaNspacerange: 100
	profile: False
	estimate_both_thetas: False
	includemisspec: False
	dofolded: False
	nc: 15
	datafileheader: intergenic_variant
	numparams: 2
	local_optimize_method: Nelder-Mead

trial	likelihood	thetaratio	2Ns	optimizer_message
0	44.94257	4.61211e-01 1.00000e+03	Optimization terminated successfully.
1	44.94257	4.61220e-01 1.00000e+03	Optimization terminated successfully.
2	44.94257	4.61167e-01 1.00000e+03	Optimization terminated successfully.
DA1	44.94257	4.61200e-01 9.43918e+02	['Maximum number of iteration reached']
DA2	44.94257	4.61200e-01 9.03377e+02	['Maximum number of iteration reached']

Optimization: Optimize
Maximized Likelihood, AIC, Parameter Estimates, 95% Confidence Intervals:
AIC	-85.885
likelihood	44.943
thetaratio	0.4612	(0.3286 - 0.6271)
2Ns	1000	(1.7463 - nan)

Compare data and optimization estimates
	Euclidean Distance: inf RMSE: inf
	*Expected counts generated with Wright-Fisher theta estimates (SF_Ratios does not provide theta estimates)
--------------------------------------------------------------------------------------------------------------
i	DataN	DataS	DataRatio	Fit*_N	Fit*_S	Fit_Ratio
0	0.0	0.0	inf	0.0	0.0	inf
1	7.1	7.8	1.099	6.3	3.1	0.4942
2	4.3	2.7	0.6279	3.2	1.7	0.5322
3	2.8	1.2	0.4286	2.1	1.2	0.5765
4	1.8	0.7	0.3889	1.6	1.0	0.6289
5	1.2	0.7	0.5833	1.3	0.9	0.6918
6	0.8	0.6	0.75	1.1	0.8	0.7687
7	0.6	0.5	0.8333	0.9	0.8	0.8648
8	0.5	0.4	0.8	0.8	0.8	0.9883
9	0.5	0.4	0.8	0.7	0.8	1.153
10	0.4	0.4	1	0.6	0.9	1.384
11	0.3	0.5	1.667	0.6	1.0	1.73
12	0.2	0.4	2	0.5	1.2	2.306
13	0.1	0.3	3	0.5	1.7	3.459
14	0.0	0.1	inf	0.5	3.1	6.87

Time taken: 0 hours, 14 minutes, 45.12 seconds
