SF_Ratios.py   @Jody Hey 2024
=============================
Command line: -d fixed2Ns -f unfolded -i 3 -u -p uk10k_cgC-cgA -a /home/haruto/Lab-Work/Document/SFS/FlankingBases/syn_codon/single/uk10k/uk10k_vep_pickorder_flanking_syn_codon_cgC-cgA_down_15 -r /home/haruto/Lab-Work/Document/SF_Ratios/FlankingBases/syn_codon/uk10k
Arguments:
	sfsfilename: /home/haruto/Lab-Work/Document/SFS/FlankingBases/syn_codon/single/uk10k/uk10k_vep_pickorder_flanking_syn_codon_cgC-cgA_down_15
	fix_theta_ratio: None
	densityof2Ns: fixed2Ns
	foldstatus: unfolded
	basinhoppingopt: False
	optimizetries: 3
	setmax2Ns: 0
	maxi: None
	poplabel: uk10k_cgC-cgA
	estimatemax2Ns: False
	outdir: /home/haruto/Lab-Work/Document/SF_Ratios/FlankingBases/syn_codon/uk10k
	dualannealopt: True
	estimate_pointmass: False
	filecheck: False
	estimate_pointmass0: False
	commandstring: -d fixed2Ns -f unfolded -i 3 -u -p uk10k_cgC-cgA -a /home/haruto/Lab-Work/Document/SFS/FlankingBases/syn_codon/single/uk10k/uk10k_vep_pickorder_flanking_syn_codon_cgC-cgA_down_15 -r /home/haruto/Lab-Work/Document/SF_Ratios/FlankingBases/syn_codon/uk10k
	fixmode0: False
	thetaNspacerange: 100
	profile: False
	estimate_both_thetas: False
	includemisspec: False
	dofolded: False
	nc: 15
	datafileheader: intergenic_variant
	numparams: 2
	local_optimize_method: Nelder-Mead

trial	likelihood	thetaratio	2Ns	optimizer_message
0	47.28705	5.77256e-01 4.13928e-01	Optimization terminated successfully.
1	47.28705	5.77232e-01 4.13951e-01	Optimization terminated successfully.
2	47.28705	5.77255e-01 4.13924e-01	Optimization terminated successfully.
DA1	47.28705	5.77247e-01 4.13933e-01	['Maximum number of iteration reached']
DA2	47.28705	5.77247e-01 4.13934e-01	['Maximum number of iteration reached']

Optimization: Dualannealing2
Maximized Likelihood, AIC, Parameter Estimates, 95% Confidence Intervals:
AIC	-90.574
likelihood	47.287
thetaratio	0.5772	(0.4054 - 0.8041)
2Ns	0.41393	(-0.44627 - 1.6581)

Compare data and optimization estimates
	Euclidean Distance: 0.8204 RMSE: 0.21927
	*Expected counts generated with Wright-Fisher theta estimates (SF_Ratios does not provide theta estimates)
--------------------------------------------------------------------------------------------------------------
i	DataN	DataS	DataRatio	Fit*_N	Fit*_S	Fit_Ratio
0	0.0	0.0	inf	0.0	0.0	inf
1	5.0	2.2	0.44	4.8	2.8	0.5905
2	1.5	0.9	0.6	2.4	1.4	0.6043
3	0.7	0.6	0.8571	1.6	1.0	0.6184
4	0.5	0.6	1.2	1.2	0.8	0.633
5	0.5	0.5	1	1.0	0.6	0.648
6	0.7	0.5	0.7143	0.8	0.5	0.6636
7	0.9	0.5	0.5556	0.7	0.5	0.6796
8	1.0	0.5	0.5	0.6	0.4	0.6961
9	1.0	0.5	0.5	0.5	0.4	0.7131
10	0.9	0.5	0.5556	0.5	0.3	0.7307
11	0.9	0.6	0.6667	0.4	0.3	0.7489
12	0.8	0.6	0.75	0.4	0.3	0.7676
13	0.7	0.5	0.7143	0.4	0.3	0.787
14	0.4	0.3	0.75	0.3	0.3	0.8069

Time taken: 0 hours, 9 minutes, 13.35 seconds
