SF_Ratios.py   @Jody Hey 2024
=============================
Command line: -d fixed2Ns -f unfolded -i 3 -u -p uk10k_Aga-Cga -a /home/haruto/Lab-Work/Document/SFS/FlankingBases/syn_codon/single/uk10k/uk10k_vep_pickorder_flanking_syn_codon_Aga-Cga_down_15 -r /home/haruto/Lab-Work/Document/SF_Ratios/FlankingBases/syn_codon/uk10k
Arguments:
	sfsfilename: /home/haruto/Lab-Work/Document/SFS/FlankingBases/syn_codon/single/uk10k/uk10k_vep_pickorder_flanking_syn_codon_Aga-Cga_down_15
	fix_theta_ratio: None
	densityof2Ns: fixed2Ns
	foldstatus: unfolded
	basinhoppingopt: False
	optimizetries: 3
	setmax2Ns: 0
	maxi: None
	poplabel: uk10k_Aga-Cga
	estimatemax2Ns: False
	outdir: /home/haruto/Lab-Work/Document/SF_Ratios/FlankingBases/syn_codon/uk10k
	dualannealopt: True
	estimate_pointmass: False
	filecheck: False
	estimate_pointmass0: False
	commandstring: -d fixed2Ns -f unfolded -i 3 -u -p uk10k_Aga-Cga -a /home/haruto/Lab-Work/Document/SFS/FlankingBases/syn_codon/single/uk10k/uk10k_vep_pickorder_flanking_syn_codon_Aga-Cga_down_15 -r /home/haruto/Lab-Work/Document/SF_Ratios/FlankingBases/syn_codon/uk10k
	fixmode0: False
	thetaNspacerange: 100
	profile: False
	estimate_both_thetas: False
	includemisspec: False
	dofolded: False
	nc: 15
	datafileheader: intergenic_variant
	numparams: 2
	local_optimize_method: Nelder-Mead

trial	likelihood	thetaratio	2Ns	optimizer_message
0	137.17619	8.59259e+00 -1.00000e+03	Optimization terminated successfully.
1	130.52457	2.14815e-02 -1.00000e+03	Optimization terminated successfully.
2	137.17619	8.59259e+00 -1.00000e+03	Optimization terminated successfully.
DA1	137.17619	8.59259e+00 -1.00000e+03	['Maximum number of iteration reached']
DA2	137.17619	8.59259e+00 -1.00000e+03	['Maximum number of iteration reached']

Optimization: Dualannealing2
Maximized Likelihood, AIC, Parameter Estimates, 95% Confidence Intervals:
AIC	-270.352
likelihood	137.176
thetaratio	8.5926	(2.0547 - nan)
2Ns	-1000	(nan - -886.18)

Compare data and optimization estimates
	Euclidean Distance: 1.2708 RMSE: 0.33964
	*Expected counts generated with Wright-Fisher theta estimates (SF_Ratios does not provide theta estimates)
--------------------------------------------------------------------------------------------------------------
i	DataN	DataS	DataRatio	Fit*_N	Fit*_S	Fit_Ratio
0	0.0	0.0	inf	0.0	0.0	inf
1	4.9	3.3	0.6735	4.2	0.3	0.06403
2	2.5	1.0	0.4	2.1	0.0	0.0004457
3	1.5	0.5	0.3333	1.4	0.0	2.884e-06
4	0.8	0.3	0.375	1.0	0.0	1.725e-08
5	0.5	0.3	0.6	0.8	0.0	9.461e-11
6	0.4	0.2	0.5	0.7	0.0	4.723e-13
7	0.3	0.1	0.3333	0.6	0.0	2.124e-15
8	0.3	0.1	0.3333	0.5	0.0	8.502e-18
9	0.4	0.0	0	0.5	0.0	2.98e-20
10	0.5	0.0	0	0.4	0.0	8.963e-23
11	0.5	0.0	0	0.4	0.0	2.249e-25
12	0.5	0.0	0	0.3	0.0	4.517e-28
13	0.3	0.0	0	0.3	0.0	6.814e-31
14	0.1	0.0	0	0.3	0.0	6.858e-34

Time taken: 0 hours, 16 minutes, 19.66 seconds
