SF_Ratios.py   @Jody Hey 2024
=============================
Command line: -d fixed2Ns -f unfolded -i 3 -u -p uk10k_cgC-cgT -a /home/haruto/Lab-Work/Document/SFS/FlankingBases/syn_codon/single/uk10k/uk10k_vep_pickorder_flanking_syn_codon_cgC-cgT_down_15 -r /home/haruto/Lab-Work/Document/SF_Ratios/FlankingBases/syn_codon/uk10k
Arguments:
	sfsfilename: /home/haruto/Lab-Work/Document/SFS/FlankingBases/syn_codon/single/uk10k/uk10k_vep_pickorder_flanking_syn_codon_cgC-cgT_down_15
	fix_theta_ratio: None
	densityof2Ns: fixed2Ns
	foldstatus: unfolded
	basinhoppingopt: False
	optimizetries: 3
	setmax2Ns: 0
	maxi: None
	poplabel: uk10k_cgC-cgT
	estimatemax2Ns: False
	outdir: /home/haruto/Lab-Work/Document/SF_Ratios/FlankingBases/syn_codon/uk10k
	dualannealopt: True
	estimate_pointmass: False
	filecheck: False
	estimate_pointmass0: False
	commandstring: -d fixed2Ns -f unfolded -i 3 -u -p uk10k_cgC-cgT -a /home/haruto/Lab-Work/Document/SFS/FlankingBases/syn_codon/single/uk10k/uk10k_vep_pickorder_flanking_syn_codon_cgC-cgT_down_15 -r /home/haruto/Lab-Work/Document/SF_Ratios/FlankingBases/syn_codon/uk10k
	fixmode0: False
	thetaNspacerange: 100
	profile: False
	estimate_both_thetas: False
	includemisspec: False
	dofolded: False
	nc: 15
	datafileheader: intergenic_variant
	numparams: 2
	local_optimize_method: Nelder-Mead

trial	likelihood	thetaratio	2Ns	optimizer_message
0	79.24452	7.70477e-01 1.64655e-01	Optimization terminated successfully.
1	79.24452	7.70467e-01 1.64676e-01	Optimization terminated successfully.
2	79.24452	7.70469e-01 1.64660e-01	Optimization terminated successfully.
DA1	79.24452	7.70462e-01 1.64697e-01	['Maximum number of iteration reached']
DA2	79.24452	7.70462e-01 1.64697e-01	['Maximum number of iteration reached']

Optimization: Dualannealing2
Maximized Likelihood, AIC, Parameter Estimates, 95% Confidence Intervals:
AIC	-154.489
likelihood	79.245
thetaratio	0.7705	(0.6425 - 0.8940)
2Ns	0.1647	(-0.28219 - 0.65454)

Compare data and optimization estimates
	Euclidean Distance: 1.2070 RMSE: 0.32257
	*Expected counts generated with Wright-Fisher theta estimates (SF_Ratios does not provide theta estimates)
--------------------------------------------------------------------------------------------------------------
i	DataN	DataS	DataRatio	Fit*_N	Fit*_S	Fit_Ratio
0	0.0	0.0	inf	0.0	0.0	inf
1	34.3	32.0	0.9329	35.1	27.3	0.7781
2	16.8	14.9	0.8869	17.6	13.8	0.7857
3	13.0	9.4	0.7231	11.7	9.3	0.7935
4	10.9	6.4	0.5872	8.8	7.0	0.8014
5	9.1	4.9	0.5385	7.0	5.7	0.8094
6	7.5	4.0	0.5333	5.9	4.8	0.8175
7	6.1	3.5	0.5738	5.0	4.1	0.8257
8	4.8	3.0	0.625	4.4	3.7	0.834
9	3.7	2.7	0.7297	3.9	3.3	0.8424
10	2.7	2.3	0.8519	3.5	3.0	0.8509
11	1.9	2.1	1.105	3.2	2.7	0.8595
12	1.4	2.0	1.429	2.9	2.5	0.8682
13	1.0	1.7	1.7	2.7	2.4	0.8771
14	1.0	1.1	1.1	2.5	2.2	0.886

Time taken: 0 hours, 9 minutes, 11.53 seconds
