SF_Ratios.py   @Jody Hey 2024
=============================
Command line: -d fixed2Ns -f unfolded -i 3 -u -p uk10k_ctG-ctA -a /home/haruto/Lab-Work/Document/SFS/FlankingBases/syn_codon/single/uk10k/uk10k_vep_pickorder_flanking_syn_codon_ctG-ctA_down_15 -r /home/haruto/Lab-Work/Document/SF_Ratios/FlankingBases/syn_codon/uk10k
Arguments:
	sfsfilename: /home/haruto/Lab-Work/Document/SFS/FlankingBases/syn_codon/single/uk10k/uk10k_vep_pickorder_flanking_syn_codon_ctG-ctA_down_15
	fix_theta_ratio: None
	densityof2Ns: fixed2Ns
	foldstatus: unfolded
	basinhoppingopt: False
	optimizetries: 3
	setmax2Ns: 0
	maxi: None
	poplabel: uk10k_ctG-ctA
	estimatemax2Ns: False
	outdir: /home/haruto/Lab-Work/Document/SF_Ratios/FlankingBases/syn_codon/uk10k
	dualannealopt: True
	estimate_pointmass: False
	filecheck: False
	estimate_pointmass0: False
	commandstring: -d fixed2Ns -f unfolded -i 3 -u -p uk10k_ctG-ctA -a /home/haruto/Lab-Work/Document/SFS/FlankingBases/syn_codon/single/uk10k/uk10k_vep_pickorder_flanking_syn_codon_ctG-ctA_down_15 -r /home/haruto/Lab-Work/Document/SF_Ratios/FlankingBases/syn_codon/uk10k
	fixmode0: False
	thetaNspacerange: 100
	profile: False
	estimate_both_thetas: False
	includemisspec: False
	dofolded: False
	nc: 15
	datafileheader: intergenic_variant
	numparams: 2
	local_optimize_method: Nelder-Mead

trial	likelihood	thetaratio	2Ns	optimizer_message
0	97.54167	1.06141e+00 -8.42735e-01	Optimization terminated successfully.
1	97.54167	1.06142e+00 -8.42710e-01	Optimization terminated successfully.
2	97.54167	1.06141e+00 -8.42700e-01	Optimization terminated successfully.
DA1	97.54167	1.06140e+00 -8.42705e-01	['Maximum number of iteration reached']
DA2	97.54167	1.06140e+00 -8.42706e-01	['Maximum number of iteration reached']

Optimization: Dualannealing1
Maximized Likelihood, AIC, Parameter Estimates, 95% Confidence Intervals:
AIC	-191.083
likelihood	97.542
thetaratio	1.0614	(0.9568 - 1.1884)
2Ns	-0.84271	(-1.065 - -0.61844)

Compare data and optimization estimates
	Euclidean Distance: 0.4080 RMSE: 0.10905
	*Expected counts generated with Wright-Fisher theta estimates (SF_Ratios does not provide theta estimates)
--------------------------------------------------------------------------------------------------------------
i	DataN	DataS	DataRatio	Fit*_N	Fit*_S	Fit_Ratio
0	0.0	0.0	inf	0.0	0.0	inf
1	68.5	60.3	0.8803	59.5	59.3	0.9954
2	29.6	27.9	0.9426	29.8	27.8	0.9339
3	19.6	19.3	0.9847	19.8	17.4	0.8767
4	15.0	14.5	0.9667	14.9	12.3	0.8234
5	12.0	10.7	0.8917	11.9	9.2	0.7738
6	9.7	7.9	0.8144	9.9	7.2	0.7275
7	8.0	5.9	0.7375	8.5	5.8	0.6845
8	6.8	4.6	0.6765	7.4	4.8	0.6443
9	5.8	3.7	0.6379	6.6	4.0	0.6069
10	5.0	2.9	0.58	6.0	3.4	0.5721
11	4.1	2.2	0.5366	5.4	2.9	0.5396
12	3.4	1.5	0.4412	5.0	2.5	0.5093
13	3.0	1.0	0.3333	4.6	2.2	0.481
14	3.1	0.6	0.1935	4.3	1.9	0.4546

Time taken: 0 hours, 9 minutes, 28.37 seconds
