SF_Ratios.py   @Jody Hey 2024
=============================
Command line: -d fixed2Ns -f unfolded -i 3 -u -r /home/haruto/Lab-Work/Document/SF_Ratios/FlankingBases/syn_codon/uk10k -a /home/haruto/Lab-Work/Document/SFS/FlankingBases/syn_codon/single/uk10k/uk10k_vep_pickorder_flanking_syn_codon_tcT-tcG_down_15 -p uk10k_tcT-tcG
Arguments:
	sfsfilename: /home/haruto/Lab-Work/Document/SFS/FlankingBases/syn_codon/single/uk10k/uk10k_vep_pickorder_flanking_syn_codon_tcT-tcG_down_15
	fix_theta_ratio: None
	densityof2Ns: fixed2Ns
	foldstatus: unfolded
	basinhoppingopt: False
	optimizetries: 3
	setmax2Ns: 0
	maxi: None
	poplabel: uk10k_tcT-tcG
	estimatemax2Ns: False
	outdir: /home/haruto/Lab-Work/Document/SF_Ratios/FlankingBases/syn_codon/uk10k
	dualannealopt: True
	estimate_pointmass: False
	filecheck: False
	estimate_pointmass0: False
	commandstring: -d fixed2Ns -f unfolded -i 3 -u -r /home/haruto/Lab-Work/Document/SF_Ratios/FlankingBases/syn_codon/uk10k -a /home/haruto/Lab-Work/Document/SFS/FlankingBases/syn_codon/single/uk10k/uk10k_vep_pickorder_flanking_syn_codon_tcT-tcG_down_15 -p uk10k_tcT-tcG
	fixmode0: False
	thetaNspacerange: 100
	profile: False
	estimate_both_thetas: False
	includemisspec: False
	dofolded: False
	nc: 15
	datafileheader: intergenic_variant
	numparams: 2
	local_optimize_method: Nelder-Mead

trial	likelihood	thetaratio	2Ns	optimizer_message
0	43.41896	1.02541e+00 -2.36122e-01	Optimization terminated successfully.
1	43.41896	1.02541e+00 -2.36158e-01	Optimization terminated successfully.
2	43.41896	1.02538e+00 -2.36092e-01	Optimization terminated successfully.
DA1	43.41896	1.02539e+00 -2.36132e-01	['Maximum number of iteration reached']
DA2	43.41896	1.02539e+00 -2.36122e-01	['Maximum number of iteration reached']

Optimization: Dualannealing2
Maximized Likelihood, AIC, Parameter Estimates, 95% Confidence Intervals:
AIC	-82.838
likelihood	43.419
thetaratio	1.0254	(0.7562 - 1.3756)
2Ns	-0.23612	(-0.94199 - 0.59264)

Compare data and optimization estimates
	Euclidean Distance: inf RMSE: inf
	*Expected counts generated with Wright-Fisher theta estimates (SF_Ratios does not provide theta estimates)
--------------------------------------------------------------------------------------------------------------
i	DataN	DataS	DataRatio	Fit*_N	Fit*_S	Fit_Ratio
0	0.0	0.0	inf	0.0	0.0	inf
1	6.7	5.3	0.791	5.5	5.5	1.009
2	3.0	2.8	0.9333	2.7	2.7	0.9937
3	1.9	2.4	1.263	1.8	1.8	0.9783
4	1.4	2.1	1.5	1.4	1.3	0.9631
5	1.1	1.7	1.545	1.1	1.0	0.9483
6	0.9	1.2	1.333	0.9	0.9	0.9337
7	0.7	0.7	1	0.8	0.7	0.9194
8	0.6	0.4	0.6667	0.7	0.6	0.9054
9	0.5	0.3	0.6	0.6	0.5	0.8917
10	0.4	0.2	0.5	0.5	0.5	0.8782
11	0.3	0.2	0.6667	0.5	0.4	0.8649
12	0.2	0.1	0.5	0.5	0.4	0.8519
13	0.1	0.1	1	0.4	0.4	0.8391
14	0.0	0.3	inf	0.4	0.3	0.8266

Time taken: 0 hours, 8 minutes, 40.98 seconds
