SF_Ratios.py   @Jody Hey 2024
=============================
Command line: -d fixed2Ns -f unfolded -i 3 -u -p uk10k_ctC-ctA -a /home/haruto/Lab-Work/Document/SFS/FlankingBases/syn_codon/single/uk10k/uk10k_vep_pickorder_flanking_syn_codon_ctC-ctA_down_15 -r /home/haruto/Lab-Work/Document/SF_Ratios/FlankingBases/syn_codon/uk10k
Arguments:
	sfsfilename: /home/haruto/Lab-Work/Document/SFS/FlankingBases/syn_codon/single/uk10k/uk10k_vep_pickorder_flanking_syn_codon_ctC-ctA_down_15
	fix_theta_ratio: None
	densityof2Ns: fixed2Ns
	foldstatus: unfolded
	basinhoppingopt: False
	optimizetries: 3
	setmax2Ns: 0
	maxi: None
	poplabel: uk10k_ctC-ctA
	estimatemax2Ns: False
	outdir: /home/haruto/Lab-Work/Document/SF_Ratios/FlankingBases/syn_codon/uk10k
	dualannealopt: True
	estimate_pointmass: False
	filecheck: False
	estimate_pointmass0: False
	commandstring: -d fixed2Ns -f unfolded -i 3 -u -p uk10k_ctC-ctA -a /home/haruto/Lab-Work/Document/SFS/FlankingBases/syn_codon/single/uk10k/uk10k_vep_pickorder_flanking_syn_codon_ctC-ctA_down_15 -r /home/haruto/Lab-Work/Document/SF_Ratios/FlankingBases/syn_codon/uk10k
	fixmode0: False
	thetaNspacerange: 100
	profile: False
	estimate_both_thetas: False
	includemisspec: False
	dofolded: False
	nc: 15
	datafileheader: intergenic_variant
	numparams: 2
	local_optimize_method: Nelder-Mead

trial	likelihood	thetaratio	2Ns	optimizer_message
0	47.36397	7.99369e-01 1.08268e+00	Optimization terminated successfully.
1	47.36397	7.99377e-01 1.08268e+00	Optimization terminated successfully.
2	47.36397	7.99378e-01 1.08267e+00	Optimization terminated successfully.
DA1	47.36397	7.99378e-01 1.08265e+00	['Maximum number of iteration reached']
DA2	47.36397	7.99378e-01 1.08265e+00	['Maximum number of iteration reached']

Optimization: Dualannealing2
Maximized Likelihood, AIC, Parameter Estimates, 95% Confidence Intervals:
AIC	-90.728
likelihood	47.364
thetaratio	0.7994	(0.6107 - 1.0232)
2Ns	1.0827	(0.16968 - 2.6468)

Compare data and optimization estimates
	Euclidean Distance: 1.4908 RMSE: 0.39844
	*Expected counts generated with Wright-Fisher theta estimates (SF_Ratios does not provide theta estimates)
--------------------------------------------------------------------------------------------------------------
i	DataN	DataS	DataRatio	Fit*_N	Fit*_S	Fit_Ratio
0	0.0	0.0	inf	0.0	0.0	inf
1	6.4	5.4	0.8438	6.2	5.2	0.838
2	2.9	1.8	0.6207	3.1	2.7	0.8795
3	1.9	1.6	0.8421	2.1	1.9	0.9241
4	1.4	1.8	1.286	1.6	1.5	0.9721
5	1.1	1.8	1.636	1.2	1.3	1.024
6	1.0	1.5	1.5	1.0	1.1	1.08
7	0.9	1.1	1.222	0.9	1.0	1.14
8	0.9	0.8	0.8889	0.8	0.9	1.205
9	0.8	0.7	0.875	0.7	0.9	1.275
10	0.8	0.8	1	0.6	0.8	1.35
11	0.8	0.8	1	0.6	0.8	1.432
12	0.7	0.8	1.143	0.5	0.8	1.521
13	0.5	0.6	1.2	0.5	0.8	1.617
14	0.2	0.5	2.5	0.4	0.8	1.721

Time taken: 0 hours, 9 minutes, 24.87 seconds
