SF_Ratios.py   @Jody Hey 2024
=============================
Command line: -d fixed2Ns -f unfolded -i 3 -u -p uk10k_cgG-cgT -a /home/haruto/Lab-Work/Document/SFS/FlankingBases/syn_codon/single/uk10k/uk10k_vep_pickorder_flanking_syn_codon_cgG-cgT_down_15 -r /home/haruto/Lab-Work/Document/SF_Ratios/FlankingBases/syn_codon/uk10k
Arguments:
	sfsfilename: /home/haruto/Lab-Work/Document/SFS/FlankingBases/syn_codon/single/uk10k/uk10k_vep_pickorder_flanking_syn_codon_cgG-cgT_down_15
	fix_theta_ratio: None
	densityof2Ns: fixed2Ns
	foldstatus: unfolded
	basinhoppingopt: False
	optimizetries: 3
	setmax2Ns: 0
	maxi: None
	poplabel: uk10k_cgG-cgT
	estimatemax2Ns: False
	outdir: /home/haruto/Lab-Work/Document/SF_Ratios/FlankingBases/syn_codon/uk10k
	dualannealopt: True
	estimate_pointmass: False
	filecheck: False
	estimate_pointmass0: False
	commandstring: -d fixed2Ns -f unfolded -i 3 -u -p uk10k_cgG-cgT -a /home/haruto/Lab-Work/Document/SFS/FlankingBases/syn_codon/single/uk10k/uk10k_vep_pickorder_flanking_syn_codon_cgG-cgT_down_15 -r /home/haruto/Lab-Work/Document/SF_Ratios/FlankingBases/syn_codon/uk10k
	fixmode0: False
	thetaNspacerange: 100
	profile: False
	estimate_both_thetas: False
	includemisspec: False
	dofolded: False
	nc: 15
	datafileheader: intergenic_variant
	numparams: 2
	local_optimize_method: Nelder-Mead

trial	likelihood	thetaratio	2Ns	optimizer_message
0	64.81891	1.30946e+00 -3.61749e+00	Optimization terminated successfully.
1	64.81891	1.30945e+00 -3.61745e+00	Optimization terminated successfully.
2	64.81891	1.30944e+00 -3.61745e+00	Optimization terminated successfully.
DA1	64.81891	1.30946e+00 -3.61748e+00	['Maximum number of iteration reached']
DA2	64.81891	1.30946e+00 -3.61748e+00	['Maximum number of iteration reached']

Optimization: Dualannealing2
Maximized Likelihood, AIC, Parameter Estimates, 95% Confidence Intervals:
AIC	-125.638
likelihood	64.819
thetaratio	1.3095	(0.9314 - 1.8365)
2Ns	-3.6175	(-5.087 - -2.5904)

Compare data and optimization estimates
	Euclidean Distance: 0.5915 RMSE: 0.15808
	*Expected counts generated with Wright-Fisher theta estimates (SF_Ratios does not provide theta estimates)
--------------------------------------------------------------------------------------------------------------
i	DataN	DataS	DataRatio	Fit*_N	Fit*_S	Fit_Ratio
0	0.0	0.0	inf	0.0	0.0	inf
1	6.0	4.9	0.8167	6.5	6.1	0.9395
2	2.9	1.7	0.5862	3.2	2.2	0.6723
3	2.1	1.0	0.4762	2.2	1.0	0.4799
4	1.6	0.8	0.5	1.6	0.6	0.3418
5	1.4	0.7	0.5	1.3	0.3	0.243
6	1.2	0.6	0.5	1.1	0.2	0.1725
7	1.0	0.4	0.4	0.9	0.1	0.1224
8	1.0	0.3	0.3	0.8	0.1	0.08685
9	1.0	0.1	0.1	0.7	0.0	0.0617
10	1.0	0.1	0.1	0.6	0.0	0.04395
11	0.8	0.0	0	0.6	0.0	0.03144
12	0.6	0.0	0	0.5	0.0	0.02263
13	0.3	0.0	0	0.5	0.0	0.01644
14	0.1	0.0	0	0.5	0.0	0.01208

Time taken: 0 hours, 9 minutes, 20.15 seconds
