SF_Ratios.py   @Jody Hey 2024
=============================
Command line: -d fixed2Ns -f unfolded -i 3 -u -p uk10k_gaA-gaG -a /home/haruto/Lab-Work/Document/SFS/FlankingBases/syn_codon/single/uk10k/uk10k_vep_pickorder_flanking_syn_codon_gaA-gaG_down_15 -r /home/haruto/Lab-Work/Document/SF_Ratios/FlankingBases/syn_codon/uk10k
Arguments:
	sfsfilename: /home/haruto/Lab-Work/Document/SFS/FlankingBases/syn_codon/single/uk10k/uk10k_vep_pickorder_flanking_syn_codon_gaA-gaG_down_15
	fix_theta_ratio: None
	densityof2Ns: fixed2Ns
	foldstatus: unfolded
	basinhoppingopt: False
	optimizetries: 3
	setmax2Ns: 0
	maxi: None
	poplabel: uk10k_gaA-gaG
	estimatemax2Ns: False
	outdir: /home/haruto/Lab-Work/Document/SF_Ratios/FlankingBases/syn_codon/uk10k
	dualannealopt: True
	estimate_pointmass: False
	filecheck: False
	estimate_pointmass0: False
	commandstring: -d fixed2Ns -f unfolded -i 3 -u -p uk10k_gaA-gaG -a /home/haruto/Lab-Work/Document/SFS/FlankingBases/syn_codon/single/uk10k/uk10k_vep_pickorder_flanking_syn_codon_gaA-gaG_down_15 -r /home/haruto/Lab-Work/Document/SF_Ratios/FlankingBases/syn_codon/uk10k
	fixmode0: False
	thetaNspacerange: 100
	profile: False
	estimate_both_thetas: False
	includemisspec: False
	dofolded: False
	nc: 15
	datafileheader: intergenic_variant
	numparams: 2
	local_optimize_method: Nelder-Mead

trial	likelihood	thetaratio	2Ns	optimizer_message
0	92.52467	9.44625e-01 -9.83005e-01	Optimization terminated successfully.
1	92.52467	9.44633e-01 -9.82992e-01	Optimization terminated successfully.
2	92.52467	9.44617e-01 -9.82941e-01	Optimization terminated successfully.
DA1	92.52467	9.44624e-01 -9.82974e-01	['Maximum number of iteration reached']
DA2	92.52467	9.44621e-01 -9.82975e-01	['Maximum number of iteration reached']

Optimization: Dualannealing1
Maximized Likelihood, AIC, Parameter Estimates, 95% Confidence Intervals:
AIC	-181.049
likelihood	92.525
thetaratio	0.9446	(0.8363 - 1.0589)
2Ns	-0.98297	(-1.2605 - -0.70825)

Compare data and optimization estimates
	Euclidean Distance: 0.3130 RMSE: 0.08366
	*Expected counts generated with Wright-Fisher theta estimates (SF_Ratios does not provide theta estimates)
--------------------------------------------------------------------------------------------------------------
i	DataN	DataS	DataRatio	Fit*_N	Fit*_S	Fit_Ratio
0	0.0	0.0	inf	0.0	0.0	inf
1	39.5	35.8	0.9063	37.6	32.9	0.8748
2	17.6	14.0	0.7955	18.8	15.2	0.8107
3	11.7	8.0	0.6838	12.5	9.4	0.7517
4	9.2	5.7	0.6196	9.4	6.6	0.6974
5	8.0	4.8	0.6	7.5	4.9	0.6475
6	7.2	4.2	0.5833	6.3	3.8	0.6016
7	6.3	3.7	0.5873	5.4	3.0	0.5594
8	5.2	3.1	0.5962	4.7	2.4	0.5206
9	4.1	2.4	0.5854	4.2	2.0	0.4848
10	3.1	1.8	0.5806	3.8	1.7	0.4519
11	2.6	1.4	0.5385	3.4	1.4	0.4216
12	2.6	1.1	0.4231	3.1	1.2	0.3937
13	2.8	0.8	0.2857	2.9	1.1	0.368
14	2.3	0.4	0.1739	2.7	0.9	0.3443

Time taken: 0 hours, 9 minutes, 38.48 seconds
