SF_Ratios.py   @Jody Hey 2024
=============================
Command line: -d fixed2Ns -f unfolded -i 3 -u -p uk10k_gaT-gaC -a /home/haruto/Lab-Work/Document/SFS/FlankingBases/syn_codon/single/uk10k/uk10k_vep_pickorder_flanking_syn_codon_gaT-gaC_down_15 -r /home/haruto/Lab-Work/Document/SF_Ratios/FlankingBases/syn_codon/uk10k
Arguments:
	sfsfilename: /home/haruto/Lab-Work/Document/SFS/FlankingBases/syn_codon/single/uk10k/uk10k_vep_pickorder_flanking_syn_codon_gaT-gaC_down_15
	fix_theta_ratio: None
	densityof2Ns: fixed2Ns
	foldstatus: unfolded
	basinhoppingopt: False
	optimizetries: 3
	setmax2Ns: 0
	maxi: None
	poplabel: uk10k_gaT-gaC
	estimatemax2Ns: False
	outdir: /home/haruto/Lab-Work/Document/SF_Ratios/FlankingBases/syn_codon/uk10k
	dualannealopt: True
	estimate_pointmass: False
	filecheck: False
	estimate_pointmass0: False
	commandstring: -d fixed2Ns -f unfolded -i 3 -u -p uk10k_gaT-gaC -a /home/haruto/Lab-Work/Document/SFS/FlankingBases/syn_codon/single/uk10k/uk10k_vep_pickorder_flanking_syn_codon_gaT-gaC_down_15 -r /home/haruto/Lab-Work/Document/SF_Ratios/FlankingBases/syn_codon/uk10k
	fixmode0: False
	thetaNspacerange: 100
	profile: False
	estimate_both_thetas: False
	includemisspec: False
	dofolded: False
	nc: 15
	datafileheader: intergenic_variant
	numparams: 2
	local_optimize_method: Nelder-Mead

trial	likelihood	thetaratio	2Ns	optimizer_message
0	87.20895	9.83269e-01 -3.03257e-01	Optimization terminated successfully.
1	87.20895	9.83250e-01 -3.03197e-01	Optimization terminated successfully.
2	87.20895	9.83253e-01 -3.03200e-01	Optimization terminated successfully.
DA1	87.20895	9.83259e-01 -3.03223e-01	['Maximum number of iteration reached']
DA2	87.20895	9.83263e-01 -3.03230e-01	['Maximum number of iteration reached']

Optimization: Dualannealing2
Maximized Likelihood, AIC, Parameter Estimates, 95% Confidence Intervals:
AIC	-170.418
likelihood	87.209
thetaratio	0.9833	(0.8754 - 1.0959)
2Ns	-0.30323	(-0.5937 - -0.0046147)

Compare data and optimization estimates
	Euclidean Distance: 0.4991 RMSE: 0.13340
	*Expected counts generated with Wright-Fisher theta estimates (SF_Ratios does not provide theta estimates)
--------------------------------------------------------------------------------------------------------------
i	DataN	DataS	DataRatio	Fit*_N	Fit*_S	Fit_Ratio
0	0.0	0.0	inf	0.0	0.0	inf
1	40.1	39.6	0.9875	35.7	34.4	0.9633
2	18.1	17.7	0.9779	17.8	16.8	0.9437
3	12.4	12.0	0.9677	11.9	11.0	0.9247
4	9.8	8.7	0.8878	8.9	8.1	0.9061
5	8.0	6.2	0.775	7.1	6.3	0.888
6	6.5	4.5	0.6923	5.9	5.2	0.8703
7	5.1	3.4	0.6667	5.1	4.3	0.853
8	3.9	2.7	0.6923	4.5	3.7	0.8361
9	2.9	2.3	0.7931	4.0	3.2	0.8197
10	2.2	1.9	0.8636	3.6	2.9	0.8036
11	1.7	1.5	0.8824	3.2	2.6	0.788
12	1.6	1.2	0.75	3.0	2.3	0.7727
13	1.7	1.4	0.8235	2.7	2.1	0.7577
14	2.0	2.2	1.1	2.5	1.9	0.7432

Time taken: 0 hours, 9 minutes, 23.07 seconds
