SF_Ratios.py   @Jody Hey 2024
=============================
Command line: -d fixed2Ns -f unfolded -i 3 -u -p uk10k_gcC-gcA -a /home/haruto/Lab-Work/Document/SFS/FlankingBases/syn_codon/single/uk10k/uk10k_vep_pickorder_flanking_syn_codon_gcC-gcA_down_15 -r /home/haruto/Lab-Work/Document/SF_Ratios/FlankingBases/syn_codon/uk10k
Arguments:
	sfsfilename: /home/haruto/Lab-Work/Document/SFS/FlankingBases/syn_codon/single/uk10k/uk10k_vep_pickorder_flanking_syn_codon_gcC-gcA_down_15
	fix_theta_ratio: None
	densityof2Ns: fixed2Ns
	foldstatus: unfolded
	basinhoppingopt: False
	optimizetries: 3
	setmax2Ns: 0
	maxi: None
	poplabel: uk10k_gcC-gcA
	estimatemax2Ns: False
	outdir: /home/haruto/Lab-Work/Document/SF_Ratios/FlankingBases/syn_codon/uk10k
	dualannealopt: True
	estimate_pointmass: False
	filecheck: False
	estimate_pointmass0: False
	commandstring: -d fixed2Ns -f unfolded -i 3 -u -p uk10k_gcC-gcA -a /home/haruto/Lab-Work/Document/SFS/FlankingBases/syn_codon/single/uk10k/uk10k_vep_pickorder_flanking_syn_codon_gcC-gcA_down_15 -r /home/haruto/Lab-Work/Document/SF_Ratios/FlankingBases/syn_codon/uk10k
	fixmode0: False
	thetaNspacerange: 100
	profile: False
	estimate_both_thetas: False
	includemisspec: False
	dofolded: False
	nc: 15
	datafileheader: intergenic_variant
	numparams: 2
	local_optimize_method: Nelder-Mead

trial	likelihood	thetaratio	2Ns	optimizer_message
0	59.25661	8.68834e-01 -5.04496e-02	Optimization terminated successfully.
1	59.25661	8.68859e-01 -5.04751e-02	Optimization terminated successfully.
2	59.25661	8.68842e-01 -5.04221e-02	Optimization terminated successfully.
DA1	59.25661	8.68850e-01 -5.04571e-02	['Maximum number of iteration reached']
DA2	59.25661	8.68852e-01 -5.04625e-02	['Maximum number of iteration reached']

Optimization: Dualannealing1
Maximized Likelihood, AIC, Parameter Estimates, 95% Confidence Intervals:
AIC	-114.513
likelihood	59.257
thetaratio	0.8689	(0.6965 - 1.0715)
2Ns	-0.050457	(-0.65021 - 0.6423)

Compare data and optimization estimates
	Euclidean Distance: 1.1556 RMSE: 0.30886
	*Expected counts generated with Wright-Fisher theta estimates (SF_Ratios does not provide theta estimates)
--------------------------------------------------------------------------------------------------------------
i	DataN	DataS	DataRatio	Fit*_N	Fit*_S	Fit_Ratio
0	0.0	0.0	inf	0.0	0.0	inf
1	10.3	8.1	0.7864	10.0	8.6	0.8661
2	5.0	4.0	0.8	5.0	4.3	0.8633
3	3.2	3.1	0.9688	3.3	2.9	0.8606
4	2.4	2.4	1	2.5	2.1	0.8578
5	2.2	1.9	0.8636	2.0	1.7	0.8551
6	2.0	1.5	0.75	1.7	1.4	0.8524
7	1.7	1.4	0.8235	1.4	1.2	0.8497
8	1.4	1.4	1	1.2	1.1	0.847
9	1.1	1.3	1.182	1.1	0.9	0.8443
10	0.9	1.1	1.222	1.0	0.8	0.8416
11	0.7	0.8	1.143	0.9	0.8	0.8389
12	0.6	0.4	0.6667	0.8	0.7	0.8363
13	0.5	0.2	0.4	0.8	0.6	0.8336
14	0.4	0.0	0	0.7	0.6	0.831

Time taken: 0 hours, 9 minutes, 5.02 seconds
