SF_Ratios.py   @Jody Hey 2024
=============================
Command line: -d fixed2Ns -f unfolded -i 3 -u -p uk10k_acT-acC -a /home/haruto/Lab-Work/Document/SFS/FlankingBases/syn_codon/single/uk10k/uk10k_vep_pickorder_flanking_syn_codon_acT-acC_down_15 -r /home/haruto/Lab-Work/Document/SF_Ratios/FlankingBases/syn_codon/uk10k
Arguments:
	sfsfilename: /home/haruto/Lab-Work/Document/SFS/FlankingBases/syn_codon/single/uk10k/uk10k_vep_pickorder_flanking_syn_codon_acT-acC_down_15
	fix_theta_ratio: None
	densityof2Ns: fixed2Ns
	foldstatus: unfolded
	basinhoppingopt: False
	optimizetries: 3
	setmax2Ns: 0
	maxi: None
	poplabel: uk10k_acT-acC
	estimatemax2Ns: False
	outdir: /home/haruto/Lab-Work/Document/SF_Ratios/FlankingBases/syn_codon/uk10k
	dualannealopt: True
	estimate_pointmass: False
	filecheck: False
	estimate_pointmass0: False
	commandstring: -d fixed2Ns -f unfolded -i 3 -u -p uk10k_acT-acC -a /home/haruto/Lab-Work/Document/SFS/FlankingBases/syn_codon/single/uk10k/uk10k_vep_pickorder_flanking_syn_codon_acT-acC_down_15 -r /home/haruto/Lab-Work/Document/SF_Ratios/FlankingBases/syn_codon/uk10k
	fixmode0: False
	thetaNspacerange: 100
	profile: False
	estimate_both_thetas: False
	includemisspec: False
	dofolded: False
	nc: 15
	datafileheader: intergenic_variant
	numparams: 2
	local_optimize_method: Nelder-Mead

trial	likelihood	thetaratio	2Ns	optimizer_message
0	69.73717	6.89652e-01 9.28720e-01	Optimization terminated successfully.
1	69.73717	6.89652e-01 9.28698e-01	Optimization terminated successfully.
2	69.73717	6.89656e-01 9.28691e-01	Optimization terminated successfully.
DA1	69.73717	6.89660e-01 9.28695e-01	['Maximum number of iteration reached']
DA2	69.73717	6.89660e-01 9.28694e-01	['Maximum number of iteration reached']

Optimization: Dualannealing2
Maximized Likelihood, AIC, Parameter Estimates, 95% Confidence Intervals:
AIC	-135.474
likelihood	69.737
thetaratio	0.6897	(0.5736 - 0.8132)
2Ns	0.92869	(0.30161 - 1.7719)

Compare data and optimization estimates
	Euclidean Distance: 0.7566 RMSE: 0.20220
	*Expected counts generated with Wright-Fisher theta estimates (SF_Ratios does not provide theta estimates)
--------------------------------------------------------------------------------------------------------------
i	DataN	DataS	DataRatio	Fit*_N	Fit*_S	Fit_Ratio
0	0.0	0.0	inf	0.0	0.0	inf
1	16.3	13.8	0.8466	16.7	12.0	0.7198
2	8.9	6.3	0.7079	8.3	6.3	0.7519
3	7.0	4.8	0.6857	5.6	4.4	0.7861
4	5.5	3.8	0.6909	4.2	3.4	0.8227
5	4.1	2.9	0.7073	3.3	2.9	0.8616
6	3.1	2.1	0.6774	2.8	2.5	0.9033
7	2.3	1.8	0.7826	2.4	2.3	0.9477
8	1.8	1.7	0.9444	2.1	2.1	0.9953
9	1.4	1.7	1.214	1.9	1.9	1.046
10	1.1	1.6	1.455	1.7	1.8	1.1
11	0.9	1.3	1.444	1.5	1.8	1.159
12	0.7	1.0	1.429	1.4	1.7	1.221
13	0.6	0.7	1.167	1.3	1.7	1.288
14	0.5	0.5	1	1.2	1.6	1.359

Time taken: 0 hours, 9 minutes, 15.79 seconds
